<?xml version="1.0" encoding="UTF-8"?>
<testsuite name="com.example.csrf.CsrfApplicationTests" tests="1" skipped="0" failures="1" errors="0" timestamp="2025-01-07T13:30:50" hostname="Marios-MacBook-Pro.local" time="0.463">
  <properties/>
  <testcase name="test_Custom_Endpoint()" classname="com.example.csrf.CsrfApplicationTests" time="0.463">
    <failure message="org.opentest4j.AssertionFailedError: &#10;expected: 200 OK&#10; but was: 401 UNAUTHORIZED" type="org.opentest4j.AssertionFailedError">org.opentest4j.AssertionFailedError: 
expected: 200 OK
 but was: 401 UNAUTHORIZED
	at app//com.example.csrf.CsrfApplicationTests.test_Custom_Endpoint(CsrfApplicationTests.java:31)
	at java.base@23/java.lang.reflect.Method.invoke(Method.java:580)
	at java.base@23/java.util.ArrayList.forEach(ArrayList.java:1597)
	at java.base@23/java.util.ArrayList.forEach(ArrayList.java:1597)
</failure>
  </testcase>
  <system-out><![CDATA[20:30:49.147 [Test worker] INFO org.springframework.test.context.support.AnnotationConfigContextLoaderUtils -- Could not detect default configuration classes for test class [com.example.csrf.CsrfApplicationTests]: CsrfApplicationTests does not declare any static, non-private, non-final, nested classes annotated with @Configuration.
20:30:49.199 [Test worker] INFO org.springframework.boot.test.context.SpringBootTestContextBootstrapper -- Found @SpringBootConfiguration com.example.csrf.CsrfApplication for test class com.example.csrf.CsrfApplicationTests
2025-01-07T20:30:49.326+07:00 TRACE 27900 --- [csrf] [    Test worker] o.s.c.io.support.SpringFactoriesLoader   : Loaded [org.springframework.boot.ApplicationContextFactory] names: [org.springframework.boot.web.reactive.context.ReactiveWebServerApplicationContextFactory, org.springframework.boot.web.servlet.context.ServletWebServerApplicationContextFactory]

  .   ____          _            __ _ _
 /\\ / ___'_ __ _ _(_)_ __  __ _ \ \ \ \
( ( )\___ | '_ | '_| | '_ \/ _` | \ \ \ \
 \\/  ___)| |_)| | | | | || (_| |  ) ) ) )
  '  |____| .__|_| |_|_| |_\__, | / / / /
 =========|_|==============|___/=/_/_/_/

 :: Spring Boot ::                (v3.4.1)

2025-01-07T20:30:49.329+07:00 TRACE 27900 --- [csrf] [    Test worker] o.s.c.io.support.SpringFactoriesLoader   : Loaded [org.springframework.boot.ApplicationContextFactory] names: [org.springframework.boot.web.reactive.context.ReactiveWebServerApplicationContextFactory, org.springframework.boot.web.servlet.context.ServletWebServerApplicationContextFactory]
2025-01-07T20:30:49.344+07:00 TRACE 27900 --- [csrf] [    Test worker] o.s.c.a.ClassPathBeanDefinitionScanner   : JSR-250 'jakarta.annotation.ManagedBean' found and supported for component scanning
2025-01-07T20:30:49.349+07:00 TRACE 27900 --- [csrf] [    Test worker] o.s.b.f.s.DefaultListableBeanFactory     : Returning cached instance of singleton bean 'autoConfigurationReport'
2025-01-07T20:30:49.350+07:00 TRACE 27900 --- [csrf] [    Test worker] o.s.c.io.support.SpringFactoriesLoader   : Loaded [org.springframework.core.io.ProtocolResolver] names: [org.springframework.boot.io.Base64ProtocolResolver]
2025-01-07T20:30:49.352+07:00  INFO 27900 --- [csrf] [    Test worker] com.example.csrf.CsrfApplicationTests    : Starting CsrfApplicationTests using Java 23 with PID 27900 (started by mario in /Users/mario/Development/spring-security-csrf-disable)
2025-01-07T20:30:49.352+07:00 DEBUG 27900 --- [csrf] [    Test worker] com.example.csrf.CsrfApplicationTests    : Running with Spring Boot v3.4.1, Spring v6.2.1
2025-01-07T20:30:49.352+07:00  INFO 27900 --- [csrf] [    Test worker] com.example.csrf.CsrfApplicationTests    : No active profile set, falling back to 1 default profile: "default"
2025-01-07T20:30:49.352+07:00 DEBUG 27900 --- [csrf] [    Test worker] o.s.boot.SpringApplication               : Loading source class com.example.csrf.CsrfApplication
2025-01-07T20:30:49.354+07:00 TRACE 27900 --- [csrf] [    Test worker] o.s.c.a.ClassPathBeanDefinitionScanner   : JSR-250 'jakarta.annotation.ManagedBean' found and supported for component scanning
2025-01-07T20:30:49.359+07:00 TRACE 27900 --- [csrf] [    Test worker] uePropertySourceEnvironmentPostProcessor : RandomValuePropertySource add to Environment
2025-01-07T20:30:49.359+07:00 TRACE 27900 --- [csrf] [    Test worker] b.c.c.ConfigDataEnvironmentPostProcessor : Post-processing environment to add config data
2025-01-07T20:30:49.359+07:00 TRACE 27900 --- [csrf] [    Test worker] o.s.b.c.config.ConfigDataEnvironment     : Building config data environment contributors
2025-01-07T20:30:49.359+07:00 TRACE 27900 --- [csrf] [    Test worker] o.s.b.c.config.ConfigDataEnvironment     : Creating wrapped config data contributor for 'Inlined Test Properties'
2025-01-07T20:30:49.359+07:00 TRACE 27900 --- [csrf] [    Test worker] o.s.b.c.config.ConfigDataEnvironment     : Creating wrapped config data contributor for 'configurationProperties'
2025-01-07T20:30:49.359+07:00 TRACE 27900 --- [csrf] [    Test worker] o.s.b.c.config.ConfigDataEnvironment     : Creating wrapped config data contributor for 'servletConfigInitParams'
2025-01-07T20:30:49.359+07:00 TRACE 27900 --- [csrf] [    Test worker] o.s.b.c.config.ConfigDataEnvironment     : Creating wrapped config data contributor for 'servletContextInitParams'
2025-01-07T20:30:49.359+07:00 TRACE 27900 --- [csrf] [    Test worker] o.s.b.c.config.ConfigDataEnvironment     : Creating wrapped config data contributor for 'systemProperties'
2025-01-07T20:30:49.359+07:00 TRACE 27900 --- [csrf] [    Test worker] o.s.b.c.config.ConfigDataEnvironment     : Creating wrapped config data contributor for 'systemEnvironment'
2025-01-07T20:30:49.359+07:00 TRACE 27900 --- [csrf] [    Test worker] o.s.b.c.config.ConfigDataEnvironment     : Creating wrapped config data contributor for 'random'
2025-01-07T20:30:49.359+07:00 TRACE 27900 --- [csrf] [    Test worker] o.s.b.c.config.ConfigDataEnvironment     : Creating wrapped config data contributor for 'applicationInfo'
2025-01-07T20:30:49.360+07:00 TRACE 27900 --- [csrf] [    Test worker] o.s.b.c.config.ConfigDataEnvironment     : Adding initial config data import from location 'optional:file:./;optional:file:./config/;optional:file:./config/*/'
2025-01-07T20:30:49.360+07:00 TRACE 27900 --- [csrf] [    Test worker] o.s.b.c.config.ConfigDataEnvironment     : Adding initial config data import from location 'optional:classpath:/;optional:classpath:/config/'
2025-01-07T20:30:49.360+07:00 TRACE 27900 --- [csrf] [    Test worker] o.s.b.c.config.ConfigDataEnvironment     : Processing initial config data environment contributors without activation context
2025-01-07T20:30:49.360+07:00 TRACE 27900 --- [csrf] [    Test worker] .b.c.c.ConfigDataEnvironmentContributors : Processing imports for phase BEFORE_PROFILE_ACTIVATION. no activation context
2025-01-07T20:30:49.360+07:00 TRACE 27900 --- [csrf] [    Test worker] .b.c.c.ConfigDataEnvironmentContributors : Processing imports [optional:file:./;optional:file:./config/;optional:file:./config/*/]
2025-01-07T20:30:49.360+07:00 TRACE 27900 --- [csrf] [    Test worker] b.c.c.StandardConfigDataLocationResolver : Skipping missing resource file:./application.yaml
2025-01-07T20:30:49.360+07:00 TRACE 27900 --- [csrf] [    Test worker] b.c.c.StandardConfigDataLocationResolver : Skipping missing resource file:./application.yml
2025-01-07T20:30:49.360+07:00 TRACE 27900 --- [csrf] [    Test worker] b.c.c.StandardConfigDataLocationResolver : Skipping missing resource file:./application.xml
2025-01-07T20:30:49.360+07:00 TRACE 27900 --- [csrf] [    Test worker] b.c.c.StandardConfigDataLocationResolver : Skipping missing resource file:./application.properties
2025-01-07T20:30:49.360+07:00 TRACE 27900 --- [csrf] [    Test worker] b.c.c.StandardConfigDataLocationResolver : Skipping missing resource file:./config/application.yaml
2025-01-07T20:30:49.360+07:00 TRACE 27900 --- [csrf] [    Test worker] b.c.c.StandardConfigDataLocationResolver : Skipping missing resource file:./config/application.yml
2025-01-07T20:30:49.360+07:00 TRACE 27900 --- [csrf] [    Test worker] b.c.c.StandardConfigDataLocationResolver : Skipping missing resource file:./config/application.xml
2025-01-07T20:30:49.360+07:00 TRACE 27900 --- [csrf] [    Test worker] b.c.c.StandardConfigDataLocationResolver : Skipping missing resource file:./config/application.properties
2025-01-07T20:30:49.361+07:00 TRACE 27900 --- [csrf] [    Test worker] o.s.b.context.config.ConfigDataImporter  : Considering resource file [.] from location optional:file:./;optional:file:./config/;optional:file:./config/*/
2025-01-07T20:30:49.361+07:00 TRACE 27900 --- [csrf] [    Test worker] o.s.b.context.config.ConfigDataLoaders   : Loading file [.] using loader org.springframework.boot.context.config.StandardConfigDataLoader
2025-01-07T20:30:49.361+07:00 TRACE 27900 --- [csrf] [    Test worker] o.s.b.context.config.ConfigDataImporter  : Loaded resource file [.] from location optional:file:./;optional:file:./config/;optional:file:./config/*/
2025-01-07T20:30:49.363+07:00 TRACE 27900 --- [csrf] [    Test worker] .b.c.c.ConfigDataEnvironmentContributors : Imported 1 resource [file [.]]
2025-01-07T20:30:49.363+07:00 TRACE 27900 --- [csrf] [    Test worker] .b.c.c.ConfigDataEnvironmentContributors : Processing imports [optional:classpath:/;optional:classpath:/config/]
2025-01-07T20:30:49.363+07:00 TRACE 27900 --- [csrf] [    Test worker] b.c.c.StandardConfigDataLocationResolver : Skipping missing resource classpath:/application.yaml
2025-01-07T20:30:49.363+07:00 TRACE 27900 --- [csrf] [    Test worker] b.c.c.StandardConfigDataLocationResolver : Skipping missing resource classpath:/application.yml
2025-01-07T20:30:49.363+07:00 TRACE 27900 --- [csrf] [    Test worker] b.c.c.StandardConfigDataLocationResolver : Skipping missing resource classpath:/application.xml
2025-01-07T20:30:49.363+07:00 TRACE 27900 --- [csrf] [    Test worker] b.c.c.StandardConfigDataLocationResolver : Skipping missing resource classpath:/config/application.yaml
2025-01-07T20:30:49.364+07:00 TRACE 27900 --- [csrf] [    Test worker] b.c.c.StandardConfigDataLocationResolver : Skipping missing resource classpath:/config/application.yml
2025-01-07T20:30:49.364+07:00 TRACE 27900 --- [csrf] [    Test worker] b.c.c.StandardConfigDataLocationResolver : Skipping missing resource classpath:/config/application.xml
2025-01-07T20:30:49.364+07:00 TRACE 27900 --- [csrf] [    Test worker] b.c.c.StandardConfigDataLocationResolver : Skipping missing resource classpath:/config/application.properties
2025-01-07T20:30:49.364+07:00 TRACE 27900 --- [csrf] [    Test worker] o.s.b.context.config.ConfigDataImporter  : Considering resource class path resource [application.properties] from location optional:classpath:/;optional:classpath:/config/
2025-01-07T20:30:49.364+07:00 TRACE 27900 --- [csrf] [    Test worker] o.s.b.context.config.ConfigDataLoaders   : Loading class path resource [application.properties] using loader org.springframework.boot.context.config.StandardConfigDataLoader
2025-01-07T20:30:49.364+07:00 TRACE 27900 --- [csrf] [    Test worker] o.s.b.context.config.ConfigDataImporter  : Loaded resource class path resource [application.properties] from location optional:classpath:/;optional:classpath:/config/
2025-01-07T20:30:49.364+07:00 TRACE 27900 --- [csrf] [    Test worker] .b.c.c.ConfigDataEnvironmentContributors : Imported 1 resource [class path resource [application.properties]]
2025-01-07T20:30:49.364+07:00 TRACE 27900 --- [csrf] [    Test worker] .b.c.c.ConfigDataEnvironmentContributors : Processed imports for of 2 contributors
2025-01-07T20:30:49.364+07:00 TRACE 27900 --- [csrf] [    Test worker] o.s.b.c.config.ConfigDataEnvironment     : Creating config data activation context from initial contributions
2025-01-07T20:30:49.364+07:00 TRACE 27900 --- [csrf] [    Test worker] o.s.b.c.config.ConfigDataEnvironment     : Processing config data environment contributors with initial activation context
2025-01-07T20:30:49.365+07:00 TRACE 27900 --- [csrf] [    Test worker] .b.c.c.ConfigDataEnvironmentContributors : Processing imports for phase BEFORE_PROFILE_ACTIVATION. [ConfigDataActivationContext@232cce0 cloudPlatform = [null], profiles = [null]]
2025-01-07T20:30:49.365+07:00 TRACE 27900 --- [csrf] [    Test worker] .b.c.c.ConfigDataEnvironmentContributors : Processed imports for of 0 contributors
2025-01-07T20:30:49.365+07:00 TRACE 27900 --- [csrf] [    Test worker] o.s.b.c.config.ConfigDataEnvironment     : Deducing profiles from current config data environment contributors
2025-01-07T20:30:49.365+07:00 TRACE 27900 --- [csrf] [    Test worker] o.s.b.c.config.ConfigDataEnvironment     : Processing config data environment contributors with profile activation context
2025-01-07T20:30:49.365+07:00 TRACE 27900 --- [csrf] [    Test worker] .b.c.c.ConfigDataEnvironmentContributors : Processing imports for phase AFTER_PROFILE_ACTIVATION. [ConfigDataActivationContext@32b9bd12 cloudPlatform = [null], profiles = [Profiles@352e787a active = '[]', default = '[default]', accepted = '[default]']]
2025-01-07T20:30:49.365+07:00 TRACE 27900 --- [csrf] [    Test worker] .b.c.c.ConfigDataEnvironmentContributors : Processing imports [optional:file:./;optional:file:./config/;optional:file:./config/*/]
2025-01-07T20:30:49.365+07:00 TRACE 27900 --- [csrf] [    Test worker] b.c.c.StandardConfigDataLocationResolver : Skipping missing resource file:./application.yaml
2025-01-07T20:30:49.365+07:00 TRACE 27900 --- [csrf] [    Test worker] b.c.c.StandardConfigDataLocationResolver : Skipping missing resource file:./application.yml
2025-01-07T20:30:49.365+07:00 TRACE 27900 --- [csrf] [    Test worker] b.c.c.StandardConfigDataLocationResolver : Skipping missing resource file:./application.xml
2025-01-07T20:30:49.365+07:00 TRACE 27900 --- [csrf] [    Test worker] b.c.c.StandardConfigDataLocationResolver : Skipping missing resource file:./application.properties
2025-01-07T20:30:49.365+07:00 TRACE 27900 --- [csrf] [    Test worker] b.c.c.StandardConfigDataLocationResolver : Skipping missing resource file:./config/application.yaml
2025-01-07T20:30:49.365+07:00 TRACE 27900 --- [csrf] [    Test worker] b.c.c.StandardConfigDataLocationResolver : Skipping missing resource file:./config/application.yml
2025-01-07T20:30:49.366+07:00 TRACE 27900 --- [csrf] [    Test worker] b.c.c.StandardConfigDataLocationResolver : Skipping missing resource file:./config/application.xml
2025-01-07T20:30:49.366+07:00 TRACE 27900 --- [csrf] [    Test worker] b.c.c.StandardConfigDataLocationResolver : Skipping missing resource file:./config/application.properties
2025-01-07T20:30:49.366+07:00 TRACE 27900 --- [csrf] [    Test worker] b.c.c.StandardConfigDataLocationResolver : Skipping missing resource file:./application-default.yaml
2025-01-07T20:30:49.366+07:00 TRACE 27900 --- [csrf] [    Test worker] b.c.c.StandardConfigDataLocationResolver : Skipping missing resource file:./application-default.yml
2025-01-07T20:30:49.366+07:00 TRACE 27900 --- [csrf] [    Test worker] b.c.c.StandardConfigDataLocationResolver : Skipping missing resource file:./application-default.xml
2025-01-07T20:30:49.366+07:00 TRACE 27900 --- [csrf] [    Test worker] b.c.c.StandardConfigDataLocationResolver : Skipping missing resource file:./application-default.properties
2025-01-07T20:30:49.366+07:00 TRACE 27900 --- [csrf] [    Test worker] b.c.c.StandardConfigDataLocationResolver : Skipping missing resource file:./config/application-default.yaml
2025-01-07T20:30:49.366+07:00 TRACE 27900 --- [csrf] [    Test worker] b.c.c.StandardConfigDataLocationResolver : Skipping missing resource file:./config/application-default.yml
2025-01-07T20:30:49.366+07:00 TRACE 27900 --- [csrf] [    Test worker] b.c.c.StandardConfigDataLocationResolver : Skipping missing resource file:./config/application-default.xml
2025-01-07T20:30:49.366+07:00 TRACE 27900 --- [csrf] [    Test worker] b.c.c.StandardConfigDataLocationResolver : Skipping missing resource file:./config/application-default.properties
2025-01-07T20:30:49.366+07:00 TRACE 27900 --- [csrf] [    Test worker] o.s.b.context.config.ConfigDataImporter  : Considering resource file [.] from location optional:file:./;optional:file:./config/;optional:file:./config/*/
2025-01-07T20:30:49.366+07:00 TRACE 27900 --- [csrf] [    Test worker] o.s.b.context.config.ConfigDataImporter  : Already loaded resource file [.] ignoring location optional:file:./;optional:file:./config/;optional:file:./config/*/
2025-01-07T20:30:49.366+07:00 TRACE 27900 --- [csrf] [    Test worker] o.s.b.context.config.ConfigDataImporter  : Considering resource file [.] from location optional:file:./;optional:file:./config/;optional:file:./config/*/
2025-01-07T20:30:49.366+07:00 TRACE 27900 --- [csrf] [    Test worker] o.s.b.context.config.ConfigDataImporter  : Already loaded resource file [.] ignoring location optional:file:./;optional:file:./config/;optional:file:./config/*/
2025-01-07T20:30:49.366+07:00 TRACE 27900 --- [csrf] [    Test worker] .b.c.c.ConfigDataEnvironmentContributors : Nothing imported
2025-01-07T20:30:49.366+07:00 TRACE 27900 --- [csrf] [    Test worker] .b.c.c.ConfigDataEnvironmentContributors : Processing imports [optional:classpath:/;optional:classpath:/config/]
2025-01-07T20:30:49.366+07:00 TRACE 27900 --- [csrf] [    Test worker] b.c.c.StandardConfigDataLocationResolver : Skipping missing resource classpath:/application.yaml
2025-01-07T20:30:49.366+07:00 TRACE 27900 --- [csrf] [    Test worker] b.c.c.StandardConfigDataLocationResolver : Skipping missing resource classpath:/application.yml
2025-01-07T20:30:49.366+07:00 TRACE 27900 --- [csrf] [    Test worker] b.c.c.StandardConfigDataLocationResolver : Skipping missing resource classpath:/application.xml
2025-01-07T20:30:49.366+07:00 TRACE 27900 --- [csrf] [    Test worker] b.c.c.StandardConfigDataLocationResolver : Skipping missing resource classpath:/config/application.yaml
2025-01-07T20:30:49.366+07:00 TRACE 27900 --- [csrf] [    Test worker] b.c.c.StandardConfigDataLocationResolver : Skipping missing resource classpath:/config/application.yml
2025-01-07T20:30:49.366+07:00 TRACE 27900 --- [csrf] [    Test worker] b.c.c.StandardConfigDataLocationResolver : Skipping missing resource classpath:/config/application.xml
2025-01-07T20:30:49.367+07:00 TRACE 27900 --- [csrf] [    Test worker] b.c.c.StandardConfigDataLocationResolver : Skipping missing resource classpath:/config/application.properties
2025-01-07T20:30:49.367+07:00 TRACE 27900 --- [csrf] [    Test worker] b.c.c.StandardConfigDataLocationResolver : Skipping missing resource classpath:/application-default.yaml
2025-01-07T20:30:49.367+07:00 TRACE 27900 --- [csrf] [    Test worker] b.c.c.StandardConfigDataLocationResolver : Skipping missing resource classpath:/application-default.yml
2025-01-07T20:30:49.367+07:00 TRACE 27900 --- [csrf] [    Test worker] b.c.c.StandardConfigDataLocationResolver : Skipping missing resource classpath:/application-default.xml
2025-01-07T20:30:49.367+07:00 TRACE 27900 --- [csrf] [    Test worker] b.c.c.StandardConfigDataLocationResolver : Skipping missing resource classpath:/application-default.properties
2025-01-07T20:30:49.367+07:00 TRACE 27900 --- [csrf] [    Test worker] b.c.c.StandardConfigDataLocationResolver : Skipping missing resource classpath:/config/application-default.yaml
2025-01-07T20:30:49.367+07:00 TRACE 27900 --- [csrf] [    Test worker] b.c.c.StandardConfigDataLocationResolver : Skipping missing resource classpath:/config/application-default.yml
2025-01-07T20:30:49.367+07:00 TRACE 27900 --- [csrf] [    Test worker] b.c.c.StandardConfigDataLocationResolver : Skipping missing resource classpath:/config/application-default.xml
2025-01-07T20:30:49.367+07:00 TRACE 27900 --- [csrf] [    Test worker] b.c.c.StandardConfigDataLocationResolver : Skipping missing resource classpath:/config/application-default.properties
2025-01-07T20:30:49.367+07:00 TRACE 27900 --- [csrf] [    Test worker] o.s.b.context.config.ConfigDataImporter  : Considering resource class path resource [application.properties] from location optional:classpath:/;optional:classpath:/config/
2025-01-07T20:30:49.367+07:00 TRACE 27900 --- [csrf] [    Test worker] o.s.b.context.config.ConfigDataImporter  : Already loaded resource class path resource [application.properties] ignoring location optional:classpath:/;optional:classpath:/config/
2025-01-07T20:30:49.367+07:00 TRACE 27900 --- [csrf] [    Test worker] .b.c.c.ConfigDataEnvironmentContributors : Nothing imported
2025-01-07T20:30:49.367+07:00 TRACE 27900 --- [csrf] [    Test worker] .b.c.c.ConfigDataEnvironmentContributors : Processed imports for of 2 contributors
2025-01-07T20:30:49.367+07:00 TRACE 27900 --- [csrf] [    Test worker] o.s.b.c.config.ConfigDataEnvironment     : Applying config data environment contributions
2025-01-07T20:30:49.367+07:00 TRACE 27900 --- [csrf] [    Test worker] o.s.b.c.config.ConfigDataEnvironment     : Adding imported property source 'Config resource 'class path resource [application.properties]' via location 'optional:classpath:/''
2025-01-07T20:30:49.367+07:00 TRACE 27900 --- [csrf] [    Test worker] o.s.b.c.config.ConfigDataEnvironment     : Setting default profiles: [default]
2025-01-07T20:30:49.367+07:00 TRACE 27900 --- [csrf] [    Test worker] o.s.b.c.config.ConfigDataEnvironment     : Setting active profiles: []
2025-01-07T20:30:49.374+07:00 TRACE 27900 --- [csrf] [    Test worker] ConfigServletWebServerApplicationContext : Refreshing org.springframework.boot.web.servlet.context.AnnotationConfigServletWebServerApplicationContext@426e505c, started on Tue Jan 07 20:30:49 GMT+07:00 2025
2025-01-07T20:30:49.379+07:00 TRACE 27900 --- [csrf] [    Test worker] o.s.b.f.s.DefaultListableBeanFactory     : Registering scope 'request' with implementation [org.springframework.web.context.request.RequestScope@ea9e141]
2025-01-07T20:30:49.379+07:00 TRACE 27900 --- [csrf] [    Test worker] o.s.b.f.s.DefaultListableBeanFactory     : Registering scope 'session' with implementation [org.springframework.web.context.request.SessionScope@5c748168]
2025-01-07T20:30:49.383+07:00 DEBUG 27900 --- [csrf] [    Test worker] o.s.b.f.s.DefaultListableBeanFactory     : Creating shared instance of singleton bean 'org.springframework.context.annotation.internalConfigurationAnnotationProcessor'
2025-01-07T20:30:49.383+07:00 TRACE 27900 --- [csrf] [    Test worker] o.s.b.f.s.DefaultListableBeanFactory     : Creating instance of bean 'org.springframework.context.annotation.internalConfigurationAnnotationProcessor'
2025-01-07T20:30:49.388+07:00 DEBUG 27900 --- [csrf] [    Test worker] o.s.b.f.s.DefaultListableBeanFactory     : Creating shared instance of singleton bean 'org.springframework.boot.autoconfigure.internalCachingMetadataReaderFactory'
2025-01-07T20:30:49.388+07:00 TRACE 27900 --- [csrf] [    Test worker] o.s.b.f.s.DefaultListableBeanFactory     : Creating instance of bean 'org.springframework.boot.autoconfigure.internalCachingMetadataReaderFactory'
2025-01-07T20:30:49.389+07:00 TRACE 27900 --- [csrf] [    Test worker] o.s.b.f.s.DefaultListableBeanFactory     : Finished creating instance of bean 'org.springframework.boot.autoconfigure.internalCachingMetadataReaderFactory'
2025-01-07T20:30:49.390+07:00 TRACE 27900 --- [csrf] [    Test worker] o.s.c.io.support.SpringFactoriesLoader   : Loaded [org.springframework.beans.BeanInfoFactory] names: []
2025-01-07T20:30:49.390+07:00 TRACE 27900 --- [csrf] [    Test worker] o.s.beans.CachedIntrospectionResults     : Getting BeanInfo for class [org.springframework.context.annotation.ConfigurationClassPostProcessor]
2025-01-07T20:30:49.392+07:00 TRACE 27900 --- [csrf] [    Test worker] o.s.beans.CachedIntrospectionResults     : Caching PropertyDescriptors for class [org.springframework.context.annotation.ConfigurationClassPostProcessor]
2025-01-07T20:30:49.392+07:00 TRACE 27900 --- [csrf] [    Test worker] o.s.beans.CachedIntrospectionResults     : Found bean property 'applicationStartup' of type [org.springframework.core.metrics.ApplicationStartup]
2025-01-07T20:30:49.392+07:00 TRACE 27900 --- [csrf] [    Test worker] o.s.beans.CachedIntrospectionResults     : Found bean property 'beanClassLoader' of type [java.lang.ClassLoader]
2025-01-07T20:30:49.393+07:00 TRACE 27900 --- [csrf] [    Test worker] o.s.beans.CachedIntrospectionResults     : Found bean property 'beanExcludedFromAotProcessing' of type [boolean]
2025-01-07T20:30:49.393+07:00 TRACE 27900 --- [csrf] [    Test worker] o.s.beans.CachedIntrospectionResults     : Found bean property 'beanNameGenerator' of type [org.springframework.beans.factory.support.BeanNameGenerator]
2025-01-07T20:30:49.393+07:00 TRACE 27900 --- [csrf] [    Test worker] o.s.beans.CachedIntrospectionResults     : Found bean property 'class' of type [java.lang.Class]
2025-01-07T20:30:49.393+07:00 TRACE 27900 --- [csrf] [    Test worker] o.s.beans.CachedIntrospectionResults     : Found bean property 'environment' of type [org.springframework.core.env.Environment]
2025-01-07T20:30:49.393+07:00 TRACE 27900 --- [csrf] [    Test worker] o.s.beans.CachedIntrospectionResults     : Found bean property 'metadataReaderFactory' of type [org.springframework.core.type.classreading.MetadataReaderFactory]
2025-01-07T20:30:49.393+07:00 TRACE 27900 --- [csrf] [    Test worker] o.s.beans.CachedIntrospectionResults     : Found bean property 'order' of type [int]
2025-01-07T20:30:49.393+07:00 TRACE 27900 --- [csrf] [    Test worker] o.s.beans.CachedIntrospectionResults     : Found bean property 'problemReporter' of type [org.springframework.beans.factory.parsing.ProblemReporter]
2025-01-07T20:30:49.393+07:00 TRACE 27900 --- [csrf] [    Test worker] o.s.beans.CachedIntrospectionResults     : Found bean property 'resourceLoader' of type [org.springframework.core.io.ResourceLoader]
2025-01-07T20:30:49.393+07:00 TRACE 27900 --- [csrf] [    Test worker] o.s.beans.CachedIntrospectionResults     : Found bean property 'sourceExtractor' of type [org.springframework.beans.factory.parsing.SourceExtractor]
2025-01-07T20:30:49.396+07:00 TRACE 27900 --- [csrf] [    Test worker] o.s.b.f.s.DefaultListableBeanFactory     : Finished creating instance of bean 'org.springframework.context.annotation.internalConfigurationAnnotationProcessor'
2025-01-07T20:30:49.400+07:00 TRACE 27900 --- [csrf] [    Test worker] o.s.c.a.ClassPathBeanDefinitionScanner   : JSR-250 'jakarta.annotation.ManagedBean' found and supported for component scanning
2025-01-07T20:30:49.401+07:00 TRACE 27900 --- [csrf] [    Test worker] .i.s.PathMatchingResourcePatternResolver : Resolved module-path location pattern [com/example/csrf/**/*.class] to resources []
2025-01-07T20:30:49.401+07:00 TRACE 27900 --- [csrf] [    Test worker] .i.s.PathMatchingResourcePatternResolver : Resolved module-path location pattern [com/example/csrf/] to resources []
2025-01-07T20:30:49.401+07:00 TRACE 27900 --- [csrf] [    Test worker] .i.s.PathMatchingResourcePatternResolver : Resolved class path location [com/example/csrf/] to resources [file [/Users/mario/Development/spring-security-csrf-disable/build/classes/java/test/com/example/csrf], file [/Users/mario/Development/spring-security-csrf-disable/build/classes/java/main/com/example/csrf]]
2025-01-07T20:30:49.401+07:00 TRACE 27900 --- [csrf] [    Test worker] .i.s.PathMatchingResourcePatternResolver : Searching directory [/Users/mario/Development/spring-security-csrf-disable/build/classes/java/test/com/example/csrf] for files matching pattern [**/*.class]
2025-01-07T20:30:49.402+07:00 TRACE 27900 --- [csrf] [    Test worker] .i.s.PathMatchingResourcePatternResolver : Searching directory [/Users/mario/Development/spring-security-csrf-disable/build/classes/java/main/com/example/csrf] for files matching pattern [**/*.class]
2025-01-07T20:30:49.403+07:00 TRACE 27900 --- [csrf] [    Test worker] .i.s.PathMatchingResourcePatternResolver : Resolved location pattern [classpath*:com/example/csrf/**/*.class] to resources [file [/Users/mario/Development/spring-security-csrf-disable/build/classes/java/test/com/example/csrf/CsrfApplicationTests.class], file [/Users/mario/Development/spring-security-csrf-disable/build/classes/java/main/com/example/csrf/AuthorizationServerConfig$1.class], file [/Users/mario/Development/spring-security-csrf-disable/build/classes/java/main/com/example/csrf/AuthorizationServerConfig.class], file [/Users/mario/Development/spring-security-csrf-disable/build/classes/java/main/com/example/csrf/CsrfApplication.class], file [/Users/mario/Development/spring-security-csrf-disable/build/classes/java/main/com/example/csrf/Endpoint.class]]
2025-01-07T20:30:49.403+07:00 TRACE 27900 --- [csrf] [    Test worker] o.s.c.a.ClassPathBeanDefinitionScanner   : Scanning file [/Users/mario/Development/spring-security-csrf-disable/build/classes/java/test/com/example/csrf/CsrfApplicationTests.class]
2025-01-07T20:30:49.403+07:00 TRACE 27900 --- [csrf] [    Test worker] o.s.b.f.s.DefaultListableBeanFactory     : Returning cached instance of singleton bean 'org.springframework.boot.test.context.filter.TestTypeExcludeFilter'
2025-01-07T20:30:49.403+07:00 TRACE 27900 --- [csrf] [    Test worker] o.s.c.a.ClassPathBeanDefinitionScanner   : Ignored because not matching any filter: file [/Users/mario/Development/spring-security-csrf-disable/build/classes/java/test/com/example/csrf/CsrfApplicationTests.class]
2025-01-07T20:30:49.403+07:00 TRACE 27900 --- [csrf] [    Test worker] o.s.c.a.ClassPathBeanDefinitionScanner   : Scanning file [/Users/mario/Development/spring-security-csrf-disable/build/classes/java/main/com/example/csrf/AuthorizationServerConfig$1.class]
2025-01-07T20:30:49.404+07:00 TRACE 27900 --- [csrf] [    Test worker] o.s.c.a.ClassPathBeanDefinitionScanner   : Ignored because not matching any filter: file [/Users/mario/Development/spring-security-csrf-disable/build/classes/java/main/com/example/csrf/AuthorizationServerConfig$1.class]
2025-01-07T20:30:49.404+07:00 TRACE 27900 --- [csrf] [    Test worker] o.s.c.a.ClassPathBeanDefinitionScanner   : Scanning file [/Users/mario/Development/spring-security-csrf-disable/build/classes/java/main/com/example/csrf/AuthorizationServerConfig.class]
2025-01-07T20:30:49.405+07:00 DEBUG 27900 --- [csrf] [    Test worker] o.s.c.a.ClassPathBeanDefinitionScanner   : Identified candidate component class: file [/Users/mario/Development/spring-security-csrf-disable/build/classes/java/main/com/example/csrf/AuthorizationServerConfig.class]
2025-01-07T20:30:49.405+07:00 TRACE 27900 --- [csrf] [    Test worker] o.s.c.a.ClassPathBeanDefinitionScanner   : Scanning file [/Users/mario/Development/spring-security-csrf-disable/build/classes/java/main/com/example/csrf/CsrfApplication.class]
2025-01-07T20:30:49.405+07:00 TRACE 27900 --- [csrf] [    Test worker] o.s.c.a.ClassPathBeanDefinitionScanner   : Ignored because not matching any filter: file [/Users/mario/Development/spring-security-csrf-disable/build/classes/java/main/com/example/csrf/CsrfApplication.class]
2025-01-07T20:30:49.405+07:00 TRACE 27900 --- [csrf] [    Test worker] o.s.c.a.ClassPathBeanDefinitionScanner   : Scanning file [/Users/mario/Development/spring-security-csrf-disable/build/classes/java/main/com/example/csrf/Endpoint.class]
2025-01-07T20:30:49.405+07:00 DEBUG 27900 --- [csrf] [    Test worker] o.s.c.a.ClassPathBeanDefinitionScanner   : Identified candidate component class: file [/Users/mario/Development/spring-security-csrf-disable/build/classes/java/main/com/example/csrf/Endpoint.class]
2025-01-07T20:30:49.412+07:00 TRACE 27900 --- [csrf] [    Test worker] o.s.c.io.support.SpringFactoriesLoader   : Loaded [org.springframework.boot.autoconfigure.AutoConfigurationImportFilter] names: [org.springframework.boot.autoconfigure.condition.OnBeanCondition, org.springframework.boot.autoconfigure.condition.OnClassCondition, org.springframework.boot.autoconfigure.condition.OnWebApplicationCondition]
2025-01-07T20:30:49.418+07:00 TRACE 27900 --- [csrf] [    Test worker] o.s.b.f.s.DefaultListableBeanFactory     : Returning cached instance of singleton bean 'autoConfigurationReport'
2025-01-07T20:30:49.429+07:00 TRACE 27900 --- [csrf] [    Test worker] o.s.b.a.condition.OnClassCondition       : Condition OnClassCondition on org.springframework.boot.autoconfigure.amqp.RabbitAutoConfiguration did not match due to @ConditionalOnClass did not find required class 'com.rabbitmq.client.Channel'
2025-01-07T20:30:49.429+07:00 TRACE 27900 --- [csrf] [    Test worker] o.s.b.a.condition.OnClassCondition       : Condition OnClassCondition on org.springframework.boot.autoconfigure.batch.BatchAutoConfiguration did not match due to @ConditionalOnClass did not find required class 'org.springframework.batch.core.launch.JobLauncher'
2025-01-07T20:30:49.429+07:00 TRACE 27900 --- [csrf] [    Test worker] o.s.b.a.condition.OnClassCondition       : Condition OnClassCondition on org.springframework.boot.autoconfigure.cassandra.CassandraAutoConfiguration did not match due to @ConditionalOnClass did not find required class 'com.datastax.oss.driver.api.core.CqlSession'
2025-01-07T20:30:49.429+07:00 TRACE 27900 --- [csrf] [    Test worker] o.s.b.a.condition.OnClassCondition       : Condition OnClassCondition on org.springframework.boot.autoconfigure.couchbase.CouchbaseAutoConfiguration did not match due to @ConditionalOnClass did not find required class 'com.couchbase.client.java.Cluster'
2025-01-07T20:30:49.429+07:00 TRACE 27900 --- [csrf] [    Test worker] o.s.b.a.condition.OnClassCondition       : Condition OnClassCondition on org.springframework.boot.autoconfigure.dao.PersistenceExceptionTranslationAutoConfiguration did not match due to @ConditionalOnClass did not find required class 'org.springframework.dao.annotation.PersistenceExceptionTranslationPostProcessor'
2025-01-07T20:30:49.429+07:00 TRACE 27900 --- [csrf] [    Test worker] o.s.b.a.condition.OnClassCondition       : Condition OnClassCondition on org.springframework.boot.autoconfigure.data.cassandra.CassandraDataAutoConfiguration did not match due to @ConditionalOnClass did not find required class 'com.datastax.oss.driver.api.core.CqlSession'
2025-01-07T20:30:49.429+07:00 TRACE 27900 --- [csrf] [    Test worker] o.s.b.a.condition.OnClassCondition       : Condition OnClassCondition on org.springframework.boot.autoconfigure.data.cassandra.CassandraReactiveDataAutoConfiguration did not match due to @ConditionalOnClass did not find required class 'com.datastax.oss.driver.api.core.CqlSession'
2025-01-07T20:30:49.429+07:00 TRACE 27900 --- [csrf] [    Test worker] o.s.b.a.condition.OnClassCondition       : Condition OnClassCondition on org.springframework.boot.autoconfigure.data.cassandra.CassandraReactiveRepositoriesAutoConfiguration did not match due to @ConditionalOnClass did not find required class 'org.springframework.data.cassandra.ReactiveSession'
2025-01-07T20:30:49.429+07:00 TRACE 27900 --- [csrf] [    Test worker] o.s.b.a.condition.OnClassCondition       : Condition OnClassCondition on org.springframework.boot.autoconfigure.data.cassandra.CassandraRepositoriesAutoConfiguration did not match due to @ConditionalOnClass did not find required class 'com.datastax.oss.driver.api.core.CqlSession'
2025-01-07T20:30:49.429+07:00 TRACE 27900 --- [csrf] [    Test worker] o.s.b.a.condition.OnClassCondition       : Condition OnClassCondition on org.springframework.boot.autoconfigure.data.couchbase.CouchbaseDataAutoConfiguration did not match due to @ConditionalOnClass did not find required class 'com.couchbase.client.java.Bucket'
2025-01-07T20:30:49.429+07:00 TRACE 27900 --- [csrf] [    Test worker] o.s.b.a.condition.OnClassCondition       : Condition OnClassCondition on org.springframework.boot.autoconfigure.data.couchbase.CouchbaseReactiveDataAutoConfiguration did not match due to @ConditionalOnClass did not find required class 'com.couchbase.client.java.Cluster'
2025-01-07T20:30:49.429+07:00 TRACE 27900 --- [csrf] [    Test worker] o.s.b.a.condition.OnClassCondition       : Condition OnClassCondition on org.springframework.boot.autoconfigure.data.couchbase.CouchbaseReactiveRepositoriesAutoConfiguration did not match due to @ConditionalOnClass did not find required class 'com.couchbase.client.java.Cluster'
2025-01-07T20:30:49.429+07:00 TRACE 27900 --- [csrf] [    Test worker] o.s.b.a.condition.OnClassCondition       : Condition OnClassCondition on org.springframework.boot.autoconfigure.data.couchbase.CouchbaseRepositoriesAutoConfiguration did not match due to @ConditionalOnClass did not find required class 'com.couchbase.client.java.Bucket'
2025-01-07T20:30:49.429+07:00 TRACE 27900 --- [csrf] [    Test worker] o.s.b.a.condition.OnClassCondition       : Condition OnClassCondition on org.springframework.boot.autoconfigure.data.elasticsearch.ElasticsearchDataAutoConfiguration did not match due to @ConditionalOnClass did not find required class 'org.springframework.data.elasticsearch.client.elc.ElasticsearchTemplate'
2025-01-07T20:30:49.430+07:00 TRACE 27900 --- [csrf] [    Test worker] o.s.b.a.condition.OnClassCondition       : Condition OnClassCondition on org.springframework.boot.autoconfigure.data.elasticsearch.ElasticsearchRepositoriesAutoConfiguration did not match due to @ConditionalOnClass did not find required class 'org.springframework.data.elasticsearch.repository.ElasticsearchRepository'
2025-01-07T20:30:49.430+07:00 TRACE 27900 --- [csrf] [    Test worker] o.s.b.a.condition.OnClassCondition       : Condition OnClassCondition on org.springframework.boot.autoconfigure.data.elasticsearch.ReactiveElasticsearchRepositoriesAutoConfiguration did not match due to @ConditionalOnClass did not find required class 'reactor.core.publisher.Mono'
2025-01-07T20:30:49.430+07:00 TRACE 27900 --- [csrf] [    Test worker] o.s.b.a.condition.OnClassCondition       : Condition OnClassCondition on org.springframework.boot.autoconfigure.data.jdbc.JdbcRepositoriesAutoConfiguration did not match due to @ConditionalOnClass did not find required class 'org.springframework.data.jdbc.repository.config.AbstractJdbcConfiguration'
2025-01-07T20:30:49.430+07:00 TRACE 27900 --- [csrf] [    Test worker] o.s.b.a.condition.OnClassCondition       : Condition OnClassCondition on org.springframework.boot.autoconfigure.data.jpa.JpaRepositoriesAutoConfiguration did not match due to @ConditionalOnClass did not find required class 'org.springframework.data.jpa.repository.JpaRepository'
2025-01-07T20:30:49.430+07:00 TRACE 27900 --- [csrf] [    Test worker] o.s.b.a.condition.OnClassCondition       : Condition OnClassCondition on org.springframework.boot.autoconfigure.data.ldap.LdapRepositoriesAutoConfiguration did not match due to @ConditionalOnClass did not find required class 'org.springframework.data.ldap.repository.LdapRepository'
2025-01-07T20:30:49.430+07:00 TRACE 27900 --- [csrf] [    Test worker] o.s.b.a.condition.OnClassCondition       : Condition OnClassCondition on org.springframework.boot.autoconfigure.data.mongo.MongoDataAutoConfiguration did not match due to @ConditionalOnClass did not find required class 'com.mongodb.client.MongoClient'
2025-01-07T20:30:49.430+07:00 TRACE 27900 --- [csrf] [    Test worker] o.s.b.a.condition.OnClassCondition       : Condition OnClassCondition on org.springframework.boot.autoconfigure.data.mongo.MongoReactiveDataAutoConfiguration did not match due to @ConditionalOnClass did not find required class 'com.mongodb.reactivestreams.client.MongoClient'
2025-01-07T20:30:49.430+07:00 TRACE 27900 --- [csrf] [    Test worker] o.s.b.a.condition.OnClassCondition       : Condition OnClassCondition on org.springframework.boot.autoconfigure.data.mongo.MongoReactiveRepositoriesAutoConfiguration did not match due to @ConditionalOnClass did not find required class 'com.mongodb.reactivestreams.client.MongoClient'
2025-01-07T20:30:49.430+07:00 TRACE 27900 --- [csrf] [    Test worker] o.s.b.a.condition.OnClassCondition       : Condition OnClassCondition on org.springframework.boot.autoconfigure.data.mongo.MongoRepositoriesAutoConfiguration did not match due to @ConditionalOnClass did not find required class 'com.mongodb.client.MongoClient'
2025-01-07T20:30:49.430+07:00 TRACE 27900 --- [csrf] [    Test worker] o.s.b.a.condition.OnClassCondition       : Condition OnClassCondition on org.springframework.boot.autoconfigure.data.neo4j.Neo4jDataAutoConfiguration did not match due to @ConditionalOnClass did not find required class 'org.neo4j.driver.Driver'
2025-01-07T20:30:49.430+07:00 TRACE 27900 --- [csrf] [    Test worker] o.s.b.a.condition.OnClassCondition       : Condition OnClassCondition on org.springframework.boot.autoconfigure.data.neo4j.Neo4jReactiveDataAutoConfiguration did not match due to @ConditionalOnClass did not find required class 'org.neo4j.driver.Driver'
2025-01-07T20:30:49.430+07:00 TRACE 27900 --- [csrf] [    Test worker] o.s.b.a.condition.OnClassCondition       : Condition OnClassCondition on org.springframework.boot.autoconfigure.data.neo4j.Neo4jReactiveRepositoriesAutoConfiguration did not match due to @ConditionalOnClass did not find required class 'org.neo4j.driver.Driver'
2025-01-07T20:30:49.430+07:00 TRACE 27900 --- [csrf] [    Test worker] o.s.b.a.condition.OnClassCondition       : Condition OnClassCondition on org.springframework.boot.autoconfigure.data.neo4j.Neo4jRepositoriesAutoConfiguration did not match due to @ConditionalOnClass did not find required class 'org.neo4j.driver.Driver'
2025-01-07T20:30:49.430+07:00 TRACE 27900 --- [csrf] [    Test worker] o.s.b.a.condition.OnClassCondition       : Condition OnClassCondition on org.springframework.boot.autoconfigure.data.r2dbc.R2dbcDataAutoConfiguration did not match due to @ConditionalOnClass did not find required class 'org.springframework.data.r2dbc.core.R2dbcEntityTemplate'
2025-01-07T20:30:49.430+07:00 TRACE 27900 --- [csrf] [    Test worker] o.s.b.a.condition.OnClassCondition       : Condition OnClassCondition on org.springframework.boot.autoconfigure.data.r2dbc.R2dbcRepositoriesAutoConfiguration did not match due to @ConditionalOnClass did not find required class 'io.r2dbc.spi.ConnectionFactory'
2025-01-07T20:30:49.430+07:00 TRACE 27900 --- [csrf] [    Test worker] o.s.b.a.condition.OnClassCondition       : Condition OnClassCondition on org.springframework.boot.autoconfigure.data.redis.RedisAutoConfiguration did not match due to @ConditionalOnClass did not find required class 'org.springframework.data.redis.core.RedisOperations'
2025-01-07T20:30:49.430+07:00 TRACE 27900 --- [csrf] [    Test worker] o.s.b.a.condition.OnClassCondition       : Condition OnClassCondition on org.springframework.boot.autoconfigure.data.redis.RedisReactiveAutoConfiguration did not match due to @ConditionalOnClass did not find required class 'reactor.core.publisher.Flux'
2025-01-07T20:30:49.430+07:00 TRACE 27900 --- [csrf] [    Test worker] o.s.b.a.condition.OnClassCondition       : Condition OnClassCondition on org.springframework.boot.autoconfigure.data.redis.RedisRepositoriesAutoConfiguration did not match due to @ConditionalOnClass did not find required class 'org.springframework.data.redis.repository.configuration.EnableRedisRepositories'
2025-01-07T20:30:49.430+07:00 TRACE 27900 --- [csrf] [    Test worker] o.s.b.a.condition.OnClassCondition       : Condition OnClassCondition on org.springframework.boot.autoconfigure.data.rest.RepositoryRestMvcAutoConfiguration did not match due to @ConditionalOnClass did not find required class 'org.springframework.data.rest.webmvc.config.RepositoryRestMvcConfiguration'
2025-01-07T20:30:49.430+07:00 TRACE 27900 --- [csrf] [    Test worker] o.s.b.a.condition.OnClassCondition       : Condition OnClassCondition on org.springframework.boot.autoconfigure.data.web.SpringDataWebAutoConfiguration did not match due to @ConditionalOnClass did not find required class 'org.springframework.data.web.PageableHandlerMethodArgumentResolver'
2025-01-07T20:30:49.430+07:00 TRACE 27900 --- [csrf] [    Test worker] o.s.b.a.condition.OnClassCondition       : Condition OnClassCondition on org.springframework.boot.autoconfigure.elasticsearch.ElasticsearchClientAutoConfiguration did not match due to @ConditionalOnClass did not find required class 'co.elastic.clients.elasticsearch.ElasticsearchClient'
2025-01-07T20:30:49.430+07:00 TRACE 27900 --- [csrf] [    Test worker] o.s.b.a.condition.OnClassCondition       : Condition OnClassCondition on org.springframework.boot.autoconfigure.elasticsearch.ElasticsearchRestClientAutoConfiguration did not match due to @ConditionalOnClass did not find required class 'org.elasticsearch.client.RestClientBuilder'
2025-01-07T20:30:49.430+07:00 TRACE 27900 --- [csrf] [    Test worker] o.s.b.a.condition.OnClassCondition       : Condition OnClassCondition on org.springframework.boot.autoconfigure.elasticsearch.ReactiveElasticsearchClientAutoConfiguration did not match due to @ConditionalOnClass did not find required class 'co.elastic.clients.transport.ElasticsearchTransport'
2025-01-07T20:30:49.430+07:00 TRACE 27900 --- [csrf] [    Test worker] o.s.b.a.condition.OnClassCondition       : Condition OnClassCondition on org.springframework.boot.autoconfigure.flyway.FlywayAutoConfiguration did not match due to @ConditionalOnClass did not find required class 'org.flywaydb.core.Flyway'
2025-01-07T20:30:49.430+07:00 TRACE 27900 --- [csrf] [    Test worker] o.s.b.a.condition.OnClassCondition       : Condition OnClassCondition on org.springframework.boot.autoconfigure.freemarker.FreeMarkerAutoConfiguration did not match due to @ConditionalOnClass did not find required class 'freemarker.template.Configuration'
2025-01-07T20:30:49.430+07:00 TRACE 27900 --- [csrf] [    Test worker] o.s.b.a.condition.OnClassCondition       : Condition OnClassCondition on org.springframework.boot.autoconfigure.graphql.GraphQlAutoConfiguration did not match due to @ConditionalOnClass did not find required class 'graphql.GraphQL'
2025-01-07T20:30:49.430+07:00 TRACE 27900 --- [csrf] [    Test worker] o.s.b.a.condition.OnClassCondition       : Condition OnClassCondition on org.springframework.boot.autoconfigure.graphql.data.GraphQlReactiveQueryByExampleAutoConfiguration did not match due to @ConditionalOnClass did not find required class 'graphql.GraphQL'
2025-01-07T20:30:49.430+07:00 TRACE 27900 --- [csrf] [    Test worker] o.s.b.a.condition.OnClassCondition       : Condition OnClassCondition on org.springframework.boot.autoconfigure.graphql.data.GraphQlReactiveQuerydslAutoConfiguration did not match due to @ConditionalOnClass did not find required class 'com.querydsl.core.Query'
2025-01-07T20:30:49.431+07:00 TRACE 27900 --- [csrf] [    Test worker] o.s.b.a.condition.OnClassCondition       : Condition OnClassCondition on org.springframework.boot.autoconfigure.graphql.data.GraphQlQueryByExampleAutoConfiguration did not match due to @ConditionalOnClass did not find required class 'graphql.GraphQL'
2025-01-07T20:30:49.431+07:00 TRACE 27900 --- [csrf] [    Test worker] o.s.b.a.condition.OnClassCondition       : Condition OnClassCondition on org.springframework.boot.autoconfigure.graphql.data.GraphQlQuerydslAutoConfiguration did not match due to @ConditionalOnClass did not find required class 'com.querydsl.core.Query'
2025-01-07T20:30:49.431+07:00 TRACE 27900 --- [csrf] [    Test worker] o.s.b.a.condition.OnClassCondition       : Condition OnClassCondition on org.springframework.boot.autoconfigure.graphql.reactive.GraphQlWebFluxAutoConfiguration did not match due to @ConditionalOnClass did not find required class 'graphql.GraphQL'
2025-01-07T20:30:49.431+07:00 TRACE 27900 --- [csrf] [    Test worker] o.s.b.a.condition.OnClassCondition       : Condition OnClassCondition on org.springframework.boot.autoconfigure.graphql.rsocket.GraphQlRSocketAutoConfiguration did not match due to @ConditionalOnClass did not find required class 'graphql.GraphQL'
2025-01-07T20:30:49.431+07:00 TRACE 27900 --- [csrf] [    Test worker] o.s.b.a.condition.OnClassCondition       : Condition OnClassCondition on org.springframework.boot.autoconfigure.graphql.rsocket.RSocketGraphQlClientAutoConfiguration did not match due to @ConditionalOnClass did not find required class 'graphql.GraphQL'
2025-01-07T20:30:49.431+07:00 TRACE 27900 --- [csrf] [    Test worker] o.s.b.a.condition.OnClassCondition       : Condition OnClassCondition on org.springframework.boot.autoconfigure.graphql.security.GraphQlWebFluxSecurityAutoConfiguration did not match due to @ConditionalOnClass did not find required class 'graphql.GraphQL'
2025-01-07T20:30:49.431+07:00 TRACE 27900 --- [csrf] [    Test worker] o.s.b.a.condition.OnClassCondition       : Condition OnClassCondition on org.springframework.boot.autoconfigure.graphql.security.GraphQlWebMvcSecurityAutoConfiguration did not match due to @ConditionalOnClass did not find required class 'graphql.GraphQL'
2025-01-07T20:30:49.431+07:00 TRACE 27900 --- [csrf] [    Test worker] o.s.b.a.condition.OnClassCondition       : Condition OnClassCondition on org.springframework.boot.autoconfigure.graphql.servlet.GraphQlWebMvcAutoConfiguration did not match due to @ConditionalOnClass did not find required class 'graphql.GraphQL'
2025-01-07T20:30:49.431+07:00 TRACE 27900 --- [csrf] [    Test worker] o.s.b.a.condition.OnClassCondition       : Condition OnClassCondition on org.springframework.boot.autoconfigure.groovy.template.GroovyTemplateAutoConfiguration did not match due to @ConditionalOnClass did not find required class 'groovy.text.markup.MarkupTemplateEngine'
2025-01-07T20:30:49.431+07:00 TRACE 27900 --- [csrf] [    Test worker] o.s.b.a.condition.OnClassCondition       : Condition OnClassCondition on org.springframework.boot.autoconfigure.gson.GsonAutoConfiguration did not match due to @ConditionalOnClass did not find required class 'com.google.gson.Gson'
2025-01-07T20:30:49.431+07:00 TRACE 27900 --- [csrf] [    Test worker] o.s.b.a.condition.OnClassCondition       : Condition OnClassCondition on org.springframework.boot.autoconfigure.h2.H2ConsoleAutoConfiguration did not match due to @ConditionalOnClass did not find required class 'org.h2.server.web.JakartaWebServlet'
2025-01-07T20:30:49.431+07:00 TRACE 27900 --- [csrf] [    Test worker] o.s.b.a.condition.OnClassCondition       : Condition OnClassCondition on org.springframework.boot.autoconfigure.hateoas.HypermediaAutoConfiguration did not match due to @ConditionalOnClass did not find required class 'org.springframework.hateoas.EntityModel'
2025-01-07T20:30:49.431+07:00 TRACE 27900 --- [csrf] [    Test worker] o.s.b.a.condition.OnClassCondition       : Condition OnClassCondition on org.springframework.boot.autoconfigure.hazelcast.HazelcastAutoConfiguration did not match due to @ConditionalOnClass did not find required class 'com.hazelcast.core.HazelcastInstance'
2025-01-07T20:30:49.431+07:00 TRACE 27900 --- [csrf] [    Test worker] o.s.b.a.condition.OnClassCondition       : Condition OnClassCondition on org.springframework.boot.autoconfigure.hazelcast.HazelcastJpaDependencyAutoConfiguration did not match due to @ConditionalOnClass did not find required class 'com.hazelcast.core.HazelcastInstance'
2025-01-07T20:30:49.431+07:00 TRACE 27900 --- [csrf] [    Test worker] o.s.b.a.condition.OnClassCondition       : Condition OnClassCondition on org.springframework.boot.autoconfigure.http.codec.CodecsAutoConfiguration did not match due to @ConditionalOnClass did not find required class 'org.springframework.web.reactive.function.client.WebClient'
2025-01-07T20:30:49.431+07:00 TRACE 27900 --- [csrf] [    Test worker] o.s.b.a.condition.OnClassCondition       : Condition OnClassCondition on org.springframework.boot.autoconfigure.integration.IntegrationAutoConfiguration did not match due to @ConditionalOnClass did not find required class 'org.springframework.integration.config.EnableIntegration'
2025-01-07T20:30:49.431+07:00 TRACE 27900 --- [csrf] [    Test worker] o.s.b.a.condition.OnClassCondition       : Condition OnClassCondition on org.springframework.boot.autoconfigure.jdbc.DataSourceAutoConfiguration did not match due to @ConditionalOnClass did not find required class 'org.springframework.jdbc.datasource.embedded.EmbeddedDatabaseType'
2025-01-07T20:30:49.431+07:00 TRACE 27900 --- [csrf] [    Test worker] o.s.b.a.condition.OnClassCondition       : Condition OnClassCondition on org.springframework.boot.autoconfigure.jdbc.JdbcTemplateAutoConfiguration did not match due to @ConditionalOnClass did not find required class 'org.springframework.jdbc.core.JdbcTemplate'
2025-01-07T20:30:49.431+07:00 TRACE 27900 --- [csrf] [    Test worker] o.s.b.a.condition.OnClassCondition       : Condition OnClassCondition on org.springframework.boot.autoconfigure.jdbc.JndiDataSourceAutoConfiguration did not match due to @ConditionalOnClass did not find required class 'org.springframework.jdbc.datasource.embedded.EmbeddedDatabaseType'
2025-01-07T20:30:49.431+07:00 TRACE 27900 --- [csrf] [    Test worker] o.s.b.a.condition.OnClassCondition       : Condition OnClassCondition on org.springframework.boot.autoconfigure.jdbc.XADataSourceAutoConfiguration did not match due to @ConditionalOnClass did not find required class 'jakarta.transaction.TransactionManager'
2025-01-07T20:30:49.431+07:00 TRACE 27900 --- [csrf] [    Test worker] o.s.b.a.condition.OnClassCondition       : Condition OnClassCondition on org.springframework.boot.autoconfigure.jdbc.DataSourceTransactionManagerAutoConfiguration did not match due to @ConditionalOnClass did not find required class 'org.springframework.jdbc.core.JdbcTemplate'
2025-01-07T20:30:49.431+07:00 TRACE 27900 --- [csrf] [    Test worker] o.s.b.a.condition.OnClassCondition       : Condition OnClassCondition on org.springframework.boot.autoconfigure.jersey.JerseyAutoConfiguration did not match due to @ConditionalOnClass did not find required class 'org.glassfish.jersey.server.spring.SpringComponentProvider'
2025-01-07T20:30:49.431+07:00 TRACE 27900 --- [csrf] [    Test worker] o.s.b.a.condition.OnClassCondition       : Condition OnClassCondition on org.springframework.boot.autoconfigure.jms.JmsAutoConfiguration did not match due to @ConditionalOnClass did not find required class 'jakarta.jms.Message'
2025-01-07T20:30:49.431+07:00 TRACE 27900 --- [csrf] [    Test worker] o.s.b.a.condition.OnClassCondition       : Condition OnClassCondition on org.springframework.boot.autoconfigure.jms.JndiConnectionFactoryAutoConfiguration did not match due to @ConditionalOnClass did not find required class 'org.springframework.jms.core.JmsTemplate'
2025-01-07T20:30:49.431+07:00 TRACE 27900 --- [csrf] [    Test worker] o.s.b.a.condition.OnClassCondition       : Condition OnClassCondition on org.springframework.boot.autoconfigure.jms.activemq.ActiveMQAutoConfiguration did not match due to @ConditionalOnClass did not find required class 'jakarta.jms.ConnectionFactory'
2025-01-07T20:30:49.431+07:00 TRACE 27900 --- [csrf] [    Test worker] o.s.b.a.condition.OnClassCondition       : Condition OnClassCondition on org.springframework.boot.autoconfigure.jms.artemis.ArtemisAutoConfiguration did not match due to @ConditionalOnClass did not find required class 'jakarta.jms.ConnectionFactory'
2025-01-07T20:30:49.431+07:00 TRACE 27900 --- [csrf] [    Test worker] o.s.b.a.condition.OnClassCondition       : Condition OnClassCondition on org.springframework.boot.autoconfigure.jooq.JooqAutoConfiguration did not match due to @ConditionalOnClass did not find required class 'org.jooq.DSLContext'
2025-01-07T20:30:49.432+07:00 TRACE 27900 --- [csrf] [    Test worker] o.s.b.a.condition.OnClassCondition       : Condition OnClassCondition on org.springframework.boot.autoconfigure.jsonb.JsonbAutoConfiguration did not match due to @ConditionalOnClass did not find required class 'jakarta.json.bind.Jsonb'
2025-01-07T20:30:49.432+07:00 TRACE 27900 --- [csrf] [    Test worker] o.s.b.a.condition.OnClassCondition       : Condition OnClassCondition on org.springframework.boot.autoconfigure.kafka.KafkaAutoConfiguration did not match due to @ConditionalOnClass did not find required class 'org.springframework.kafka.core.KafkaTemplate'
2025-01-07T20:30:49.432+07:00 TRACE 27900 --- [csrf] [    Test worker] o.s.b.a.condition.OnClassCondition       : Condition OnClassCondition on org.springframework.boot.autoconfigure.ldap.embedded.EmbeddedLdapAutoConfiguration did not match due to @ConditionalOnClass did not find required class 'com.unboundid.ldap.listener.InMemoryDirectoryServer'
2025-01-07T20:30:49.432+07:00 TRACE 27900 --- [csrf] [    Test worker] o.s.b.a.condition.OnClassCondition       : Condition OnClassCondition on org.springframework.boot.autoconfigure.ldap.LdapAutoConfiguration did not match due to @ConditionalOnClass did not find required class 'org.springframework.ldap.core.ContextSource'
2025-01-07T20:30:49.432+07:00 TRACE 27900 --- [csrf] [    Test worker] o.s.b.a.condition.OnClassCondition       : Condition OnClassCondition on org.springframework.boot.autoconfigure.liquibase.LiquibaseAutoConfiguration did not match due to @ConditionalOnClass did not find required class 'liquibase.change.DatabaseChange'
2025-01-07T20:30:49.432+07:00 TRACE 27900 --- [csrf] [    Test worker] o.s.b.a.condition.OnClassCondition       : Condition OnClassCondition on org.springframework.boot.autoconfigure.mail.MailSenderAutoConfiguration did not match due to @ConditionalOnClass did not find required class 'jakarta.mail.internet.MimeMessage'
2025-01-07T20:30:49.432+07:00 TRACE 27900 --- [csrf] [    Test worker] o.s.b.a.condition.OnClassCondition       : Condition OnClassCondition on org.springframework.boot.autoconfigure.mongo.MongoAutoConfiguration did not match due to @ConditionalOnClass did not find required class 'com.mongodb.client.MongoClient'
2025-01-07T20:30:49.432+07:00 TRACE 27900 --- [csrf] [    Test worker] o.s.b.a.condition.OnClassCondition       : Condition OnClassCondition on org.springframework.boot.autoconfigure.mongo.MongoReactiveAutoConfiguration did not match due to @ConditionalOnClass did not find required class 'com.mongodb.reactivestreams.client.MongoClient'
2025-01-07T20:30:49.432+07:00 TRACE 27900 --- [csrf] [    Test worker] o.s.b.a.condition.OnClassCondition       : Condition OnClassCondition on org.springframework.boot.autoconfigure.mustache.MustacheAutoConfiguration did not match due to @ConditionalOnClass did not find required class 'com.samskivert.mustache.Mustache'
2025-01-07T20:30:49.432+07:00 TRACE 27900 --- [csrf] [    Test worker] o.s.b.a.condition.OnClassCondition       : Condition OnClassCondition on org.springframework.boot.autoconfigure.neo4j.Neo4jAutoConfiguration did not match due to @ConditionalOnClass did not find required class 'org.neo4j.driver.Driver'
2025-01-07T20:30:49.432+07:00 TRACE 27900 --- [csrf] [    Test worker] o.s.b.a.condition.OnClassCondition       : Condition OnClassCondition on org.springframework.boot.autoconfigure.netty.NettyAutoConfiguration did not match due to @ConditionalOnClass did not find required class 'io.netty.util.NettyRuntime'
2025-01-07T20:30:49.432+07:00 TRACE 27900 --- [csrf] [    Test worker] o.s.b.a.condition.OnClassCondition       : Condition OnClassCondition on org.springframework.boot.autoconfigure.orm.jpa.HibernateJpaAutoConfiguration did not match due to @ConditionalOnClass did not find required class 'jakarta.persistence.EntityManager'
2025-01-07T20:30:49.432+07:00 TRACE 27900 --- [csrf] [    Test worker] o.s.b.a.condition.OnClassCondition       : Condition OnClassCondition on org.springframework.boot.autoconfigure.pulsar.PulsarAutoConfiguration did not match due to @ConditionalOnClass did not find required class 'org.apache.pulsar.client.api.PulsarClient'
2025-01-07T20:30:49.432+07:00 TRACE 27900 --- [csrf] [    Test worker] o.s.b.a.condition.OnClassCondition       : Condition OnClassCondition on org.springframework.boot.autoconfigure.pulsar.PulsarReactiveAutoConfiguration did not match due to @ConditionalOnClass did not find required class 'org.apache.pulsar.client.api.PulsarClient'
2025-01-07T20:30:49.432+07:00 TRACE 27900 --- [csrf] [    Test worker] o.s.b.a.condition.OnClassCondition       : Condition OnClassCondition on org.springframework.boot.autoconfigure.quartz.QuartzAutoConfiguration did not match due to @ConditionalOnClass did not find required class 'org.quartz.Scheduler'
2025-01-07T20:30:49.432+07:00 TRACE 27900 --- [csrf] [    Test worker] o.s.b.a.condition.OnClassCondition       : Condition OnClassCondition on org.springframework.boot.autoconfigure.r2dbc.R2dbcAutoConfiguration did not match due to @ConditionalOnClass did not find required class 'io.r2dbc.spi.ConnectionFactory'
2025-01-07T20:30:49.432+07:00 TRACE 27900 --- [csrf] [    Test worker] o.s.b.a.condition.OnClassCondition       : Condition OnClassCondition on org.springframework.boot.autoconfigure.r2dbc.R2dbcProxyAutoConfiguration did not match due to @ConditionalOnClass did not find required class 'io.r2dbc.proxy.ProxyConnectionFactory'
2025-01-07T20:30:49.432+07:00 TRACE 27900 --- [csrf] [    Test worker] o.s.b.a.condition.OnClassCondition       : Condition OnClassCondition on org.springframework.boot.autoconfigure.r2dbc.R2dbcTransactionManagerAutoConfiguration did not match due to @ConditionalOnClass did not find required class 'org.springframework.r2dbc.connection.R2dbcTransactionManager'
2025-01-07T20:30:49.432+07:00 TRACE 27900 --- [csrf] [    Test worker] o.s.b.a.condition.OnClassCondition       : Condition OnClassCondition on org.springframework.boot.autoconfigure.reactor.ReactorAutoConfiguration did not match due to @ConditionalOnClass did not find required class 'reactor.core.publisher.Hooks'
2025-01-07T20:30:49.432+07:00 TRACE 27900 --- [csrf] [    Test worker] o.s.b.a.condition.OnClassCondition       : Condition OnClassCondition on org.springframework.boot.autoconfigure.rsocket.RSocketMessagingAutoConfiguration did not match due to @ConditionalOnClass did not find required class 'io.rsocket.RSocket'
2025-01-07T20:30:49.432+07:00 TRACE 27900 --- [csrf] [    Test worker] o.s.b.a.condition.OnClassCondition       : Condition OnClassCondition on org.springframework.boot.autoconfigure.rsocket.RSocketRequesterAutoConfiguration did not match due to @ConditionalOnClass did not find required class 'io.rsocket.RSocket'
2025-01-07T20:30:49.432+07:00 TRACE 27900 --- [csrf] [    Test worker] o.s.b.a.condition.OnClassCondition       : Condition OnClassCondition on org.springframework.boot.autoconfigure.rsocket.RSocketServerAutoConfiguration did not match due to @ConditionalOnClass did not find required class 'io.rsocket.core.RSocketServer'
2025-01-07T20:30:49.432+07:00 TRACE 27900 --- [csrf] [    Test worker] o.s.b.a.condition.OnClassCondition       : Condition OnClassCondition on org.springframework.boot.autoconfigure.rsocket.RSocketStrategiesAutoConfiguration did not match due to @ConditionalOnClass did not find required class 'io.netty.buffer.PooledByteBufAllocator'
2025-01-07T20:30:49.432+07:00 TRACE 27900 --- [csrf] [    Test worker] o.s.b.a.condition.OnClassCondition       : Condition OnClassCondition on org.springframework.boot.autoconfigure.security.reactive.ReactiveSecurityAutoConfiguration did not match due to @ConditionalOnClass did not find required class 'reactor.core.publisher.Flux'
2025-01-07T20:30:49.433+07:00 TRACE 27900 --- [csrf] [    Test worker] o.s.b.a.condition.OnClassCondition       : Condition OnClassCondition on org.springframework.boot.autoconfigure.security.rsocket.RSocketSecurityAutoConfiguration did not match due to @ConditionalOnClass did not find required class 'org.springframework.security.rsocket.core.SecuritySocketAcceptorInterceptor'
2025-01-07T20:30:49.433+07:00 TRACE 27900 --- [csrf] [    Test worker] o.s.b.a.condition.OnClassCondition       : Condition OnClassCondition on org.springframework.boot.autoconfigure.security.saml2.Saml2RelyingPartyAutoConfiguration did not match due to @ConditionalOnClass did not find required class 'org.springframework.security.saml2.provider.service.registration.RelyingPartyRegistrationRepository'
2025-01-07T20:30:49.433+07:00 TRACE 27900 --- [csrf] [    Test worker] o.s.b.a.condition.OnClassCondition       : Condition OnClassCondition on org.springframework.boot.autoconfigure.sendgrid.SendGridAutoConfiguration did not match due to @ConditionalOnClass did not find required class 'com.sendgrid.SendGrid'
2025-01-07T20:30:49.433+07:00 TRACE 27900 --- [csrf] [    Test worker] o.s.b.a.condition.OnClassCondition       : Condition OnClassCondition on org.springframework.boot.autoconfigure.session.SessionAutoConfiguration did not match due to @ConditionalOnClass did not find required class 'org.springframework.session.Session'
2025-01-07T20:30:49.433+07:00 TRACE 27900 --- [csrf] [    Test worker] o.s.b.a.condition.OnClassCondition       : Condition OnClassCondition on org.springframework.boot.autoconfigure.security.oauth2.client.servlet.OAuth2ClientAutoConfiguration did not match due to @ConditionalOnClass did not find required class 'org.springframework.security.oauth2.client.registration.ClientRegistration'
2025-01-07T20:30:49.433+07:00 TRACE 27900 --- [csrf] [    Test worker] o.s.b.a.condition.OnClassCondition       : Condition OnClassCondition on org.springframework.boot.autoconfigure.security.oauth2.client.reactive.ReactiveOAuth2ClientAutoConfiguration did not match due to @ConditionalOnClass did not find required class 'reactor.core.publisher.Flux'
2025-01-07T20:30:49.433+07:00 TRACE 27900 --- [csrf] [    Test worker] o.s.b.a.condition.OnClassCondition       : Condition OnClassCondition on org.springframework.boot.autoconfigure.thymeleaf.ThymeleafAutoConfiguration did not match due to @ConditionalOnClass did not find required class 'org.thymeleaf.spring6.SpringTemplateEngine'
2025-01-07T20:30:49.433+07:00 TRACE 27900 --- [csrf] [    Test worker] o.s.b.a.condition.OnClassCondition       : Condition OnClassCondition on org.springframework.boot.autoconfigure.transaction.TransactionAutoConfiguration did not match due to @ConditionalOnClass did not find required class 'org.springframework.transaction.PlatformTransactionManager'
2025-01-07T20:30:49.433+07:00 TRACE 27900 --- [csrf] [    Test worker] o.s.b.a.condition.OnClassCondition       : Condition OnClassCondition on org.springframework.boot.autoconfigure.transaction.TransactionManagerCustomizationAutoConfiguration did not match due to @ConditionalOnClass did not find required class 'org.springframework.transaction.PlatformTransactionManager'
2025-01-07T20:30:49.433+07:00 TRACE 27900 --- [csrf] [    Test worker] o.s.b.a.condition.OnClassCondition       : Condition OnClassCondition on org.springframework.boot.autoconfigure.transaction.jta.JtaAutoConfiguration did not match due to @ConditionalOnClass did not find required class 'jakarta.transaction.Transaction'
2025-01-07T20:30:49.433+07:00 TRACE 27900 --- [csrf] [    Test worker] o.s.b.a.condition.OnClassCondition       : Condition OnClassCondition on org.springframework.boot.autoconfigure.validation.ValidationAutoConfiguration did not match due to @ConditionalOnClass did not find required class 'jakarta.validation.executable.ExecutableValidator'
2025-01-07T20:30:49.433+07:00 TRACE 27900 --- [csrf] [    Test worker] o.s.b.a.condition.OnClassCondition       : Condition OnClassCondition on org.springframework.boot.autoconfigure.web.reactive.HttpHandlerAutoConfiguration did not match due to @ConditionalOnClass did not find required class 'org.springframework.web.reactive.DispatcherHandler'
2025-01-07T20:30:49.433+07:00 TRACE 27900 --- [csrf] [    Test worker] o.s.b.a.condition.OnClassCondition       : Condition OnClassCondition on org.springframework.boot.autoconfigure.web.reactive.ReactiveMultipartAutoConfiguration did not match due to @ConditionalOnClass did not find required class 'org.springframework.web.reactive.config.WebFluxConfigurer'
2025-01-07T20:30:49.433+07:00 TRACE 27900 --- [csrf] [    Test worker] o.s.b.a.condition.OnClassCondition       : Condition OnClassCondition on org.springframework.boot.autoconfigure.web.reactive.WebFluxAutoConfiguration did not match due to @ConditionalOnClass did not find required class 'org.springframework.web.reactive.config.WebFluxConfigurer'
2025-01-07T20:30:49.433+07:00 TRACE 27900 --- [csrf] [    Test worker] o.s.b.a.condition.OnClassCondition       : Condition OnClassCondition on org.springframework.boot.autoconfigure.web.reactive.WebSessionIdResolverAutoConfiguration did not match due to @ConditionalOnClass did not find required class 'reactor.core.publisher.Mono'
2025-01-07T20:30:49.433+07:00 TRACE 27900 --- [csrf] [    Test worker] o.s.b.a.condition.OnClassCondition       : Condition OnClassCondition on org.springframework.boot.autoconfigure.web.reactive.error.ErrorWebFluxAutoConfiguration did not match due to @ConditionalOnClass did not find required class 'org.springframework.web.reactive.config.WebFluxConfigurer'
2025-01-07T20:30:49.433+07:00 TRACE 27900 --- [csrf] [    Test worker] o.s.b.a.condition.OnClassCondition       : Condition OnClassCondition on org.springframework.boot.autoconfigure.web.reactive.function.client.ClientHttpConnectorAutoConfiguration did not match due to @ConditionalOnClass did not find required class 'org.springframework.web.reactive.function.client.WebClient'
2025-01-07T20:30:49.433+07:00 TRACE 27900 --- [csrf] [    Test worker] o.s.b.a.condition.OnClassCondition       : Condition OnClassCondition on org.springframework.boot.autoconfigure.web.reactive.function.client.WebClientAutoConfiguration did not match due to @ConditionalOnClass did not find required class 'org.springframework.web.reactive.function.client.WebClient'
2025-01-07T20:30:49.433+07:00 TRACE 27900 --- [csrf] [    Test worker] o.s.b.a.condition.OnClassCondition       : Condition OnClassCondition on org.springframework.boot.autoconfigure.websocket.servlet.WebSocketMessagingAutoConfiguration did not match due to @ConditionalOnClass did not find required class 'org.springframework.web.socket.config.annotation.WebSocketMessageBrokerConfigurer'
2025-01-07T20:30:49.433+07:00 TRACE 27900 --- [csrf] [    Test worker] o.s.b.a.condition.OnClassCondition       : Condition OnClassCondition on org.springframework.boot.autoconfigure.webservices.WebServicesAutoConfiguration did not match due to @ConditionalOnClass did not find required class 'org.springframework.ws.transport.http.MessageDispatcherServlet'
2025-01-07T20:30:49.433+07:00 TRACE 27900 --- [csrf] [    Test worker] o.s.b.a.condition.OnClassCondition       : Condition OnClassCondition on org.springframework.boot.autoconfigure.webservices.client.WebServiceTemplateAutoConfiguration did not match due to @ConditionalOnClass did not find required class 'org.springframework.oxm.Marshaller'
2025-01-07T20:30:49.433+07:00 TRACE 27900 --- [csrf] [    Test worker] o.s.b.f.s.DefaultListableBeanFactory     : Returning cached instance of singleton bean 'autoConfigurationReport'
2025-01-07T20:30:49.434+07:00 TRACE 27900 --- [csrf] [    Test worker] o.s.b.a.c.OnWebApplicationCondition      : Condition OnWebApplicationCondition on org.springframework.boot.autoconfigure.security.oauth2.resource.reactive.ReactiveOAuth2ResourceServerAutoConfiguration did not match due to @ConditionalOnWebApplication did not find reactive web application classes
2025-01-07T20:30:49.434+07:00 TRACE 27900 --- [csrf] [    Test worker] o.s.b.a.c.OnWebApplicationCondition      : Condition OnWebApplicationCondition on org.springframework.boot.autoconfigure.web.reactive.ReactiveWebServerFactoryAutoConfiguration did not match due to @ConditionalOnWebApplication did not find reactive web application classes
2025-01-07T20:30:49.434+07:00 TRACE 27900 --- [csrf] [    Test worker] o.s.b.a.c.OnWebApplicationCondition      : Condition OnWebApplicationCondition on org.springframework.boot.autoconfigure.websocket.reactive.WebSocketReactiveAutoConfiguration did not match due to @ConditionalOnWebApplication did not find reactive web application classes
2025-01-07T20:30:49.434+07:00 TRACE 27900 --- [csrf] [    Test worker] o.s.b.f.s.DefaultListableBeanFactory     : Returning cached instance of singleton bean 'autoConfigurationReport'
2025-01-07T20:30:49.435+07:00 TRACE 27900 --- [csrf] [    Test worker] o.s.b.a.condition.OnBeanCondition        : Condition OnBeanCondition on org.springframework.boot.autoconfigure.jdbc.JdbcClientAutoConfiguration did not match due to @ConditionalOnSingleCandidate did not find required type 'org.springframework.jdbc.core.namedparam.NamedParameterJdbcTemplate'
2025-01-07T20:30:49.435+07:00 TRACE 27900 --- [csrf] [    Test worker] o.s.b.a.condition.OnBeanCondition        : Condition OnBeanCondition on org.springframework.boot.autoconfigure.mail.MailSenderValidatorAutoConfiguration did not match due to @ConditionalOnSingleCandidate did not find required type 'org.springframework.mail.javamail.JavaMailSenderImpl'
2025-01-07T20:30:49.437+07:00 TRACE 27900 --- [csrf] [    Test worker] o.s.b.a.AutoConfigurationImportSelector  : Filtered 119 auto configuration class in 17 ms
2025-01-07T20:30:49.437+07:00 TRACE 27900 --- [csrf] [    Test worker] o.s.c.io.support.SpringFactoriesLoader   : Loaded [org.springframework.boot.autoconfigure.AutoConfigurationImportListener] names: [org.springframework.boot.autoconfigure.condition.ConditionEvaluationReportAutoConfigurationImportListener]
2025-01-07T20:30:49.437+07:00 TRACE 27900 --- [csrf] [    Test worker] o.s.b.f.s.DefaultListableBeanFactory     : Returning cached instance of singleton bean 'autoConfigurationReport'
2025-01-07T20:30:49.440+07:00 TRACE 27900 --- [csrf] [    Test worker] o.s.b.f.s.DefaultListableBeanFactory     : Returning cached instance of singleton bean 'org.springframework.boot.autoconfigure.internalCachingMetadataReaderFactory'
2025-01-07T20:30:49.442+07:00 TRACE 27900 --- [csrf] [    Test worker] o.s.b.f.s.DefaultListableBeanFactory     : Returning cached instance of singleton bean 'autoConfigurationReport'
2025-01-07T20:30:49.442+07:00 TRACE 27900 --- [csrf] [    Test worker] o.s.b.f.s.DefaultListableBeanFactory     : Returning cached instance of singleton bean 'autoConfigurationReport'
2025-01-07T20:30:49.442+07:00 TRACE 27900 --- [csrf] [    Test worker] o.s.b.f.s.DefaultListableBeanFactory     : Returning cached instance of singleton bean 'autoConfigurationReport'
2025-01-07T20:30:49.442+07:00 TRACE 27900 --- [csrf] [    Test worker] o.s.b.f.s.DefaultListableBeanFactory     : Returning cached instance of singleton bean 'autoConfigurationReport'
2025-01-07T20:30:49.443+07:00 TRACE 27900 --- [csrf] [    Test worker] o.s.b.f.s.DefaultListableBeanFactory     : Returning cached instance of singleton bean 'autoConfigurationReport'
2025-01-07T20:30:49.443+07:00 TRACE 27900 --- [csrf] [    Test worker] o.s.b.f.s.DefaultListableBeanFactory     : Returning cached instance of singleton bean 'autoConfigurationReport'
2025-01-07T20:30:49.447+07:00 TRACE 27900 --- [csrf] [    Test worker] .i.s.PathMatchingResourcePatternResolver : Resolved module-path location pattern [messages.properties] to resources []
2025-01-07T20:30:49.448+07:00 TRACE 27900 --- [csrf] [    Test worker] .i.s.PathMatchingResourcePatternResolver : Resolved class path location [messages.properties] to resources []
2025-01-07T20:30:49.448+07:00 TRACE 27900 --- [csrf] [    Test worker] utoConfiguration$ResourceBundleCondition : Condition MessageSourceAutoConfiguration.ResourceBundleCondition on org.springframework.boot.autoconfigure.context.MessageSourceAutoConfiguration did not match due to ResourceBundle did not find bundle with basename messages
2025-01-07T20:30:49.448+07:00 TRACE 27900 --- [csrf] [    Test worker] o.s.b.f.s.DefaultListableBeanFactory     : Returning cached instance of singleton bean 'autoConfigurationReport'
2025-01-07T20:30:49.448+07:00 TRACE 27900 --- [csrf] [    Test worker] o.s.b.f.s.DefaultListableBeanFactory     : Returning cached instance of singleton bean 'autoConfigurationReport'
2025-01-07T20:30:49.448+07:00 TRACE 27900 --- [csrf] [    Test worker] o.s.b.f.s.DefaultListableBeanFactory     : Returning cached instance of singleton bean 'autoConfigurationReport'
2025-01-07T20:30:49.448+07:00 TRACE 27900 --- [csrf] [    Test worker] o.s.b.f.s.DefaultListableBeanFactory     : Returning cached instance of singleton bean 'autoConfigurationReport'
2025-01-07T20:30:49.448+07:00 TRACE 27900 --- [csrf] [    Test worker] o.s.b.f.s.DefaultListableBeanFactory     : Returning cached instance of singleton bean 'autoConfigurationReport'
2025-01-07T20:30:49.448+07:00 TRACE 27900 --- [csrf] [    Test worker] o.s.b.f.s.DefaultListableBeanFactory     : Returning cached instance of singleton bean 'autoConfigurationReport'
2025-01-07T20:30:49.448+07:00 TRACE 27900 --- [csrf] [    Test worker] o.s.b.f.s.DefaultListableBeanFactory     : Returning cached instance of singleton bean 'autoConfigurationReport'
2025-01-07T20:30:49.448+07:00 TRACE 27900 --- [csrf] [    Test worker] o.s.b.f.s.DefaultListableBeanFactory     : Returning cached instance of singleton bean 'autoConfigurationReport'
2025-01-07T20:30:49.448+07:00 TRACE 27900 --- [csrf] [    Test worker] o.s.b.f.s.DefaultListableBeanFactory     : Returning cached instance of singleton bean 'autoConfigurationReport'
2025-01-07T20:30:49.448+07:00 TRACE 27900 --- [csrf] [    Test worker] o.s.b.f.s.DefaultListableBeanFactory     : Returning cached instance of singleton bean 'autoConfigurationReport'
2025-01-07T20:30:49.449+07:00 TRACE 27900 --- [csrf] [    Test worker] o.s.b.f.s.DefaultListableBeanFactory     : Returning cached instance of singleton bean 'autoConfigurationReport'
2025-01-07T20:30:49.449+07:00 TRACE 27900 --- [csrf] [    Test worker] o.s.b.f.s.DefaultListableBeanFactory     : Returning cached instance of singleton bean 'autoConfigurationReport'
2025-01-07T20:30:49.449+07:00 TRACE 27900 --- [csrf] [    Test worker] o.s.b.f.s.DefaultListableBeanFactory     : Returning cached instance of singleton bean 'autoConfigurationReport'
2025-01-07T20:30:49.449+07:00 TRACE 27900 --- [csrf] [    Test worker] o.s.b.f.s.DefaultListableBeanFactory     : Returning cached instance of singleton bean 'autoConfigurationReport'
2025-01-07T20:30:49.449+07:00 TRACE 27900 --- [csrf] [    Test worker] o.s.b.f.s.DefaultListableBeanFactory     : Returning cached instance of singleton bean 'autoConfigurationReport'
2025-01-07T20:30:49.449+07:00 TRACE 27900 --- [csrf] [    Test worker] o.s.b.f.s.DefaultListableBeanFactory     : Returning cached instance of singleton bean 'autoConfigurationReport'
2025-01-07T20:30:49.449+07:00 TRACE 27900 --- [csrf] [    Test worker] o.s.b.f.s.DefaultListableBeanFactory     : Returning cached instance of singleton bean 'autoConfigurationReport'
2025-01-07T20:30:49.449+07:00 TRACE 27900 --- [csrf] [    Test worker] o.s.b.f.s.DefaultListableBeanFactory     : Returning cached instance of singleton bean 'autoConfigurationReport'
2025-01-07T20:30:49.449+07:00 TRACE 27900 --- [csrf] [    Test worker] o.s.b.f.s.DefaultListableBeanFactory     : Returning cached instance of singleton bean 'autoConfigurationReport'
2025-01-07T20:30:49.450+07:00 TRACE 27900 --- [csrf] [    Test worker] o.s.b.f.s.DefaultListableBeanFactory     : Returning cached instance of singleton bean 'autoConfigurationReport'
2025-01-07T20:30:49.450+07:00 TRACE 27900 --- [csrf] [    Test worker] o.s.b.f.s.DefaultListableBeanFactory     : Returning cached instance of singleton bean 'autoConfigurationReport'
2025-01-07T20:30:49.450+07:00 TRACE 27900 --- [csrf] [    Test worker] o.s.b.f.s.DefaultListableBeanFactory     : Returning cached instance of singleton bean 'autoConfigurationReport'
2025-01-07T20:30:49.450+07:00 TRACE 27900 --- [csrf] [    Test worker] o.s.b.f.s.DefaultListableBeanFactory     : Returning cached instance of singleton bean 'autoConfigurationReport'
2025-01-07T20:30:49.450+07:00 TRACE 27900 --- [csrf] [    Test worker] o.s.b.f.s.DefaultListableBeanFactory     : Returning cached instance of singleton bean 'autoConfigurationReport'
2025-01-07T20:30:49.450+07:00 TRACE 27900 --- [csrf] [    Test worker] o.s.b.f.s.DefaultListableBeanFactory     : Returning cached instance of singleton bean 'autoConfigurationReport'
2025-01-07T20:30:49.451+07:00 TRACE 27900 --- [csrf] [    Test worker] o.s.b.a.condition.OnClassCondition       : Condition OnClassCondition on org.springframework.boot.autoconfigure.websocket.servlet.WebSocketServletAutoConfiguration matched due to @ConditionalOnClass found required classes 'jakarta.servlet.Servlet', 'jakarta.websocket.server.ServerContainer'
2025-01-07T20:30:49.451+07:00 TRACE 27900 --- [csrf] [    Test worker] o.s.b.f.s.DefaultListableBeanFactory     : Returning cached instance of singleton bean 'autoConfigurationReport'
2025-01-07T20:30:49.452+07:00 TRACE 27900 --- [csrf] [    Test worker] o.s.b.a.c.OnWebApplicationCondition      : Condition OnWebApplicationCondition on org.springframework.boot.autoconfigure.websocket.servlet.WebSocketServletAutoConfiguration matched due to found 'session' scope
2025-01-07T20:30:49.452+07:00 TRACE 27900 --- [csrf] [    Test worker] o.s.b.f.s.DefaultListableBeanFactory     : Returning cached instance of singleton bean 'autoConfigurationReport'
2025-01-07T20:30:49.452+07:00 TRACE 27900 --- [csrf] [    Test worker] o.s.b.f.s.DefaultListableBeanFactory     : Returning cached instance of singleton bean 'autoConfigurationReport'
2025-01-07T20:30:49.452+07:00 TRACE 27900 --- [csrf] [    Test worker] o.s.b.f.s.DefaultListableBeanFactory     : Returning cached instance of singleton bean 'autoConfigurationReport'
2025-01-07T20:30:49.452+07:00 TRACE 27900 --- [csrf] [    Test worker] o.s.b.f.s.DefaultListableBeanFactory     : Returning cached instance of singleton bean 'autoConfigurationReport'
2025-01-07T20:30:49.453+07:00 TRACE 27900 --- [csrf] [    Test worker] o.s.b.a.condition.OnClassCondition       : Condition OnClassCondition on org.springframework.boot.autoconfigure.websocket.servlet.WebSocketServletAutoConfiguration$UndertowWebSocketConfiguration did not match due to @ConditionalOnClass did not find required class 'io.undertow.websockets.jsr.Bootstrap'
2025-01-07T20:30:49.453+07:00 TRACE 27900 --- [csrf] [    Test worker] o.s.b.f.s.DefaultListableBeanFactory     : Returning cached instance of singleton bean 'autoConfigurationReport'
2025-01-07T20:30:49.453+07:00 TRACE 27900 --- [csrf] [    Test worker] o.s.b.a.condition.OnClassCondition       : Condition OnClassCondition on org.springframework.boot.autoconfigure.websocket.servlet.WebSocketServletAutoConfiguration$JettyWebSocketConfiguration did not match due to @ConditionalOnClass did not find required class 'org.eclipse.jetty.ee10.websocket.jakarta.server.config.JakartaWebSocketServletContainerInitializer'
2025-01-07T20:30:49.453+07:00 TRACE 27900 --- [csrf] [    Test worker] o.s.b.f.s.DefaultListableBeanFactory     : Returning cached instance of singleton bean 'autoConfigurationReport'
2025-01-07T20:30:49.454+07:00 TRACE 27900 --- [csrf] [    Test worker] o.s.b.a.condition.OnClassCondition       : Condition OnClassCondition on org.springframework.boot.autoconfigure.websocket.servlet.WebSocketServletAutoConfiguration$TomcatWebSocketConfiguration matched due to @ConditionalOnClass found required classes 'org.apache.catalina.startup.Tomcat', 'org.apache.tomcat.websocket.server.WsSci'
2025-01-07T20:30:49.454+07:00 TRACE 27900 --- [csrf] [    Test worker] o.s.b.f.s.DefaultListableBeanFactory     : Returning cached instance of singleton bean 'autoConfigurationReport'
2025-01-07T20:30:49.454+07:00 TRACE 27900 --- [csrf] [    Test worker] o.s.b.f.s.DefaultListableBeanFactory     : Returning cached instance of singleton bean 'autoConfigurationReport'
2025-01-07T20:30:49.454+07:00 TRACE 27900 --- [csrf] [    Test worker] o.s.b.f.s.DefaultListableBeanFactory     : Returning cached instance of singleton bean 'autoConfigurationReport'
2025-01-07T20:30:49.454+07:00 TRACE 27900 --- [csrf] [    Test worker] o.s.b.f.s.DefaultListableBeanFactory     : Returning cached instance of singleton bean 'autoConfigurationReport'
2025-01-07T20:30:49.455+07:00 TRACE 27900 --- [csrf] [    Test worker] o.s.b.f.s.DefaultListableBeanFactory     : Returning cached instance of singleton bean 'autoConfigurationReport'
2025-01-07T20:30:49.455+07:00 TRACE 27900 --- [csrf] [    Test worker] o.s.b.f.s.DefaultListableBeanFactory     : Returning cached instance of singleton bean 'autoConfigurationReport'
2025-01-07T20:30:49.455+07:00 TRACE 27900 --- [csrf] [    Test worker] o.s.b.f.s.DefaultListableBeanFactory     : Returning cached instance of singleton bean 'autoConfigurationReport'
2025-01-07T20:30:49.455+07:00 TRACE 27900 --- [csrf] [    Test worker] o.s.b.f.s.DefaultListableBeanFactory     : Returning cached instance of singleton bean 'autoConfigurationReport'
2025-01-07T20:30:49.455+07:00 TRACE 27900 --- [csrf] [    Test worker] o.s.b.f.s.DefaultListableBeanFactory     : Returning cached instance of singleton bean 'autoConfigurationReport'
2025-01-07T20:30:49.455+07:00 TRACE 27900 --- [csrf] [    Test worker] o.s.b.f.s.DefaultListableBeanFactory     : Returning cached instance of singleton bean 'autoConfigurationReport'
2025-01-07T20:30:49.456+07:00 TRACE 27900 --- [csrf] [    Test worker] o.s.b.a.condition.OnClassCondition       : Condition OnClassCondition on org.springframework.boot.autoconfigure.web.servlet.ServletWebServerFactoryAutoConfiguration matched due to @ConditionalOnClass found required class 'jakarta.servlet.ServletRequest'
2025-01-07T20:30:49.456+07:00 TRACE 27900 --- [csrf] [    Test worker] o.s.b.f.s.DefaultListableBeanFactory     : Returning cached instance of singleton bean 'autoConfigurationReport'
2025-01-07T20:30:49.456+07:00 TRACE 27900 --- [csrf] [    Test worker] o.s.b.a.c.OnWebApplicationCondition      : Condition OnWebApplicationCondition on org.springframework.boot.autoconfigure.web.servlet.ServletWebServerFactoryAutoConfiguration matched due to found 'session' scope
2025-01-07T20:30:49.456+07:00 TRACE 27900 --- [csrf] [    Test worker] o.s.b.f.s.DefaultListableBeanFactory     : Returning cached instance of singleton bean 'autoConfigurationReport'
2025-01-07T20:30:49.456+07:00 TRACE 27900 --- [csrf] [    Test worker] o.s.b.f.s.DefaultListableBeanFactory     : Returning cached instance of singleton bean 'autoConfigurationReport'
2025-01-07T20:30:49.456+07:00 TRACE 27900 --- [csrf] [    Test worker] o.s.b.f.s.DefaultListableBeanFactory     : Returning cached instance of singleton bean 'autoConfigurationReport'
2025-01-07T20:30:49.456+07:00 TRACE 27900 --- [csrf] [    Test worker] o.s.b.f.s.DefaultListableBeanFactory     : Returning cached instance of singleton bean 'autoConfigurationReport'
2025-01-07T20:30:49.459+07:00 TRACE 27900 --- [csrf] [    Test worker] o.s.b.a.condition.OnPropertyCondition    : Condition OnPropertyCondition on org.springframework.boot.autoconfigure.web.servlet.ServletWebServerFactoryAutoConfiguration$ForwardedHeaderFilterConfiguration did not match due to @ConditionalOnProperty (server.forward-headers-strategy=framework) did not find property 'server.forward-headers-strategy'
2025-01-07T20:30:49.459+07:00 TRACE 27900 --- [csrf] [    Test worker] o.s.b.f.s.DefaultListableBeanFactory     : Returning cached instance of singleton bean 'autoConfigurationReport'
2025-01-07T20:30:49.460+07:00 TRACE 27900 --- [csrf] [    Test worker] o.s.b.a.condition.OnClassCondition       : Condition OnClassCondition on org.springframework.boot.autoconfigure.web.servlet.ServletWebServerFactoryConfiguration$EmbeddedTomcat matched due to @ConditionalOnClass found required classes 'jakarta.servlet.Servlet', 'org.apache.catalina.startup.Tomcat', 'org.apache.coyote.UpgradeProtocol'
2025-01-07T20:30:49.460+07:00 TRACE 27900 --- [csrf] [    Test worker] o.s.b.f.s.DefaultListableBeanFactory     : Returning cached instance of singleton bean 'autoConfigurationReport'
2025-01-07T20:30:49.460+07:00 TRACE 27900 --- [csrf] [    Test worker] o.s.b.f.s.DefaultListableBeanFactory     : Returning cached instance of singleton bean 'autoConfigurationReport'
2025-01-07T20:30:49.460+07:00 TRACE 27900 --- [csrf] [    Test worker] o.s.b.f.s.DefaultListableBeanFactory     : Returning cached instance of singleton bean 'autoConfigurationReport'
2025-01-07T20:30:49.460+07:00 TRACE 27900 --- [csrf] [    Test worker] o.s.b.f.s.DefaultListableBeanFactory     : Returning cached instance of singleton bean 'autoConfigurationReport'
2025-01-07T20:30:49.461+07:00 TRACE 27900 --- [csrf] [    Test worker] o.s.b.a.condition.OnClassCondition       : Condition OnClassCondition on org.springframework.boot.autoconfigure.web.servlet.ServletWebServerFactoryConfiguration$EmbeddedJetty did not match due to @ConditionalOnClass did not find required classes 'org.eclipse.jetty.server.Server', 'org.eclipse.jetty.util.Loader', 'org.eclipse.jetty.ee10.webapp.WebAppContext'
2025-01-07T20:30:49.461+07:00 TRACE 27900 --- [csrf] [    Test worker] o.s.b.f.s.DefaultListableBeanFactory     : Returning cached instance of singleton bean 'autoConfigurationReport'
2025-01-07T20:30:49.461+07:00 TRACE 27900 --- [csrf] [    Test worker] o.s.b.a.condition.OnClassCondition       : Condition OnClassCondition on org.springframework.boot.autoconfigure.web.servlet.ServletWebServerFactoryConfiguration$EmbeddedUndertow did not match due to @ConditionalOnClass did not find required classes 'io.undertow.Undertow', 'org.xnio.SslClientAuthMode'
2025-01-07T20:30:49.461+07:00 TRACE 27900 --- [csrf] [    Test worker] o.s.b.f.s.DefaultListableBeanFactory     : Returning cached instance of singleton bean 'autoConfigurationReport'
2025-01-07T20:30:49.461+07:00 TRACE 27900 --- [csrf] [    Test worker] o.s.b.f.s.DefaultListableBeanFactory     : Returning cached instance of singleton bean 'autoConfigurationReport'
2025-01-07T20:30:49.461+07:00 TRACE 27900 --- [csrf] [    Test worker] o.s.b.f.s.DefaultListableBeanFactory     : Returning cached instance of singleton bean 'autoConfigurationReport'
2025-01-07T20:30:49.461+07:00 TRACE 27900 --- [csrf] [    Test worker] o.s.b.f.s.DefaultListableBeanFactory     : Returning cached instance of singleton bean 'autoConfigurationReport'
2025-01-07T20:30:49.461+07:00 TRACE 27900 --- [csrf] [    Test worker] o.s.b.f.s.DefaultListableBeanFactory     : Returning cached instance of singleton bean 'autoConfigurationReport'
2025-01-07T20:30:49.461+07:00 TRACE 27900 --- [csrf] [    Test worker] o.s.b.f.s.DefaultListableBeanFactory     : Returning cached instance of singleton bean 'autoConfigurationReport'
2025-01-07T20:30:49.461+07:00 TRACE 27900 --- [csrf] [    Test worker] o.s.b.f.s.DefaultListableBeanFactory     : Returning cached instance of singleton bean 'autoConfigurationReport'
2025-01-07T20:30:49.462+07:00 TRACE 27900 --- [csrf] [    Test worker] o.s.b.a.condition.OnClassCondition       : Condition OnClassCondition on org.springframework.boot.autoconfigure.web.servlet.DispatcherServletAutoConfiguration matched due to @ConditionalOnClass found required class 'org.springframework.web.servlet.DispatcherServlet'
2025-01-07T20:30:49.462+07:00 TRACE 27900 --- [csrf] [    Test worker] o.s.b.f.s.DefaultListableBeanFactory     : Returning cached instance of singleton bean 'autoConfigurationReport'
2025-01-07T20:30:49.462+07:00 TRACE 27900 --- [csrf] [    Test worker] o.s.b.a.c.OnWebApplicationCondition      : Condition OnWebApplicationCondition on org.springframework.boot.autoconfigure.web.servlet.DispatcherServletAutoConfiguration matched due to found 'session' scope
2025-01-07T20:30:49.462+07:00 TRACE 27900 --- [csrf] [    Test worker] o.s.b.f.s.DefaultListableBeanFactory     : Returning cached instance of singleton bean 'autoConfigurationReport'
2025-01-07T20:30:49.462+07:00 TRACE 27900 --- [csrf] [    Test worker] o.s.b.f.s.DefaultListableBeanFactory     : Returning cached instance of singleton bean 'autoConfigurationReport'
2025-01-07T20:30:49.462+07:00 TRACE 27900 --- [csrf] [    Test worker] o.s.b.f.s.DefaultListableBeanFactory     : Returning cached instance of singleton bean 'autoConfigurationReport'
2025-01-07T20:30:49.462+07:00 TRACE 27900 --- [csrf] [    Test worker] o.s.b.f.s.DefaultListableBeanFactory     : Returning cached instance of singleton bean 'autoConfigurationReport'
2025-01-07T20:30:49.463+07:00 TRACE 27900 --- [csrf] [    Test worker] o.s.b.a.condition.OnClassCondition       : Condition OnClassCondition on org.springframework.boot.autoconfigure.web.servlet.DispatcherServletAutoConfiguration$DispatcherServletRegistrationConfiguration matched due to @ConditionalOnClass found required class 'jakarta.servlet.ServletRegistration'
2025-01-07T20:30:49.463+07:00 TRACE 27900 --- [csrf] [    Test worker] o.s.b.f.s.DefaultListableBeanFactory     : Returning cached instance of singleton bean 'autoConfigurationReport'
2025-01-07T20:30:49.464+07:00 TRACE 27900 --- [csrf] [    Test worker] n$DispatcherServletRegistrationCondition : Condition DispatcherServletAutoConfiguration.DispatcherServletRegistrationCondition on org.springframework.boot.autoconfigure.web.servlet.DispatcherServletAutoConfiguration$DispatcherServletRegistrationConfiguration matched due to DispatcherServlet Registration did not find servlet registration bean
2025-01-07T20:30:49.464+07:00 TRACE 27900 --- [csrf] [    Test worker] o.s.b.f.s.DefaultListableBeanFactory     : Returning cached instance of singleton bean 'autoConfigurationReport'
2025-01-07T20:30:49.464+07:00 TRACE 27900 --- [csrf] [    Test worker] o.s.b.f.s.DefaultListableBeanFactory     : Returning cached instance of singleton bean 'autoConfigurationReport'
2025-01-07T20:30:49.464+07:00 TRACE 27900 --- [csrf] [    Test worker] o.s.b.f.s.DefaultListableBeanFactory     : Returning cached instance of singleton bean 'autoConfigurationReport'
2025-01-07T20:30:49.464+07:00 TRACE 27900 --- [csrf] [    Test worker] o.s.b.f.s.DefaultListableBeanFactory     : Returning cached instance of singleton bean 'autoConfigurationReport'
2025-01-07T20:30:49.465+07:00 TRACE 27900 --- [csrf] [    Test worker] o.s.b.a.condition.OnClassCondition       : Condition OnClassCondition on org.springframework.boot.autoconfigure.web.servlet.DispatcherServletAutoConfiguration$DispatcherServletConfiguration matched due to @ConditionalOnClass found required class 'jakarta.servlet.ServletRegistration'
2025-01-07T20:30:49.465+07:00 TRACE 27900 --- [csrf] [    Test worker] o.s.b.f.s.DefaultListableBeanFactory     : Returning cached instance of singleton bean 'autoConfigurationReport'
2025-01-07T20:30:49.465+07:00 TRACE 27900 --- [csrf] [    Test worker] ration$DefaultDispatcherServletCondition : Condition DispatcherServletAutoConfiguration.DefaultDispatcherServletCondition on org.springframework.boot.autoconfigure.web.servlet.DispatcherServletAutoConfiguration$DispatcherServletConfiguration matched due to Default DispatcherServlet did not find dispatcher servlet beans
2025-01-07T20:30:49.465+07:00 TRACE 27900 --- [csrf] [    Test worker] o.s.b.f.s.DefaultListableBeanFactory     : Returning cached instance of singleton bean 'autoConfigurationReport'
2025-01-07T20:30:49.465+07:00 TRACE 27900 --- [csrf] [    Test worker] o.s.b.f.s.DefaultListableBeanFactory     : Returning cached instance of singleton bean 'autoConfigurationReport'
2025-01-07T20:30:49.465+07:00 TRACE 27900 --- [csrf] [    Test worker] o.s.b.f.s.DefaultListableBeanFactory     : Returning cached instance of singleton bean 'autoConfigurationReport'
2025-01-07T20:30:49.465+07:00 TRACE 27900 --- [csrf] [    Test worker] o.s.b.f.s.DefaultListableBeanFactory     : Returning cached instance of singleton bean 'autoConfigurationReport'
2025-01-07T20:30:49.465+07:00 TRACE 27900 --- [csrf] [    Test worker] o.s.b.a.condition.OnClassCondition       : Condition OnClassCondition on org.springframework.boot.autoconfigure.web.servlet.DispatcherServletAutoConfiguration$DispatcherServletConfiguration matched due to @ConditionalOnClass found required class 'jakarta.servlet.ServletRegistration'
2025-01-07T20:30:49.465+07:00 TRACE 27900 --- [csrf] [    Test worker] o.s.b.f.s.DefaultListableBeanFactory     : Returning cached instance of singleton bean 'autoConfigurationReport'
2025-01-07T20:30:49.465+07:00 TRACE 27900 --- [csrf] [    Test worker] ration$DefaultDispatcherServletCondition : Condition DispatcherServletAutoConfiguration.DefaultDispatcherServletCondition on org.springframework.boot.autoconfigure.web.servlet.DispatcherServletAutoConfiguration$DispatcherServletConfiguration matched due to Default DispatcherServlet did not find dispatcher servlet beans
2025-01-07T20:30:49.466+07:00 TRACE 27900 --- [csrf] [    Test worker] o.s.b.f.s.DefaultListableBeanFactory     : Returning cached instance of singleton bean 'autoConfigurationReport'
2025-01-07T20:30:49.466+07:00 TRACE 27900 --- [csrf] [    Test worker] o.s.b.f.s.DefaultListableBeanFactory     : Returning cached instance of singleton bean 'autoConfigurationReport'
2025-01-07T20:30:49.466+07:00 TRACE 27900 --- [csrf] [    Test worker] o.s.b.f.s.DefaultListableBeanFactory     : Returning cached instance of singleton bean 'autoConfigurationReport'
2025-01-07T20:30:49.466+07:00 TRACE 27900 --- [csrf] [    Test worker] o.s.b.f.s.DefaultListableBeanFactory     : Returning cached instance of singleton bean 'autoConfigurationReport'
2025-01-07T20:30:49.466+07:00 TRACE 27900 --- [csrf] [    Test worker] o.s.b.f.s.DefaultListableBeanFactory     : Returning cached instance of singleton bean 'autoConfigurationReport'
2025-01-07T20:30:49.466+07:00 TRACE 27900 --- [csrf] [    Test worker] o.s.b.f.s.DefaultListableBeanFactory     : Returning cached instance of singleton bean 'autoConfigurationReport'
2025-01-07T20:30:49.466+07:00 TRACE 27900 --- [csrf] [    Test worker] o.s.b.f.s.DefaultListableBeanFactory     : Returning cached instance of singleton bean 'autoConfigurationReport'
2025-01-07T20:30:49.466+07:00 TRACE 27900 --- [csrf] [    Test worker] o.s.b.a.condition.OnClassCondition       : Condition OnClassCondition on org.springframework.boot.autoconfigure.task.TaskExecutionAutoConfiguration matched due to @ConditionalOnClass found required class 'org.springframework.scheduling.concurrent.ThreadPoolTaskExecutor'
2025-01-07T20:30:49.466+07:00 TRACE 27900 --- [csrf] [    Test worker] o.s.b.f.s.DefaultListableBeanFactory     : Returning cached instance of singleton bean 'autoConfigurationReport'
2025-01-07T20:30:49.466+07:00 TRACE 27900 --- [csrf] [    Test worker] o.s.b.f.s.DefaultListableBeanFactory     : Returning cached instance of singleton bean 'autoConfigurationReport'
2025-01-07T20:30:49.466+07:00 TRACE 27900 --- [csrf] [    Test worker] o.s.b.f.s.DefaultListableBeanFactory     : Returning cached instance of singleton bean 'autoConfigurationReport'
2025-01-07T20:30:49.466+07:00 TRACE 27900 --- [csrf] [    Test worker] o.s.b.f.s.DefaultListableBeanFactory     : Returning cached instance of singleton bean 'autoConfigurationReport'
2025-01-07T20:30:49.468+07:00 TRACE 27900 --- [csrf] [    Test worker] o.s.b.f.s.DefaultListableBeanFactory     : Returning cached instance of singleton bean 'autoConfigurationReport'
2025-01-07T20:30:49.469+07:00 TRACE 27900 --- [csrf] [    Test worker] o.s.b.f.s.DefaultListableBeanFactory     : Returning cached instance of singleton bean 'autoConfigurationReport'
2025-01-07T20:30:49.469+07:00 TRACE 27900 --- [csrf] [    Test worker] o.s.b.f.s.DefaultListableBeanFactory     : Returning cached instance of singleton bean 'autoConfigurationReport'
2025-01-07T20:30:49.469+07:00 TRACE 27900 --- [csrf] [    Test worker] o.s.b.f.s.DefaultListableBeanFactory     : Returning cached instance of singleton bean 'autoConfigurationReport'
2025-01-07T20:30:49.469+07:00 TRACE 27900 --- [csrf] [    Test worker] o.s.b.f.s.DefaultListableBeanFactory     : Returning cached instance of singleton bean 'autoConfigurationReport'
2025-01-07T20:30:49.469+07:00 TRACE 27900 --- [csrf] [    Test worker] o.s.b.f.s.DefaultListableBeanFactory     : Returning cached instance of singleton bean 'autoConfigurationReport'
2025-01-07T20:30:49.469+07:00 TRACE 27900 --- [csrf] [    Test worker] o.s.b.f.s.DefaultListableBeanFactory     : Returning cached instance of singleton bean 'autoConfigurationReport'
2025-01-07T20:30:49.469+07:00 TRACE 27900 --- [csrf] [    Test worker] o.s.b.f.s.DefaultListableBeanFactory     : Returning cached instance of singleton bean 'autoConfigurationReport'
2025-01-07T20:30:49.469+07:00 TRACE 27900 --- [csrf] [    Test worker] o.s.b.f.s.DefaultListableBeanFactory     : Returning cached instance of singleton bean 'autoConfigurationReport'
2025-01-07T20:30:49.470+07:00 TRACE 27900 --- [csrf] [    Test worker] o.s.b.f.s.DefaultListableBeanFactory     : Returning cached instance of singleton bean 'autoConfigurationReport'
2025-01-07T20:30:49.470+07:00 TRACE 27900 --- [csrf] [    Test worker] o.s.b.f.s.DefaultListableBeanFactory     : Returning cached instance of singleton bean 'autoConfigurationReport'
2025-01-07T20:30:49.470+07:00 TRACE 27900 --- [csrf] [    Test worker] o.s.b.f.s.DefaultListableBeanFactory     : Returning cached instance of singleton bean 'autoConfigurationReport'
2025-01-07T20:30:49.470+07:00 TRACE 27900 --- [csrf] [    Test worker] o.s.b.f.s.DefaultListableBeanFactory     : Returning cached instance of singleton bean 'autoConfigurationReport'
2025-01-07T20:30:49.470+07:00 TRACE 27900 --- [csrf] [    Test worker] o.s.b.f.s.DefaultListableBeanFactory     : Returning cached instance of singleton bean 'autoConfigurationReport'
2025-01-07T20:30:49.470+07:00 TRACE 27900 --- [csrf] [    Test worker] o.s.b.f.s.DefaultListableBeanFactory     : Returning cached instance of singleton bean 'autoConfigurationReport'
2025-01-07T20:30:49.470+07:00 TRACE 27900 --- [csrf] [    Test worker] o.s.b.a.condition.OnClassCondition       : Condition OnClassCondition on org.springframework.boot.autoconfigure.web.servlet.error.ErrorMvcAutoConfiguration matched due to @ConditionalOnClass found required classes 'jakarta.servlet.Servlet', 'org.springframework.web.servlet.DispatcherServlet'
2025-01-07T20:30:49.470+07:00 TRACE 27900 --- [csrf] [    Test worker] o.s.b.f.s.DefaultListableBeanFactory     : Returning cached instance of singleton bean 'autoConfigurationReport'
2025-01-07T20:30:49.470+07:00 TRACE 27900 --- [csrf] [    Test worker] o.s.b.a.c.OnWebApplicationCondition      : Condition OnWebApplicationCondition on org.springframework.boot.autoconfigure.web.servlet.error.ErrorMvcAutoConfiguration matched due to found 'session' scope
2025-01-07T20:30:49.470+07:00 TRACE 27900 --- [csrf] [    Test worker] o.s.b.f.s.DefaultListableBeanFactory     : Returning cached instance of singleton bean 'autoConfigurationReport'
2025-01-07T20:30:49.470+07:00 TRACE 27900 --- [csrf] [    Test worker] o.s.b.f.s.DefaultListableBeanFactory     : Returning cached instance of singleton bean 'autoConfigurationReport'
2025-01-07T20:30:49.470+07:00 TRACE 27900 --- [csrf] [    Test worker] o.s.b.f.s.DefaultListableBeanFactory     : Returning cached instance of singleton bean 'autoConfigurationReport'
2025-01-07T20:30:49.470+07:00 TRACE 27900 --- [csrf] [    Test worker] o.s.b.f.s.DefaultListableBeanFactory     : Returning cached instance of singleton bean 'autoConfigurationReport'
2025-01-07T20:30:49.472+07:00 TRACE 27900 --- [csrf] [    Test worker] o.s.b.a.condition.OnPropertyCondition    : Condition OnPropertyCondition on org.springframework.boot.autoconfigure.web.servlet.error.ErrorMvcAutoConfiguration$WhitelabelErrorViewConfiguration matched due to @ConditionalOnProperty (server.error.whitelabel.enabled) matched
2025-01-07T20:30:49.472+07:00 TRACE 27900 --- [csrf] [    Test worker] o.s.b.f.s.DefaultListableBeanFactory     : Returning cached instance of singleton bean 'autoConfigurationReport'
2025-01-07T20:30:49.472+07:00 TRACE 27900 --- [csrf] [    Test worker] o.s.c.io.support.SpringFactoriesLoader   : Loaded [org.springframework.boot.autoconfigure.template.TemplateAvailabilityProvider] names: [org.springframework.boot.autoconfigure.freemarker.FreeMarkerTemplateAvailabilityProvider, org.springframework.boot.autoconfigure.mustache.MustacheTemplateAvailabilityProvider, org.springframework.boot.autoconfigure.groovy.template.GroovyTemplateAvailabilityProvider, org.springframework.boot.autoconfigure.thymeleaf.ThymeleafTemplateAvailabilityProvider, org.springframework.boot.autoconfigure.web.servlet.JspTemplateAvailabilityProvider]
2025-01-07T20:30:49.473+07:00 TRACE 27900 --- [csrf] [    Test worker] figuration$ErrorTemplateMissingCondition : Condition ErrorMvcAutoConfiguration.ErrorTemplateMissingCondition on org.springframework.boot.autoconfigure.web.servlet.error.ErrorMvcAutoConfiguration$WhitelabelErrorViewConfiguration matched due to ErrorTemplate Missing did not find error template view
2025-01-07T20:30:49.474+07:00 TRACE 27900 --- [csrf] [    Test worker] o.s.b.f.s.DefaultListableBeanFactory     : Returning cached instance of singleton bean 'autoConfigurationReport'
2025-01-07T20:30:49.474+07:00 TRACE 27900 --- [csrf] [    Test worker] o.s.b.f.s.DefaultListableBeanFactory     : Returning cached instance of singleton bean 'autoConfigurationReport'
2025-01-07T20:30:49.474+07:00 TRACE 27900 --- [csrf] [    Test worker] o.s.b.f.s.DefaultListableBeanFactory     : Returning cached instance of singleton bean 'autoConfigurationReport'
2025-01-07T20:30:49.474+07:00 TRACE 27900 --- [csrf] [    Test worker] o.s.b.f.s.DefaultListableBeanFactory     : Returning cached instance of singleton bean 'autoConfigurationReport'
2025-01-07T20:30:49.474+07:00 TRACE 27900 --- [csrf] [    Test worker] o.s.b.f.s.DefaultListableBeanFactory     : Returning cached instance of singleton bean 'autoConfigurationReport'
2025-01-07T20:30:49.474+07:00 TRACE 27900 --- [csrf] [    Test worker] o.s.b.f.s.DefaultListableBeanFactory     : Returning cached instance of singleton bean 'autoConfigurationReport'
2025-01-07T20:30:49.474+07:00 TRACE 27900 --- [csrf] [    Test worker] o.s.b.f.s.DefaultListableBeanFactory     : Returning cached instance of singleton bean 'autoConfigurationReport'
2025-01-07T20:30:49.474+07:00 TRACE 27900 --- [csrf] [    Test worker] o.s.b.f.s.DefaultListableBeanFactory     : Returning cached instance of singleton bean 'autoConfigurationReport'
2025-01-07T20:30:49.474+07:00 TRACE 27900 --- [csrf] [    Test worker] o.s.b.f.s.DefaultListableBeanFactory     : Returning cached instance of singleton bean 'autoConfigurationReport'
2025-01-07T20:30:49.474+07:00 TRACE 27900 --- [csrf] [    Test worker] o.s.b.f.s.DefaultListableBeanFactory     : Returning cached instance of singleton bean 'autoConfigurationReport'
2025-01-07T20:30:49.474+07:00 TRACE 27900 --- [csrf] [    Test worker] o.s.b.f.s.DefaultListableBeanFactory     : Returning cached instance of singleton bean 'autoConfigurationReport'
2025-01-07T20:30:49.475+07:00 TRACE 27900 --- [csrf] [    Test worker] o.s.b.f.s.DefaultListableBeanFactory     : Returning cached instance of singleton bean 'autoConfigurationReport'
2025-01-07T20:30:49.475+07:00 TRACE 27900 --- [csrf] [    Test worker] o.s.b.f.s.DefaultListableBeanFactory     : Returning cached instance of singleton bean 'autoConfigurationReport'
2025-01-07T20:30:49.475+07:00 TRACE 27900 --- [csrf] [    Test worker] o.s.b.a.condition.OnClassCondition       : Condition OnClassCondition on org.springframework.boot.autoconfigure.web.servlet.WebMvcAutoConfiguration matched due to @ConditionalOnClass found required classes 'jakarta.servlet.Servlet', 'org.springframework.web.servlet.DispatcherServlet', 'org.springframework.web.servlet.config.annotation.WebMvcConfigurer'
2025-01-07T20:30:49.475+07:00 TRACE 27900 --- [csrf] [    Test worker] o.s.b.f.s.DefaultListableBeanFactory     : Returning cached instance of singleton bean 'autoConfigurationReport'
2025-01-07T20:30:49.475+07:00 TRACE 27900 --- [csrf] [    Test worker] o.s.b.a.c.OnWebApplicationCondition      : Condition OnWebApplicationCondition on org.springframework.boot.autoconfigure.web.servlet.WebMvcAutoConfiguration matched due to found 'session' scope
2025-01-07T20:30:49.475+07:00 TRACE 27900 --- [csrf] [    Test worker] o.s.b.f.s.DefaultListableBeanFactory     : Returning cached instance of singleton bean 'autoConfigurationReport'
2025-01-07T20:30:49.475+07:00 TRACE 27900 --- [csrf] [    Test worker] o.s.b.f.s.DefaultListableBeanFactory     : Returning cached instance of singleton bean 'autoConfigurationReport'
2025-01-07T20:30:49.475+07:00 TRACE 27900 --- [csrf] [    Test worker] o.s.b.f.s.DefaultListableBeanFactory     : Returning cached instance of singleton bean 'autoConfigurationReport'
2025-01-07T20:30:49.475+07:00 TRACE 27900 --- [csrf] [    Test worker] o.s.b.f.s.DefaultListableBeanFactory     : Returning cached instance of singleton bean 'autoConfigurationReport'
2025-01-07T20:30:49.477+07:00 TRACE 27900 --- [csrf] [    Test worker] o.s.b.f.s.DefaultListableBeanFactory     : Returning cached instance of singleton bean 'autoConfigurationReport'
2025-01-07T20:30:49.477+07:00 TRACE 27900 --- [csrf] [    Test worker] o.s.b.f.s.DefaultListableBeanFactory     : Returning cached instance of singleton bean 'autoConfigurationReport'
2025-01-07T20:30:49.477+07:00 TRACE 27900 --- [csrf] [    Test worker] o.s.b.f.s.DefaultListableBeanFactory     : Returning cached instance of singleton bean 'autoConfigurationReport'
2025-01-07T20:30:49.479+07:00 TRACE 27900 --- [csrf] [    Test worker] o.s.b.f.s.DefaultListableBeanFactory     : Returning cached instance of singleton bean 'autoConfigurationReport'
2025-01-07T20:30:49.479+07:00 TRACE 27900 --- [csrf] [    Test worker] o.s.b.f.s.DefaultListableBeanFactory     : Returning cached instance of singleton bean 'autoConfigurationReport'
2025-01-07T20:30:49.479+07:00 TRACE 27900 --- [csrf] [    Test worker] o.s.b.f.s.DefaultListableBeanFactory     : Returning cached instance of singleton bean 'autoConfigurationReport'
2025-01-07T20:30:49.480+07:00 TRACE 27900 --- [csrf] [    Test worker] o.s.b.a.condition.OnPropertyCondition    : Condition OnPropertyCondition on org.springframework.boot.autoconfigure.web.servlet.WebMvcAutoConfiguration$ProblemDetailsErrorHandlingConfiguration did not match due to @ConditionalOnProperty (spring.mvc.problemdetails.enabled=true) did not find property 'enabled'
2025-01-07T20:30:49.480+07:00 TRACE 27900 --- [csrf] [    Test worker] o.s.b.f.s.DefaultListableBeanFactory     : Returning cached instance of singleton bean 'autoConfigurationReport'
2025-01-07T20:30:49.481+07:00 TRACE 27900 --- [csrf] [    Test worker] .s.b.a.w.OnEnabledResourceChainCondition : Condition OnEnabledResourceChainCondition on org.springframework.boot.autoconfigure.web.servlet.WebMvcAutoConfiguration$ResourceChainCustomizerConfiguration did not match due to @ConditionalOnEnabledResourceChain did not find class org.webjars.WebJarVersionLocator
2025-01-07T20:30:49.481+07:00 TRACE 27900 --- [csrf] [    Test worker] o.s.b.f.s.DefaultListableBeanFactory     : Returning cached instance of singleton bean 'autoConfigurationReport'
2025-01-07T20:30:49.481+07:00 TRACE 27900 --- [csrf] [    Test worker] o.s.b.f.s.DefaultListableBeanFactory     : Returning cached instance of singleton bean 'autoConfigurationReport'
2025-01-07T20:30:49.481+07:00 TRACE 27900 --- [csrf] [    Test worker] o.s.b.f.s.DefaultListableBeanFactory     : Returning cached instance of singleton bean 'autoConfigurationReport'
2025-01-07T20:30:49.481+07:00 TRACE 27900 --- [csrf] [    Test worker] o.s.b.f.s.DefaultListableBeanFactory     : Returning cached instance of singleton bean 'autoConfigurationReport'
2025-01-07T20:30:49.482+07:00 TRACE 27900 --- [csrf] [    Test worker] o.s.b.f.s.DefaultListableBeanFactory     : Returning cached instance of singleton bean 'autoConfigurationReport'
2025-01-07T20:30:49.482+07:00 TRACE 27900 --- [csrf] [    Test worker] o.s.b.f.s.DefaultListableBeanFactory     : Returning cached instance of singleton bean 'autoConfigurationReport'
2025-01-07T20:30:49.482+07:00 TRACE 27900 --- [csrf] [    Test worker] o.s.b.f.s.DefaultListableBeanFactory     : Returning cached instance of singleton bean 'autoConfigurationReport'
2025-01-07T20:30:49.482+07:00 TRACE 27900 --- [csrf] [    Test worker] o.s.b.a.condition.OnClassCondition       : Condition OnClassCondition on org.springframework.boot.autoconfigure.jmx.JmxAutoConfiguration matched due to @ConditionalOnClass found required class 'org.springframework.jmx.export.MBeanExporter'
2025-01-07T20:30:49.482+07:00 TRACE 27900 --- [csrf] [    Test worker] o.s.b.f.s.DefaultListableBeanFactory     : Returning cached instance of singleton bean 'autoConfigurationReport'
2025-01-07T20:30:49.483+07:00 TRACE 27900 --- [csrf] [    Test worker] o.s.b.a.condition.OnPropertyCondition    : Condition OnPropertyCondition on org.springframework.boot.autoconfigure.jmx.JmxAutoConfiguration did not match due to @ConditionalOnProperty (spring.jmx.enabled=true) found different value in property 'enabled'
2025-01-07T20:30:49.483+07:00 TRACE 27900 --- [csrf] [    Test worker] o.s.b.f.s.DefaultListableBeanFactory     : Returning cached instance of singleton bean 'autoConfigurationReport'
2025-01-07T20:30:49.483+07:00 TRACE 27900 --- [csrf] [    Test worker] o.s.b.f.s.DefaultListableBeanFactory     : Returning cached instance of singleton bean 'autoConfigurationReport'
2025-01-07T20:30:49.483+07:00 TRACE 27900 --- [csrf] [    Test worker] o.s.b.f.s.DefaultListableBeanFactory     : Returning cached instance of singleton bean 'autoConfigurationReport'
2025-01-07T20:30:49.483+07:00 TRACE 27900 --- [csrf] [    Test worker] o.s.b.f.s.DefaultListableBeanFactory     : Returning cached instance of singleton bean 'autoConfigurationReport'
2025-01-07T20:30:49.483+07:00 TRACE 27900 --- [csrf] [    Test worker] o.s.b.f.s.DefaultListableBeanFactory     : Returning cached instance of singleton bean 'autoConfigurationReport'
2025-01-07T20:30:49.483+07:00 TRACE 27900 --- [csrf] [    Test worker] o.s.b.f.s.DefaultListableBeanFactory     : Returning cached instance of singleton bean 'autoConfigurationReport'
2025-01-07T20:30:49.483+07:00 TRACE 27900 --- [csrf] [    Test worker] o.s.b.f.s.DefaultListableBeanFactory     : Returning cached instance of singleton bean 'autoConfigurationReport'
2025-01-07T20:30:49.483+07:00 TRACE 27900 --- [csrf] [    Test worker] o.s.b.a.condition.OnPropertyCondition    : Condition OnPropertyCondition on org.springframework.boot.autoconfigure.admin.SpringApplicationAdminJmxAutoConfiguration did not match due to @ConditionalOnProperty (spring.application.admin.enabled=true) did not find property 'enabled'
2025-01-07T20:30:49.483+07:00 TRACE 27900 --- [csrf] [    Test worker] o.s.b.f.s.DefaultListableBeanFactory     : Returning cached instance of singleton bean 'autoConfigurationReport'
2025-01-07T20:30:49.483+07:00 TRACE 27900 --- [csrf] [    Test worker] o.s.b.f.s.DefaultListableBeanFactory     : Returning cached instance of singleton bean 'autoConfigurationReport'
2025-01-07T20:30:49.483+07:00 TRACE 27900 --- [csrf] [    Test worker] o.s.b.f.s.DefaultListableBeanFactory     : Returning cached instance of singleton bean 'autoConfigurationReport'
2025-01-07T20:30:49.483+07:00 TRACE 27900 --- [csrf] [    Test worker] o.s.b.f.s.DefaultListableBeanFactory     : Returning cached instance of singleton bean 'autoConfigurationReport'
2025-01-07T20:30:49.483+07:00 TRACE 27900 --- [csrf] [    Test worker] o.s.b.f.s.DefaultListableBeanFactory     : Returning cached instance of singleton bean 'autoConfigurationReport'
2025-01-07T20:30:49.483+07:00 TRACE 27900 --- [csrf] [    Test worker] o.s.b.f.s.DefaultListableBeanFactory     : Returning cached instance of singleton bean 'autoConfigurationReport'
2025-01-07T20:30:49.483+07:00 TRACE 27900 --- [csrf] [    Test worker] o.s.b.f.s.DefaultListableBeanFactory     : Returning cached instance of singleton bean 'autoConfigurationReport'
2025-01-07T20:30:49.483+07:00 TRACE 27900 --- [csrf] [    Test worker] o.s.b.a.condition.OnPropertyCondition    : Condition OnPropertyCondition on org.springframework.boot.autoconfigure.aop.AopAutoConfiguration matched due to @ConditionalOnProperty (spring.aop.auto=true) matched
2025-01-07T20:30:49.483+07:00 TRACE 27900 --- [csrf] [    Test worker] o.s.b.f.s.DefaultListableBeanFactory     : Returning cached instance of singleton bean 'autoConfigurationReport'
2025-01-07T20:30:49.483+07:00 TRACE 27900 --- [csrf] [    Test worker] o.s.b.f.s.DefaultListableBeanFactory     : Returning cached instance of singleton bean 'autoConfigurationReport'
2025-01-07T20:30:49.483+07:00 TRACE 27900 --- [csrf] [    Test worker] o.s.b.f.s.DefaultListableBeanFactory     : Returning cached instance of singleton bean 'autoConfigurationReport'
2025-01-07T20:30:49.483+07:00 TRACE 27900 --- [csrf] [    Test worker] o.s.b.f.s.DefaultListableBeanFactory     : Returning cached instance of singleton bean 'autoConfigurationReport'
2025-01-07T20:30:49.484+07:00 TRACE 27900 --- [csrf] [    Test worker] o.s.b.a.condition.OnClassCondition       : Condition OnClassCondition on org.springframework.boot.autoconfigure.aop.AopAutoConfiguration$ClassProxyingConfiguration matched due to @ConditionalOnMissingClass did not find unwanted class 'org.aspectj.weaver.Advice'
2025-01-07T20:30:49.484+07:00 TRACE 27900 --- [csrf] [    Test worker] o.s.b.f.s.DefaultListableBeanFactory     : Returning cached instance of singleton bean 'autoConfigurationReport'
2025-01-07T20:30:49.484+07:00 TRACE 27900 --- [csrf] [    Test worker] o.s.b.a.condition.OnPropertyCondition    : Condition OnPropertyCondition on org.springframework.boot.autoconfigure.aop.AopAutoConfiguration$ClassProxyingConfiguration matched due to @ConditionalOnProperty (spring.aop.proxy-target-class=true) matched
2025-01-07T20:30:49.484+07:00 TRACE 27900 --- [csrf] [    Test worker] o.s.b.f.s.DefaultListableBeanFactory     : Returning cached instance of singleton bean 'autoConfigurationReport'
2025-01-07T20:30:49.484+07:00 TRACE 27900 --- [csrf] [    Test worker] o.s.b.f.s.DefaultListableBeanFactory     : Returning cached instance of singleton bean 'autoConfigurationReport'
2025-01-07T20:30:49.484+07:00 TRACE 27900 --- [csrf] [    Test worker] o.s.b.f.s.DefaultListableBeanFactory     : Returning cached instance of singleton bean 'autoConfigurationReport'
2025-01-07T20:30:49.484+07:00 TRACE 27900 --- [csrf] [    Test worker] o.s.b.f.s.DefaultListableBeanFactory     : Returning cached instance of singleton bean 'autoConfigurationReport'
2025-01-07T20:30:49.485+07:00 TRACE 27900 --- [csrf] [    Test worker] o.s.b.a.condition.OnClassCondition       : Condition OnClassCondition on org.springframework.boot.autoconfigure.aop.AopAutoConfiguration$AspectJAutoProxyingConfiguration did not match due to @ConditionalOnClass did not find required class 'org.aspectj.weaver.Advice'
2025-01-07T20:30:49.485+07:00 TRACE 27900 --- [csrf] [    Test worker] o.s.b.f.s.DefaultListableBeanFactory     : Returning cached instance of singleton bean 'autoConfigurationReport'
2025-01-07T20:30:49.485+07:00 TRACE 27900 --- [csrf] [    Test worker] o.s.b.f.s.DefaultListableBeanFactory     : Returning cached instance of singleton bean 'autoConfigurationReport'
2025-01-07T20:30:49.485+07:00 TRACE 27900 --- [csrf] [    Test worker] o.s.b.f.s.DefaultListableBeanFactory     : Returning cached instance of singleton bean 'autoConfigurationReport'
2025-01-07T20:30:49.485+07:00 TRACE 27900 --- [csrf] [    Test worker] o.s.b.f.s.DefaultListableBeanFactory     : Returning cached instance of singleton bean 'autoConfigurationReport'
2025-01-07T20:30:49.485+07:00 TRACE 27900 --- [csrf] [    Test worker] o.s.b.f.s.DefaultListableBeanFactory     : Returning cached instance of singleton bean 'autoConfigurationReport'
2025-01-07T20:30:49.485+07:00 TRACE 27900 --- [csrf] [    Test worker] o.s.b.f.s.DefaultListableBeanFactory     : Returning cached instance of singleton bean 'autoConfigurationReport'
2025-01-07T20:30:49.485+07:00 TRACE 27900 --- [csrf] [    Test worker] o.s.b.f.s.DefaultListableBeanFactory     : Returning cached instance of singleton bean 'autoConfigurationReport'
2025-01-07T20:30:49.485+07:00 TRACE 27900 --- [csrf] [    Test worker] o.s.b.f.s.DefaultListableBeanFactory     : Returning cached instance of singleton bean 'autoConfigurationReport'
2025-01-07T20:30:49.485+07:00 TRACE 27900 --- [csrf] [    Test worker] o.s.b.f.s.DefaultListableBeanFactory     : Returning cached instance of singleton bean 'autoConfigurationReport'
2025-01-07T20:30:49.485+07:00 TRACE 27900 --- [csrf] [    Test worker] o.s.b.f.s.DefaultListableBeanFactory     : Returning cached instance of singleton bean 'autoConfigurationReport'
2025-01-07T20:30:49.485+07:00 TRACE 27900 --- [csrf] [    Test worker] o.s.b.f.s.DefaultListableBeanFactory     : Returning cached instance of singleton bean 'autoConfigurationReport'
2025-01-07T20:30:49.485+07:00 TRACE 27900 --- [csrf] [    Test worker] o.s.b.f.s.DefaultListableBeanFactory     : Returning cached instance of singleton bean 'autoConfigurationReport'
2025-01-07T20:30:49.485+07:00 TRACE 27900 --- [csrf] [    Test worker] o.s.b.f.s.DefaultListableBeanFactory     : Returning cached instance of singleton bean 'autoConfigurationReport'
2025-01-07T20:30:49.485+07:00 TRACE 27900 --- [csrf] [    Test worker] o.s.b.f.s.DefaultListableBeanFactory     : Returning cached instance of singleton bean 'autoConfigurationReport'
2025-01-07T20:30:49.485+07:00 TRACE 27900 --- [csrf] [    Test worker] o.s.b.f.s.DefaultListableBeanFactory     : Returning cached instance of singleton bean 'autoConfigurationReport'
2025-01-07T20:30:49.485+07:00 TRACE 27900 --- [csrf] [    Test worker] o.s.b.f.s.DefaultListableBeanFactory     : Returning cached instance of singleton bean 'autoConfigurationReport'
2025-01-07T20:30:49.485+07:00 TRACE 27900 --- [csrf] [    Test worker] o.s.b.a.condition.OnClassCondition       : Condition OnClassCondition on org.springframework.boot.autoconfigure.jackson.JacksonAutoConfiguration matched due to @ConditionalOnClass found required class 'com.fasterxml.jackson.databind.ObjectMapper'
2025-01-07T20:30:49.485+07:00 TRACE 27900 --- [csrf] [    Test worker] o.s.b.f.s.DefaultListableBeanFactory     : Returning cached instance of singleton bean 'autoConfigurationReport'
2025-01-07T20:30:49.485+07:00 TRACE 27900 --- [csrf] [    Test worker] o.s.b.f.s.DefaultListableBeanFactory     : Returning cached instance of singleton bean 'autoConfigurationReport'
2025-01-07T20:30:49.485+07:00 TRACE 27900 --- [csrf] [    Test worker] o.s.b.f.s.DefaultListableBeanFactory     : Returning cached instance of singleton bean 'autoConfigurationReport'
2025-01-07T20:30:49.485+07:00 TRACE 27900 --- [csrf] [    Test worker] o.s.b.f.s.DefaultListableBeanFactory     : Returning cached instance of singleton bean 'autoConfigurationReport'
2025-01-07T20:30:49.487+07:00 TRACE 27900 --- [csrf] [    Test worker] o.s.b.a.condition.OnClassCondition       : Condition OnClassCondition on org.springframework.boot.autoconfigure.jackson.JacksonAutoConfiguration$Jackson2ObjectMapperBuilderCustomizerConfiguration matched due to @ConditionalOnClass found required class 'org.springframework.http.converter.json.Jackson2ObjectMapperBuilder'
2025-01-07T20:30:49.487+07:00 TRACE 27900 --- [csrf] [    Test worker] o.s.b.f.s.DefaultListableBeanFactory     : Returning cached instance of singleton bean 'autoConfigurationReport'
2025-01-07T20:30:49.487+07:00 TRACE 27900 --- [csrf] [    Test worker] o.s.b.f.s.DefaultListableBeanFactory     : Returning cached instance of singleton bean 'autoConfigurationReport'
2025-01-07T20:30:49.487+07:00 TRACE 27900 --- [csrf] [    Test worker] o.s.b.f.s.DefaultListableBeanFactory     : Returning cached instance of singleton bean 'autoConfigurationReport'
2025-01-07T20:30:49.487+07:00 TRACE 27900 --- [csrf] [    Test worker] o.s.b.f.s.DefaultListableBeanFactory     : Returning cached instance of singleton bean 'autoConfigurationReport'
2025-01-07T20:30:49.487+07:00 TRACE 27900 --- [csrf] [    Test worker] o.s.b.a.condition.OnClassCondition       : Condition OnClassCondition on org.springframework.boot.autoconfigure.jackson.JacksonAutoConfiguration$JacksonObjectMapperBuilderConfiguration matched due to @ConditionalOnClass found required class 'org.springframework.http.converter.json.Jackson2ObjectMapperBuilder'
2025-01-07T20:30:49.487+07:00 TRACE 27900 --- [csrf] [    Test worker] o.s.b.f.s.DefaultListableBeanFactory     : Returning cached instance of singleton bean 'autoConfigurationReport'
2025-01-07T20:30:49.487+07:00 TRACE 27900 --- [csrf] [    Test worker] o.s.b.f.s.DefaultListableBeanFactory     : Returning cached instance of singleton bean 'autoConfigurationReport'
2025-01-07T20:30:49.487+07:00 TRACE 27900 --- [csrf] [    Test worker] o.s.b.f.s.DefaultListableBeanFactory     : Returning cached instance of singleton bean 'autoConfigurationReport'
2025-01-07T20:30:49.487+07:00 TRACE 27900 --- [csrf] [    Test worker] o.s.b.f.s.DefaultListableBeanFactory     : Returning cached instance of singleton bean 'autoConfigurationReport'
2025-01-07T20:30:49.488+07:00 TRACE 27900 --- [csrf] [    Test worker] o.s.b.a.condition.OnClassCondition       : Condition OnClassCondition on org.springframework.boot.autoconfigure.jackson.JacksonAutoConfiguration$ParameterNamesModuleConfiguration matched due to @ConditionalOnClass found required class 'com.fasterxml.jackson.module.paramnames.ParameterNamesModule'
2025-01-07T20:30:49.488+07:00 TRACE 27900 --- [csrf] [    Test worker] o.s.b.f.s.DefaultListableBeanFactory     : Returning cached instance of singleton bean 'autoConfigurationReport'
2025-01-07T20:30:49.488+07:00 TRACE 27900 --- [csrf] [    Test worker] o.s.b.f.s.DefaultListableBeanFactory     : Returning cached instance of singleton bean 'autoConfigurationReport'
2025-01-07T20:30:49.488+07:00 TRACE 27900 --- [csrf] [    Test worker] o.s.b.f.s.DefaultListableBeanFactory     : Returning cached instance of singleton bean 'autoConfigurationReport'
2025-01-07T20:30:49.488+07:00 TRACE 27900 --- [csrf] [    Test worker] o.s.b.f.s.DefaultListableBeanFactory     : Returning cached instance of singleton bean 'autoConfigurationReport'
2025-01-07T20:30:49.488+07:00 TRACE 27900 --- [csrf] [    Test worker] o.s.b.a.condition.OnClassCondition       : Condition OnClassCondition on org.springframework.boot.autoconfigure.jackson.JacksonAutoConfiguration$JacksonObjectMapperConfiguration matched due to @ConditionalOnClass found required class 'org.springframework.http.converter.json.Jackson2ObjectMapperBuilder'
2025-01-07T20:30:49.488+07:00 TRACE 27900 --- [csrf] [    Test worker] o.s.b.f.s.DefaultListableBeanFactory     : Returning cached instance of singleton bean 'autoConfigurationReport'
2025-01-07T20:30:49.488+07:00 TRACE 27900 --- [csrf] [    Test worker] o.s.b.f.s.DefaultListableBeanFactory     : Returning cached instance of singleton bean 'autoConfigurationReport'
2025-01-07T20:30:49.488+07:00 TRACE 27900 --- [csrf] [    Test worker] o.s.b.f.s.DefaultListableBeanFactory     : Returning cached instance of singleton bean 'autoConfigurationReport'
2025-01-07T20:30:49.488+07:00 TRACE 27900 --- [csrf] [    Test worker] o.s.b.f.s.DefaultListableBeanFactory     : Returning cached instance of singleton bean 'autoConfigurationReport'
2025-01-07T20:30:49.488+07:00 TRACE 27900 --- [csrf] [    Test worker] o.s.b.f.s.DefaultListableBeanFactory     : Returning cached instance of singleton bean 'autoConfigurationReport'
2025-01-07T20:30:49.488+07:00 TRACE 27900 --- [csrf] [    Test worker] o.s.b.f.s.DefaultListableBeanFactory     : Returning cached instance of singleton bean 'autoConfigurationReport'
2025-01-07T20:30:49.488+07:00 TRACE 27900 --- [csrf] [    Test worker] o.s.b.f.s.DefaultListableBeanFactory     : Returning cached instance of singleton bean 'autoConfigurationReport'
2025-01-07T20:30:49.489+07:00 TRACE 27900 --- [csrf] [    Test worker] o.s.b.f.s.DefaultListableBeanFactory     : Returning cached instance of singleton bean 'autoConfigurationReport'
2025-01-07T20:30:49.489+07:00 TRACE 27900 --- [csrf] [    Test worker] o.s.b.f.s.DefaultListableBeanFactory     : Returning cached instance of singleton bean 'autoConfigurationReport'
2025-01-07T20:30:49.489+07:00 TRACE 27900 --- [csrf] [    Test worker] o.s.b.f.s.DefaultListableBeanFactory     : Returning cached instance of singleton bean 'autoConfigurationReport'
2025-01-07T20:30:49.489+07:00 TRACE 27900 --- [csrf] [    Test worker] o.s.b.f.s.DefaultListableBeanFactory     : Returning cached instance of singleton bean 'autoConfigurationReport'
2025-01-07T20:30:49.489+07:00 TRACE 27900 --- [csrf] [    Test worker] o.s.b.f.s.DefaultListableBeanFactory     : Returning cached instance of singleton bean 'autoConfigurationReport'
2025-01-07T20:30:49.489+07:00 TRACE 27900 --- [csrf] [    Test worker] o.s.b.f.s.DefaultListableBeanFactory     : Returning cached instance of singleton bean 'autoConfigurationReport'
2025-01-07T20:30:49.489+07:00 TRACE 27900 --- [csrf] [    Test worker] o.s.b.a.condition.OnClassCondition       : Condition OnClassCondition on org.springframework.boot.autoconfigure.cache.CacheAutoConfiguration matched due to @ConditionalOnClass found required class 'org.springframework.cache.CacheManager'
2025-01-07T20:30:49.489+07:00 TRACE 27900 --- [csrf] [    Test worker] o.s.b.f.s.DefaultListableBeanFactory     : Returning cached instance of singleton bean 'autoConfigurationReport'
2025-01-07T20:30:49.489+07:00 TRACE 27900 --- [csrf] [    Test worker] o.s.b.f.s.DefaultListableBeanFactory     : Returning cached instance of singleton bean 'autoConfigurationReport'
2025-01-07T20:30:49.489+07:00 TRACE 27900 --- [csrf] [    Test worker] o.s.b.f.s.DefaultListableBeanFactory     : Returning cached instance of singleton bean 'autoConfigurationReport'
2025-01-07T20:30:49.489+07:00 TRACE 27900 --- [csrf] [    Test worker] o.s.b.f.s.DefaultListableBeanFactory     : Returning cached instance of singleton bean 'autoConfigurationReport'
2025-01-07T20:30:49.491+07:00 TRACE 27900 --- [csrf] [    Test worker] o.s.b.f.s.DefaultListableBeanFactory     : Returning cached instance of singleton bean 'autoConfigurationReport'
2025-01-07T20:30:49.491+07:00 TRACE 27900 --- [csrf] [    Test worker] o.s.b.f.s.DefaultListableBeanFactory     : Returning cached instance of singleton bean 'autoConfigurationReport'
2025-01-07T20:30:49.491+07:00 TRACE 27900 --- [csrf] [    Test worker] o.s.b.f.s.DefaultListableBeanFactory     : Returning cached instance of singleton bean 'autoConfigurationReport'
2025-01-07T20:30:49.491+07:00 TRACE 27900 --- [csrf] [    Test worker] o.s.b.f.s.DefaultListableBeanFactory     : Returning cached instance of singleton bean 'autoConfigurationReport'
2025-01-07T20:30:49.492+07:00 TRACE 27900 --- [csrf] [    Test worker] o.s.b.a.condition.OnClassCondition       : Condition OnClassCondition on org.springframework.boot.autoconfigure.cache.JCacheCacheConfiguration did not match due to @ConditionalOnClass did not find required class 'javax.cache.Caching'
2025-01-07T20:30:49.492+07:00 TRACE 27900 --- [csrf] [    Test worker] o.s.b.f.s.DefaultListableBeanFactory     : Returning cached instance of singleton bean 'autoConfigurationReport'
2025-01-07T20:30:49.492+07:00 TRACE 27900 --- [csrf] [    Test worker] o.s.b.f.s.DefaultListableBeanFactory     : Returning cached instance of singleton bean 'autoConfigurationReport'
2025-01-07T20:30:49.492+07:00 TRACE 27900 --- [csrf] [    Test worker] o.s.b.a.AutoConfigurationImportSelector  : Filtered 1 auto configuration class in 0 ms
2025-01-07T20:30:49.492+07:00 TRACE 27900 --- [csrf] [    Test worker] o.s.b.f.s.DefaultListableBeanFactory     : Returning cached instance of singleton bean 'autoConfigurationReport'
2025-01-07T20:30:49.492+07:00 TRACE 27900 --- [csrf] [    Test worker] o.s.b.a.condition.OnClassCondition       : Condition OnClassCondition on org.springframework.boot.autoconfigure.cache.HazelcastCacheConfiguration did not match due to @ConditionalOnClass did not find required class 'com.hazelcast.core.HazelcastInstance'
2025-01-07T20:30:49.492+07:00 TRACE 27900 --- [csrf] [    Test worker] o.s.b.f.s.DefaultListableBeanFactory     : Returning cached instance of singleton bean 'autoConfigurationReport'
2025-01-07T20:30:49.492+07:00 TRACE 27900 --- [csrf] [    Test worker] o.s.b.f.s.DefaultListableBeanFactory     : Returning cached instance of singleton bean 'autoConfigurationReport'
2025-01-07T20:30:49.492+07:00 TRACE 27900 --- [csrf] [    Test worker] o.s.b.a.AutoConfigurationImportSelector  : Filtered 1 auto configuration class in 0 ms
2025-01-07T20:30:49.492+07:00 TRACE 27900 --- [csrf] [    Test worker] o.s.b.f.s.DefaultListableBeanFactory     : Returning cached instance of singleton bean 'autoConfigurationReport'
2025-01-07T20:30:49.492+07:00 TRACE 27900 --- [csrf] [    Test worker] o.s.b.a.condition.OnClassCondition       : Condition OnClassCondition on org.springframework.boot.autoconfigure.cache.CouchbaseCacheConfiguration did not match due to @ConditionalOnClass did not find required class 'com.couchbase.client.java.Cluster'
2025-01-07T20:30:49.492+07:00 TRACE 27900 --- [csrf] [    Test worker] o.s.b.f.s.DefaultListableBeanFactory     : Returning cached instance of singleton bean 'autoConfigurationReport'
2025-01-07T20:30:49.492+07:00 TRACE 27900 --- [csrf] [    Test worker] o.s.b.f.s.DefaultListableBeanFactory     : Returning cached instance of singleton bean 'autoConfigurationReport'
2025-01-07T20:30:49.492+07:00 TRACE 27900 --- [csrf] [    Test worker] o.s.b.a.AutoConfigurationImportSelector  : Filtered 1 auto configuration class in 0 ms
2025-01-07T20:30:49.492+07:00 TRACE 27900 --- [csrf] [    Test worker] o.s.b.f.s.DefaultListableBeanFactory     : Returning cached instance of singleton bean 'autoConfigurationReport'
2025-01-07T20:30:49.492+07:00 TRACE 27900 --- [csrf] [    Test worker] o.s.b.a.condition.OnClassCondition       : Condition OnClassCondition on org.springframework.boot.autoconfigure.cache.InfinispanCacheConfiguration did not match due to @ConditionalOnClass did not find required class 'org.infinispan.spring.embedded.provider.SpringEmbeddedCacheManager'
2025-01-07T20:30:49.492+07:00 TRACE 27900 --- [csrf] [    Test worker] o.s.b.f.s.DefaultListableBeanFactory     : Returning cached instance of singleton bean 'autoConfigurationReport'
2025-01-07T20:30:49.492+07:00 TRACE 27900 --- [csrf] [    Test worker] o.s.b.f.s.DefaultListableBeanFactory     : Returning cached instance of singleton bean 'autoConfigurationReport'
2025-01-07T20:30:49.492+07:00 TRACE 27900 --- [csrf] [    Test worker] o.s.b.a.AutoConfigurationImportSelector  : Filtered 1 auto configuration class in 0 ms
2025-01-07T20:30:49.492+07:00 TRACE 27900 --- [csrf] [    Test worker] o.s.b.f.s.DefaultListableBeanFactory     : Returning cached instance of singleton bean 'autoConfigurationReport'
2025-01-07T20:30:49.492+07:00 TRACE 27900 --- [csrf] [    Test worker] o.s.b.a.condition.OnClassCondition       : Condition OnClassCondition on org.springframework.boot.autoconfigure.cache.RedisCacheConfiguration did not match due to @ConditionalOnClass did not find required class 'org.springframework.data.redis.connection.RedisConnectionFactory'
2025-01-07T20:30:49.492+07:00 TRACE 27900 --- [csrf] [    Test worker] o.s.b.f.s.DefaultListableBeanFactory     : Returning cached instance of singleton bean 'autoConfigurationReport'
2025-01-07T20:30:49.492+07:00 TRACE 27900 --- [csrf] [    Test worker] o.s.b.f.s.DefaultListableBeanFactory     : Returning cached instance of singleton bean 'autoConfigurationReport'
2025-01-07T20:30:49.492+07:00 TRACE 27900 --- [csrf] [    Test worker] o.s.b.a.AutoConfigurationImportSelector  : Filtered 1 auto configuration class in 0 ms
2025-01-07T20:30:49.492+07:00 TRACE 27900 --- [csrf] [    Test worker] o.s.b.f.s.DefaultListableBeanFactory     : Returning cached instance of singleton bean 'autoConfigurationReport'
2025-01-07T20:30:49.492+07:00 TRACE 27900 --- [csrf] [    Test worker] o.s.b.a.condition.OnClassCondition       : Condition OnClassCondition on org.springframework.boot.autoconfigure.cache.Cache2kCacheConfiguration did not match due to @ConditionalOnClass did not find required class 'org.cache2k.Cache2kBuilder'
2025-01-07T20:30:49.492+07:00 TRACE 27900 --- [csrf] [    Test worker] o.s.b.f.s.DefaultListableBeanFactory     : Returning cached instance of singleton bean 'autoConfigurationReport'
2025-01-07T20:30:49.492+07:00 TRACE 27900 --- [csrf] [    Test worker] o.s.b.f.s.DefaultListableBeanFactory     : Returning cached instance of singleton bean 'autoConfigurationReport'
2025-01-07T20:30:49.492+07:00 TRACE 27900 --- [csrf] [    Test worker] o.s.b.a.AutoConfigurationImportSelector  : Filtered 1 auto configuration class in 0 ms
2025-01-07T20:30:49.492+07:00 TRACE 27900 --- [csrf] [    Test worker] o.s.b.f.s.DefaultListableBeanFactory     : Returning cached instance of singleton bean 'autoConfigurationReport'
2025-01-07T20:30:49.492+07:00 TRACE 27900 --- [csrf] [    Test worker] o.s.b.a.condition.OnClassCondition       : Condition OnClassCondition on org.springframework.boot.autoconfigure.cache.CaffeineCacheConfiguration did not match due to @ConditionalOnClass did not find required class 'com.github.benmanes.caffeine.cache.Caffeine'
2025-01-07T20:30:49.492+07:00 TRACE 27900 --- [csrf] [    Test worker] o.s.b.f.s.DefaultListableBeanFactory     : Returning cached instance of singleton bean 'autoConfigurationReport'
2025-01-07T20:30:49.492+07:00 TRACE 27900 --- [csrf] [    Test worker] o.s.b.f.s.DefaultListableBeanFactory     : Returning cached instance of singleton bean 'autoConfigurationReport'
2025-01-07T20:30:49.492+07:00 TRACE 27900 --- [csrf] [    Test worker] o.s.b.a.AutoConfigurationImportSelector  : Filtered 1 auto configuration class in 0 ms
2025-01-07T20:30:49.492+07:00 TRACE 27900 --- [csrf] [    Test worker] o.s.b.f.s.DefaultListableBeanFactory     : Returning cached instance of singleton bean 'autoConfigurationReport'
2025-01-07T20:30:49.492+07:00 TRACE 27900 --- [csrf] [    Test worker] o.s.b.f.s.DefaultListableBeanFactory     : Returning cached instance of singleton bean 'autoConfigurationReport'
2025-01-07T20:30:49.492+07:00 TRACE 27900 --- [csrf] [    Test worker] o.s.b.f.s.DefaultListableBeanFactory     : Returning cached instance of singleton bean 'autoConfigurationReport'
2025-01-07T20:30:49.492+07:00 TRACE 27900 --- [csrf] [    Test worker] o.s.b.f.s.DefaultListableBeanFactory     : Returning cached instance of singleton bean 'autoConfigurationReport'
2025-01-07T20:30:49.492+07:00 TRACE 27900 --- [csrf] [    Test worker] o.s.b.f.s.DefaultListableBeanFactory     : Returning cached instance of singleton bean 'autoConfigurationReport'
2025-01-07T20:30:49.493+07:00 TRACE 27900 --- [csrf] [    Test worker] o.s.b.f.s.DefaultListableBeanFactory     : Returning cached instance of singleton bean 'autoConfigurationReport'
2025-01-07T20:30:49.493+07:00 TRACE 27900 --- [csrf] [    Test worker] o.s.b.a.cache.CacheCondition             : Condition CacheCondition on org.springframework.boot.autoconfigure.cache.GenericCacheConfiguration matched due to Cache org.springframework.boot.autoconfigure.cache.GenericCacheConfiguration automatic cache type
2025-01-07T20:30:49.493+07:00 TRACE 27900 --- [csrf] [    Test worker] o.s.b.f.s.DefaultListableBeanFactory     : Returning cached instance of singleton bean 'autoConfigurationReport'
2025-01-07T20:30:49.493+07:00 TRACE 27900 --- [csrf] [    Test worker] o.s.b.f.s.DefaultListableBeanFactory     : Returning cached instance of singleton bean 'autoConfigurationReport'
2025-01-07T20:30:49.493+07:00 TRACE 27900 --- [csrf] [    Test worker] o.s.b.f.s.DefaultListableBeanFactory     : Returning cached instance of singleton bean 'autoConfigurationReport'
2025-01-07T20:30:49.493+07:00 TRACE 27900 --- [csrf] [    Test worker] o.s.b.f.s.DefaultListableBeanFactory     : Returning cached instance of singleton bean 'autoConfigurationReport'
2025-01-07T20:30:49.494+07:00 TRACE 27900 --- [csrf] [    Test worker] o.s.b.a.cache.CacheCondition             : Condition CacheCondition on org.springframework.boot.autoconfigure.cache.SimpleCacheConfiguration matched due to Cache org.springframework.boot.autoconfigure.cache.SimpleCacheConfiguration automatic cache type
2025-01-07T20:30:49.494+07:00 TRACE 27900 --- [csrf] [    Test worker] o.s.b.f.s.DefaultListableBeanFactory     : Returning cached instance of singleton bean 'autoConfigurationReport'
2025-01-07T20:30:49.494+07:00 TRACE 27900 --- [csrf] [    Test worker] o.s.b.f.s.DefaultListableBeanFactory     : Returning cached instance of singleton bean 'autoConfigurationReport'
2025-01-07T20:30:49.494+07:00 TRACE 27900 --- [csrf] [    Test worker] o.s.b.f.s.DefaultListableBeanFactory     : Returning cached instance of singleton bean 'autoConfigurationReport'
2025-01-07T20:30:49.494+07:00 TRACE 27900 --- [csrf] [    Test worker] o.s.b.f.s.DefaultListableBeanFactory     : Returning cached instance of singleton bean 'autoConfigurationReport'
2025-01-07T20:30:49.494+07:00 TRACE 27900 --- [csrf] [    Test worker] o.s.b.a.cache.CacheCondition             : Condition CacheCondition on org.springframework.boot.autoconfigure.cache.NoOpCacheConfiguration matched due to Cache org.springframework.boot.autoconfigure.cache.NoOpCacheConfiguration automatic cache type
2025-01-07T20:30:49.494+07:00 TRACE 27900 --- [csrf] [    Test worker] o.s.b.f.s.DefaultListableBeanFactory     : Returning cached instance of singleton bean 'autoConfigurationReport'
2025-01-07T20:30:49.494+07:00 TRACE 27900 --- [csrf] [    Test worker] o.s.b.f.s.DefaultListableBeanFactory     : Returning cached instance of singleton bean 'autoConfigurationReport'
2025-01-07T20:30:49.494+07:00 TRACE 27900 --- [csrf] [    Test worker] o.s.b.f.s.DefaultListableBeanFactory     : Returning cached instance of singleton bean 'autoConfigurationReport'
2025-01-07T20:30:49.494+07:00 TRACE 27900 --- [csrf] [    Test worker] o.s.b.f.s.DefaultListableBeanFactory     : Returning cached instance of singleton bean 'autoConfigurationReport'
2025-01-07T20:30:49.495+07:00 TRACE 27900 --- [csrf] [    Test worker] o.s.b.a.condition.OnClassCondition       : Condition OnClassCondition on org.springframework.boot.autoconfigure.cache.CacheAutoConfiguration$CacheManagerEntityManagerFactoryDependsOnPostProcessor did not match due to @ConditionalOnClass did not find required class 'org.springframework.orm.jpa.LocalContainerEntityManagerFactoryBean'
2025-01-07T20:30:49.495+07:00 TRACE 27900 --- [csrf] [    Test worker] o.s.b.f.s.DefaultListableBeanFactory     : Returning cached instance of singleton bean 'autoConfigurationReport'
2025-01-07T20:30:49.495+07:00 TRACE 27900 --- [csrf] [    Test worker] o.s.b.f.s.DefaultListableBeanFactory     : Returning cached instance of singleton bean 'autoConfigurationReport'
2025-01-07T20:30:49.495+07:00 TRACE 27900 --- [csrf] [    Test worker] o.s.b.f.s.DefaultListableBeanFactory     : Returning cached instance of singleton bean 'autoConfigurationReport'
2025-01-07T20:30:49.495+07:00 TRACE 27900 --- [csrf] [    Test worker] o.s.b.f.s.DefaultListableBeanFactory     : Returning cached instance of singleton bean 'autoConfigurationReport'
2025-01-07T20:30:49.495+07:00 TRACE 27900 --- [csrf] [    Test worker] o.s.b.f.s.DefaultListableBeanFactory     : Returning cached instance of singleton bean 'autoConfigurationReport'
2025-01-07T20:30:49.495+07:00 TRACE 27900 --- [csrf] [    Test worker] o.s.b.f.s.DefaultListableBeanFactory     : Returning cached instance of singleton bean 'autoConfigurationReport'
2025-01-07T20:30:49.495+07:00 TRACE 27900 --- [csrf] [    Test worker] o.s.b.f.s.DefaultListableBeanFactory     : Returning cached instance of singleton bean 'autoConfigurationReport'
2025-01-07T20:30:49.496+07:00 TRACE 27900 --- [csrf] [    Test worker] o.s.b.f.s.DefaultListableBeanFactory     : Returning cached instance of singleton bean 'autoConfigurationReport'
2025-01-07T20:30:49.496+07:00 TRACE 27900 --- [csrf] [    Test worker] o.s.b.f.s.DefaultListableBeanFactory     : Returning cached instance of singleton bean 'autoConfigurationReport'
2025-01-07T20:30:49.496+07:00 TRACE 27900 --- [csrf] [    Test worker] o.s.b.f.s.DefaultListableBeanFactory     : Returning cached instance of singleton bean 'autoConfigurationReport'
2025-01-07T20:30:49.496+07:00 TRACE 27900 --- [csrf] [    Test worker] o.s.b.f.s.DefaultListableBeanFactory     : Returning cached instance of singleton bean 'autoConfigurationReport'
2025-01-07T20:30:49.496+07:00 TRACE 27900 --- [csrf] [    Test worker] o.s.b.f.s.DefaultListableBeanFactory     : Returning cached instance of singleton bean 'autoConfigurationReport'
2025-01-07T20:30:49.496+07:00 TRACE 27900 --- [csrf] [    Test worker] o.s.b.f.s.DefaultListableBeanFactory     : Returning cached instance of singleton bean 'autoConfigurationReport'
2025-01-07T20:30:49.496+07:00 TRACE 27900 --- [csrf] [    Test worker] o.s.b.f.s.DefaultListableBeanFactory     : Returning cached instance of singleton bean 'autoConfigurationReport'
2025-01-07T20:30:49.496+07:00 TRACE 27900 --- [csrf] [    Test worker] o.s.b.f.s.DefaultListableBeanFactory     : Returning cached instance of singleton bean 'autoConfigurationReport'
2025-01-07T20:30:49.496+07:00 TRACE 27900 --- [csrf] [    Test worker] o.s.b.f.s.DefaultListableBeanFactory     : Returning cached instance of singleton bean 'autoConfigurationReport'
2025-01-07T20:30:49.497+07:00 TRACE 27900 --- [csrf] [    Test worker] o.s.b.f.s.DefaultListableBeanFactory     : Returning cached instance of singleton bean 'autoConfigurationReport'
2025-01-07T20:30:49.497+07:00 TRACE 27900 --- [csrf] [    Test worker] o.s.b.f.s.DefaultListableBeanFactory     : Returning cached instance of singleton bean 'autoConfigurationReport'
2025-01-07T20:30:49.497+07:00 TRACE 27900 --- [csrf] [    Test worker] o.s.b.f.s.DefaultListableBeanFactory     : Returning cached instance of singleton bean 'autoConfigurationReport'
2025-01-07T20:30:49.497+07:00 TRACE 27900 --- [csrf] [    Test worker] o.s.b.f.s.DefaultListableBeanFactory     : Returning cached instance of singleton bean 'autoConfigurationReport'
2025-01-07T20:30:49.497+07:00 TRACE 27900 --- [csrf] [    Test worker] o.s.b.f.s.DefaultListableBeanFactory     : Returning cached instance of singleton bean 'autoConfigurationReport'
2025-01-07T20:30:49.497+07:00 TRACE 27900 --- [csrf] [    Test worker] o.s.b.f.s.DefaultListableBeanFactory     : Returning cached instance of singleton bean 'autoConfigurationReport'
2025-01-07T20:30:49.497+07:00 TRACE 27900 --- [csrf] [    Test worker] o.s.b.f.s.DefaultListableBeanFactory     : Returning cached instance of singleton bean 'autoConfigurationReport'
2025-01-07T20:30:49.497+07:00 TRACE 27900 --- [csrf] [    Test worker] o.s.b.f.s.DefaultListableBeanFactory     : Returning cached instance of singleton bean 'autoConfigurationReport'
2025-01-07T20:30:49.497+07:00 TRACE 27900 --- [csrf] [    Test worker] o.s.b.f.s.DefaultListableBeanFactory     : Returning cached instance of singleton bean 'autoConfigurationReport'
2025-01-07T20:30:49.498+07:00 TRACE 27900 --- [csrf] [    Test worker] o.s.b.a.condition.OnClassCondition       : Condition OnClassCondition on org.springframework.boot.autoconfigure.http.HttpMessageConvertersAutoConfiguration matched due to @ConditionalOnClass found required class 'org.springframework.http.converter.HttpMessageConverter'
2025-01-07T20:30:49.498+07:00 TRACE 27900 --- [csrf] [    Test worker] o.s.b.f.s.DefaultListableBeanFactory     : Returning cached instance of singleton bean 'autoConfigurationReport'
2025-01-07T20:30:49.499+07:00 TRACE 27900 --- [csrf] [    Test worker] ation$NotReactiveWebApplicationCondition : Condition HttpMessageConvertersAutoConfiguration.NotReactiveWebApplicationCondition on org.springframework.boot.autoconfigure.http.HttpMessageConvertersAutoConfiguration matched due to NoneNestedConditions 0 matched 1 did not; NestedCondition on HttpMessageConvertersAutoConfiguration.NotReactiveWebApplicationCondition.ReactiveWebApplication did not find reactive web application classes
2025-01-07T20:30:49.499+07:00 TRACE 27900 --- [csrf] [    Test worker] o.s.b.f.s.DefaultListableBeanFactory     : Returning cached instance of singleton bean 'autoConfigurationReport'
2025-01-07T20:30:49.499+07:00 TRACE 27900 --- [csrf] [    Test worker] o.s.b.f.s.DefaultListableBeanFactory     : Returning cached instance of singleton bean 'autoConfigurationReport'
2025-01-07T20:30:49.499+07:00 TRACE 27900 --- [csrf] [    Test worker] o.s.b.f.s.DefaultListableBeanFactory     : Returning cached instance of singleton bean 'autoConfigurationReport'
2025-01-07T20:30:49.499+07:00 TRACE 27900 --- [csrf] [    Test worker] o.s.b.f.s.DefaultListableBeanFactory     : Returning cached instance of singleton bean 'autoConfigurationReport'
2025-01-07T20:30:49.500+07:00 TRACE 27900 --- [csrf] [    Test worker] o.s.b.a.condition.OnClassCondition       : Condition OnClassCondition on org.springframework.boot.autoconfigure.http.HttpMessageConvertersAutoConfiguration$StringHttpMessageConverterConfiguration matched due to @ConditionalOnClass found required class 'org.springframework.http.converter.StringHttpMessageConverter'
2025-01-07T20:30:49.500+07:00 TRACE 27900 --- [csrf] [    Test worker] o.s.b.f.s.DefaultListableBeanFactory     : Returning cached instance of singleton bean 'autoConfigurationReport'
2025-01-07T20:30:49.500+07:00 TRACE 27900 --- [csrf] [    Test worker] o.s.b.f.s.DefaultListableBeanFactory     : Returning cached instance of singleton bean 'autoConfigurationReport'
2025-01-07T20:30:49.500+07:00 TRACE 27900 --- [csrf] [    Test worker] o.s.b.f.s.DefaultListableBeanFactory     : Returning cached instance of singleton bean 'autoConfigurationReport'
2025-01-07T20:30:49.500+07:00 TRACE 27900 --- [csrf] [    Test worker] o.s.b.f.s.DefaultListableBeanFactory     : Returning cached instance of singleton bean 'autoConfigurationReport'
2025-01-07T20:30:49.500+07:00 TRACE 27900 --- [csrf] [    Test worker] o.s.b.f.s.DefaultListableBeanFactory     : Returning cached instance of singleton bean 'autoConfigurationReport'
2025-01-07T20:30:49.500+07:00 TRACE 27900 --- [csrf] [    Test worker] o.s.b.f.s.DefaultListableBeanFactory     : Returning cached instance of singleton bean 'autoConfigurationReport'
2025-01-07T20:30:49.500+07:00 TRACE 27900 --- [csrf] [    Test worker] o.s.b.f.s.DefaultListableBeanFactory     : Returning cached instance of singleton bean 'autoConfigurationReport'
2025-01-07T20:30:49.501+07:00 TRACE 27900 --- [csrf] [    Test worker] o.s.b.a.condition.OnClassCondition       : Condition OnClassCondition on org.springframework.boot.autoconfigure.http.JacksonHttpMessageConvertersConfiguration$MappingJackson2XmlHttpMessageConverterConfiguration did not match due to @ConditionalOnClass did not find required class 'com.fasterxml.jackson.dataformat.xml.XmlMapper'
2025-01-07T20:30:49.501+07:00 TRACE 27900 --- [csrf] [    Test worker] o.s.b.f.s.DefaultListableBeanFactory     : Returning cached instance of singleton bean 'autoConfigurationReport'
2025-01-07T20:30:49.501+07:00 TRACE 27900 --- [csrf] [    Test worker] o.s.b.a.condition.OnClassCondition       : Condition OnClassCondition on org.springframework.boot.autoconfigure.http.JacksonHttpMessageConvertersConfiguration$MappingJackson2HttpMessageConverterConfiguration matched due to @ConditionalOnClass found required class 'com.fasterxml.jackson.databind.ObjectMapper'
2025-01-07T20:30:49.501+07:00 TRACE 27900 --- [csrf] [    Test worker] o.s.b.f.s.DefaultListableBeanFactory     : Returning cached instance of singleton bean 'autoConfigurationReport'
2025-01-07T20:30:49.501+07:00 TRACE 27900 --- [csrf] [    Test worker] o.s.b.a.condition.OnPropertyCondition    : Condition OnPropertyCondition on org.springframework.boot.autoconfigure.http.JacksonHttpMessageConvertersConfiguration$MappingJackson2HttpMessageConverterConfiguration matched due to @ConditionalOnProperty (spring.mvc.converters.preferred-json-mapper=jackson) matched
2025-01-07T20:30:49.501+07:00 TRACE 27900 --- [csrf] [    Test worker] o.s.b.f.s.DefaultListableBeanFactory     : Returning cached instance of singleton bean 'autoConfigurationReport'
2025-01-07T20:30:49.501+07:00 TRACE 27900 --- [csrf] [    Test worker] o.s.b.f.s.DefaultListableBeanFactory     : Returning cached instance of singleton bean 'autoConfigurationReport'
2025-01-07T20:30:49.501+07:00 TRACE 27900 --- [csrf] [    Test worker] o.s.b.f.s.DefaultListableBeanFactory     : Returning cached instance of singleton bean 'autoConfigurationReport'
2025-01-07T20:30:49.501+07:00 TRACE 27900 --- [csrf] [    Test worker] o.s.b.f.s.DefaultListableBeanFactory     : Returning cached instance of singleton bean 'autoConfigurationReport'
2025-01-07T20:30:49.501+07:00 TRACE 27900 --- [csrf] [    Test worker] o.s.b.a.condition.OnClassCondition       : Condition OnClassCondition on org.springframework.boot.autoconfigure.http.GsonHttpMessageConvertersConfiguration did not match due to @ConditionalOnClass did not find required class 'com.google.gson.Gson'
2025-01-07T20:30:49.501+07:00 TRACE 27900 --- [csrf] [    Test worker] o.s.b.f.s.DefaultListableBeanFactory     : Returning cached instance of singleton bean 'autoConfigurationReport'
2025-01-07T20:30:49.501+07:00 TRACE 27900 --- [csrf] [    Test worker] o.s.b.a.condition.OnClassCondition       : Condition OnClassCondition on org.springframework.boot.autoconfigure.http.JsonbHttpMessageConvertersConfiguration did not match due to @ConditionalOnClass did not find required class 'jakarta.json.bind.Jsonb'
2025-01-07T20:30:49.501+07:00 TRACE 27900 --- [csrf] [    Test worker] o.s.b.f.s.DefaultListableBeanFactory     : Returning cached instance of singleton bean 'autoConfigurationReport'
2025-01-07T20:30:49.501+07:00 TRACE 27900 --- [csrf] [    Test worker] o.s.b.f.s.DefaultListableBeanFactory     : Returning cached instance of singleton bean 'autoConfigurationReport'
2025-01-07T20:30:49.501+07:00 TRACE 27900 --- [csrf] [    Test worker] o.s.b.f.s.DefaultListableBeanFactory     : Returning cached instance of singleton bean 'autoConfigurationReport'
2025-01-07T20:30:49.501+07:00 TRACE 27900 --- [csrf] [    Test worker] o.s.b.f.s.DefaultListableBeanFactory     : Returning cached instance of singleton bean 'autoConfigurationReport'
2025-01-07T20:30:49.501+07:00 TRACE 27900 --- [csrf] [    Test worker] o.s.b.f.s.DefaultListableBeanFactory     : Returning cached instance of singleton bean 'autoConfigurationReport'
2025-01-07T20:30:49.501+07:00 TRACE 27900 --- [csrf] [    Test worker] o.s.b.f.s.DefaultListableBeanFactory     : Returning cached instance of singleton bean 'autoConfigurationReport'
2025-01-07T20:30:49.501+07:00 TRACE 27900 --- [csrf] [    Test worker] o.s.b.f.s.DefaultListableBeanFactory     : Returning cached instance of singleton bean 'autoConfigurationReport'
2025-01-07T20:30:49.502+07:00 TRACE 27900 --- [csrf] [    Test worker] o.s.b.a.condition.OnClassCondition       : Condition OnClassCondition on org.springframework.boot.autoconfigure.http.client.HttpClientAutoConfiguration matched due to @ConditionalOnClass found required class 'org.springframework.http.client.ClientHttpRequestFactory'
2025-01-07T20:30:49.502+07:00 TRACE 27900 --- [csrf] [    Test worker] o.s.b.f.s.DefaultListableBeanFactory     : Returning cached instance of singleton bean 'autoConfigurationReport'
2025-01-07T20:30:49.502+07:00 TRACE 27900 --- [csrf] [    Test worker] a.h.c.NotReactiveWebApplicationCondition : Condition NotReactiveWebApplicationCondition on org.springframework.boot.autoconfigure.http.client.HttpClientAutoConfiguration matched due to NoneNestedConditions 0 matched 1 did not; NestedCondition on NotReactiveWebApplicationCondition.ReactiveWebApplication did not find reactive web application classes
2025-01-07T20:30:49.502+07:00 TRACE 27900 --- [csrf] [    Test worker] o.s.b.f.s.DefaultListableBeanFactory     : Returning cached instance of singleton bean 'autoConfigurationReport'
2025-01-07T20:30:49.502+07:00 TRACE 27900 --- [csrf] [    Test worker] o.s.b.f.s.DefaultListableBeanFactory     : Returning cached instance of singleton bean 'autoConfigurationReport'
2025-01-07T20:30:49.502+07:00 TRACE 27900 --- [csrf] [    Test worker] o.s.b.f.s.DefaultListableBeanFactory     : Returning cached instance of singleton bean 'autoConfigurationReport'
2025-01-07T20:30:49.502+07:00 TRACE 27900 --- [csrf] [    Test worker] o.s.b.f.s.DefaultListableBeanFactory     : Returning cached instance of singleton bean 'autoConfigurationReport'
2025-01-07T20:30:49.503+07:00 TRACE 27900 --- [csrf] [    Test worker] o.s.b.f.s.DefaultListableBeanFactory     : Returning cached instance of singleton bean 'autoConfigurationReport'
2025-01-07T20:30:49.503+07:00 TRACE 27900 --- [csrf] [    Test worker] o.s.b.f.s.DefaultListableBeanFactory     : Returning cached instance of singleton bean 'autoConfigurationReport'
2025-01-07T20:30:49.503+07:00 TRACE 27900 --- [csrf] [    Test worker] o.s.b.f.s.DefaultListableBeanFactory     : Returning cached instance of singleton bean 'autoConfigurationReport'
2025-01-07T20:30:49.503+07:00 TRACE 27900 --- [csrf] [    Test worker] o.s.b.f.s.DefaultListableBeanFactory     : Returning cached instance of singleton bean 'autoConfigurationReport'
2025-01-07T20:30:49.503+07:00 TRACE 27900 --- [csrf] [    Test worker] o.s.b.f.s.DefaultListableBeanFactory     : Returning cached instance of singleton bean 'autoConfigurationReport'
2025-01-07T20:30:49.503+07:00 TRACE 27900 --- [csrf] [    Test worker] o.s.b.f.s.DefaultListableBeanFactory     : Returning cached instance of singleton bean 'autoConfigurationReport'
2025-01-07T20:30:49.503+07:00 TRACE 27900 --- [csrf] [    Test worker] o.s.b.f.s.DefaultListableBeanFactory     : Returning cached instance of singleton bean 'autoConfigurationReport'
2025-01-07T20:30:49.503+07:00 TRACE 27900 --- [csrf] [    Test worker] o.s.b.f.s.DefaultListableBeanFactory     : Returning cached instance of singleton bean 'autoConfigurationReport'
2025-01-07T20:30:49.503+07:00 TRACE 27900 --- [csrf] [    Test worker] o.s.b.f.s.DefaultListableBeanFactory     : Returning cached instance of singleton bean 'autoConfigurationReport'
2025-01-07T20:30:49.503+07:00 TRACE 27900 --- [csrf] [    Test worker] o.s.b.f.s.DefaultListableBeanFactory     : Returning cached instance of singleton bean 'autoConfigurationReport'
2025-01-07T20:30:49.503+07:00 TRACE 27900 --- [csrf] [    Test worker] o.s.b.f.s.DefaultListableBeanFactory     : Returning cached instance of singleton bean 'autoConfigurationReport'
2025-01-07T20:30:49.503+07:00 TRACE 27900 --- [csrf] [    Test worker] o.s.b.f.s.DefaultListableBeanFactory     : Returning cached instance of singleton bean 'autoConfigurationReport'
2025-01-07T20:30:49.503+07:00 TRACE 27900 --- [csrf] [    Test worker] o.s.b.f.s.DefaultListableBeanFactory     : Returning cached instance of singleton bean 'autoConfigurationReport'
2025-01-07T20:30:49.504+07:00 TRACE 27900 --- [csrf] [    Test worker] o.s.b.f.s.DefaultListableBeanFactory     : Returning cached instance of singleton bean 'autoConfigurationReport'
2025-01-07T20:30:49.504+07:00 TRACE 27900 --- [csrf] [    Test worker] o.s.b.f.s.DefaultListableBeanFactory     : Returning cached instance of singleton bean 'autoConfigurationReport'
2025-01-07T20:30:49.504+07:00 TRACE 27900 --- [csrf] [    Test worker] o.s.b.a.condition.OnClassCondition       : Condition OnClassCondition on org.springframework.boot.autoconfigure.security.oauth2.server.servlet.OAuth2AuthorizationServerAutoConfiguration matched due to @ConditionalOnClass found required class 'org.springframework.security.oauth2.server.authorization.OAuth2Authorization'
2025-01-07T20:30:49.504+07:00 TRACE 27900 --- [csrf] [    Test worker] o.s.b.f.s.DefaultListableBeanFactory     : Returning cached instance of singleton bean 'autoConfigurationReport'
2025-01-07T20:30:49.504+07:00 TRACE 27900 --- [csrf] [    Test worker] o.s.b.a.c.OnWebApplicationCondition      : Condition OnWebApplicationCondition on org.springframework.boot.autoconfigure.security.oauth2.server.servlet.OAuth2AuthorizationServerAutoConfiguration matched due to found 'session' scope
2025-01-07T20:30:49.504+07:00 TRACE 27900 --- [csrf] [    Test worker] o.s.b.f.s.DefaultListableBeanFactory     : Returning cached instance of singleton bean 'autoConfigurationReport'
2025-01-07T20:30:49.504+07:00 TRACE 27900 --- [csrf] [    Test worker] o.s.b.f.s.DefaultListableBeanFactory     : Returning cached instance of singleton bean 'autoConfigurationReport'
2025-01-07T20:30:49.504+07:00 TRACE 27900 --- [csrf] [    Test worker] o.s.b.f.s.DefaultListableBeanFactory     : Returning cached instance of singleton bean 'autoConfigurationReport'
2025-01-07T20:30:49.504+07:00 TRACE 27900 --- [csrf] [    Test worker] o.s.b.f.s.DefaultListableBeanFactory     : Returning cached instance of singleton bean 'autoConfigurationReport'
2025-01-07T20:30:49.505+07:00 TRACE 27900 --- [csrf] [    Test worker] o.s.b.f.s.DefaultListableBeanFactory     : Returning cached instance of singleton bean 'autoConfigurationReport'
2025-01-07T20:30:49.505+07:00 TRACE 27900 --- [csrf] [    Test worker] o.s.b.f.s.DefaultListableBeanFactory     : Returning cached instance of singleton bean 'autoConfigurationReport'
2025-01-07T20:30:49.505+07:00 TRACE 27900 --- [csrf] [    Test worker] o.s.b.f.s.DefaultListableBeanFactory     : Returning cached instance of singleton bean 'autoConfigurationReport'
2025-01-07T20:30:49.505+07:00 TRACE 27900 --- [csrf] [    Test worker] o.s.b.f.s.DefaultListableBeanFactory     : Returning cached instance of singleton bean 'autoConfigurationReport'
2025-01-07T20:30:49.505+07:00 TRACE 27900 --- [csrf] [    Test worker] o.s.b.f.s.DefaultListableBeanFactory     : Returning cached instance of singleton bean 'autoConfigurationReport'
2025-01-07T20:30:49.506+07:00 TRACE 27900 --- [csrf] [    Test worker] o.s.b.f.s.DefaultListableBeanFactory     : Returning cached instance of singleton bean 'autoConfigurationReport'
2025-01-07T20:30:49.506+07:00 TRACE 27900 --- [csrf] [    Test worker] o.s.b.f.s.DefaultListableBeanFactory     : Returning cached instance of singleton bean 'autoConfigurationReport'
2025-01-07T20:30:49.506+07:00 TRACE 27900 --- [csrf] [    Test worker] o.s.b.f.s.DefaultListableBeanFactory     : Returning cached instance of singleton bean 'autoConfigurationReport'
2025-01-07T20:30:49.506+07:00 TRACE 27900 --- [csrf] [    Test worker] o.s.b.f.s.DefaultListableBeanFactory     : Returning cached instance of singleton bean 'autoConfigurationReport'
2025-01-07T20:30:49.506+07:00 TRACE 27900 --- [csrf] [    Test worker] o.s.b.f.s.DefaultListableBeanFactory     : Returning cached instance of singleton bean 'autoConfigurationReport'
2025-01-07T20:30:49.506+07:00 TRACE 27900 --- [csrf] [    Test worker] o.s.b.f.s.DefaultListableBeanFactory     : Returning cached instance of singleton bean 'autoConfigurationReport'
2025-01-07T20:30:49.506+07:00 TRACE 27900 --- [csrf] [    Test worker] o.s.b.f.s.DefaultListableBeanFactory     : Returning cached instance of singleton bean 'autoConfigurationReport'
2025-01-07T20:30:49.506+07:00 TRACE 27900 --- [csrf] [    Test worker] o.s.b.a.condition.OnClassCondition       : Condition OnClassCondition on org.springframework.boot.autoconfigure.security.oauth2.resource.servlet.OAuth2ResourceServerAutoConfiguration matched due to @ConditionalOnClass found required class 'org.springframework.security.oauth2.server.resource.authentication.BearerTokenAuthenticationToken'
2025-01-07T20:30:49.506+07:00 TRACE 27900 --- [csrf] [    Test worker] o.s.b.f.s.DefaultListableBeanFactory     : Returning cached instance of singleton bean 'autoConfigurationReport'
2025-01-07T20:30:49.506+07:00 TRACE 27900 --- [csrf] [    Test worker] o.s.b.a.c.OnWebApplicationCondition      : Condition OnWebApplicationCondition on org.springframework.boot.autoconfigure.security.oauth2.resource.servlet.OAuth2ResourceServerAutoConfiguration matched due to found 'session' scope
2025-01-07T20:30:49.506+07:00 TRACE 27900 --- [csrf] [    Test worker] o.s.b.f.s.DefaultListableBeanFactory     : Returning cached instance of singleton bean 'autoConfigurationReport'
2025-01-07T20:30:49.506+07:00 TRACE 27900 --- [csrf] [    Test worker] o.s.b.f.s.DefaultListableBeanFactory     : Returning cached instance of singleton bean 'autoConfigurationReport'
2025-01-07T20:30:49.506+07:00 TRACE 27900 --- [csrf] [    Test worker] o.s.b.f.s.DefaultListableBeanFactory     : Returning cached instance of singleton bean 'autoConfigurationReport'
2025-01-07T20:30:49.506+07:00 TRACE 27900 --- [csrf] [    Test worker] o.s.b.f.s.DefaultListableBeanFactory     : Returning cached instance of singleton bean 'autoConfigurationReport'
2025-01-07T20:30:49.507+07:00 TRACE 27900 --- [csrf] [    Test worker] o.s.b.a.condition.OnClassCondition       : Condition OnClassCondition on org.springframework.boot.autoconfigure.security.oauth2.resource.servlet.Oauth2ResourceServerConfiguration$JwtConfiguration matched due to @ConditionalOnClass found required class 'org.springframework.security.oauth2.jwt.JwtDecoder'
2025-01-07T20:30:49.507+07:00 TRACE 27900 --- [csrf] [    Test worker] o.s.b.f.s.DefaultListableBeanFactory     : Returning cached instance of singleton bean 'autoConfigurationReport'
2025-01-07T20:30:49.507+07:00 TRACE 27900 --- [csrf] [    Test worker] o.s.b.f.s.DefaultListableBeanFactory     : Returning cached instance of singleton bean 'autoConfigurationReport'
2025-01-07T20:30:49.507+07:00 TRACE 27900 --- [csrf] [    Test worker] o.s.b.f.s.DefaultListableBeanFactory     : Returning cached instance of singleton bean 'autoConfigurationReport'
2025-01-07T20:30:49.507+07:00 TRACE 27900 --- [csrf] [    Test worker] o.s.b.f.s.DefaultListableBeanFactory     : Returning cached instance of singleton bean 'autoConfigurationReport'
2025-01-07T20:30:49.508+07:00 TRACE 27900 --- [csrf] [    Test worker] o.s.b.f.s.DefaultListableBeanFactory     : Returning cached instance of singleton bean 'autoConfigurationReport'
2025-01-07T20:30:49.508+07:00 TRACE 27900 --- [csrf] [    Test worker] o.s.b.f.s.DefaultListableBeanFactory     : Returning cached instance of singleton bean 'autoConfigurationReport'
2025-01-07T20:30:49.508+07:00 TRACE 27900 --- [csrf] [    Test worker] o.s.b.f.s.DefaultListableBeanFactory     : Returning cached instance of singleton bean 'autoConfigurationReport'
2025-01-07T20:30:49.508+07:00 TRACE 27900 --- [csrf] [    Test worker] o.s.b.f.s.DefaultListableBeanFactory     : Returning cached instance of singleton bean 'autoConfigurationReport'
2025-01-07T20:30:49.508+07:00 TRACE 27900 --- [csrf] [    Test worker] o.s.b.f.s.DefaultListableBeanFactory     : Returning cached instance of singleton bean 'autoConfigurationReport'
2025-01-07T20:30:49.508+07:00 TRACE 27900 --- [csrf] [    Test worker] o.s.b.f.s.DefaultListableBeanFactory     : Returning cached instance of singleton bean 'autoConfigurationReport'
2025-01-07T20:30:49.508+07:00 TRACE 27900 --- [csrf] [    Test worker] o.s.b.f.s.DefaultListableBeanFactory     : Returning cached instance of singleton bean 'autoConfigurationReport'
2025-01-07T20:30:49.508+07:00 TRACE 27900 --- [csrf] [    Test worker] o.s.b.f.s.DefaultListableBeanFactory     : Returning cached instance of singleton bean 'autoConfigurationReport'
2025-01-07T20:30:49.508+07:00 TRACE 27900 --- [csrf] [    Test worker] o.s.b.f.s.DefaultListableBeanFactory     : Returning cached instance of singleton bean 'autoConfigurationReport'
2025-01-07T20:30:49.508+07:00 TRACE 27900 --- [csrf] [    Test worker] o.s.b.f.s.DefaultListableBeanFactory     : Returning cached instance of singleton bean 'autoConfigurationReport'
2025-01-07T20:30:49.508+07:00 TRACE 27900 --- [csrf] [    Test worker] o.s.b.f.s.DefaultListableBeanFactory     : Returning cached instance of singleton bean 'autoConfigurationReport'
2025-01-07T20:30:49.508+07:00 TRACE 27900 --- [csrf] [    Test worker] o.s.b.f.s.DefaultListableBeanFactory     : Returning cached instance of singleton bean 'autoConfigurationReport'
2025-01-07T20:30:49.509+07:00 TRACE 27900 --- [csrf] [    Test worker] o.s.b.f.s.DefaultListableBeanFactory     : Returning cached instance of singleton bean 'autoConfigurationReport'
2025-01-07T20:30:49.509+07:00 TRACE 27900 --- [csrf] [    Test worker] o.s.b.f.s.DefaultListableBeanFactory     : Returning cached instance of singleton bean 'autoConfigurationReport'
2025-01-07T20:30:49.509+07:00 TRACE 27900 --- [csrf] [    Test worker] o.s.b.f.s.DefaultListableBeanFactory     : Returning cached instance of singleton bean 'autoConfigurationReport'
2025-01-07T20:30:49.509+07:00 TRACE 27900 --- [csrf] [    Test worker] o.s.b.f.s.DefaultListableBeanFactory     : Returning cached instance of singleton bean 'autoConfigurationReport'
2025-01-07T20:30:49.509+07:00 TRACE 27900 --- [csrf] [    Test worker] o.s.b.f.s.DefaultListableBeanFactory     : Returning cached instance of singleton bean 'autoConfigurationReport'
2025-01-07T20:30:49.509+07:00 TRACE 27900 --- [csrf] [    Test worker] o.s.b.f.s.DefaultListableBeanFactory     : Returning cached instance of singleton bean 'autoConfigurationReport'
2025-01-07T20:30:49.509+07:00 TRACE 27900 --- [csrf] [    Test worker] o.s.b.f.s.DefaultListableBeanFactory     : Returning cached instance of singleton bean 'autoConfigurationReport'
2025-01-07T20:30:49.509+07:00 TRACE 27900 --- [csrf] [    Test worker] o.s.b.f.s.DefaultListableBeanFactory     : Returning cached instance of singleton bean 'autoConfigurationReport'
2025-01-07T20:30:49.509+07:00 TRACE 27900 --- [csrf] [    Test worker] o.s.b.f.s.DefaultListableBeanFactory     : Returning cached instance of singleton bean 'autoConfigurationReport'
2025-01-07T20:30:49.509+07:00 TRACE 27900 --- [csrf] [    Test worker] o.s.b.f.s.DefaultListableBeanFactory     : Returning cached instance of singleton bean 'autoConfigurationReport'
2025-01-07T20:30:49.509+07:00 TRACE 27900 --- [csrf] [    Test worker] o.s.b.f.s.DefaultListableBeanFactory     : Returning cached instance of singleton bean 'autoConfigurationReport'
2025-01-07T20:30:49.509+07:00 TRACE 27900 --- [csrf] [    Test worker] o.s.b.f.s.DefaultListableBeanFactory     : Returning cached instance of singleton bean 'autoConfigurationReport'
2025-01-07T20:30:49.509+07:00 TRACE 27900 --- [csrf] [    Test worker] o.s.b.a.condition.OnClassCondition       : Condition OnClassCondition on org.springframework.boot.autoconfigure.security.servlet.SecurityAutoConfiguration matched due to @ConditionalOnClass found required class 'org.springframework.security.authentication.DefaultAuthenticationEventPublisher'
2025-01-07T20:30:49.509+07:00 TRACE 27900 --- [csrf] [    Test worker] o.s.b.f.s.DefaultListableBeanFactory     : Returning cached instance of singleton bean 'autoConfigurationReport'
2025-01-07T20:30:49.509+07:00 TRACE 27900 --- [csrf] [    Test worker] o.s.b.f.s.DefaultListableBeanFactory     : Returning cached instance of singleton bean 'autoConfigurationReport'
2025-01-07T20:30:49.509+07:00 TRACE 27900 --- [csrf] [    Test worker] o.s.b.f.s.DefaultListableBeanFactory     : Returning cached instance of singleton bean 'autoConfigurationReport'
2025-01-07T20:30:49.509+07:00 TRACE 27900 --- [csrf] [    Test worker] o.s.b.f.s.DefaultListableBeanFactory     : Returning cached instance of singleton bean 'autoConfigurationReport'
2025-01-07T20:30:49.510+07:00 TRACE 27900 --- [csrf] [    Test worker] o.s.b.a.c.OnWebApplicationCondition      : Condition OnWebApplicationCondition on org.springframework.boot.autoconfigure.security.servlet.SpringBootWebSecurityConfiguration matched due to found 'session' scope
2025-01-07T20:30:49.510+07:00 TRACE 27900 --- [csrf] [    Test worker] o.s.b.f.s.DefaultListableBeanFactory     : Returning cached instance of singleton bean 'autoConfigurationReport'
2025-01-07T20:30:49.510+07:00 TRACE 27900 --- [csrf] [    Test worker] o.s.b.f.s.DefaultListableBeanFactory     : Returning cached instance of singleton bean 'autoConfigurationReport'
2025-01-07T20:30:49.510+07:00 TRACE 27900 --- [csrf] [    Test worker] o.s.b.f.s.DefaultListableBeanFactory     : Returning cached instance of singleton bean 'autoConfigurationReport'
2025-01-07T20:30:49.510+07:00 TRACE 27900 --- [csrf] [    Test worker] o.s.b.f.s.DefaultListableBeanFactory     : Returning cached instance of singleton bean 'autoConfigurationReport'
2025-01-07T20:30:49.512+07:00 TRACE 27900 --- [csrf] [    Test worker] o.s.b.a.condition.OnClassCondition       : Condition OnClassCondition on org.springframework.boot.autoconfigure.security.servlet.SpringBootWebSecurityConfiguration$WebSecurityEnablerConfiguration matched due to @ConditionalOnClass found required class 'org.springframework.security.config.annotation.web.configuration.EnableWebSecurity'
2025-01-07T20:30:49.512+07:00 TRACE 27900 --- [csrf] [    Test worker] o.s.b.f.s.DefaultListableBeanFactory     : Returning cached instance of singleton bean 'autoConfigurationReport'
2025-01-07T20:30:49.512+07:00 TRACE 27900 --- [csrf] [    Test worker] o.s.b.f.s.DefaultListableBeanFactory     : Returning cached instance of singleton bean 'autoConfigurationReport'
2025-01-07T20:30:49.512+07:00 TRACE 27900 --- [csrf] [    Test worker] o.s.b.f.s.DefaultListableBeanFactory     : Returning cached instance of singleton bean 'autoConfigurationReport'
2025-01-07T20:30:49.512+07:00 TRACE 27900 --- [csrf] [    Test worker] o.s.b.f.s.DefaultListableBeanFactory     : Returning cached instance of singleton bean 'autoConfigurationReport'
2025-01-07T20:30:49.514+07:00 TRACE 27900 --- [csrf] [    Test worker] o.s.b.f.s.DefaultListableBeanFactory     : Returning cached instance of singleton bean 'autoConfigurationReport'
2025-01-07T20:30:49.514+07:00 TRACE 27900 --- [csrf] [    Test worker] o.s.b.f.s.DefaultListableBeanFactory     : Returning cached instance of singleton bean 'autoConfigurationReport'
2025-01-07T20:30:49.514+07:00 TRACE 27900 --- [csrf] [    Test worker] o.s.b.f.s.DefaultListableBeanFactory     : Returning cached instance of singleton bean 'autoConfigurationReport'
2025-01-07T20:30:49.514+07:00 TRACE 27900 --- [csrf] [    Test worker] o.s.b.f.s.DefaultListableBeanFactory     : Returning cached instance of singleton bean 'autoConfigurationReport'
2025-01-07T20:30:49.514+07:00 TRACE 27900 --- [csrf] [    Test worker] o.s.b.f.s.DefaultListableBeanFactory     : Returning cached instance of singleton bean 'autoConfigurationReport'
2025-01-07T20:30:49.514+07:00 TRACE 27900 --- [csrf] [    Test worker] o.s.b.f.s.DefaultListableBeanFactory     : Returning cached instance of singleton bean 'autoConfigurationReport'
2025-01-07T20:30:49.515+07:00 TRACE 27900 --- [csrf] [    Test worker] o.s.b.f.s.DefaultListableBeanFactory     : Returning cached instance of singleton bean 'autoConfigurationReport'
2025-01-07T20:30:49.515+07:00 TRACE 27900 --- [csrf] [    Test worker] o.s.b.f.s.DefaultListableBeanFactory     : Returning cached instance of singleton bean 'autoConfigurationReport'
2025-01-07T20:30:49.515+07:00 TRACE 27900 --- [csrf] [    Test worker] o.s.b.f.s.DefaultListableBeanFactory     : Returning cached instance of singleton bean 'autoConfigurationReport'
2025-01-07T20:30:49.515+07:00 TRACE 27900 --- [csrf] [    Test worker] o.s.b.f.s.DefaultListableBeanFactory     : Returning cached instance of singleton bean 'autoConfigurationReport'
2025-01-07T20:30:49.515+07:00 TRACE 27900 --- [csrf] [    Test worker] o.s.b.f.s.DefaultListableBeanFactory     : Returning cached instance of singleton bean 'autoConfigurationReport'
2025-01-07T20:30:49.515+07:00 TRACE 27900 --- [csrf] [    Test worker] o.s.b.f.s.DefaultListableBeanFactory     : Returning cached instance of singleton bean 'autoConfigurationReport'
2025-01-07T20:30:49.515+07:00 TRACE 27900 --- [csrf] [    Test worker] o.s.b.f.s.DefaultListableBeanFactory     : Returning cached instance of singleton bean 'autoConfigurationReport'
2025-01-07T20:30:49.515+07:00 TRACE 27900 --- [csrf] [    Test worker] o.s.b.f.s.DefaultListableBeanFactory     : Returning cached instance of singleton bean 'autoConfigurationReport'
2025-01-07T20:30:49.515+07:00 TRACE 27900 --- [csrf] [    Test worker] o.s.b.f.s.DefaultListableBeanFactory     : Returning cached instance of singleton bean 'autoConfigurationReport'
2025-01-07T20:30:49.516+07:00 TRACE 27900 --- [csrf] [    Test worker] o.s.b.f.s.DefaultListableBeanFactory     : Returning cached instance of singleton bean 'autoConfigurationReport'
2025-01-07T20:30:49.516+07:00 TRACE 27900 --- [csrf] [    Test worker] o.s.b.f.s.DefaultListableBeanFactory     : Returning cached instance of singleton bean 'autoConfigurationReport'
2025-01-07T20:30:49.516+07:00 TRACE 27900 --- [csrf] [    Test worker] o.s.b.f.s.DefaultListableBeanFactory     : Returning cached instance of singleton bean 'autoConfigurationReport'
2025-01-07T20:30:49.516+07:00 TRACE 27900 --- [csrf] [    Test worker] o.s.b.f.s.DefaultListableBeanFactory     : Returning cached instance of singleton bean 'autoConfigurationReport'
2025-01-07T20:30:49.516+07:00 TRACE 27900 --- [csrf] [    Test worker] o.s.b.f.s.DefaultListableBeanFactory     : Returning cached instance of singleton bean 'autoConfigurationReport'
2025-01-07T20:30:49.516+07:00 TRACE 27900 --- [csrf] [    Test worker] o.s.b.f.s.DefaultListableBeanFactory     : Returning cached instance of singleton bean 'autoConfigurationReport'
2025-01-07T20:30:49.517+07:00 TRACE 27900 --- [csrf] [    Test worker] o.s.b.f.s.DefaultListableBeanFactory     : Returning cached instance of singleton bean 'autoConfigurationReport'
2025-01-07T20:30:49.517+07:00 TRACE 27900 --- [csrf] [    Test worker] o.s.b.f.s.DefaultListableBeanFactory     : Returning cached instance of singleton bean 'autoConfigurationReport'
2025-01-07T20:30:49.517+07:00 TRACE 27900 --- [csrf] [    Test worker] o.s.b.f.s.DefaultListableBeanFactory     : Returning cached instance of singleton bean 'autoConfigurationReport'
2025-01-07T20:30:49.517+07:00 TRACE 27900 --- [csrf] [    Test worker] o.s.b.f.s.DefaultListableBeanFactory     : Returning cached instance of singleton bean 'autoConfigurationReport'
2025-01-07T20:30:49.517+07:00 TRACE 27900 --- [csrf] [    Test worker] o.s.b.f.s.DefaultListableBeanFactory     : Returning cached instance of singleton bean 'autoConfigurationReport'
2025-01-07T20:30:49.517+07:00 TRACE 27900 --- [csrf] [    Test worker] o.s.b.f.s.DefaultListableBeanFactory     : Returning cached instance of singleton bean 'autoConfigurationReport'
2025-01-07T20:30:49.517+07:00 TRACE 27900 --- [csrf] [    Test worker] o.s.b.a.condition.OnClassCondition       : Condition OnClassCondition on org.springframework.boot.autoconfigure.security.SecurityDataConfiguration did not match due to @ConditionalOnClass did not find required class 'org.springframework.security.data.repository.query.SecurityEvaluationContextExtension'
2025-01-07T20:30:49.517+07:00 TRACE 27900 --- [csrf] [    Test worker] o.s.b.f.s.DefaultListableBeanFactory     : Returning cached instance of singleton bean 'autoConfigurationReport'
2025-01-07T20:30:49.517+07:00 TRACE 27900 --- [csrf] [    Test worker] o.s.b.f.s.DefaultListableBeanFactory     : Returning cached instance of singleton bean 'autoConfigurationReport'
2025-01-07T20:30:49.517+07:00 TRACE 27900 --- [csrf] [    Test worker] o.s.b.f.s.DefaultListableBeanFactory     : Returning cached instance of singleton bean 'autoConfigurationReport'
2025-01-07T20:30:49.517+07:00 TRACE 27900 --- [csrf] [    Test worker] o.s.b.f.s.DefaultListableBeanFactory     : Returning cached instance of singleton bean 'autoConfigurationReport'
2025-01-07T20:30:49.517+07:00 TRACE 27900 --- [csrf] [    Test worker] o.s.b.f.s.DefaultListableBeanFactory     : Returning cached instance of singleton bean 'autoConfigurationReport'
2025-01-07T20:30:49.517+07:00 TRACE 27900 --- [csrf] [    Test worker] o.s.b.f.s.DefaultListableBeanFactory     : Returning cached instance of singleton bean 'autoConfigurationReport'
2025-01-07T20:30:49.517+07:00 TRACE 27900 --- [csrf] [    Test worker] o.s.b.f.s.DefaultListableBeanFactory     : Returning cached instance of singleton bean 'autoConfigurationReport'
2025-01-07T20:30:49.518+07:00 TRACE 27900 --- [csrf] [    Test worker] o.s.b.a.condition.OnClassCondition       : Condition OnClassCondition on org.springframework.boot.autoconfigure.security.servlet.UserDetailsServiceAutoConfiguration matched due to @ConditionalOnClass found required class 'org.springframework.security.authentication.AuthenticationManager'
2025-01-07T20:30:49.518+07:00 TRACE 27900 --- [csrf] [    Test worker] o.s.b.f.s.DefaultListableBeanFactory     : Returning cached instance of singleton bean 'autoConfigurationReport'
2025-01-07T20:30:49.518+07:00 TRACE 27900 --- [csrf] [    Test worker] o.s.b.a.c.OnWebApplicationCondition      : Condition OnWebApplicationCondition on org.springframework.boot.autoconfigure.security.servlet.UserDetailsServiceAutoConfiguration matched due to found 'session' scope
2025-01-07T20:30:49.518+07:00 TRACE 27900 --- [csrf] [    Test worker] o.s.b.f.s.DefaultListableBeanFactory     : Returning cached instance of singleton bean 'autoConfigurationReport'
2025-01-07T20:30:49.519+07:00 TRACE 27900 --- [csrf] [    Test worker] ingAlternativeOrUserPropertiesConfigured : Condition UserDetailsServiceAutoConfiguration.MissingAlternativeOrUserPropertiesConfigured on org.springframework.boot.autoconfigure.security.servlet.UserDetailsServiceAutoConfiguration did not match due to AnyNestedCondition 0 matched 3 did not; NestedCondition on UserDetailsServiceAutoConfiguration.MissingAlternativeOrUserPropertiesConfigured.PasswordConfigured @ConditionalOnProperty (spring.security.user.password) did not find property 'password'; NestedCondition on UserDetailsServiceAutoConfiguration.MissingAlternativeOrUserPropertiesConfigured.NameConfigured @ConditionalOnProperty (spring.security.user.name) did not find property 'name'; NestedCondition on UserDetailsServiceAutoConfiguration.MissingAlternativeOrUserPropertiesConfigured.MissingAlternative @ConditionalOnMissingClass found unwanted class 'org.springframework.security.oauth2.server.resource.introspection.OpaqueTokenIntrospector'
2025-01-07T20:30:49.519+07:00 TRACE 27900 --- [csrf] [    Test worker] o.s.b.f.s.DefaultListableBeanFactory     : Returning cached instance of singleton bean 'autoConfigurationReport'
2025-01-07T20:30:49.519+07:00 TRACE 27900 --- [csrf] [    Test worker] o.s.b.f.s.DefaultListableBeanFactory     : Returning cached instance of singleton bean 'autoConfigurationReport'
2025-01-07T20:30:49.519+07:00 TRACE 27900 --- [csrf] [    Test worker] o.s.b.f.s.DefaultListableBeanFactory     : Returning cached instance of singleton bean 'autoConfigurationReport'
2025-01-07T20:30:49.519+07:00 TRACE 27900 --- [csrf] [    Test worker] o.s.b.f.s.DefaultListableBeanFactory     : Returning cached instance of singleton bean 'autoConfigurationReport'
2025-01-07T20:30:49.519+07:00 TRACE 27900 --- [csrf] [    Test worker] o.s.b.f.s.DefaultListableBeanFactory     : Returning cached instance of singleton bean 'autoConfigurationReport'
2025-01-07T20:30:49.519+07:00 TRACE 27900 --- [csrf] [    Test worker] o.s.b.f.s.DefaultListableBeanFactory     : Returning cached instance of singleton bean 'autoConfigurationReport'
2025-01-07T20:30:49.519+07:00 TRACE 27900 --- [csrf] [    Test worker] o.s.b.f.s.DefaultListableBeanFactory     : Returning cached instance of singleton bean 'autoConfigurationReport'
2025-01-07T20:30:49.519+07:00 TRACE 27900 --- [csrf] [    Test worker] o.s.b.a.condition.OnClassCondition       : Condition OnClassCondition on org.springframework.boot.autoconfigure.security.oauth2.server.servlet.OAuth2AuthorizationServerJwtAutoConfiguration matched due to @ConditionalOnClass found required class 'org.springframework.security.oauth2.server.authorization.OAuth2Authorization'
2025-01-07T20:30:49.519+07:00 TRACE 27900 --- [csrf] [    Test worker] o.s.b.f.s.DefaultListableBeanFactory     : Returning cached instance of singleton bean 'autoConfigurationReport'
2025-01-07T20:30:49.519+07:00 TRACE 27900 --- [csrf] [    Test worker] o.s.b.a.c.OnWebApplicationCondition      : Condition OnWebApplicationCondition on org.springframework.boot.autoconfigure.security.oauth2.server.servlet.OAuth2AuthorizationServerJwtAutoConfiguration matched due to found 'session' scope
2025-01-07T20:30:49.519+07:00 TRACE 27900 --- [csrf] [    Test worker] o.s.b.f.s.DefaultListableBeanFactory     : Returning cached instance of singleton bean 'autoConfigurationReport'
2025-01-07T20:30:49.519+07:00 TRACE 27900 --- [csrf] [    Test worker] o.s.b.f.s.DefaultListableBeanFactory     : Returning cached instance of singleton bean 'autoConfigurationReport'
2025-01-07T20:30:49.519+07:00 TRACE 27900 --- [csrf] [    Test worker] o.s.b.f.s.DefaultListableBeanFactory     : Returning cached instance of singleton bean 'autoConfigurationReport'
2025-01-07T20:30:49.519+07:00 TRACE 27900 --- [csrf] [    Test worker] o.s.b.f.s.DefaultListableBeanFactory     : Returning cached instance of singleton bean 'autoConfigurationReport'
2025-01-07T20:30:49.520+07:00 TRACE 27900 --- [csrf] [    Test worker] o.s.b.f.s.DefaultListableBeanFactory     : Returning cached instance of singleton bean 'autoConfigurationReport'
2025-01-07T20:30:49.520+07:00 TRACE 27900 --- [csrf] [    Test worker] o.s.b.f.s.DefaultListableBeanFactory     : Returning cached instance of singleton bean 'autoConfigurationReport'
2025-01-07T20:30:49.520+07:00 TRACE 27900 --- [csrf] [    Test worker] o.s.b.f.s.DefaultListableBeanFactory     : Returning cached instance of singleton bean 'autoConfigurationReport'
2025-01-07T20:30:49.520+07:00 TRACE 27900 --- [csrf] [    Test worker] o.s.b.f.s.DefaultListableBeanFactory     : Returning cached instance of singleton bean 'autoConfigurationReport'
2025-01-07T20:30:49.520+07:00 TRACE 27900 --- [csrf] [    Test worker] o.s.b.f.s.DefaultListableBeanFactory     : Returning cached instance of singleton bean 'autoConfigurationReport'
2025-01-07T20:30:49.520+07:00 TRACE 27900 --- [csrf] [    Test worker] o.s.b.f.s.DefaultListableBeanFactory     : Returning cached instance of singleton bean 'autoConfigurationReport'
2025-01-07T20:30:49.521+07:00 TRACE 27900 --- [csrf] [    Test worker] o.s.b.a.condition.OnClassCondition       : Condition OnClassCondition on org.springframework.boot.autoconfigure.security.reactive.ReactiveUserDetailsServiceAutoConfiguration matched due to @ConditionalOnClass found required class 'org.springframework.security.authentication.ReactiveAuthenticationManager'
2025-01-07T20:30:49.521+07:00 TRACE 27900 --- [csrf] [    Test worker] o.s.b.f.s.DefaultListableBeanFactory     : Returning cached instance of singleton bean 'autoConfigurationReport'
2025-01-07T20:30:49.525+07:00 TRACE 27900 --- [csrf] [    Test worker] ingAlternativeOrUserPropertiesConfigured : Condition ReactiveUserDetailsServiceAutoConfiguration.MissingAlternativeOrUserPropertiesConfigured on org.springframework.boot.autoconfigure.security.reactive.ReactiveUserDetailsServiceAutoConfiguration did not match due to AnyNestedCondition 0 matched 3 did not; NestedCondition on ReactiveUserDetailsServiceAutoConfiguration.MissingAlternativeOrUserPropertiesConfigured.PasswordConfigured @ConditionalOnProperty (spring.security.user.password) did not find property 'password'; NestedCondition on ReactiveUserDetailsServiceAutoConfiguration.MissingAlternativeOrUserPropertiesConfigured.NameConfigured @ConditionalOnProperty (spring.security.user.name) did not find property 'name'; NestedCondition on ReactiveUserDetailsServiceAutoConfiguration.MissingAlternativeOrUserPropertiesConfigured.MissingAlternative @ConditionalOnMissingClass found unwanted class 'org.springframework.security.oauth2.server.resource.introspection.ReactiveOpaqueTokenIntrospector'
2025-01-07T20:30:49.525+07:00 TRACE 27900 --- [csrf] [    Test worker] o.s.b.f.s.DefaultListableBeanFactory     : Returning cached instance of singleton bean 'autoConfigurationReport'
2025-01-07T20:30:49.525+07:00 TRACE 27900 --- [csrf] [    Test worker] o.s.b.f.s.DefaultListableBeanFactory     : Returning cached instance of singleton bean 'autoConfigurationReport'
2025-01-07T20:30:49.525+07:00 TRACE 27900 --- [csrf] [    Test worker] o.s.b.f.s.DefaultListableBeanFactory     : Returning cached instance of singleton bean 'autoConfigurationReport'
2025-01-07T20:30:49.525+07:00 TRACE 27900 --- [csrf] [    Test worker] o.s.b.f.s.DefaultListableBeanFactory     : Returning cached instance of singleton bean 'autoConfigurationReport'
2025-01-07T20:30:49.525+07:00 TRACE 27900 --- [csrf] [    Test worker] o.s.b.f.s.DefaultListableBeanFactory     : Returning cached instance of singleton bean 'autoConfigurationReport'
2025-01-07T20:30:49.525+07:00 TRACE 27900 --- [csrf] [    Test worker] o.s.b.f.s.DefaultListableBeanFactory     : Returning cached instance of singleton bean 'autoConfigurationReport'
2025-01-07T20:30:49.525+07:00 TRACE 27900 --- [csrf] [    Test worker] o.s.b.f.s.DefaultListableBeanFactory     : Returning cached instance of singleton bean 'autoConfigurationReport'
2025-01-07T20:30:49.525+07:00 TRACE 27900 --- [csrf] [    Test worker] o.s.b.a.condition.OnClassCondition       : Condition OnClassCondition on org.springframework.boot.autoconfigure.security.servlet.SecurityFilterAutoConfiguration matched due to @ConditionalOnClass found required classes 'org.springframework.security.web.context.AbstractSecurityWebApplicationInitializer', 'org.springframework.security.config.http.SessionCreationPolicy'
2025-01-07T20:30:49.525+07:00 TRACE 27900 --- [csrf] [    Test worker] o.s.b.f.s.DefaultListableBeanFactory     : Returning cached instance of singleton bean 'autoConfigurationReport'
2025-01-07T20:30:49.525+07:00 TRACE 27900 --- [csrf] [    Test worker] o.s.b.a.c.OnWebApplicationCondition      : Condition OnWebApplicationCondition on org.springframework.boot.autoconfigure.security.servlet.SecurityFilterAutoConfiguration matched due to found 'session' scope
2025-01-07T20:30:49.525+07:00 TRACE 27900 --- [csrf] [    Test worker] o.s.b.f.s.DefaultListableBeanFactory     : Returning cached instance of singleton bean 'autoConfigurationReport'
2025-01-07T20:30:49.525+07:00 TRACE 27900 --- [csrf] [    Test worker] o.s.b.f.s.DefaultListableBeanFactory     : Returning cached instance of singleton bean 'autoConfigurationReport'
2025-01-07T20:30:49.525+07:00 TRACE 27900 --- [csrf] [    Test worker] o.s.b.f.s.DefaultListableBeanFactory     : Returning cached instance of singleton bean 'autoConfigurationReport'
2025-01-07T20:30:49.525+07:00 TRACE 27900 --- [csrf] [    Test worker] o.s.b.f.s.DefaultListableBeanFactory     : Returning cached instance of singleton bean 'autoConfigurationReport'
2025-01-07T20:30:49.525+07:00 TRACE 27900 --- [csrf] [    Test worker] o.s.b.f.s.DefaultListableBeanFactory     : Returning cached instance of singleton bean 'autoConfigurationReport'
2025-01-07T20:30:49.525+07:00 TRACE 27900 --- [csrf] [    Test worker] o.s.b.f.s.DefaultListableBeanFactory     : Returning cached instance of singleton bean 'autoConfigurationReport'
2025-01-07T20:30:49.525+07:00 TRACE 27900 --- [csrf] [    Test worker] o.s.b.f.s.DefaultListableBeanFactory     : Returning cached instance of singleton bean 'autoConfigurationReport'
2025-01-07T20:30:49.525+07:00 TRACE 27900 --- [csrf] [    Test worker] o.s.b.f.s.DefaultListableBeanFactory     : Returning cached instance of singleton bean 'autoConfigurationReport'
2025-01-07T20:30:49.525+07:00 TRACE 27900 --- [csrf] [    Test worker] o.s.b.f.s.DefaultListableBeanFactory     : Returning cached instance of singleton bean 'autoConfigurationReport'
2025-01-07T20:30:49.525+07:00 TRACE 27900 --- [csrf] [    Test worker] o.s.b.f.s.DefaultListableBeanFactory     : Returning cached instance of singleton bean 'autoConfigurationReport'
2025-01-07T20:30:49.526+07:00 TRACE 27900 --- [csrf] [    Test worker] o.s.b.a.condition.OnPropertyCondition    : Condition OnPropertyCondition on org.springframework.boot.autoconfigure.sql.init.SqlInitializationAutoConfiguration matched due to @ConditionalOnProperty (spring.sql.init.enabled) matched
2025-01-07T20:30:49.526+07:00 TRACE 27900 --- [csrf] [    Test worker] o.s.b.f.s.DefaultListableBeanFactory     : Returning cached instance of singleton bean 'autoConfigurationReport'
2025-01-07T20:30:49.526+07:00 TRACE 27900 --- [csrf] [    Test worker] iguration$SqlInitializationModeCondition : Condition SqlInitializationAutoConfiguration.SqlInitializationModeCondition on org.springframework.boot.autoconfigure.sql.init.SqlInitializationAutoConfiguration matched due to NoneNestedConditions 0 matched 1 did not; NestedCondition on SqlInitializationAutoConfiguration.SqlInitializationModeCondition.ModeIsNever @ConditionalOnProperty (spring.sql.init.mode=never) did not find property 'mode'
2025-01-07T20:30:49.526+07:00 TRACE 27900 --- [csrf] [    Test worker] o.s.b.f.s.DefaultListableBeanFactory     : Returning cached instance of singleton bean 'autoConfigurationReport'
2025-01-07T20:30:49.526+07:00 TRACE 27900 --- [csrf] [    Test worker] o.s.b.f.s.DefaultListableBeanFactory     : Returning cached instance of singleton bean 'autoConfigurationReport'
2025-01-07T20:30:49.526+07:00 TRACE 27900 --- [csrf] [    Test worker] o.s.b.f.s.DefaultListableBeanFactory     : Returning cached instance of singleton bean 'autoConfigurationReport'
2025-01-07T20:30:49.526+07:00 TRACE 27900 --- [csrf] [    Test worker] o.s.b.f.s.DefaultListableBeanFactory     : Returning cached instance of singleton bean 'autoConfigurationReport'
2025-01-07T20:30:49.527+07:00 TRACE 27900 --- [csrf] [    Test worker] o.s.b.a.condition.OnClassCondition       : Condition OnClassCondition on org.springframework.boot.autoconfigure.sql.init.R2dbcInitializationConfiguration did not match due to @ConditionalOnClass did not find required classes 'io.r2dbc.spi.ConnectionFactory', 'org.springframework.r2dbc.connection.init.DatabasePopulator'
2025-01-07T20:30:49.527+07:00 TRACE 27900 --- [csrf] [    Test worker] o.s.b.f.s.DefaultListableBeanFactory     : Returning cached instance of singleton bean 'autoConfigurationReport'
2025-01-07T20:30:49.527+07:00 TRACE 27900 --- [csrf] [    Test worker] o.s.b.a.condition.OnClassCondition       : Condition OnClassCondition on org.springframework.boot.autoconfigure.sql.init.DataSourceInitializationConfiguration did not match due to @ConditionalOnClass did not find required class 'org.springframework.jdbc.datasource.init.DatabasePopulator'
2025-01-07T20:30:49.527+07:00 TRACE 27900 --- [csrf] [    Test worker] o.s.b.f.s.DefaultListableBeanFactory     : Returning cached instance of singleton bean 'autoConfigurationReport'
2025-01-07T20:30:49.527+07:00 TRACE 27900 --- [csrf] [    Test worker] o.s.b.f.s.DefaultListableBeanFactory     : Returning cached instance of singleton bean 'autoConfigurationReport'
2025-01-07T20:30:49.527+07:00 TRACE 27900 --- [csrf] [    Test worker] o.s.b.f.s.DefaultListableBeanFactory     : Returning cached instance of singleton bean 'autoConfigurationReport'
2025-01-07T20:30:49.527+07:00 TRACE 27900 --- [csrf] [    Test worker] o.s.b.f.s.DefaultListableBeanFactory     : Returning cached instance of singleton bean 'autoConfigurationReport'
2025-01-07T20:30:49.527+07:00 TRACE 27900 --- [csrf] [    Test worker] o.s.b.f.s.DefaultListableBeanFactory     : Returning cached instance of singleton bean 'autoConfigurationReport'
2025-01-07T20:30:49.527+07:00 TRACE 27900 --- [csrf] [    Test worker] o.s.b.f.s.DefaultListableBeanFactory     : Returning cached instance of singleton bean 'autoConfigurationReport'
2025-01-07T20:30:49.527+07:00 TRACE 27900 --- [csrf] [    Test worker] o.s.b.f.s.DefaultListableBeanFactory     : Returning cached instance of singleton bean 'autoConfigurationReport'
2025-01-07T20:30:49.528+07:00 TRACE 27900 --- [csrf] [    Test worker] o.s.b.a.condition.OnClassCondition       : Condition OnClassCondition on org.springframework.boot.autoconfigure.task.TaskSchedulingAutoConfiguration matched due to @ConditionalOnClass found required class 'org.springframework.scheduling.concurrent.ThreadPoolTaskScheduler'
2025-01-07T20:30:49.528+07:00 TRACE 27900 --- [csrf] [    Test worker] o.s.b.f.s.DefaultListableBeanFactory     : Returning cached instance of singleton bean 'autoConfigurationReport'
2025-01-07T20:30:49.528+07:00 TRACE 27900 --- [csrf] [    Test worker] o.s.b.f.s.DefaultListableBeanFactory     : Returning cached instance of singleton bean 'autoConfigurationReport'
2025-01-07T20:30:49.528+07:00 TRACE 27900 --- [csrf] [    Test worker] o.s.b.f.s.DefaultListableBeanFactory     : Returning cached instance of singleton bean 'autoConfigurationReport'
2025-01-07T20:30:49.528+07:00 TRACE 27900 --- [csrf] [    Test worker] o.s.b.f.s.DefaultListableBeanFactory     : Returning cached instance of singleton bean 'autoConfigurationReport'
2025-01-07T20:30:49.528+07:00 TRACE 27900 --- [csrf] [    Test worker] o.s.b.f.s.DefaultListableBeanFactory     : Returning cached instance of singleton bean 'autoConfigurationReport'
2025-01-07T20:30:49.528+07:00 TRACE 27900 --- [csrf] [    Test worker] o.s.b.f.s.DefaultListableBeanFactory     : Returning cached instance of singleton bean 'autoConfigurationReport'
2025-01-07T20:30:49.528+07:00 TRACE 27900 --- [csrf] [    Test worker] o.s.b.f.s.DefaultListableBeanFactory     : Returning cached instance of singleton bean 'autoConfigurationReport'
2025-01-07T20:30:49.528+07:00 TRACE 27900 --- [csrf] [    Test worker] o.s.b.f.s.DefaultListableBeanFactory     : Returning cached instance of singleton bean 'autoConfigurationReport'
2025-01-07T20:30:49.528+07:00 TRACE 27900 --- [csrf] [    Test worker] o.s.b.f.s.DefaultListableBeanFactory     : Returning cached instance of singleton bean 'autoConfigurationReport'
2025-01-07T20:30:49.528+07:00 TRACE 27900 --- [csrf] [    Test worker] o.s.b.f.s.DefaultListableBeanFactory     : Returning cached instance of singleton bean 'autoConfigurationReport'
2025-01-07T20:30:49.528+07:00 TRACE 27900 --- [csrf] [    Test worker] o.s.b.f.s.DefaultListableBeanFactory     : Returning cached instance of singleton bean 'autoConfigurationReport'
2025-01-07T20:30:49.528+07:00 TRACE 27900 --- [csrf] [    Test worker] o.s.b.f.s.DefaultListableBeanFactory     : Returning cached instance of singleton bean 'autoConfigurationReport'
2025-01-07T20:30:49.528+07:00 TRACE 27900 --- [csrf] [    Test worker] o.s.b.f.s.DefaultListableBeanFactory     : Returning cached instance of singleton bean 'autoConfigurationReport'
2025-01-07T20:30:49.528+07:00 TRACE 27900 --- [csrf] [    Test worker] o.s.b.f.s.DefaultListableBeanFactory     : Returning cached instance of singleton bean 'autoConfigurationReport'
2025-01-07T20:30:49.528+07:00 TRACE 27900 --- [csrf] [    Test worker] o.s.b.f.s.DefaultListableBeanFactory     : Returning cached instance of singleton bean 'autoConfigurationReport'
2025-01-07T20:30:49.528+07:00 TRACE 27900 --- [csrf] [    Test worker] o.s.b.f.s.DefaultListableBeanFactory     : Returning cached instance of singleton bean 'autoConfigurationReport'
2025-01-07T20:30:49.528+07:00 TRACE 27900 --- [csrf] [    Test worker] o.s.b.f.s.DefaultListableBeanFactory     : Returning cached instance of singleton bean 'autoConfigurationReport'
2025-01-07T20:30:49.528+07:00 TRACE 27900 --- [csrf] [    Test worker] o.s.b.f.s.DefaultListableBeanFactory     : Returning cached instance of singleton bean 'autoConfigurationReport'
2025-01-07T20:30:49.528+07:00 TRACE 27900 --- [csrf] [    Test worker] o.s.b.f.s.DefaultListableBeanFactory     : Returning cached instance of singleton bean 'autoConfigurationReport'
2025-01-07T20:30:49.529+07:00 TRACE 27900 --- [csrf] [    Test worker] o.s.b.a.condition.OnClassCondition       : Condition OnClassCondition on org.springframework.boot.autoconfigure.web.client.RestClientAutoConfiguration matched due to @ConditionalOnClass found required class 'org.springframework.web.client.RestClient'
2025-01-07T20:30:49.529+07:00 TRACE 27900 --- [csrf] [    Test worker] o.s.b.f.s.DefaultListableBeanFactory     : Returning cached instance of singleton bean 'autoConfigurationReport'
2025-01-07T20:30:49.529+07:00 TRACE 27900 --- [csrf] [    Test worker] a.w.c.NotReactiveWebApplicationCondition : Condition NotReactiveWebApplicationCondition on org.springframework.boot.autoconfigure.web.client.RestClientAutoConfiguration matched due to NoneNestedConditions 0 matched 1 did not; NestedCondition on NotReactiveWebApplicationCondition.ReactiveWebApplication did not find reactive web application classes
2025-01-07T20:30:49.529+07:00 TRACE 27900 --- [csrf] [    Test worker] o.s.b.f.s.DefaultListableBeanFactory     : Returning cached instance of singleton bean 'autoConfigurationReport'
2025-01-07T20:30:49.529+07:00 TRACE 27900 --- [csrf] [    Test worker] o.s.b.f.s.DefaultListableBeanFactory     : Returning cached instance of singleton bean 'autoConfigurationReport'
2025-01-07T20:30:49.529+07:00 TRACE 27900 --- [csrf] [    Test worker] o.s.b.f.s.DefaultListableBeanFactory     : Returning cached instance of singleton bean 'autoConfigurationReport'
2025-01-07T20:30:49.529+07:00 TRACE 27900 --- [csrf] [    Test worker] o.s.b.f.s.DefaultListableBeanFactory     : Returning cached instance of singleton bean 'autoConfigurationReport'
2025-01-07T20:30:49.529+07:00 TRACE 27900 --- [csrf] [    Test worker] o.s.b.f.s.DefaultListableBeanFactory     : Returning cached instance of singleton bean 'autoConfigurationReport'
2025-01-07T20:30:49.529+07:00 TRACE 27900 --- [csrf] [    Test worker] o.s.b.f.s.DefaultListableBeanFactory     : Returning cached instance of singleton bean 'autoConfigurationReport'
2025-01-07T20:30:49.529+07:00 TRACE 27900 --- [csrf] [    Test worker] o.s.b.f.s.DefaultListableBeanFactory     : Returning cached instance of singleton bean 'autoConfigurationReport'
2025-01-07T20:30:49.529+07:00 TRACE 27900 --- [csrf] [    Test worker] o.s.b.f.s.DefaultListableBeanFactory     : Returning cached instance of singleton bean 'autoConfigurationReport'
2025-01-07T20:30:49.530+07:00 TRACE 27900 --- [csrf] [    Test worker] o.s.b.f.s.DefaultListableBeanFactory     : Returning cached instance of singleton bean 'autoConfigurationReport'
2025-01-07T20:30:49.530+07:00 TRACE 27900 --- [csrf] [    Test worker] o.s.b.f.s.DefaultListableBeanFactory     : Returning cached instance of singleton bean 'autoConfigurationReport'
2025-01-07T20:30:49.530+07:00 TRACE 27900 --- [csrf] [    Test worker] o.s.b.a.condition.OnClassCondition       : Condition OnClassCondition on org.springframework.boot.autoconfigure.web.client.RestTemplateAutoConfiguration matched due to @ConditionalOnClass found required class 'org.springframework.web.client.RestTemplate'
2025-01-07T20:30:49.530+07:00 TRACE 27900 --- [csrf] [    Test worker] o.s.b.f.s.DefaultListableBeanFactory     : Returning cached instance of singleton bean 'autoConfigurationReport'
2025-01-07T20:30:49.530+07:00 TRACE 27900 --- [csrf] [    Test worker] a.w.c.NotReactiveWebApplicationCondition : Condition NotReactiveWebApplicationCondition on org.springframework.boot.autoconfigure.web.client.RestTemplateAutoConfiguration matched due to NoneNestedConditions 0 matched 1 did not; NestedCondition on NotReactiveWebApplicationCondition.ReactiveWebApplication did not find reactive web application classes
2025-01-07T20:30:49.530+07:00 TRACE 27900 --- [csrf] [    Test worker] o.s.b.f.s.DefaultListableBeanFactory     : Returning cached instance of singleton bean 'autoConfigurationReport'
2025-01-07T20:30:49.530+07:00 TRACE 27900 --- [csrf] [    Test worker] o.s.b.f.s.DefaultListableBeanFactory     : Returning cached instance of singleton bean 'autoConfigurationReport'
2025-01-07T20:30:49.530+07:00 TRACE 27900 --- [csrf] [    Test worker] o.s.b.f.s.DefaultListableBeanFactory     : Returning cached instance of singleton bean 'autoConfigurationReport'
2025-01-07T20:30:49.530+07:00 TRACE 27900 --- [csrf] [    Test worker] o.s.b.f.s.DefaultListableBeanFactory     : Returning cached instance of singleton bean 'autoConfigurationReport'
2025-01-07T20:30:49.530+07:00 TRACE 27900 --- [csrf] [    Test worker] o.s.b.f.s.DefaultListableBeanFactory     : Returning cached instance of singleton bean 'autoConfigurationReport'
2025-01-07T20:30:49.530+07:00 TRACE 27900 --- [csrf] [    Test worker] o.s.b.f.s.DefaultListableBeanFactory     : Returning cached instance of singleton bean 'autoConfigurationReport'
2025-01-07T20:30:49.530+07:00 TRACE 27900 --- [csrf] [    Test worker] o.s.b.f.s.DefaultListableBeanFactory     : Returning cached instance of singleton bean 'autoConfigurationReport'
2025-01-07T20:30:49.530+07:00 TRACE 27900 --- [csrf] [    Test worker] o.s.b.f.s.DefaultListableBeanFactory     : Returning cached instance of singleton bean 'autoConfigurationReport'
2025-01-07T20:30:49.530+07:00 TRACE 27900 --- [csrf] [    Test worker] o.s.b.f.s.DefaultListableBeanFactory     : Returning cached instance of singleton bean 'autoConfigurationReport'
2025-01-07T20:30:49.530+07:00 TRACE 27900 --- [csrf] [    Test worker] o.s.b.f.s.DefaultListableBeanFactory     : Returning cached instance of singleton bean 'autoConfigurationReport'
2025-01-07T20:30:49.530+07:00 TRACE 27900 --- [csrf] [    Test worker] o.s.b.a.c.OnWebApplicationCondition      : Condition OnWebApplicationCondition on org.springframework.boot.autoconfigure.web.embedded.EmbeddedWebServerFactoryCustomizerAutoConfiguration matched due to @ConditionalOnWebApplication (required) found 'session' scope
2025-01-07T20:30:49.530+07:00 TRACE 27900 --- [csrf] [    Test worker] o.s.b.f.s.DefaultListableBeanFactory     : Returning cached instance of singleton bean 'autoConfigurationReport'
2025-01-07T20:30:49.531+07:00 TRACE 27900 --- [csrf] [    Test worker] o.s.b.a.c.OnWarDeploymentCondition       : Condition OnWarDeploymentCondition on org.springframework.boot.autoconfigure.web.embedded.EmbeddedWebServerFactoryCustomizerAutoConfiguration matched due to @ConditionalOnWarDeployment the application is not deployed as a WAR file.
2025-01-07T20:30:49.531+07:00 TRACE 27900 --- [csrf] [    Test worker] o.s.b.f.s.DefaultListableBeanFactory     : Returning cached instance of singleton bean 'autoConfigurationReport'
2025-01-07T20:30:49.531+07:00 TRACE 27900 --- [csrf] [    Test worker] o.s.b.f.s.DefaultListableBeanFactory     : Returning cached instance of singleton bean 'autoConfigurationReport'
2025-01-07T20:30:49.531+07:00 TRACE 27900 --- [csrf] [    Test worker] o.s.b.f.s.DefaultListableBeanFactory     : Returning cached instance of singleton bean 'autoConfigurationReport'
2025-01-07T20:30:49.531+07:00 TRACE 27900 --- [csrf] [    Test worker] o.s.b.f.s.DefaultListableBeanFactory     : Returning cached instance of singleton bean 'autoConfigurationReport'
2025-01-07T20:30:49.531+07:00 TRACE 27900 --- [csrf] [    Test worker] o.s.b.a.condition.OnClassCondition       : Condition OnClassCondition on org.springframework.boot.autoconfigure.web.embedded.EmbeddedWebServerFactoryCustomizerAutoConfiguration$NettyWebServerFactoryCustomizerConfiguration did not match due to @ConditionalOnClass did not find required class 'reactor.netty.http.server.HttpServer'
2025-01-07T20:30:49.531+07:00 TRACE 27900 --- [csrf] [    Test worker] o.s.b.f.s.DefaultListableBeanFactory     : Returning cached instance of singleton bean 'autoConfigurationReport'
2025-01-07T20:30:49.531+07:00 TRACE 27900 --- [csrf] [    Test worker] o.s.b.a.condition.OnClassCondition       : Condition OnClassCondition on org.springframework.boot.autoconfigure.web.embedded.EmbeddedWebServerFactoryCustomizerAutoConfiguration$UndertowWebServerFactoryCustomizerConfiguration did not match due to @ConditionalOnClass did not find required classes 'io.undertow.Undertow', 'org.xnio.SslClientAuthMode'
2025-01-07T20:30:49.531+07:00 TRACE 27900 --- [csrf] [    Test worker] o.s.b.f.s.DefaultListableBeanFactory     : Returning cached instance of singleton bean 'autoConfigurationReport'
2025-01-07T20:30:49.531+07:00 TRACE 27900 --- [csrf] [    Test worker] o.s.b.a.condition.OnClassCondition       : Condition OnClassCondition on org.springframework.boot.autoconfigure.web.embedded.EmbeddedWebServerFactoryCustomizerAutoConfiguration$JettyWebServerFactoryCustomizerConfiguration did not match due to @ConditionalOnClass did not find required classes 'org.eclipse.jetty.server.Server', 'org.eclipse.jetty.util.Loader', 'org.eclipse.jetty.ee10.webapp.WebAppContext'
2025-01-07T20:30:49.531+07:00 TRACE 27900 --- [csrf] [    Test worker] o.s.b.f.s.DefaultListableBeanFactory     : Returning cached instance of singleton bean 'autoConfigurationReport'
2025-01-07T20:30:49.531+07:00 TRACE 27900 --- [csrf] [    Test worker] o.s.b.a.condition.OnClassCondition       : Condition OnClassCondition on org.springframework.boot.autoconfigure.web.embedded.EmbeddedWebServerFactoryCustomizerAutoConfiguration$TomcatWebServerFactoryCustomizerConfiguration matched due to @ConditionalOnClass found required classes 'org.apache.catalina.startup.Tomcat', 'org.apache.coyote.UpgradeProtocol'
2025-01-07T20:30:49.531+07:00 TRACE 27900 --- [csrf] [    Test worker] o.s.b.f.s.DefaultListableBeanFactory     : Returning cached instance of singleton bean 'autoConfigurationReport'
2025-01-07T20:30:49.531+07:00 TRACE 27900 --- [csrf] [    Test worker] o.s.b.f.s.DefaultListableBeanFactory     : Returning cached instance of singleton bean 'autoConfigurationReport'
2025-01-07T20:30:49.531+07:00 TRACE 27900 --- [csrf] [    Test worker] o.s.b.f.s.DefaultListableBeanFactory     : Returning cached instance of singleton bean 'autoConfigurationReport'
2025-01-07T20:30:49.531+07:00 TRACE 27900 --- [csrf] [    Test worker] o.s.b.f.s.DefaultListableBeanFactory     : Returning cached instance of singleton bean 'autoConfigurationReport'
2025-01-07T20:30:49.532+07:00 TRACE 27900 --- [csrf] [    Test worker] o.s.b.f.s.DefaultListableBeanFactory     : Returning cached instance of singleton bean 'autoConfigurationReport'
2025-01-07T20:30:49.532+07:00 TRACE 27900 --- [csrf] [    Test worker] o.s.b.f.s.DefaultListableBeanFactory     : Returning cached instance of singleton bean 'autoConfigurationReport'
2025-01-07T20:30:49.532+07:00 TRACE 27900 --- [csrf] [    Test worker] o.s.b.f.s.DefaultListableBeanFactory     : Returning cached instance of singleton bean 'autoConfigurationReport'
2025-01-07T20:30:49.532+07:00 TRACE 27900 --- [csrf] [    Test worker] o.s.b.f.s.DefaultListableBeanFactory     : Returning cached instance of singleton bean 'autoConfigurationReport'
2025-01-07T20:30:49.532+07:00 TRACE 27900 --- [csrf] [    Test worker] o.s.b.f.s.DefaultListableBeanFactory     : Returning cached instance of singleton bean 'autoConfigurationReport'
2025-01-07T20:30:49.532+07:00 TRACE 27900 --- [csrf] [    Test worker] o.s.b.f.s.DefaultListableBeanFactory     : Returning cached instance of singleton bean 'autoConfigurationReport'
2025-01-07T20:30:49.532+07:00 TRACE 27900 --- [csrf] [    Test worker] o.s.b.a.condition.OnClassCondition       : Condition OnClassCondition on org.springframework.boot.autoconfigure.web.servlet.HttpEncodingAutoConfiguration matched due to @ConditionalOnClass found required class 'org.springframework.web.filter.CharacterEncodingFilter'
2025-01-07T20:30:49.532+07:00 TRACE 27900 --- [csrf] [    Test worker] o.s.b.f.s.DefaultListableBeanFactory     : Returning cached instance of singleton bean 'autoConfigurationReport'
2025-01-07T20:30:49.532+07:00 TRACE 27900 --- [csrf] [    Test worker] o.s.b.a.c.OnWebApplicationCondition      : Condition OnWebApplicationCondition on org.springframework.boot.autoconfigure.web.servlet.HttpEncodingAutoConfiguration matched due to found 'session' scope
2025-01-07T20:30:49.532+07:00 TRACE 27900 --- [csrf] [    Test worker] o.s.b.f.s.DefaultListableBeanFactory     : Returning cached instance of singleton bean 'autoConfigurationReport'
2025-01-07T20:30:49.532+07:00 TRACE 27900 --- [csrf] [    Test worker] o.s.b.a.condition.OnPropertyCondition    : Condition OnPropertyCondition on org.springframework.boot.autoconfigure.web.servlet.HttpEncodingAutoConfiguration matched due to @ConditionalOnProperty (server.servlet.encoding.enabled) matched
2025-01-07T20:30:49.532+07:00 TRACE 27900 --- [csrf] [    Test worker] o.s.b.f.s.DefaultListableBeanFactory     : Returning cached instance of singleton bean 'autoConfigurationReport'
2025-01-07T20:30:49.532+07:00 TRACE 27900 --- [csrf] [    Test worker] o.s.b.f.s.DefaultListableBeanFactory     : Returning cached instance of singleton bean 'autoConfigurationReport'
2025-01-07T20:30:49.532+07:00 TRACE 27900 --- [csrf] [    Test worker] o.s.b.f.s.DefaultListableBeanFactory     : Returning cached instance of singleton bean 'autoConfigurationReport'
2025-01-07T20:30:49.532+07:00 TRACE 27900 --- [csrf] [    Test worker] o.s.b.f.s.DefaultListableBeanFactory     : Returning cached instance of singleton bean 'autoConfigurationReport'
2025-01-07T20:30:49.532+07:00 TRACE 27900 --- [csrf] [    Test worker] o.s.b.f.s.DefaultListableBeanFactory     : Returning cached instance of singleton bean 'autoConfigurationReport'
2025-01-07T20:30:49.532+07:00 TRACE 27900 --- [csrf] [    Test worker] o.s.b.f.s.DefaultListableBeanFactory     : Returning cached instance of singleton bean 'autoConfigurationReport'
2025-01-07T20:30:49.532+07:00 TRACE 27900 --- [csrf] [    Test worker] o.s.b.f.s.DefaultListableBeanFactory     : Returning cached instance of singleton bean 'autoConfigurationReport'
2025-01-07T20:30:49.532+07:00 TRACE 27900 --- [csrf] [    Test worker] o.s.b.f.s.DefaultListableBeanFactory     : Returning cached instance of singleton bean 'autoConfigurationReport'
2025-01-07T20:30:49.532+07:00 TRACE 27900 --- [csrf] [    Test worker] o.s.b.f.s.DefaultListableBeanFactory     : Returning cached instance of singleton bean 'autoConfigurationReport'
2025-01-07T20:30:49.532+07:00 TRACE 27900 --- [csrf] [    Test worker] o.s.b.f.s.DefaultListableBeanFactory     : Returning cached instance of singleton bean 'autoConfigurationReport'
2025-01-07T20:30:49.533+07:00 TRACE 27900 --- [csrf] [    Test worker] o.s.b.a.condition.OnClassCondition       : Condition OnClassCondition on org.springframework.boot.autoconfigure.web.servlet.MultipartAutoConfiguration matched due to @ConditionalOnClass found required classes 'jakarta.servlet.Servlet', 'org.springframework.web.multipart.support.StandardServletMultipartResolver', 'jakarta.servlet.MultipartConfigElement'
2025-01-07T20:30:49.533+07:00 TRACE 27900 --- [csrf] [    Test worker] o.s.b.f.s.DefaultListableBeanFactory     : Returning cached instance of singleton bean 'autoConfigurationReport'
2025-01-07T20:30:49.533+07:00 TRACE 27900 --- [csrf] [    Test worker] o.s.b.a.c.OnWebApplicationCondition      : Condition OnWebApplicationCondition on org.springframework.boot.autoconfigure.web.servlet.MultipartAutoConfiguration matched due to found 'session' scope
2025-01-07T20:30:49.533+07:00 TRACE 27900 --- [csrf] [    Test worker] o.s.b.f.s.DefaultListableBeanFactory     : Returning cached instance of singleton bean 'autoConfigurationReport'
2025-01-07T20:30:49.533+07:00 TRACE 27900 --- [csrf] [    Test worker] o.s.b.a.condition.OnPropertyCondition    : Condition OnPropertyCondition on org.springframework.boot.autoconfigure.web.servlet.MultipartAutoConfiguration matched due to @ConditionalOnProperty (spring.servlet.multipart.enabled) matched
2025-01-07T20:30:49.533+07:00 TRACE 27900 --- [csrf] [    Test worker] o.s.b.f.s.DefaultListableBeanFactory     : Returning cached instance of singleton bean 'autoConfigurationReport'
2025-01-07T20:30:49.533+07:00 TRACE 27900 --- [csrf] [    Test worker] o.s.b.f.s.DefaultListableBeanFactory     : Returning cached instance of singleton bean 'autoConfigurationReport'
2025-01-07T20:30:49.533+07:00 TRACE 27900 --- [csrf] [    Test worker] o.s.b.f.s.DefaultListableBeanFactory     : Returning cached instance of singleton bean 'autoConfigurationReport'
2025-01-07T20:30:49.533+07:00 TRACE 27900 --- [csrf] [    Test worker] o.s.b.f.s.DefaultListableBeanFactory     : Returning cached instance of singleton bean 'autoConfigurationReport'
2025-01-07T20:30:49.535+07:00 TRACE 27900 --- [csrf] [    Test worker] a.ConfigurationClassBeanDefinitionReader : Registering bean definition for @Bean method com.example.csrf.AuthorizationServerConfig.securityFilterChain()
2025-01-07T20:30:49.536+07:00 TRACE 27900 --- [csrf] [    Test worker] a.ConfigurationClassBeanDefinitionReader : Registered bean definition for imported class 'org.springframework.boot.autoconfigure.context.PropertyPlaceholderAutoConfiguration'
2025-01-07T20:30:49.540+07:00 TRACE 27900 --- [csrf] [    Test worker] o.s.b.a.condition.OnBeanCondition        : Condition OnBeanCondition on org.springframework.boot.autoconfigure.context.PropertyPlaceholderAutoConfiguration#propertySourcesPlaceholderConfigurer matched due to @ConditionalOnMissingBean (types: org.springframework.context.support.PropertySourcesPlaceholderConfigurer; SearchStrategy: current) did not find any beans
2025-01-07T20:30:49.540+07:00 TRACE 27900 --- [csrf] [    Test worker] o.s.b.f.s.DefaultListableBeanFactory     : Returning cached instance of singleton bean 'autoConfigurationReport'
2025-01-07T20:30:49.540+07:00 TRACE 27900 --- [csrf] [    Test worker] a.ConfigurationClassBeanDefinitionReader : Registering bean definition for @Bean method org.springframework.boot.autoconfigure.context.PropertyPlaceholderAutoConfiguration.propertySourcesPlaceholderConfigurer()
2025-01-07T20:30:49.541+07:00 TRACE 27900 --- [csrf] [    Test worker] a.ConfigurationClassBeanDefinitionReader : Registered bean definition for imported class 'org.springframework.boot.autoconfigure.ssl.SslAutoConfiguration'
2025-01-07T20:30:49.541+07:00 TRACE 27900 --- [csrf] [    Test worker] a.ConfigurationClassBeanDefinitionReader : Registering bean definition for @Bean method org.springframework.boot.autoconfigure.ssl.SslAutoConfiguration.fileWatcher()
2025-01-07T20:30:49.541+07:00 TRACE 27900 --- [csrf] [    Test worker] a.ConfigurationClassBeanDefinitionReader : Registering bean definition for @Bean method org.springframework.boot.autoconfigure.ssl.SslAutoConfiguration.sslPropertiesSslBundleRegistrar()
2025-01-07T20:30:49.543+07:00 TRACE 27900 --- [csrf] [    Test worker] o.s.b.a.condition.OnBeanCondition        : Condition OnBeanCondition on org.springframework.boot.autoconfigure.ssl.SslAutoConfiguration#sslBundleRegistry matched due to @ConditionalOnMissingBean (types: org.springframework.boot.ssl.SslBundleRegistry,org.springframework.boot.ssl.SslBundles; SearchStrategy: all) did not find any beans
2025-01-07T20:30:49.543+07:00 TRACE 27900 --- [csrf] [    Test worker] o.s.b.f.s.DefaultListableBeanFactory     : Returning cached instance of singleton bean 'autoConfigurationReport'
2025-01-07T20:30:49.543+07:00 TRACE 27900 --- [csrf] [    Test worker] a.ConfigurationClassBeanDefinitionReader : Registering bean definition for @Bean method org.springframework.boot.autoconfigure.ssl.SslAutoConfiguration.sslBundleRegistry()
2025-01-07T20:30:49.547+07:00 TRACE 27900 --- [csrf] [    Test worker] o.s.b.a.condition.OnClassCondition       : Condition OnClassCondition on org.springframework.boot.autoconfigure.websocket.servlet.WebSocketServletAutoConfiguration matched due to @ConditionalOnClass found required classes 'jakarta.servlet.Servlet', 'jakarta.websocket.server.ServerContainer'
2025-01-07T20:30:49.547+07:00 TRACE 27900 --- [csrf] [    Test worker] o.s.b.f.s.DefaultListableBeanFactory     : Returning cached instance of singleton bean 'autoConfigurationReport'
2025-01-07T20:30:49.547+07:00 TRACE 27900 --- [csrf] [    Test worker] o.s.b.a.c.OnWebApplicationCondition      : Condition OnWebApplicationCondition on org.springframework.boot.autoconfigure.websocket.servlet.WebSocketServletAutoConfiguration matched due to found 'session' scope
2025-01-07T20:30:49.547+07:00 TRACE 27900 --- [csrf] [    Test worker] o.s.b.f.s.DefaultListableBeanFactory     : Returning cached instance of singleton bean 'autoConfigurationReport'
2025-01-07T20:30:49.547+07:00 TRACE 27900 --- [csrf] [    Test worker] o.s.b.a.condition.OnClassCondition       : Condition OnClassCondition on org.springframework.boot.autoconfigure.websocket.servlet.WebSocketServletAutoConfiguration$TomcatWebSocketConfiguration matched due to @ConditionalOnClass found required classes 'org.apache.catalina.startup.Tomcat', 'org.apache.tomcat.websocket.server.WsSci'
2025-01-07T20:30:49.547+07:00 TRACE 27900 --- [csrf] [    Test worker] o.s.b.f.s.DefaultListableBeanFactory     : Returning cached instance of singleton bean 'autoConfigurationReport'
2025-01-07T20:30:49.547+07:00 TRACE 27900 --- [csrf] [    Test worker] a.ConfigurationClassBeanDefinitionReader : Registered bean definition for imported class 'org.springframework.boot.autoconfigure.websocket.servlet.WebSocketServletAutoConfiguration$TomcatWebSocketConfiguration'
2025-01-07T20:30:49.547+07:00 TRACE 27900 --- [csrf] [    Test worker] o.s.b.a.condition.OnBeanCondition        : Condition OnBeanCondition on org.springframework.boot.autoconfigure.websocket.servlet.WebSocketServletAutoConfiguration$TomcatWebSocketConfiguration#websocketServletWebServerCustomizer matched due to @ConditionalOnMissingBean (names: websocketServletWebServerCustomizer; SearchStrategy: all) did not find any beans
2025-01-07T20:30:49.547+07:00 TRACE 27900 --- [csrf] [    Test worker] o.s.b.f.s.DefaultListableBeanFactory     : Returning cached instance of singleton bean 'autoConfigurationReport'
2025-01-07T20:30:49.547+07:00 TRACE 27900 --- [csrf] [    Test worker] a.ConfigurationClassBeanDefinitionReader : Registering bean definition for @Bean method org.springframework.boot.autoconfigure.websocket.servlet.WebSocketServletAutoConfiguration$TomcatWebSocketConfiguration.websocketServletWebServerCustomizer()
2025-01-07T20:30:49.548+07:00 TRACE 27900 --- [csrf] [    Test worker] a.ConfigurationClassBeanDefinitionReader : Registered bean definition for imported class 'org.springframework.boot.autoconfigure.websocket.servlet.WebSocketServletAutoConfiguration'
2025-01-07T20:30:49.548+07:00 TRACE 27900 --- [csrf] [    Test worker] o.s.b.a.condition.OnClassCondition       : Condition OnClassCondition on org.springframework.boot.autoconfigure.web.servlet.ServletWebServerFactoryAutoConfiguration matched due to @ConditionalOnClass found required class 'jakarta.servlet.ServletRequest'
2025-01-07T20:30:49.548+07:00 TRACE 27900 --- [csrf] [    Test worker] o.s.b.f.s.DefaultListableBeanFactory     : Returning cached instance of singleton bean 'autoConfigurationReport'
2025-01-07T20:30:49.548+07:00 TRACE 27900 --- [csrf] [    Test worker] o.s.b.a.c.OnWebApplicationCondition      : Condition OnWebApplicationCondition on org.springframework.boot.autoconfigure.web.servlet.ServletWebServerFactoryAutoConfiguration matched due to found 'session' scope
2025-01-07T20:30:49.548+07:00 TRACE 27900 --- [csrf] [    Test worker] o.s.b.f.s.DefaultListableBeanFactory     : Returning cached instance of singleton bean 'autoConfigurationReport'
2025-01-07T20:30:49.548+07:00 TRACE 27900 --- [csrf] [    Test worker] o.s.b.a.condition.OnClassCondition       : Condition OnClassCondition on org.springframework.boot.autoconfigure.web.servlet.ServletWebServerFactoryConfiguration$EmbeddedTomcat matched due to @ConditionalOnClass found required classes 'jakarta.servlet.Servlet', 'org.apache.catalina.startup.Tomcat', 'org.apache.coyote.UpgradeProtocol'
2025-01-07T20:30:49.548+07:00 TRACE 27900 --- [csrf] [    Test worker] o.s.b.f.s.DefaultListableBeanFactory     : Returning cached instance of singleton bean 'autoConfigurationReport'
2025-01-07T20:30:49.549+07:00 TRACE 27900 --- [csrf] [    Test worker] o.s.b.a.condition.OnBeanCondition        : Condition OnBeanCondition on org.springframework.boot.autoconfigure.web.servlet.ServletWebServerFactoryConfiguration$EmbeddedTomcat matched due to @ConditionalOnMissingBean (types: org.springframework.boot.web.servlet.server.ServletWebServerFactory; SearchStrategy: current) did not find any beans
2025-01-07T20:30:49.549+07:00 TRACE 27900 --- [csrf] [    Test worker] o.s.b.f.s.DefaultListableBeanFactory     : Returning cached instance of singleton bean 'autoConfigurationReport'
2025-01-07T20:30:49.549+07:00 TRACE 27900 --- [csrf] [    Test worker] a.ConfigurationClassBeanDefinitionReader : Registered bean definition for imported class 'org.springframework.boot.autoconfigure.web.servlet.ServletWebServerFactoryConfiguration$EmbeddedTomcat'
2025-01-07T20:30:49.549+07:00 TRACE 27900 --- [csrf] [    Test worker] a.ConfigurationClassBeanDefinitionReader : Registering bean definition for @Bean method org.springframework.boot.autoconfigure.web.servlet.ServletWebServerFactoryConfiguration$EmbeddedTomcat.tomcatServletWebServerFactory()
2025-01-07T20:30:49.549+07:00 TRACE 27900 --- [csrf] [    Test worker] a.ConfigurationClassBeanDefinitionReader : Registered bean definition for imported class 'org.springframework.boot.autoconfigure.web.servlet.ServletWebServerFactoryAutoConfiguration'
2025-01-07T20:30:49.549+07:00 TRACE 27900 --- [csrf] [    Test worker] a.ConfigurationClassBeanDefinitionReader : Registering bean definition for @Bean method org.springframework.boot.autoconfigure.web.servlet.ServletWebServerFactoryAutoConfiguration.servletWebServerFactoryCustomizer()
2025-01-07T20:30:49.549+07:00 TRACE 27900 --- [csrf] [    Test worker] o.s.b.a.condition.OnClassCondition       : Condition OnClassCondition on org.springframework.boot.autoconfigure.web.servlet.ServletWebServerFactoryAutoConfiguration#tomcatServletWebServerFactoryCustomizer matched due to @ConditionalOnClass found required class 'org.apache.catalina.startup.Tomcat'
2025-01-07T20:30:49.549+07:00 TRACE 27900 --- [csrf] [    Test worker] o.s.b.f.s.DefaultListableBeanFactory     : Returning cached instance of singleton bean 'autoConfigurationReport'
2025-01-07T20:30:49.549+07:00 TRACE 27900 --- [csrf] [    Test worker] a.ConfigurationClassBeanDefinitionReader : Registering bean definition for @Bean method org.springframework.boot.autoconfigure.web.servlet.ServletWebServerFactoryAutoConfiguration.tomcatServletWebServerFactoryCustomizer()
2025-01-07T20:30:49.554+07:00 TRACE 27900 --- [csrf] [    Test worker] o.s.b.a.condition.OnClassCondition       : Condition OnClassCondition on org.springframework.boot.autoconfigure.web.servlet.DispatcherServletAutoConfiguration matched due to @ConditionalOnClass found required class 'org.springframework.web.servlet.DispatcherServlet'
2025-01-07T20:30:49.554+07:00 TRACE 27900 --- [csrf] [    Test worker] o.s.b.f.s.DefaultListableBeanFactory     : Returning cached instance of singleton bean 'autoConfigurationReport'
2025-01-07T20:30:49.554+07:00 TRACE 27900 --- [csrf] [    Test worker] o.s.b.a.c.OnWebApplicationCondition      : Condition OnWebApplicationCondition on org.springframework.boot.autoconfigure.web.servlet.DispatcherServletAutoConfiguration matched due to found 'session' scope
2025-01-07T20:30:49.554+07:00 TRACE 27900 --- [csrf] [    Test worker] o.s.b.f.s.DefaultListableBeanFactory     : Returning cached instance of singleton bean 'autoConfigurationReport'
2025-01-07T20:30:49.554+07:00 TRACE 27900 --- [csrf] [    Test worker] o.s.b.a.condition.OnClassCondition       : Condition OnClassCondition on org.springframework.boot.autoconfigure.web.servlet.DispatcherServletAutoConfiguration$DispatcherServletRegistrationConfiguration matched due to @ConditionalOnClass found required class 'jakarta.servlet.ServletRegistration'
2025-01-07T20:30:49.554+07:00 TRACE 27900 --- [csrf] [    Test worker] o.s.b.f.s.DefaultListableBeanFactory     : Returning cached instance of singleton bean 'autoConfigurationReport'
2025-01-07T20:30:49.554+07:00 TRACE 27900 --- [csrf] [    Test worker] n$DispatcherServletRegistrationCondition : Condition DispatcherServletAutoConfiguration.DispatcherServletRegistrationCondition on org.springframework.boot.autoconfigure.web.servlet.DispatcherServletAutoConfiguration$DispatcherServletRegistrationConfiguration matched due to DispatcherServlet Registration did not find servlet registration bean
2025-01-07T20:30:49.554+07:00 TRACE 27900 --- [csrf] [    Test worker] o.s.b.f.s.DefaultListableBeanFactory     : Returning cached instance of singleton bean 'autoConfigurationReport'
2025-01-07T20:30:49.554+07:00 TRACE 27900 --- [csrf] [    Test worker] o.s.b.a.condition.OnClassCondition       : Condition OnClassCondition on org.springframework.boot.autoconfigure.web.servlet.DispatcherServletAutoConfiguration$DispatcherServletConfiguration matched due to @ConditionalOnClass found required class 'jakarta.servlet.ServletRegistration'
2025-01-07T20:30:49.554+07:00 TRACE 27900 --- [csrf] [    Test worker] o.s.b.f.s.DefaultListableBeanFactory     : Returning cached instance of singleton bean 'autoConfigurationReport'
2025-01-07T20:30:49.554+07:00 TRACE 27900 --- [csrf] [    Test worker] ration$DefaultDispatcherServletCondition : Condition DispatcherServletAutoConfiguration.DefaultDispatcherServletCondition on org.springframework.boot.autoconfigure.web.servlet.DispatcherServletAutoConfiguration$DispatcherServletConfiguration matched due to Default DispatcherServlet did not find dispatcher servlet beans
2025-01-07T20:30:49.554+07:00 TRACE 27900 --- [csrf] [    Test worker] o.s.b.f.s.DefaultListableBeanFactory     : Returning cached instance of singleton bean 'autoConfigurationReport'
2025-01-07T20:30:49.555+07:00 TRACE 27900 --- [csrf] [    Test worker] a.ConfigurationClassBeanDefinitionReader : Registered bean definition for imported class 'org.springframework.boot.autoconfigure.web.servlet.DispatcherServletAutoConfiguration$DispatcherServletConfiguration'
2025-01-07T20:30:49.555+07:00 TRACE 27900 --- [csrf] [    Test worker] a.ConfigurationClassBeanDefinitionReader : Registering bean definition for @Bean method org.springframework.boot.autoconfigure.web.servlet.DispatcherServletAutoConfiguration$DispatcherServletConfiguration.dispatcherServlet()
2025-01-07T20:30:49.555+07:00 TRACE 27900 --- [csrf] [    Test worker] o.s.b.a.condition.OnBeanCondition        : Condition OnBeanCondition on org.springframework.boot.autoconfigure.web.servlet.DispatcherServletAutoConfiguration$DispatcherServletConfiguration#multipartResolver did not match due to @ConditionalOnBean (types: org.springframework.web.multipart.MultipartResolver; SearchStrategy: all) did not find any beans of type org.springframework.web.multipart.MultipartResolver
2025-01-07T20:30:49.555+07:00 TRACE 27900 --- [csrf] [    Test worker] o.s.b.f.s.DefaultListableBeanFactory     : Returning cached instance of singleton bean 'autoConfigurationReport'
2025-01-07T20:30:49.557+07:00 TRACE 27900 --- [csrf] [    Test worker] a.ConfigurationClassBeanDefinitionReader : Registered bean definition for imported class 'org.springframework.boot.autoconfigure.web.servlet.DispatcherServletAutoConfiguration$DispatcherServletRegistrationConfiguration'
2025-01-07T20:30:49.557+07:00 TRACE 27900 --- [csrf] [    Test worker] o.s.b.a.condition.OnBeanCondition        : Condition OnBeanCondition on org.springframework.boot.autoconfigure.web.servlet.DispatcherServletAutoConfiguration$DispatcherServletRegistrationConfiguration#dispatcherServletRegistration matched due to @ConditionalOnBean (names: dispatcherServlet types: org.springframework.web.servlet.DispatcherServlet; SearchStrategy: all) found bean 'dispatcherServlet'
2025-01-07T20:30:49.557+07:00 TRACE 27900 --- [csrf] [    Test worker] o.s.b.f.s.DefaultListableBeanFactory     : Returning cached instance of singleton bean 'autoConfigurationReport'
2025-01-07T20:30:49.557+07:00 TRACE 27900 --- [csrf] [    Test worker] a.ConfigurationClassBeanDefinitionReader : Registering bean definition for @Bean method org.springframework.boot.autoconfigure.web.servlet.DispatcherServletAutoConfiguration$DispatcherServletRegistrationConfiguration.dispatcherServletRegistration()
2025-01-07T20:30:49.557+07:00 TRACE 27900 --- [csrf] [    Test worker] a.ConfigurationClassBeanDefinitionReader : Registered bean definition for imported class 'org.springframework.boot.autoconfigure.web.servlet.DispatcherServletAutoConfiguration'
2025-01-07T20:30:49.557+07:00 TRACE 27900 --- [csrf] [    Test worker] o.s.b.a.condition.OnClassCondition       : Condition OnClassCondition on org.springframework.boot.autoconfigure.task.TaskExecutionAutoConfiguration matched due to @ConditionalOnClass found required class 'org.springframework.scheduling.concurrent.ThreadPoolTaskExecutor'
2025-01-07T20:30:49.557+07:00 TRACE 27900 --- [csrf] [    Test worker] o.s.b.f.s.DefaultListableBeanFactory     : Returning cached instance of singleton bean 'autoConfigurationReport'
2025-01-07T20:30:49.558+07:00 TRACE 27900 --- [csrf] [    Test worker] a.ConfigurationClassBeanDefinitionReader : Registered bean definition for imported class 'org.springframework.boot.autoconfigure.task.TaskExecutorConfigurations$ThreadPoolTaskExecutorBuilderConfiguration'
2025-01-07T20:30:49.559+07:00 TRACE 27900 --- [csrf] [    Test worker] o.s.b.a.condition.OnBeanCondition        : Condition OnBeanCondition on org.springframework.boot.autoconfigure.task.TaskExecutorConfigurations$ThreadPoolTaskExecutorBuilderConfiguration#threadPoolTaskExecutorBuilder matched due to @ConditionalOnMissingBean (types: org.springframework.boot.task.ThreadPoolTaskExecutorBuilder; SearchStrategy: all) did not find any beans
2025-01-07T20:30:49.559+07:00 TRACE 27900 --- [csrf] [    Test worker] o.s.b.f.s.DefaultListableBeanFactory     : Returning cached instance of singleton bean 'autoConfigurationReport'
2025-01-07T20:30:49.559+07:00 TRACE 27900 --- [csrf] [    Test worker] a.ConfigurationClassBeanDefinitionReader : Registering bean definition for @Bean method org.springframework.boot.autoconfigure.task.TaskExecutorConfigurations$ThreadPoolTaskExecutorBuilderConfiguration.threadPoolTaskExecutorBuilder()
2025-01-07T20:30:49.559+07:00 TRACE 27900 --- [csrf] [    Test worker] a.ConfigurationClassBeanDefinitionReader : Registered bean definition for imported class 'org.springframework.boot.autoconfigure.task.TaskExecutorConfigurations$SimpleAsyncTaskExecutorBuilderConfiguration'
2025-01-07T20:30:49.560+07:00 TRACE 27900 --- [csrf] [    Test worker] o.s.b.a.condition.OnBeanCondition        : Condition OnBeanCondition on org.springframework.boot.autoconfigure.task.TaskExecutorConfigurations$SimpleAsyncTaskExecutorBuilderConfiguration#simpleAsyncTaskExecutorBuilder matched due to @ConditionalOnMissingBean (types: org.springframework.boot.task.SimpleAsyncTaskExecutorBuilder; SearchStrategy: all) did not find any beans
2025-01-07T20:30:49.560+07:00 TRACE 27900 --- [csrf] [    Test worker] o.s.b.f.s.DefaultListableBeanFactory     : Returning cached instance of singleton bean 'autoConfigurationReport'
2025-01-07T20:30:49.560+07:00 TRACE 27900 --- [csrf] [    Test worker] o.s.b.a.condition.OnThreadingCondition   : Condition OnThreadingCondition on org.springframework.boot.autoconfigure.task.TaskExecutorConfigurations$SimpleAsyncTaskExecutorBuilderConfiguration#simpleAsyncTaskExecutorBuilder matched due to @ConditionalOnThreading found PLATFORM
2025-01-07T20:30:49.560+07:00 TRACE 27900 --- [csrf] [    Test worker] o.s.b.f.s.DefaultListableBeanFactory     : Returning cached instance of singleton bean 'autoConfigurationReport'
2025-01-07T20:30:49.560+07:00 TRACE 27900 --- [csrf] [    Test worker] a.ConfigurationClassBeanDefinitionReader : Registering bean definition for @Bean method org.springframework.boot.autoconfigure.task.TaskExecutorConfigurations$SimpleAsyncTaskExecutorBuilderConfiguration.simpleAsyncTaskExecutorBuilder()
2025-01-07T20:30:49.561+07:00 TRACE 27900 --- [csrf] [    Test worker] o.s.b.a.condition.OnBeanCondition        : Condition OnBeanCondition on org.springframework.boot.autoconfigure.task.TaskExecutorConfigurations$SimpleAsyncTaskExecutorBuilderConfiguration#simpleAsyncTaskExecutorBuilderVirtualThreads did not match due to @ConditionalOnMissingBean (types: org.springframework.boot.task.SimpleAsyncTaskExecutorBuilder; SearchStrategy: all) found beans of type 'org.springframework.boot.task.SimpleAsyncTaskExecutorBuilder' simpleAsyncTaskExecutorBuilder
2025-01-07T20:30:49.561+07:00 TRACE 27900 --- [csrf] [    Test worker] o.s.b.f.s.DefaultListableBeanFactory     : Returning cached instance of singleton bean 'autoConfigurationReport'
2025-01-07T20:30:49.561+07:00 TRACE 27900 --- [csrf] [    Test worker] o.s.b.a.condition.OnBeanCondition        : Condition OnBeanCondition on org.springframework.boot.autoconfigure.task.TaskExecutorConfigurations$TaskExecutorConfiguration matched due to @ConditionalOnMissingBean (types: java.util.concurrent.Executor; SearchStrategy: all) did not find any beans
2025-01-07T20:30:49.561+07:00 TRACE 27900 --- [csrf] [    Test worker] o.s.b.f.s.DefaultListableBeanFactory     : Returning cached instance of singleton bean 'autoConfigurationReport'
2025-01-07T20:30:49.561+07:00 TRACE 27900 --- [csrf] [    Test worker] a.ConfigurationClassBeanDefinitionReader : Registered bean definition for imported class 'org.springframework.boot.autoconfigure.task.TaskExecutorConfigurations$TaskExecutorConfiguration'
2025-01-07T20:30:49.562+07:00 TRACE 27900 --- [csrf] [    Test worker] o.s.b.a.condition.OnThreadingCondition   : Condition OnThreadingCondition on org.springframework.boot.autoconfigure.task.TaskExecutorConfigurations$TaskExecutorConfiguration#applicationTaskExecutorVirtualThreads did not match due to @ConditionalOnThreading did not find VIRTUAL
2025-01-07T20:30:49.562+07:00 TRACE 27900 --- [csrf] [    Test worker] o.s.b.f.s.DefaultListableBeanFactory     : Returning cached instance of singleton bean 'autoConfigurationReport'
2025-01-07T20:30:49.562+07:00 TRACE 27900 --- [csrf] [    Test worker] o.s.b.a.condition.OnThreadingCondition   : Condition OnThreadingCondition on org.springframework.boot.autoconfigure.task.TaskExecutorConfigurations$TaskExecutorConfiguration#applicationTaskExecutor matched due to @ConditionalOnThreading found PLATFORM
2025-01-07T20:30:49.562+07:00 TRACE 27900 --- [csrf] [    Test worker] o.s.b.f.s.DefaultListableBeanFactory     : Returning cached instance of singleton bean 'autoConfigurationReport'
2025-01-07T20:30:49.562+07:00 TRACE 27900 --- [csrf] [    Test worker] o.s.b.f.s.DefaultListableBeanFactory     : Alias definition 'taskExecutor' registered for name 'applicationTaskExecutor'
2025-01-07T20:30:49.562+07:00 TRACE 27900 --- [csrf] [    Test worker] a.ConfigurationClassBeanDefinitionReader : Registering bean definition for @Bean method org.springframework.boot.autoconfigure.task.TaskExecutorConfigurations$TaskExecutorConfiguration.applicationTaskExecutor()
2025-01-07T20:30:49.562+07:00 TRACE 27900 --- [csrf] [    Test worker] a.ConfigurationClassBeanDefinitionReader : Registered bean definition for imported class 'org.springframework.boot.autoconfigure.task.TaskExecutionAutoConfiguration'
2025-01-07T20:30:49.563+07:00 TRACE 27900 --- [csrf] [    Test worker] o.s.b.a.condition.OnClassCondition       : Condition OnClassCondition on org.springframework.boot.autoconfigure.web.servlet.error.ErrorMvcAutoConfiguration matched due to @ConditionalOnClass found required classes 'jakarta.servlet.Servlet', 'org.springframework.web.servlet.DispatcherServlet'
2025-01-07T20:30:49.563+07:00 TRACE 27900 --- [csrf] [    Test worker] o.s.b.f.s.DefaultListableBeanFactory     : Returning cached instance of singleton bean 'autoConfigurationReport'
2025-01-07T20:30:49.563+07:00 TRACE 27900 --- [csrf] [    Test worker] o.s.b.a.c.OnWebApplicationCondition      : Condition OnWebApplicationCondition on org.springframework.boot.autoconfigure.web.servlet.error.ErrorMvcAutoConfiguration matched due to found 'session' scope
2025-01-07T20:30:49.563+07:00 TRACE 27900 --- [csrf] [    Test worker] o.s.b.f.s.DefaultListableBeanFactory     : Returning cached instance of singleton bean 'autoConfigurationReport'
2025-01-07T20:30:49.563+07:00 TRACE 27900 --- [csrf] [    Test worker] o.s.b.a.condition.OnPropertyCondition    : Condition OnPropertyCondition on org.springframework.boot.autoconfigure.web.servlet.error.ErrorMvcAutoConfiguration$WhitelabelErrorViewConfiguration matched due to @ConditionalOnProperty (server.error.whitelabel.enabled) matched
2025-01-07T20:30:49.563+07:00 TRACE 27900 --- [csrf] [    Test worker] o.s.b.f.s.DefaultListableBeanFactory     : Returning cached instance of singleton bean 'autoConfigurationReport'
2025-01-07T20:30:49.563+07:00 TRACE 27900 --- [csrf] [    Test worker] o.s.c.io.support.SpringFactoriesLoader   : Loaded [org.springframework.boot.autoconfigure.template.TemplateAvailabilityProvider] names: [org.springframework.boot.autoconfigure.freemarker.FreeMarkerTemplateAvailabilityProvider, org.springframework.boot.autoconfigure.mustache.MustacheTemplateAvailabilityProvider, org.springframework.boot.autoconfigure.groovy.template.GroovyTemplateAvailabilityProvider, org.springframework.boot.autoconfigure.thymeleaf.ThymeleafTemplateAvailabilityProvider, org.springframework.boot.autoconfigure.web.servlet.JspTemplateAvailabilityProvider]
2025-01-07T20:30:49.563+07:00 TRACE 27900 --- [csrf] [    Test worker] figuration$ErrorTemplateMissingCondition : Condition ErrorMvcAutoConfiguration.ErrorTemplateMissingCondition on org.springframework.boot.autoconfigure.web.servlet.error.ErrorMvcAutoConfiguration$WhitelabelErrorViewConfiguration matched due to ErrorTemplate Missing did not find error template view
2025-01-07T20:30:49.563+07:00 TRACE 27900 --- [csrf] [    Test worker] o.s.b.f.s.DefaultListableBeanFactory     : Returning cached instance of singleton bean 'autoConfigurationReport'
2025-01-07T20:30:49.563+07:00 TRACE 27900 --- [csrf] [    Test worker] a.ConfigurationClassBeanDefinitionReader : Registered bean definition for imported class 'org.springframework.boot.autoconfigure.web.servlet.error.ErrorMvcAutoConfiguration$WhitelabelErrorViewConfiguration'
2025-01-07T20:30:49.563+07:00 TRACE 27900 --- [csrf] [    Test worker] o.s.b.a.condition.OnBeanCondition        : Condition OnBeanCondition on org.springframework.boot.autoconfigure.web.servlet.error.ErrorMvcAutoConfiguration$WhitelabelErrorViewConfiguration#defaultErrorView matched due to @ConditionalOnMissingBean (names: error; SearchStrategy: all) did not find any beans
2025-01-07T20:30:49.563+07:00 TRACE 27900 --- [csrf] [    Test worker] o.s.b.f.s.DefaultListableBeanFactory     : Returning cached instance of singleton bean 'autoConfigurationReport'
2025-01-07T20:30:49.563+07:00 TRACE 27900 --- [csrf] [    Test worker] a.ConfigurationClassBeanDefinitionReader : Registering bean definition for @Bean method org.springframework.boot.autoconfigure.web.servlet.error.ErrorMvcAutoConfiguration$WhitelabelErrorViewConfiguration.error()
2025-01-07T20:30:49.565+07:00 TRACE 27900 --- [csrf] [    Test worker] o.s.b.a.condition.OnBeanCondition        : Condition OnBeanCondition on org.springframework.boot.autoconfigure.web.servlet.error.ErrorMvcAutoConfiguration$WhitelabelErrorViewConfiguration#beanNameViewResolver matched due to @ConditionalOnMissingBean (types: org.springframework.web.servlet.view.BeanNameViewResolver; SearchStrategy: all) did not find any beans
2025-01-07T20:30:49.565+07:00 TRACE 27900 --- [csrf] [    Test worker] o.s.b.f.s.DefaultListableBeanFactory     : Returning cached instance of singleton bean 'autoConfigurationReport'
2025-01-07T20:30:49.566+07:00 TRACE 27900 --- [csrf] [    Test worker] a.ConfigurationClassBeanDefinitionReader : Registering bean definition for @Bean method org.springframework.boot.autoconfigure.web.servlet.error.ErrorMvcAutoConfiguration$WhitelabelErrorViewConfiguration.beanNameViewResolver()
2025-01-07T20:30:49.566+07:00 TRACE 27900 --- [csrf] [    Test worker] a.ConfigurationClassBeanDefinitionReader : Registered bean definition for imported class 'org.springframework.boot.autoconfigure.web.servlet.error.ErrorMvcAutoConfiguration$DefaultErrorViewResolverConfiguration'
2025-01-07T20:30:49.566+07:00 TRACE 27900 --- [csrf] [    Test worker] o.s.b.a.condition.OnBeanCondition        : Condition OnBeanCondition on org.springframework.boot.autoconfigure.web.servlet.error.ErrorMvcAutoConfiguration$DefaultErrorViewResolverConfiguration#conventionErrorViewResolver matched due to @ConditionalOnBean (types: org.springframework.web.servlet.DispatcherServlet; SearchStrategy: all) found bean 'dispatcherServlet'; @ConditionalOnMissingBean (types: org.springframework.boot.autoconfigure.web.servlet.error.ErrorViewResolver; SearchStrategy: all) did not find any beans
2025-01-07T20:30:49.566+07:00 TRACE 27900 --- [csrf] [    Test worker] o.s.b.f.s.DefaultListableBeanFactory     : Returning cached instance of singleton bean 'autoConfigurationReport'
2025-01-07T20:30:49.567+07:00 TRACE 27900 --- [csrf] [    Test worker] o.s.b.a.condition.OnBeanCondition        : Condition OnBeanCondition on org.springframework.boot.autoconfigure.web.servlet.error.ErrorMvcAutoConfiguration$DefaultErrorViewResolverConfiguration#conventionErrorViewResolver matched due to @ConditionalOnBean (types: org.springframework.web.servlet.DispatcherServlet; SearchStrategy: all) found bean 'dispatcherServlet'; @ConditionalOnMissingBean (types: org.springframework.boot.autoconfigure.web.servlet.error.ErrorViewResolver; SearchStrategy: all) did not find any beans
2025-01-07T20:30:49.567+07:00 TRACE 27900 --- [csrf] [    Test worker] o.s.b.f.s.DefaultListableBeanFactory     : Returning cached instance of singleton bean 'autoConfigurationReport'
2025-01-07T20:30:49.567+07:00 TRACE 27900 --- [csrf] [    Test worker] a.ConfigurationClassBeanDefinitionReader : Registering bean definition for @Bean method org.springframework.boot.autoconfigure.web.servlet.error.ErrorMvcAutoConfiguration$DefaultErrorViewResolverConfiguration.conventionErrorViewResolver()
2025-01-07T20:30:49.567+07:00 TRACE 27900 --- [csrf] [    Test worker] a.ConfigurationClassBeanDefinitionReader : Registered bean definition for imported class 'org.springframework.boot.autoconfigure.web.servlet.error.ErrorMvcAutoConfiguration'
2025-01-07T20:30:49.568+07:00 TRACE 27900 --- [csrf] [    Test worker] o.s.b.a.condition.OnBeanCondition        : Condition OnBeanCondition on org.springframework.boot.autoconfigure.web.servlet.error.ErrorMvcAutoConfiguration#errorAttributes matched due to @ConditionalOnMissingBean (types: org.springframework.boot.web.servlet.error.ErrorAttributes; SearchStrategy: current) did not find any beans
2025-01-07T20:30:49.568+07:00 TRACE 27900 --- [csrf] [    Test worker] o.s.b.f.s.DefaultListableBeanFactory     : Returning cached instance of singleton bean 'autoConfigurationReport'
2025-01-07T20:30:49.568+07:00 TRACE 27900 --- [csrf] [    Test worker] a.ConfigurationClassBeanDefinitionReader : Registering bean definition for @Bean method org.springframework.boot.autoconfigure.web.servlet.error.ErrorMvcAutoConfiguration.errorAttributes()
2025-01-07T20:30:49.569+07:00 TRACE 27900 --- [csrf] [    Test worker] o.s.b.a.condition.OnBeanCondition        : Condition OnBeanCondition on org.springframework.boot.autoconfigure.web.servlet.error.ErrorMvcAutoConfiguration#basicErrorController matched due to @ConditionalOnMissingBean (types: org.springframework.boot.web.servlet.error.ErrorController; SearchStrategy: current) did not find any beans
2025-01-07T20:30:49.569+07:00 TRACE 27900 --- [csrf] [    Test worker] o.s.b.f.s.DefaultListableBeanFactory     : Returning cached instance of singleton bean 'autoConfigurationReport'
2025-01-07T20:30:49.569+07:00 TRACE 27900 --- [csrf] [    Test worker] a.ConfigurationClassBeanDefinitionReader : Registering bean definition for @Bean method org.springframework.boot.autoconfigure.web.servlet.error.ErrorMvcAutoConfiguration.basicErrorController()
2025-01-07T20:30:49.569+07:00 TRACE 27900 --- [csrf] [    Test worker] a.ConfigurationClassBeanDefinitionReader : Registering bean definition for @Bean method org.springframework.boot.autoconfigure.web.servlet.error.ErrorMvcAutoConfiguration.errorPageCustomizer()
2025-01-07T20:30:49.569+07:00 TRACE 27900 --- [csrf] [    Test worker] a.ConfigurationClassBeanDefinitionReader : Registering bean definition for @Bean method org.springframework.boot.autoconfigure.web.servlet.error.ErrorMvcAutoConfiguration.preserveErrorControllerTargetClassPostProcessor()
2025-01-07T20:30:49.569+07:00 TRACE 27900 --- [csrf] [    Test worker] o.s.b.a.condition.OnClassCondition       : Condition OnClassCondition on org.springframework.boot.autoconfigure.web.servlet.WebMvcAutoConfiguration matched due to @ConditionalOnClass found required classes 'jakarta.servlet.Servlet', 'org.springframework.web.servlet.DispatcherServlet', 'org.springframework.web.servlet.config.annotation.WebMvcConfigurer'
2025-01-07T20:30:49.569+07:00 TRACE 27900 --- [csrf] [    Test worker] o.s.b.f.s.DefaultListableBeanFactory     : Returning cached instance of singleton bean 'autoConfigurationReport'
2025-01-07T20:30:49.569+07:00 TRACE 27900 --- [csrf] [    Test worker] o.s.b.a.c.OnWebApplicationCondition      : Condition OnWebApplicationCondition on org.springframework.boot.autoconfigure.web.servlet.WebMvcAutoConfiguration matched due to found 'session' scope
2025-01-07T20:30:49.569+07:00 TRACE 27900 --- [csrf] [    Test worker] o.s.b.f.s.DefaultListableBeanFactory     : Returning cached instance of singleton bean 'autoConfigurationReport'
2025-01-07T20:30:49.570+07:00 TRACE 27900 --- [csrf] [    Test worker] o.s.b.a.condition.OnBeanCondition        : Condition OnBeanCondition on org.springframework.boot.autoconfigure.web.servlet.WebMvcAutoConfiguration matched due to @ConditionalOnMissingBean (types: org.springframework.web.servlet.config.annotation.WebMvcConfigurationSupport; SearchStrategy: all) did not find any beans
2025-01-07T20:30:49.570+07:00 TRACE 27900 --- [csrf] [    Test worker] o.s.b.f.s.DefaultListableBeanFactory     : Returning cached instance of singleton bean 'autoConfigurationReport'
2025-01-07T20:30:49.571+07:00 TRACE 27900 --- [csrf] [    Test worker] a.ConfigurationClassBeanDefinitionReader : Registered bean definition for imported class 'org.springframework.boot.autoconfigure.web.servlet.WebMvcAutoConfiguration$EnableWebMvcConfiguration'
2025-01-07T20:30:49.571+07:00 TRACE 27900 --- [csrf] [    Test worker] a.ConfigurationClassBeanDefinitionReader : Registering bean definition for @Bean method org.springframework.boot.autoconfigure.web.servlet.WebMvcAutoConfiguration$EnableWebMvcConfiguration.welcomePageHandlerMapping()
2025-01-07T20:30:49.571+07:00 TRACE 27900 --- [csrf] [    Test worker] a.ConfigurationClassBeanDefinitionReader : Registering bean definition for @Bean method org.springframework.boot.autoconfigure.web.servlet.WebMvcAutoConfiguration$EnableWebMvcConfiguration.welcomePageNotAcceptableHandlerMapping()
2025-01-07T20:30:49.571+07:00 TRACE 27900 --- [csrf] [    Test worker] o.s.b.a.condition.OnBeanCondition        : Condition OnBeanCondition on org.springframework.boot.autoconfigure.web.servlet.WebMvcAutoConfiguration$EnableWebMvcConfiguration#localeResolver matched due to @ConditionalOnMissingBean (names: localeResolver; SearchStrategy: all) did not find any beans
2025-01-07T20:30:49.571+07:00 TRACE 27900 --- [csrf] [    Test worker] o.s.b.f.s.DefaultListableBeanFactory     : Returning cached instance of singleton bean 'autoConfigurationReport'
2025-01-07T20:30:49.571+07:00 TRACE 27900 --- [csrf] [    Test worker] a.ConfigurationClassBeanDefinitionReader : Registering bean definition for @Bean method org.springframework.boot.autoconfigure.web.servlet.WebMvcAutoConfiguration$EnableWebMvcConfiguration.localeResolver()
2025-01-07T20:30:49.571+07:00 TRACE 27900 --- [csrf] [    Test worker] o.s.b.a.condition.OnBeanCondition        : Condition OnBeanCondition on org.springframework.boot.autoconfigure.web.servlet.WebMvcAutoConfiguration$EnableWebMvcConfiguration#themeResolver matched due to @ConditionalOnMissingBean (names: themeResolver; SearchStrategy: all) did not find any beans
2025-01-07T20:30:49.571+07:00 TRACE 27900 --- [csrf] [    Test worker] o.s.b.f.s.DefaultListableBeanFactory     : Returning cached instance of singleton bean 'autoConfigurationReport'
2025-01-07T20:30:49.571+07:00 TRACE 27900 --- [csrf] [    Test worker] a.ConfigurationClassBeanDefinitionReader : Registering bean definition for @Bean method org.springframework.boot.autoconfigure.web.servlet.WebMvcAutoConfiguration$EnableWebMvcConfiguration.themeResolver()
2025-01-07T20:30:49.571+07:00 TRACE 27900 --- [csrf] [    Test worker] o.s.b.a.condition.OnBeanCondition        : Condition OnBeanCondition on org.springframework.boot.autoconfigure.web.servlet.WebMvcAutoConfiguration$EnableWebMvcConfiguration#flashMapManager matched due to @ConditionalOnMissingBean (names: flashMapManager; SearchStrategy: all) did not find any beans
2025-01-07T20:30:49.571+07:00 TRACE 27900 --- [csrf] [    Test worker] o.s.b.f.s.DefaultListableBeanFactory     : Returning cached instance of singleton bean 'autoConfigurationReport'
2025-01-07T20:30:49.571+07:00 TRACE 27900 --- [csrf] [    Test worker] a.ConfigurationClassBeanDefinitionReader : Registering bean definition for @Bean method org.springframework.boot.autoconfigure.web.servlet.WebMvcAutoConfiguration$EnableWebMvcConfiguration.flashMapManager()
2025-01-07T20:30:49.571+07:00 TRACE 27900 --- [csrf] [    Test worker] o.s.b.a.condition.OnBeanCondition        : Condition OnBeanCondition on org.springframework.boot.autoconfigure.web.servlet.WebMvcAutoConfiguration$EnableWebMvcConfiguration#viewNameTranslator matched due to @ConditionalOnMissingBean (names: viewNameTranslator; SearchStrategy: all) did not find any beans
2025-01-07T20:30:49.571+07:00 TRACE 27900 --- [csrf] [    Test worker] o.s.b.f.s.DefaultListableBeanFactory     : Returning cached instance of singleton bean 'autoConfigurationReport'
2025-01-07T20:30:49.571+07:00 TRACE 27900 --- [csrf] [    Test worker] a.ConfigurationClassBeanDefinitionReader : Registering bean definition for @Bean method org.springframework.boot.autoconfigure.web.servlet.WebMvcAutoConfiguration$EnableWebMvcConfiguration.viewNameTranslator()
2025-01-07T20:30:49.571+07:00 TRACE 27900 --- [csrf] [    Test worker] a.ConfigurationClassBeanDefinitionReader : Registering bean definition for @Bean method org.springframework.boot.autoconfigure.web.servlet.WebMvcAutoConfiguration$EnableWebMvcConfiguration.mvcConversionService()
2025-01-07T20:30:49.571+07:00 TRACE 27900 --- [csrf] [    Test worker] a.ConfigurationClassBeanDefinitionReader : Registering bean definition for @Bean method org.springframework.boot.autoconfigure.web.servlet.WebMvcAutoConfiguration$EnableWebMvcConfiguration.mvcValidator()
2025-01-07T20:30:49.571+07:00 TRACE 27900 --- [csrf] [    Test worker] a.ConfigurationClassBeanDefinitionReader : Registering bean definition for @Bean method org.springframework.boot.autoconfigure.web.servlet.WebMvcAutoConfiguration$EnableWebMvcConfiguration.mvcContentNegotiationManager()
2025-01-07T20:30:49.571+07:00 TRACE 27900 --- [csrf] [    Test worker] a.ConfigurationClassBeanDefinitionReader : Registering bean definition for @Bean method org.springframework.boot.autoconfigure.web.servlet.WebMvcAutoConfiguration$EnableWebMvcConfiguration.requestMappingHandlerMapping()
2025-01-07T20:30:49.571+07:00 TRACE 27900 --- [csrf] [    Test worker] a.ConfigurationClassBeanDefinitionReader : Registering bean definition for @Bean method org.springframework.boot.autoconfigure.web.servlet.WebMvcAutoConfiguration$EnableWebMvcConfiguration.mvcPatternParser()
2025-01-07T20:30:49.571+07:00 TRACE 27900 --- [csrf] [    Test worker] a.ConfigurationClassBeanDefinitionReader : Registering bean definition for @Bean method org.springframework.boot.autoconfigure.web.servlet.WebMvcAutoConfiguration$EnableWebMvcConfiguration.mvcUrlPathHelper()
2025-01-07T20:30:49.572+07:00 TRACE 27900 --- [csrf] [    Test worker] a.ConfigurationClassBeanDefinitionReader : Registering bean definition for @Bean method org.springframework.boot.autoconfigure.web.servlet.WebMvcAutoConfiguration$EnableWebMvcConfiguration.mvcPathMatcher()
2025-01-07T20:30:49.572+07:00 TRACE 27900 --- [csrf] [    Test worker] a.ConfigurationClassBeanDefinitionReader : Registering bean definition for @Bean method org.springframework.boot.autoconfigure.web.servlet.WebMvcAutoConfiguration$EnableWebMvcConfiguration.viewControllerHandlerMapping()
2025-01-07T20:30:49.572+07:00 TRACE 27900 --- [csrf] [    Test worker] a.ConfigurationClassBeanDefinitionReader : Registering bean definition for @Bean method org.springframework.boot.autoconfigure.web.servlet.WebMvcAutoConfiguration$EnableWebMvcConfiguration.beanNameHandlerMapping()
2025-01-07T20:30:49.572+07:00 TRACE 27900 --- [csrf] [    Test worker] a.ConfigurationClassBeanDefinitionReader : Registering bean definition for @Bean method org.springframework.boot.autoconfigure.web.servlet.WebMvcAutoConfiguration$EnableWebMvcConfiguration.routerFunctionMapping()
2025-01-07T20:30:49.572+07:00 TRACE 27900 --- [csrf] [    Test worker] a.ConfigurationClassBeanDefinitionReader : Registering bean definition for @Bean method org.springframework.boot.autoconfigure.web.servlet.WebMvcAutoConfiguration$EnableWebMvcConfiguration.resourceHandlerMapping()
2025-01-07T20:30:49.572+07:00 TRACE 27900 --- [csrf] [    Test worker] a.ConfigurationClassBeanDefinitionReader : Registering bean definition for @Bean method org.springframework.boot.autoconfigure.web.servlet.WebMvcAutoConfiguration$EnableWebMvcConfiguration.mvcResourceUrlProvider()
2025-01-07T20:30:49.572+07:00 TRACE 27900 --- [csrf] [    Test worker] a.ConfigurationClassBeanDefinitionReader : Registering bean definition for @Bean method org.springframework.boot.autoconfigure.web.servlet.WebMvcAutoConfiguration$EnableWebMvcConfiguration.defaultServletHandlerMapping()
2025-01-07T20:30:49.572+07:00 TRACE 27900 --- [csrf] [    Test worker] a.ConfigurationClassBeanDefinitionReader : Registering bean definition for @Bean method org.springframework.boot.autoconfigure.web.servlet.WebMvcAutoConfiguration$EnableWebMvcConfiguration.requestMappingHandlerAdapter()
2025-01-07T20:30:49.572+07:00 TRACE 27900 --- [csrf] [    Test worker] a.ConfigurationClassBeanDefinitionReader : Registering bean definition for @Bean method org.springframework.boot.autoconfigure.web.servlet.WebMvcAutoConfiguration$EnableWebMvcConfiguration.handlerFunctionAdapter()
2025-01-07T20:30:49.572+07:00 TRACE 27900 --- [csrf] [    Test worker] a.ConfigurationClassBeanDefinitionReader : Registering bean definition for @Bean method org.springframework.boot.autoconfigure.web.servlet.WebMvcAutoConfiguration$EnableWebMvcConfiguration.mvcUriComponentsContributor()
2025-01-07T20:30:49.572+07:00 TRACE 27900 --- [csrf] [    Test worker] a.ConfigurationClassBeanDefinitionReader : Registering bean definition for @Bean method org.springframework.boot.autoconfigure.web.servlet.WebMvcAutoConfiguration$EnableWebMvcConfiguration.httpRequestHandlerAdapter()
2025-01-07T20:30:49.572+07:00 TRACE 27900 --- [csrf] [    Test worker] a.ConfigurationClassBeanDefinitionReader : Registering bean definition for @Bean method org.springframework.boot.autoconfigure.web.servlet.WebMvcAutoConfiguration$EnableWebMvcConfiguration.simpleControllerHandlerAdapter()
2025-01-07T20:30:49.572+07:00 TRACE 27900 --- [csrf] [    Test worker] a.ConfigurationClassBeanDefinitionReader : Registering bean definition for @Bean method org.springframework.boot.autoconfigure.web.servlet.WebMvcAutoConfiguration$EnableWebMvcConfiguration.handlerExceptionResolver()
2025-01-07T20:30:49.572+07:00 TRACE 27900 --- [csrf] [    Test worker] a.ConfigurationClassBeanDefinitionReader : Registering bean definition for @Bean method org.springframework.boot.autoconfigure.web.servlet.WebMvcAutoConfiguration$EnableWebMvcConfiguration.mvcViewResolver()
2025-01-07T20:30:49.572+07:00 TRACE 27900 --- [csrf] [    Test worker] a.ConfigurationClassBeanDefinitionReader : Registering bean definition for @Bean method org.springframework.boot.autoconfigure.web.servlet.WebMvcAutoConfiguration$EnableWebMvcConfiguration.mvcHandlerMappingIntrospector()
2025-01-07T20:30:49.573+07:00 TRACE 27900 --- [csrf] [    Test worker] a.ConfigurationClassBeanDefinitionReader : Registered bean definition for imported class 'org.springframework.boot.autoconfigure.web.servlet.WebMvcAutoConfiguration$WebMvcAutoConfigurationAdapter'
2025-01-07T20:30:49.581+07:00 TRACE 27900 --- [csrf] [    Test worker] o.s.b.a.condition.OnBeanCondition        : Condition OnBeanCondition on org.springframework.boot.autoconfigure.web.servlet.WebMvcAutoConfiguration$WebMvcAutoConfigurationAdapter#defaultViewResolver matched due to @ConditionalOnMissingBean (types: org.springframework.web.servlet.view.InternalResourceViewResolver; SearchStrategy: all) did not find any beans
2025-01-07T20:30:49.581+07:00 TRACE 27900 --- [csrf] [    Test worker] o.s.b.f.s.DefaultListableBeanFactory     : Returning cached instance of singleton bean 'autoConfigurationReport'
2025-01-07T20:30:49.581+07:00 TRACE 27900 --- [csrf] [    Test worker] a.ConfigurationClassBeanDefinitionReader : Registering bean definition for @Bean method org.springframework.boot.autoconfigure.web.servlet.WebMvcAutoConfiguration$WebMvcAutoConfigurationAdapter.defaultViewResolver()
2025-01-07T20:30:49.583+07:00 TRACE 27900 --- [csrf] [    Test worker] o.s.b.a.condition.OnBeanCondition        : Condition OnBeanCondition on org.springframework.boot.autoconfigure.web.servlet.WebMvcAutoConfiguration$WebMvcAutoConfigurationAdapter#beanNameViewResolver did not match due to @ConditionalOnMissingBean (types: org.springframework.web.servlet.view.BeanNameViewResolver; SearchStrategy: all) found beans of type 'org.springframework.web.servlet.view.BeanNameViewResolver' beanNameViewResolver
2025-01-07T20:30:49.583+07:00 TRACE 27900 --- [csrf] [    Test worker] o.s.b.f.s.DefaultListableBeanFactory     : Returning cached instance of singleton bean 'autoConfigurationReport'
2025-01-07T20:30:49.583+07:00 TRACE 27900 --- [csrf] [    Test worker] o.s.b.a.condition.OnBeanCondition        : Condition OnBeanCondition on org.springframework.boot.autoconfigure.web.servlet.WebMvcAutoConfiguration$WebMvcAutoConfigurationAdapter#viewResolver matched due to @ConditionalOnBean (types: org.springframework.web.servlet.ViewResolver; SearchStrategy: all) found beans 'defaultViewResolver', 'beanNameViewResolver', 'mvcViewResolver'; @ConditionalOnMissingBean (names: viewResolver types: org.springframework.web.servlet.view.ContentNegotiatingViewResolver; SearchStrategy: all) did not find any beans
2025-01-07T20:30:49.583+07:00 TRACE 27900 --- [csrf] [    Test worker] o.s.b.f.s.DefaultListableBeanFactory     : Returning cached instance of singleton bean 'autoConfigurationReport'
2025-01-07T20:30:49.583+07:00 TRACE 27900 --- [csrf] [    Test worker] o.s.b.a.condition.OnBeanCondition        : Condition OnBeanCondition on org.springframework.boot.autoconfigure.web.servlet.WebMvcAutoConfiguration$WebMvcAutoConfigurationAdapter#viewResolver matched due to @ConditionalOnBean (types: org.springframework.web.servlet.ViewResolver; SearchStrategy: all) found beans 'defaultViewResolver', 'beanNameViewResolver', 'mvcViewResolver'; @ConditionalOnMissingBean (names: viewResolver types: org.springframework.web.servlet.view.ContentNegotiatingViewResolver; SearchStrategy: all) did not find any beans
2025-01-07T20:30:49.583+07:00 TRACE 27900 --- [csrf] [    Test worker] o.s.b.f.s.DefaultListableBeanFactory     : Returning cached instance of singleton bean 'autoConfigurationReport'
2025-01-07T20:30:49.583+07:00 TRACE 27900 --- [csrf] [    Test worker] a.ConfigurationClassBeanDefinitionReader : Registering bean definition for @Bean method org.springframework.boot.autoconfigure.web.servlet.WebMvcAutoConfiguration$WebMvcAutoConfigurationAdapter.viewResolver()
2025-01-07T20:30:49.584+07:00 TRACE 27900 --- [csrf] [    Test worker] o.s.b.a.condition.OnBeanCondition        : Condition OnBeanCondition on org.springframework.boot.autoconfigure.web.servlet.WebMvcAutoConfiguration$WebMvcAutoConfigurationAdapter#requestContextFilter matched due to @ConditionalOnMissingBean (types: org.springframework.web.context.request.RequestContextListener,org.springframework.web.filter.RequestContextFilter; SearchStrategy: all) did not find any beans
2025-01-07T20:30:49.584+07:00 TRACE 27900 --- [csrf] [    Test worker] o.s.b.f.s.DefaultListableBeanFactory     : Returning cached instance of singleton bean 'autoConfigurationReport'
2025-01-07T20:30:49.585+07:00 TRACE 27900 --- [csrf] [    Test worker] o.s.b.a.condition.OnBeanCondition        : Condition OnBeanCondition on org.springframework.boot.autoconfigure.web.servlet.WebMvcAutoConfiguration$WebMvcAutoConfigurationAdapter#requestContextFilter matched due to @ConditionalOnMissingBean (types: org.springframework.web.context.request.RequestContextListener,org.springframework.web.filter.RequestContextFilter; SearchStrategy: all) did not find any beans
2025-01-07T20:30:49.585+07:00 TRACE 27900 --- [csrf] [    Test worker] o.s.b.f.s.DefaultListableBeanFactory     : Returning cached instance of singleton bean 'autoConfigurationReport'
2025-01-07T20:30:49.585+07:00 TRACE 27900 --- [csrf] [    Test worker] a.ConfigurationClassBeanDefinitionReader : Registering bean definition for @Bean method org.springframework.boot.autoconfigure.web.servlet.WebMvcAutoConfiguration$WebMvcAutoConfigurationAdapter.requestContextFilter()
2025-01-07T20:30:49.586+07:00 TRACE 27900 --- [csrf] [    Test worker] a.ConfigurationClassBeanDefinitionReader : Registered bean definition for imported class 'org.springframework.boot.autoconfigure.web.servlet.WebMvcAutoConfiguration'
2025-01-07T20:30:49.586+07:00 TRACE 27900 --- [csrf] [    Test worker] o.s.b.a.condition.OnPropertyCondition    : Condition OnPropertyCondition on org.springframework.boot.autoconfigure.web.servlet.WebMvcAutoConfiguration#hiddenHttpMethodFilter did not match due to @ConditionalOnProperty (spring.mvc.hiddenmethod.filter.enabled) did not find property 'enabled'
2025-01-07T20:30:49.586+07:00 TRACE 27900 --- [csrf] [    Test worker] o.s.b.f.s.DefaultListableBeanFactory     : Returning cached instance of singleton bean 'autoConfigurationReport'
2025-01-07T20:30:49.586+07:00 TRACE 27900 --- [csrf] [    Test worker] o.s.b.a.condition.OnPropertyCondition    : Condition OnPropertyCondition on org.springframework.boot.autoconfigure.web.servlet.WebMvcAutoConfiguration#formContentFilter matched due to @ConditionalOnProperty (spring.mvc.formcontent.filter.enabled) matched
2025-01-07T20:30:49.586+07:00 TRACE 27900 --- [csrf] [    Test worker] o.s.b.f.s.DefaultListableBeanFactory     : Returning cached instance of singleton bean 'autoConfigurationReport'
2025-01-07T20:30:49.587+07:00 TRACE 27900 --- [csrf] [    Test worker] o.s.b.a.condition.OnBeanCondition        : Condition OnBeanCondition on org.springframework.boot.autoconfigure.web.servlet.WebMvcAutoConfiguration#formContentFilter matched due to @ConditionalOnMissingBean (types: org.springframework.web.filter.FormContentFilter; SearchStrategy: all) did not find any beans
2025-01-07T20:30:49.587+07:00 TRACE 27900 --- [csrf] [    Test worker] o.s.b.f.s.DefaultListableBeanFactory     : Returning cached instance of singleton bean 'autoConfigurationReport'
2025-01-07T20:30:49.587+07:00 TRACE 27900 --- [csrf] [    Test worker] a.ConfigurationClassBeanDefinitionReader : Registering bean definition for @Bean method org.springframework.boot.autoconfigure.web.servlet.WebMvcAutoConfiguration.formContentFilter()
2025-01-07T20:30:49.588+07:00 TRACE 27900 --- [csrf] [    Test worker] o.s.b.a.condition.OnPropertyCondition    : Condition OnPropertyCondition on org.springframework.boot.autoconfigure.aop.AopAutoConfiguration matched due to @ConditionalOnProperty (spring.aop.auto=true) matched
2025-01-07T20:30:49.588+07:00 TRACE 27900 --- [csrf] [    Test worker] o.s.b.f.s.DefaultListableBeanFactory     : Returning cached instance of singleton bean 'autoConfigurationReport'
2025-01-07T20:30:49.588+07:00 TRACE 27900 --- [csrf] [    Test worker] o.s.b.a.condition.OnClassCondition       : Condition OnClassCondition on org.springframework.boot.autoconfigure.aop.AopAutoConfiguration$ClassProxyingConfiguration matched due to @ConditionalOnMissingClass did not find unwanted class 'org.aspectj.weaver.Advice'
2025-01-07T20:30:49.588+07:00 TRACE 27900 --- [csrf] [    Test worker] o.s.b.f.s.DefaultListableBeanFactory     : Returning cached instance of singleton bean 'autoConfigurationReport'
2025-01-07T20:30:49.588+07:00 TRACE 27900 --- [csrf] [    Test worker] o.s.b.a.condition.OnPropertyCondition    : Condition OnPropertyCondition on org.springframework.boot.autoconfigure.aop.AopAutoConfiguration$ClassProxyingConfiguration matched due to @ConditionalOnProperty (spring.aop.proxy-target-class=true) matched
2025-01-07T20:30:49.588+07:00 TRACE 27900 --- [csrf] [    Test worker] o.s.b.f.s.DefaultListableBeanFactory     : Returning cached instance of singleton bean 'autoConfigurationReport'
2025-01-07T20:30:49.588+07:00 TRACE 27900 --- [csrf] [    Test worker] a.ConfigurationClassBeanDefinitionReader : Registered bean definition for imported class 'org.springframework.boot.autoconfigure.aop.AopAutoConfiguration$ClassProxyingConfiguration'
2025-01-07T20:30:49.588+07:00 TRACE 27900 --- [csrf] [    Test worker] a.ConfigurationClassBeanDefinitionReader : Registering bean definition for @Bean method org.springframework.boot.autoconfigure.aop.AopAutoConfiguration$ClassProxyingConfiguration.forceAutoProxyCreatorToUseClassProxying()
2025-01-07T20:30:49.588+07:00 TRACE 27900 --- [csrf] [    Test worker] a.ConfigurationClassBeanDefinitionReader : Registered bean definition for imported class 'org.springframework.boot.autoconfigure.aop.AopAutoConfiguration'
2025-01-07T20:30:49.588+07:00 TRACE 27900 --- [csrf] [    Test worker] a.ConfigurationClassBeanDefinitionReader : Registered bean definition for imported class 'org.springframework.boot.autoconfigure.availability.ApplicationAvailabilityAutoConfiguration'
2025-01-07T20:30:49.590+07:00 TRACE 27900 --- [csrf] [    Test worker] o.s.b.a.condition.OnBeanCondition        : Condition OnBeanCondition on org.springframework.boot.autoconfigure.availability.ApplicationAvailabilityAutoConfiguration#applicationAvailability matched due to @ConditionalOnMissingBean (types: org.springframework.boot.availability.ApplicationAvailability; SearchStrategy: all) did not find any beans
2025-01-07T20:30:49.590+07:00 TRACE 27900 --- [csrf] [    Test worker] o.s.b.f.s.DefaultListableBeanFactory     : Returning cached instance of singleton bean 'autoConfigurationReport'
2025-01-07T20:30:49.590+07:00 TRACE 27900 --- [csrf] [    Test worker] a.ConfigurationClassBeanDefinitionReader : Registering bean definition for @Bean method org.springframework.boot.autoconfigure.availability.ApplicationAvailabilityAutoConfiguration.applicationAvailability()
2025-01-07T20:30:49.590+07:00 TRACE 27900 --- [csrf] [    Test worker] o.s.b.a.condition.OnClassCondition       : Condition OnClassCondition on org.springframework.boot.autoconfigure.jackson.JacksonAutoConfiguration matched due to @ConditionalOnClass found required class 'com.fasterxml.jackson.databind.ObjectMapper'
2025-01-07T20:30:49.590+07:00 TRACE 27900 --- [csrf] [    Test worker] o.s.b.f.s.DefaultListableBeanFactory     : Returning cached instance of singleton bean 'autoConfigurationReport'
2025-01-07T20:30:49.590+07:00 TRACE 27900 --- [csrf] [    Test worker] o.s.b.a.condition.OnClassCondition       : Condition OnClassCondition on org.springframework.boot.autoconfigure.jackson.JacksonAutoConfiguration$Jackson2ObjectMapperBuilderCustomizerConfiguration matched due to @ConditionalOnClass found required class 'org.springframework.http.converter.json.Jackson2ObjectMapperBuilder'
2025-01-07T20:30:49.590+07:00 TRACE 27900 --- [csrf] [    Test worker] o.s.b.f.s.DefaultListableBeanFactory     : Returning cached instance of singleton bean 'autoConfigurationReport'
2025-01-07T20:30:49.590+07:00 TRACE 27900 --- [csrf] [    Test worker] a.ConfigurationClassBeanDefinitionReader : Registered bean definition for imported class 'org.springframework.boot.autoconfigure.jackson.JacksonAutoConfiguration$Jackson2ObjectMapperBuilderCustomizerConfiguration'
2025-01-07T20:30:49.590+07:00 TRACE 27900 --- [csrf] [    Test worker] a.ConfigurationClassBeanDefinitionReader : Registering bean definition for @Bean method org.springframework.boot.autoconfigure.jackson.JacksonAutoConfiguration$Jackson2ObjectMapperBuilderCustomizerConfiguration.standardJacksonObjectMapperBuilderCustomizer()
2025-01-07T20:30:49.590+07:00 TRACE 27900 --- [csrf] [    Test worker] o.s.b.a.condition.OnClassCondition       : Condition OnClassCondition on org.springframework.boot.autoconfigure.jackson.JacksonAutoConfiguration$JacksonObjectMapperBuilderConfiguration matched due to @ConditionalOnClass found required class 'org.springframework.http.converter.json.Jackson2ObjectMapperBuilder'
2025-01-07T20:30:49.590+07:00 TRACE 27900 --- [csrf] [    Test worker] o.s.b.f.s.DefaultListableBeanFactory     : Returning cached instance of singleton bean 'autoConfigurationReport'
2025-01-07T20:30:49.590+07:00 TRACE 27900 --- [csrf] [    Test worker] a.ConfigurationClassBeanDefinitionReader : Registered bean definition for imported class 'org.springframework.boot.autoconfigure.jackson.JacksonAutoConfiguration$JacksonObjectMapperBuilderConfiguration'
2025-01-07T20:30:49.592+07:00 TRACE 27900 --- [csrf] [    Test worker] o.s.b.a.condition.OnBeanCondition        : Condition OnBeanCondition on org.springframework.boot.autoconfigure.jackson.JacksonAutoConfiguration$JacksonObjectMapperBuilderConfiguration#jacksonObjectMapperBuilder matched due to @ConditionalOnMissingBean (types: org.springframework.http.converter.json.Jackson2ObjectMapperBuilder; SearchStrategy: all) did not find any beans
2025-01-07T20:30:49.592+07:00 TRACE 27900 --- [csrf] [    Test worker] o.s.b.f.s.DefaultListableBeanFactory     : Returning cached instance of singleton bean 'autoConfigurationReport'
2025-01-07T20:30:49.592+07:00 TRACE 27900 --- [csrf] [    Test worker] a.ConfigurationClassBeanDefinitionReader : Registering bean definition for @Bean method org.springframework.boot.autoconfigure.jackson.JacksonAutoConfiguration$JacksonObjectMapperBuilderConfiguration.jacksonObjectMapperBuilder()
2025-01-07T20:30:49.592+07:00 TRACE 27900 --- [csrf] [    Test worker] o.s.b.a.condition.OnClassCondition       : Condition OnClassCondition on org.springframework.boot.autoconfigure.jackson.JacksonAutoConfiguration$ParameterNamesModuleConfiguration matched due to @ConditionalOnClass found required class 'com.fasterxml.jackson.module.paramnames.ParameterNamesModule'
2025-01-07T20:30:49.592+07:00 TRACE 27900 --- [csrf] [    Test worker] o.s.b.f.s.DefaultListableBeanFactory     : Returning cached instance of singleton bean 'autoConfigurationReport'
2025-01-07T20:30:49.592+07:00 TRACE 27900 --- [csrf] [    Test worker] a.ConfigurationClassBeanDefinitionReader : Registered bean definition for imported class 'org.springframework.boot.autoconfigure.jackson.JacksonAutoConfiguration$ParameterNamesModuleConfiguration'
2025-01-07T20:30:49.593+07:00 TRACE 27900 --- [csrf] [    Test worker] o.s.b.a.condition.OnBeanCondition        : Condition OnBeanCondition on org.springframework.boot.autoconfigure.jackson.JacksonAutoConfiguration$ParameterNamesModuleConfiguration#parameterNamesModule matched due to @ConditionalOnMissingBean (types: com.fasterxml.jackson.module.paramnames.ParameterNamesModule; SearchStrategy: all) did not find any beans
2025-01-07T20:30:49.593+07:00 TRACE 27900 --- [csrf] [    Test worker] o.s.b.f.s.DefaultListableBeanFactory     : Returning cached instance of singleton bean 'autoConfigurationReport'
2025-01-07T20:30:49.593+07:00 TRACE 27900 --- [csrf] [    Test worker] a.ConfigurationClassBeanDefinitionReader : Registering bean definition for @Bean method org.springframework.boot.autoconfigure.jackson.JacksonAutoConfiguration$ParameterNamesModuleConfiguration.parameterNamesModule()
2025-01-07T20:30:49.593+07:00 TRACE 27900 --- [csrf] [    Test worker] o.s.b.a.condition.OnClassCondition       : Condition OnClassCondition on org.springframework.boot.autoconfigure.jackson.JacksonAutoConfiguration$JacksonObjectMapperConfiguration matched due to @ConditionalOnClass found required class 'org.springframework.http.converter.json.Jackson2ObjectMapperBuilder'
2025-01-07T20:30:49.593+07:00 TRACE 27900 --- [csrf] [    Test worker] o.s.b.f.s.DefaultListableBeanFactory     : Returning cached instance of singleton bean 'autoConfigurationReport'
2025-01-07T20:30:49.593+07:00 TRACE 27900 --- [csrf] [    Test worker] a.ConfigurationClassBeanDefinitionReader : Registered bean definition for imported class 'org.springframework.boot.autoconfigure.jackson.JacksonAutoConfiguration$JacksonObjectMapperConfiguration'
2025-01-07T20:30:49.593+07:00 TRACE 27900 --- [csrf] [    Test worker] o.s.b.a.condition.OnBeanCondition        : Condition OnBeanCondition on org.springframework.boot.autoconfigure.jackson.JacksonAutoConfiguration$JacksonObjectMapperConfiguration#jacksonObjectMapper matched due to @ConditionalOnMissingBean (types: com.fasterxml.jackson.databind.ObjectMapper; SearchStrategy: all) did not find any beans
2025-01-07T20:30:49.593+07:00 TRACE 27900 --- [csrf] [    Test worker] o.s.b.f.s.DefaultListableBeanFactory     : Returning cached instance of singleton bean 'autoConfigurationReport'
2025-01-07T20:30:49.593+07:00 TRACE 27900 --- [csrf] [    Test worker] a.ConfigurationClassBeanDefinitionReader : Registering bean definition for @Bean method org.springframework.boot.autoconfigure.jackson.JacksonAutoConfiguration$JacksonObjectMapperConfiguration.jacksonObjectMapper()
2025-01-07T20:30:49.593+07:00 TRACE 27900 --- [csrf] [    Test worker] a.ConfigurationClassBeanDefinitionReader : Registered bean definition for imported class 'org.springframework.boot.autoconfigure.jackson.JacksonAutoConfiguration$JacksonMixinConfiguration'
2025-01-07T20:30:49.593+07:00 TRACE 27900 --- [csrf] [    Test worker] a.ConfigurationClassBeanDefinitionReader : Registering bean definition for @Bean method org.springframework.boot.autoconfigure.jackson.JacksonAutoConfiguration$JacksonMixinConfiguration.jsonMixinModuleEntries()
2025-01-07T20:30:49.594+07:00 TRACE 27900 --- [csrf] [    Test worker] a.ConfigurationClassBeanDefinitionReader : Registering bean definition for @Bean method org.springframework.boot.autoconfigure.jackson.JacksonAutoConfiguration$JacksonMixinConfiguration.jsonMixinModule()
2025-01-07T20:30:49.594+07:00 TRACE 27900 --- [csrf] [    Test worker] a.ConfigurationClassBeanDefinitionReader : Registered bean definition for imported class 'org.springframework.boot.autoconfigure.jackson.JacksonAutoConfiguration'
2025-01-07T20:30:49.594+07:00 TRACE 27900 --- [csrf] [    Test worker] a.ConfigurationClassBeanDefinitionReader : Registering bean definition for @Bean method org.springframework.boot.autoconfigure.jackson.JacksonAutoConfiguration.jsonComponentModule()
2025-01-07T20:30:49.594+07:00 TRACE 27900 --- [csrf] [    Test worker] o.s.b.a.condition.OnClassCondition       : Condition OnClassCondition on org.springframework.boot.autoconfigure.cache.CacheAutoConfiguration matched due to @ConditionalOnClass found required class 'org.springframework.cache.CacheManager'
2025-01-07T20:30:49.594+07:00 TRACE 27900 --- [csrf] [    Test worker] o.s.b.f.s.DefaultListableBeanFactory     : Returning cached instance of singleton bean 'autoConfigurationReport'
2025-01-07T20:30:49.595+07:00 TRACE 27900 --- [csrf] [    Test worker] o.s.b.a.condition.OnBeanCondition        : Condition OnBeanCondition on org.springframework.boot.autoconfigure.cache.CacheAutoConfiguration did not match due to @ConditionalOnBean (types: org.springframework.cache.interceptor.CacheAspectSupport; SearchStrategy: all) did not find any beans of type org.springframework.cache.interceptor.CacheAspectSupport
2025-01-07T20:30:49.595+07:00 TRACE 27900 --- [csrf] [    Test worker] o.s.b.f.s.DefaultListableBeanFactory     : Returning cached instance of singleton bean 'autoConfigurationReport'
2025-01-07T20:30:49.596+07:00 TRACE 27900 --- [csrf] [    Test worker] a.ConfigurationClassBeanDefinitionReader : Registered bean definition for imported class 'org.springframework.boot.autoconfigure.context.ConfigurationPropertiesAutoConfiguration'
2025-01-07T20:30:49.596+07:00 TRACE 27900 --- [csrf] [    Test worker] a.ConfigurationClassBeanDefinitionReader : Registered bean definition for imported class 'org.springframework.boot.autoconfigure.context.LifecycleAutoConfiguration'
2025-01-07T20:30:49.596+07:00 TRACE 27900 --- [csrf] [    Test worker] o.s.b.a.condition.OnBeanCondition        : Condition OnBeanCondition on org.springframework.boot.autoconfigure.context.LifecycleAutoConfiguration#defaultLifecycleProcessor matched due to @ConditionalOnMissingBean (names: lifecycleProcessor; SearchStrategy: current) did not find any beans
2025-01-07T20:30:49.596+07:00 TRACE 27900 --- [csrf] [    Test worker] o.s.b.f.s.DefaultListableBeanFactory     : Returning cached instance of singleton bean 'autoConfigurationReport'
2025-01-07T20:30:49.596+07:00 TRACE 27900 --- [csrf] [    Test worker] a.ConfigurationClassBeanDefinitionReader : Registering bean definition for @Bean method org.springframework.boot.autoconfigure.context.LifecycleAutoConfiguration.lifecycleProcessor()
2025-01-07T20:30:49.596+07:00 TRACE 27900 --- [csrf] [    Test worker] o.s.b.a.condition.OnClassCondition       : Condition OnClassCondition on org.springframework.boot.autoconfigure.http.HttpMessageConvertersAutoConfiguration matched due to @ConditionalOnClass found required class 'org.springframework.http.converter.HttpMessageConverter'
2025-01-07T20:30:49.596+07:00 TRACE 27900 --- [csrf] [    Test worker] o.s.b.f.s.DefaultListableBeanFactory     : Returning cached instance of singleton bean 'autoConfigurationReport'
2025-01-07T20:30:49.596+07:00 TRACE 27900 --- [csrf] [    Test worker] o.s.b.a.condition.OnClassCondition       : Condition OnClassCondition on org.springframework.boot.autoconfigure.http.HttpMessageConvertersAutoConfiguration$StringHttpMessageConverterConfiguration matched due to @ConditionalOnClass found required class 'org.springframework.http.converter.StringHttpMessageConverter'
2025-01-07T20:30:49.596+07:00 TRACE 27900 --- [csrf] [    Test worker] o.s.b.f.s.DefaultListableBeanFactory     : Returning cached instance of singleton bean 'autoConfigurationReport'
2025-01-07T20:30:49.596+07:00 TRACE 27900 --- [csrf] [    Test worker] a.ConfigurationClassBeanDefinitionReader : Registered bean definition for imported class 'org.springframework.boot.autoconfigure.http.HttpMessageConvertersAutoConfiguration$StringHttpMessageConverterConfiguration'
2025-01-07T20:30:49.597+07:00 TRACE 27900 --- [csrf] [    Test worker] o.s.b.a.condition.OnBeanCondition        : Condition OnBeanCondition on org.springframework.boot.autoconfigure.http.HttpMessageConvertersAutoConfiguration$StringHttpMessageConverterConfiguration#stringHttpMessageConverter matched due to @ConditionalOnMissingBean (types: org.springframework.http.converter.StringHttpMessageConverter; SearchStrategy: all) did not find any beans
2025-01-07T20:30:49.597+07:00 TRACE 27900 --- [csrf] [    Test worker] o.s.b.f.s.DefaultListableBeanFactory     : Returning cached instance of singleton bean 'autoConfigurationReport'
2025-01-07T20:30:49.597+07:00 TRACE 27900 --- [csrf] [    Test worker] a.ConfigurationClassBeanDefinitionReader : Registering bean definition for @Bean method org.springframework.boot.autoconfigure.http.HttpMessageConvertersAutoConfiguration$StringHttpMessageConverterConfiguration.stringHttpMessageConverter()
2025-01-07T20:30:49.597+07:00 TRACE 27900 --- [csrf] [    Test worker] o.s.b.a.condition.OnClassCondition       : Condition OnClassCondition on org.springframework.boot.autoconfigure.http.JacksonHttpMessageConvertersConfiguration$MappingJackson2HttpMessageConverterConfiguration matched due to @ConditionalOnClass found required class 'com.fasterxml.jackson.databind.ObjectMapper'
2025-01-07T20:30:49.597+07:00 TRACE 27900 --- [csrf] [    Test worker] o.s.b.f.s.DefaultListableBeanFactory     : Returning cached instance of singleton bean 'autoConfigurationReport'
2025-01-07T20:30:49.597+07:00 TRACE 27900 --- [csrf] [    Test worker] o.s.b.a.condition.OnPropertyCondition    : Condition OnPropertyCondition on org.springframework.boot.autoconfigure.http.JacksonHttpMessageConvertersConfiguration$MappingJackson2HttpMessageConverterConfiguration matched due to @ConditionalOnProperty (spring.mvc.converters.preferred-json-mapper=jackson) matched
2025-01-07T20:30:49.597+07:00 TRACE 27900 --- [csrf] [    Test worker] o.s.b.f.s.DefaultListableBeanFactory     : Returning cached instance of singleton bean 'autoConfigurationReport'
2025-01-07T20:30:49.598+07:00 TRACE 27900 --- [csrf] [    Test worker] o.s.b.a.condition.OnBeanCondition        : Condition OnBeanCondition on org.springframework.boot.autoconfigure.http.JacksonHttpMessageConvertersConfiguration$MappingJackson2HttpMessageConverterConfiguration matched due to @ConditionalOnBean (types: com.fasterxml.jackson.databind.ObjectMapper; SearchStrategy: all) found bean 'jacksonObjectMapper'
2025-01-07T20:30:49.598+07:00 TRACE 27900 --- [csrf] [    Test worker] o.s.b.f.s.DefaultListableBeanFactory     : Returning cached instance of singleton bean 'autoConfigurationReport'
2025-01-07T20:30:49.598+07:00 TRACE 27900 --- [csrf] [    Test worker] a.ConfigurationClassBeanDefinitionReader : Registered bean definition for imported class 'org.springframework.boot.autoconfigure.http.JacksonHttpMessageConvertersConfiguration$MappingJackson2HttpMessageConverterConfiguration'
2025-01-07T20:30:49.598+07:00 TRACE 27900 --- [csrf] [    Test worker] o.s.b.a.condition.OnBeanCondition        : Condition OnBeanCondition on org.springframework.boot.autoconfigure.http.JacksonHttpMessageConvertersConfiguration$MappingJackson2HttpMessageConverterConfiguration#mappingJackson2HttpMessageConverter matched due to @ConditionalOnMissingBean (types: org.springframework.http.converter.json.MappingJackson2HttpMessageConverter ignored: org.springframework.hateoas.server.mvc.TypeConstrainedMappingJackson2HttpMessageConverter,org.springframework.data.rest.webmvc.alps.AlpsJsonHttpMessageConverter; SearchStrategy: all) did not find any beans
2025-01-07T20:30:49.598+07:00 TRACE 27900 --- [csrf] [    Test worker] o.s.b.f.s.DefaultListableBeanFactory     : Returning cached instance of singleton bean 'autoConfigurationReport'
2025-01-07T20:30:49.598+07:00 TRACE 27900 --- [csrf] [    Test worker] a.ConfigurationClassBeanDefinitionReader : Registering bean definition for @Bean method org.springframework.boot.autoconfigure.http.JacksonHttpMessageConvertersConfiguration$MappingJackson2HttpMessageConverterConfiguration.mappingJackson2HttpMessageConverter()
2025-01-07T20:30:49.598+07:00 TRACE 27900 --- [csrf] [    Test worker] a.ConfigurationClassBeanDefinitionReader : Registered bean definition for imported class 'org.springframework.boot.autoconfigure.http.JacksonHttpMessageConvertersConfiguration'
2025-01-07T20:30:49.599+07:00 TRACE 27900 --- [csrf] [    Test worker] a.ConfigurationClassBeanDefinitionReader : Registered bean definition for imported class 'org.springframework.boot.autoconfigure.http.HttpMessageConvertersAutoConfiguration'
2025-01-07T20:30:49.599+07:00 TRACE 27900 --- [csrf] [    Test worker] o.s.b.a.condition.OnBeanCondition        : Condition OnBeanCondition on org.springframework.boot.autoconfigure.http.HttpMessageConvertersAutoConfiguration#messageConverters matched due to @ConditionalOnMissingBean (types: org.springframework.boot.autoconfigure.http.HttpMessageConverters; SearchStrategy: all) did not find any beans
2025-01-07T20:30:49.599+07:00 TRACE 27900 --- [csrf] [    Test worker] o.s.b.f.s.DefaultListableBeanFactory     : Returning cached instance of singleton bean 'autoConfigurationReport'
2025-01-07T20:30:49.599+07:00 TRACE 27900 --- [csrf] [    Test worker] a.ConfigurationClassBeanDefinitionReader : Registering bean definition for @Bean method org.springframework.boot.autoconfigure.http.HttpMessageConvertersAutoConfiguration.messageConverters()
2025-01-07T20:30:49.599+07:00 TRACE 27900 --- [csrf] [    Test worker] o.s.b.a.condition.OnClassCondition       : Condition OnClassCondition on org.springframework.boot.autoconfigure.http.client.HttpClientAutoConfiguration matched due to @ConditionalOnClass found required class 'org.springframework.http.client.ClientHttpRequestFactory'
2025-01-07T20:30:49.599+07:00 TRACE 27900 --- [csrf] [    Test worker] o.s.b.f.s.DefaultListableBeanFactory     : Returning cached instance of singleton bean 'autoConfigurationReport'
2025-01-07T20:30:49.599+07:00 TRACE 27900 --- [csrf] [    Test worker] a.ConfigurationClassBeanDefinitionReader : Registered bean definition for imported class 'org.springframework.boot.autoconfigure.http.client.HttpClientAutoConfiguration'
2025-01-07T20:30:49.600+07:00 TRACE 27900 --- [csrf] [    Test worker] o.s.b.a.condition.OnBeanCondition        : Condition OnBeanCondition on org.springframework.boot.autoconfigure.http.client.HttpClientAutoConfiguration#clientHttpRequestFactoryBuilder matched due to @ConditionalOnMissingBean (types: org.springframework.boot.http.client.ClientHttpRequestFactoryBuilder; SearchStrategy: all) did not find any beans
2025-01-07T20:30:49.600+07:00 TRACE 27900 --- [csrf] [    Test worker] o.s.b.f.s.DefaultListableBeanFactory     : Returning cached instance of singleton bean 'autoConfigurationReport'
2025-01-07T20:30:49.600+07:00 TRACE 27900 --- [csrf] [    Test worker] a.ConfigurationClassBeanDefinitionReader : Registering bean definition for @Bean method org.springframework.boot.autoconfigure.http.client.HttpClientAutoConfiguration.clientHttpRequestFactoryBuilder()
2025-01-07T20:30:49.601+07:00 TRACE 27900 --- [csrf] [    Test worker] o.s.b.a.condition.OnBeanCondition        : Condition OnBeanCondition on org.springframework.boot.autoconfigure.http.client.HttpClientAutoConfiguration#clientHttpRequestFactorySettings matched due to @ConditionalOnMissingBean (types: org.springframework.boot.http.client.ClientHttpRequestFactorySettings; SearchStrategy: all) did not find any beans
2025-01-07T20:30:49.601+07:00 TRACE 27900 --- [csrf] [    Test worker] o.s.b.f.s.DefaultListableBeanFactory     : Returning cached instance of singleton bean 'autoConfigurationReport'
2025-01-07T20:30:49.601+07:00 TRACE 27900 --- [csrf] [    Test worker] a.ConfigurationClassBeanDefinitionReader : Registering bean definition for @Bean method org.springframework.boot.autoconfigure.http.client.HttpClientAutoConfiguration.clientHttpRequestFactorySettings()
2025-01-07T20:30:49.601+07:00 TRACE 27900 --- [csrf] [    Test worker] a.ConfigurationClassBeanDefinitionReader : Registered bean definition for imported class 'org.springframework.boot.autoconfigure.info.ProjectInfoAutoConfiguration'
2025-01-07T20:30:49.602+07:00 TRACE 27900 --- [csrf] [    Test worker] figuration$GitResourceAvailableCondition : Condition ProjectInfoAutoConfiguration.GitResourceAvailableCondition on org.springframework.boot.autoconfigure.info.ProjectInfoAutoConfiguration#gitProperties did not match due to GitResource did not find git info at classpath:git.properties
2025-01-07T20:30:49.602+07:00 TRACE 27900 --- [csrf] [    Test worker] o.s.b.f.s.DefaultListableBeanFactory     : Returning cached instance of singleton bean 'autoConfigurationReport'
2025-01-07T20:30:49.602+07:00 TRACE 27900 --- [csrf] [    Test worker] o.s.b.a.condition.OnResourceCondition    : Condition OnResourceCondition on org.springframework.boot.autoconfigure.info.ProjectInfoAutoConfiguration#buildProperties did not match due to @ConditionalOnResource did not find resource '${spring.info.build.location:classpath:META-INF/build-info.properties}'
2025-01-07T20:30:49.602+07:00 TRACE 27900 --- [csrf] [    Test worker] o.s.b.f.s.DefaultListableBeanFactory     : Returning cached instance of singleton bean 'autoConfigurationReport'
2025-01-07T20:30:49.603+07:00 TRACE 27900 --- [csrf] [    Test worker] o.s.b.a.condition.OnClassCondition       : Condition OnClassCondition on org.springframework.boot.autoconfigure.security.oauth2.server.servlet.OAuth2AuthorizationServerAutoConfiguration matched due to @ConditionalOnClass found required class 'org.springframework.security.oauth2.server.authorization.OAuth2Authorization'
2025-01-07T20:30:49.603+07:00 TRACE 27900 --- [csrf] [    Test worker] o.s.b.f.s.DefaultListableBeanFactory     : Returning cached instance of singleton bean 'autoConfigurationReport'
2025-01-07T20:30:49.603+07:00 TRACE 27900 --- [csrf] [    Test worker] o.s.b.a.c.OnWebApplicationCondition      : Condition OnWebApplicationCondition on org.springframework.boot.autoconfigure.security.oauth2.server.servlet.OAuth2AuthorizationServerAutoConfiguration matched due to found 'session' scope
2025-01-07T20:30:49.603+07:00 TRACE 27900 --- [csrf] [    Test worker] o.s.b.f.s.DefaultListableBeanFactory     : Returning cached instance of singleton bean 'autoConfigurationReport'
2025-01-07T20:30:49.603+07:00 TRACE 27900 --- [csrf] [    Test worker] a.ConfigurationClassBeanDefinitionReader : Registered bean definition for imported class 'org.springframework.boot.autoconfigure.security.oauth2.server.servlet.OAuth2AuthorizationServerConfiguration'
2025-01-07T20:30:49.603+07:00 TRACE 27900 --- [csrf] [    Test worker] s.s.RegisteredClientsConfiguredCondition : Condition RegisteredClientsConfiguredCondition on org.springframework.boot.autoconfigure.security.oauth2.server.servlet.OAuth2AuthorizationServerConfiguration#registeredClientRepository did not match due to OAuth2 Registered Clients Configured Condition registered clients is not available
2025-01-07T20:30:49.603+07:00 TRACE 27900 --- [csrf] [    Test worker] o.s.b.f.s.DefaultListableBeanFactory     : Returning cached instance of singleton bean 'autoConfigurationReport'
2025-01-07T20:30:49.604+07:00 TRACE 27900 --- [csrf] [    Test worker] o.s.b.a.condition.OnBeanCondition        : Condition OnBeanCondition on org.springframework.boot.autoconfigure.security.oauth2.server.servlet.OAuth2AuthorizationServerConfiguration#authorizationServerSettings matched due to @ConditionalOnMissingBean (types: org.springframework.security.oauth2.server.authorization.settings.AuthorizationServerSettings; SearchStrategy: all) did not find any beans
2025-01-07T20:30:49.604+07:00 TRACE 27900 --- [csrf] [    Test worker] o.s.b.f.s.DefaultListableBeanFactory     : Returning cached instance of singleton bean 'autoConfigurationReport'
2025-01-07T20:30:49.604+07:00 TRACE 27900 --- [csrf] [    Test worker] a.ConfigurationClassBeanDefinitionReader : Registering bean definition for @Bean method org.springframework.boot.autoconfigure.security.oauth2.server.servlet.OAuth2AuthorizationServerConfiguration.authorizationServerSettings()
2025-01-07T20:30:49.605+07:00 TRACE 27900 --- [csrf] [    Test worker] o.s.b.a.s.DefaultWebSecurityCondition    : Condition DefaultWebSecurityCondition on org.springframework.boot.autoconfigure.security.oauth2.server.servlet.OAuth2AuthorizationServerWebSecurityConfiguration did not match due to AllNestedConditions 1 matched 1 did not; NestedCondition on DefaultWebSecurityCondition.Beans @ConditionalOnMissingBean (types: org.springframework.security.web.SecurityFilterChain; SearchStrategy: all) found beans of type 'org.springframework.security.web.SecurityFilterChain' securityFilterChain; NestedCondition on DefaultWebSecurityCondition.Classes @ConditionalOnClass found required classes 'org.springframework.security.web.SecurityFilterChain', 'org.springframework.security.config.annotation.web.builders.HttpSecurity'
2025-01-07T20:30:49.605+07:00 TRACE 27900 --- [csrf] [    Test worker] o.s.b.f.s.DefaultListableBeanFactory     : Returning cached instance of singleton bean 'autoConfigurationReport'
2025-01-07T20:30:49.606+07:00 TRACE 27900 --- [csrf] [    Test worker] a.ConfigurationClassBeanDefinitionReader : Registered bean definition for imported class 'org.springframework.boot.autoconfigure.security.oauth2.server.servlet.OAuth2AuthorizationServerAutoConfiguration'
2025-01-07T20:30:49.606+07:00 TRACE 27900 --- [csrf] [    Test worker] o.s.b.a.condition.OnClassCondition       : Condition OnClassCondition on org.springframework.boot.autoconfigure.security.oauth2.resource.servlet.OAuth2ResourceServerAutoConfiguration matched due to @ConditionalOnClass found required class 'org.springframework.security.oauth2.server.resource.authentication.BearerTokenAuthenticationToken'
2025-01-07T20:30:49.606+07:00 TRACE 27900 --- [csrf] [    Test worker] o.s.b.f.s.DefaultListableBeanFactory     : Returning cached instance of singleton bean 'autoConfigurationReport'
2025-01-07T20:30:49.606+07:00 TRACE 27900 --- [csrf] [    Test worker] o.s.b.a.c.OnWebApplicationCondition      : Condition OnWebApplicationCondition on org.springframework.boot.autoconfigure.security.oauth2.resource.servlet.OAuth2ResourceServerAutoConfiguration matched due to found 'session' scope
2025-01-07T20:30:49.606+07:00 TRACE 27900 --- [csrf] [    Test worker] o.s.b.f.s.DefaultListableBeanFactory     : Returning cached instance of singleton bean 'autoConfigurationReport'
2025-01-07T20:30:49.606+07:00 TRACE 27900 --- [csrf] [    Test worker] o.s.b.a.condition.OnClassCondition       : Condition OnClassCondition on org.springframework.boot.autoconfigure.security.oauth2.resource.servlet.Oauth2ResourceServerConfiguration$JwtConfiguration matched due to @ConditionalOnClass found required class 'org.springframework.security.oauth2.jwt.JwtDecoder'
2025-01-07T20:30:49.606+07:00 TRACE 27900 --- [csrf] [    Test worker] o.s.b.f.s.DefaultListableBeanFactory     : Returning cached instance of singleton bean 'autoConfigurationReport'
2025-01-07T20:30:49.607+07:00 TRACE 27900 --- [csrf] [    Test worker] guration$JwtConverterPropertiesCondition : Condition OAuth2ResourceServerJwtConfiguration.JwtConverterPropertiesCondition on org.springframework.boot.autoconfigure.security.oauth2.resource.servlet.OAuth2ResourceServerJwtConfiguration$JwtConverterConfiguration did not match due to AnyNestedCondition 0 matched 3 did not; NestedCondition on OAuth2ResourceServerJwtConfiguration.JwtConverterPropertiesCondition.OnAuthoritiesClaimName @ConditionalOnProperty (spring.security.oauth2.resourceserver.jwt.authorities-claim-name) did not find property 'authorities-claim-name'; NestedCondition on OAuth2ResourceServerJwtConfiguration.JwtConverterPropertiesCondition.OnPrincipalClaimName @ConditionalOnProperty (spring.security.oauth2.resourceserver.jwt.principal-claim-name) did not find property 'principal-claim-name'; NestedCondition on OAuth2ResourceServerJwtConfiguration.JwtConverterPropertiesCondition.OnAuthorityPrefix @ConditionalOnProperty (spring.security.oauth2.resourceserver.jwt.authority-prefix) did not find property 'authority-prefix'
2025-01-07T20:30:49.607+07:00 TRACE 27900 --- [csrf] [    Test worker] o.s.b.f.s.DefaultListableBeanFactory     : Returning cached instance of singleton bean 'autoConfigurationReport'
2025-01-07T20:30:49.607+07:00 TRACE 27900 --- [csrf] [    Test worker] o.s.b.a.condition.OnBeanCondition        : Condition OnBeanCondition on org.springframework.boot.autoconfigure.security.oauth2.resource.servlet.OAuth2ResourceServerJwtConfiguration$JwtDecoderConfiguration matched due to @ConditionalOnMissingBean (types: org.springframework.security.oauth2.jwt.JwtDecoder; SearchStrategy: all) did not find any beans
2025-01-07T20:30:49.607+07:00 TRACE 27900 --- [csrf] [    Test worker] o.s.b.f.s.DefaultListableBeanFactory     : Returning cached instance of singleton bean 'autoConfigurationReport'
2025-01-07T20:30:49.607+07:00 TRACE 27900 --- [csrf] [    Test worker] a.ConfigurationClassBeanDefinitionReader : Registered bean definition for imported class 'org.springframework.boot.autoconfigure.security.oauth2.resource.servlet.OAuth2ResourceServerJwtConfiguration$JwtDecoderConfiguration'
2025-01-07T20:30:49.607+07:00 TRACE 27900 --- [csrf] [    Test worker] o.s.b.a.condition.OnPropertyCondition    : Condition OnPropertyCondition on org.springframework.boot.autoconfigure.security.oauth2.resource.servlet.OAuth2ResourceServerJwtConfiguration$JwtDecoderConfiguration#jwtDecoderByJwkKeySetUri did not match due to @ConditionalOnProperty (spring.security.oauth2.resourceserver.jwt.jwk-set-uri) did not find property 'spring.security.oauth2.resourceserver.jwt.jwk-set-uri'
2025-01-07T20:30:49.607+07:00 TRACE 27900 --- [csrf] [    Test worker] o.s.b.f.s.DefaultListableBeanFactory     : Returning cached instance of singleton bean 'autoConfigurationReport'
2025-01-07T20:30:49.607+07:00 TRACE 27900 --- [csrf] [    Test worker] o.s.b.a.s.o.resource.KeyValueCondition   : Condition KeyValueCondition on org.springframework.boot.autoconfigure.security.oauth2.resource.servlet.OAuth2ResourceServerJwtConfiguration$JwtDecoderConfiguration#jwtDecoderByPublicKeyValue did not match due to Public Key Value Condition did not find public-key-location property
2025-01-07T20:30:49.607+07:00 TRACE 27900 --- [csrf] [    Test worker] o.s.b.f.s.DefaultListableBeanFactory     : Returning cached instance of singleton bean 'autoConfigurationReport'
2025-01-07T20:30:49.607+07:00 TRACE 27900 --- [csrf] [    Test worker] o.s.b.a.s.o.resource.IssuerUriCondition  : Condition IssuerUriCondition on org.springframework.boot.autoconfigure.security.oauth2.resource.servlet.OAuth2ResourceServerJwtConfiguration$JwtDecoderConfiguration#jwtDecoderByIssuerUri did not match due to OpenID Connect Issuer URI Condition did not find issuer-uri property
2025-01-07T20:30:49.607+07:00 TRACE 27900 --- [csrf] [    Test worker] o.s.b.f.s.DefaultListableBeanFactory     : Returning cached instance of singleton bean 'autoConfigurationReport'
2025-01-07T20:30:49.608+07:00 TRACE 27900 --- [csrf] [    Test worker] o.s.b.a.s.DefaultWebSecurityCondition    : Condition DefaultWebSecurityCondition on org.springframework.boot.autoconfigure.security.oauth2.resource.servlet.OAuth2ResourceServerJwtConfiguration$OAuth2SecurityFilterChainConfiguration did not match due to AllNestedConditions 1 matched 1 did not; NestedCondition on DefaultWebSecurityCondition.Beans @ConditionalOnMissingBean (types: org.springframework.security.web.SecurityFilterChain; SearchStrategy: all) found beans of type 'org.springframework.security.web.SecurityFilterChain' securityFilterChain; NestedCondition on DefaultWebSecurityCondition.Classes @ConditionalOnClass found required classes 'org.springframework.security.web.SecurityFilterChain', 'org.springframework.security.config.annotation.web.builders.HttpSecurity'
2025-01-07T20:30:49.608+07:00 TRACE 27900 --- [csrf] [    Test worker] o.s.b.f.s.DefaultListableBeanFactory     : Returning cached instance of singleton bean 'autoConfigurationReport'
2025-01-07T20:30:49.609+07:00 TRACE 27900 --- [csrf] [    Test worker] a.ConfigurationClassBeanDefinitionReader : Registered bean definition for imported class 'org.springframework.boot.autoconfigure.security.oauth2.resource.servlet.Oauth2ResourceServerConfiguration$JwtConfiguration'
2025-01-07T20:30:49.609+07:00 TRACE 27900 --- [csrf] [    Test worker] o.s.b.a.condition.OnBeanCondition        : Condition OnBeanCondition on org.springframework.boot.autoconfigure.security.oauth2.resource.servlet.OAuth2ResourceServerOpaqueTokenConfiguration$OpaqueTokenIntrospectionClientConfiguration matched due to @ConditionalOnMissingBean (types: org.springframework.security.oauth2.server.resource.introspection.OpaqueTokenIntrospector; SearchStrategy: all) did not find any beans
2025-01-07T20:30:49.609+07:00 TRACE 27900 --- [csrf] [    Test worker] o.s.b.f.s.DefaultListableBeanFactory     : Returning cached instance of singleton bean 'autoConfigurationReport'
2025-01-07T20:30:49.609+07:00 TRACE 27900 --- [csrf] [    Test worker] a.ConfigurationClassBeanDefinitionReader : Registered bean definition for imported class 'org.springframework.boot.autoconfigure.security.oauth2.resource.servlet.OAuth2ResourceServerOpaqueTokenConfiguration$OpaqueTokenIntrospectionClientConfiguration'
2025-01-07T20:30:49.609+07:00 TRACE 27900 --- [csrf] [    Test worker] o.s.b.a.condition.OnPropertyCondition    : Condition OnPropertyCondition on org.springframework.boot.autoconfigure.security.oauth2.resource.servlet.OAuth2ResourceServerOpaqueTokenConfiguration$OpaqueTokenIntrospectionClientConfiguration#opaqueTokenIntrospector did not match due to @ConditionalOnProperty (spring.security.oauth2.resourceserver.opaquetoken.introspection-uri) did not find property 'spring.security.oauth2.resourceserver.opaquetoken.introspection-uri'
2025-01-07T20:30:49.609+07:00 TRACE 27900 --- [csrf] [    Test worker] o.s.b.f.s.DefaultListableBeanFactory     : Returning cached instance of singleton bean 'autoConfigurationReport'
2025-01-07T20:30:49.610+07:00 TRACE 27900 --- [csrf] [    Test worker] o.s.b.a.s.DefaultWebSecurityCondition    : Condition DefaultWebSecurityCondition on org.springframework.boot.autoconfigure.security.oauth2.resource.servlet.OAuth2ResourceServerOpaqueTokenConfiguration$OAuth2SecurityFilterChainConfiguration did not match due to AllNestedConditions 1 matched 1 did not; NestedCondition on DefaultWebSecurityCondition.Beans @ConditionalOnMissingBean (types: org.springframework.security.web.SecurityFilterChain; SearchStrategy: all) found beans of type 'org.springframework.security.web.SecurityFilterChain' securityFilterChain; NestedCondition on DefaultWebSecurityCondition.Classes @ConditionalOnClass found required classes 'org.springframework.security.web.SecurityFilterChain', 'org.springframework.security.config.annotation.web.builders.HttpSecurity'
2025-01-07T20:30:49.610+07:00 TRACE 27900 --- [csrf] [    Test worker] o.s.b.f.s.DefaultListableBeanFactory     : Returning cached instance of singleton bean 'autoConfigurationReport'
2025-01-07T20:30:49.610+07:00 TRACE 27900 --- [csrf] [    Test worker] a.ConfigurationClassBeanDefinitionReader : Registered bean definition for imported class 'org.springframework.boot.autoconfigure.security.oauth2.resource.servlet.Oauth2ResourceServerConfiguration$OpaqueTokenConfiguration'
2025-01-07T20:30:49.610+07:00 TRACE 27900 --- [csrf] [    Test worker] a.ConfigurationClassBeanDefinitionReader : Registered bean definition for imported class 'org.springframework.boot.autoconfigure.security.oauth2.resource.servlet.OAuth2ResourceServerAutoConfiguration'
2025-01-07T20:30:49.610+07:00 TRACE 27900 --- [csrf] [    Test worker] o.s.b.a.condition.OnClassCondition       : Condition OnClassCondition on org.springframework.boot.autoconfigure.security.servlet.SecurityAutoConfiguration matched due to @ConditionalOnClass found required class 'org.springframework.security.authentication.DefaultAuthenticationEventPublisher'
2025-01-07T20:30:49.610+07:00 TRACE 27900 --- [csrf] [    Test worker] o.s.b.f.s.DefaultListableBeanFactory     : Returning cached instance of singleton bean 'autoConfigurationReport'
2025-01-07T20:30:49.610+07:00 TRACE 27900 --- [csrf] [    Test worker] o.s.b.a.c.OnWebApplicationCondition      : Condition OnWebApplicationCondition on org.springframework.boot.autoconfigure.security.servlet.SpringBootWebSecurityConfiguration matched due to found 'session' scope
2025-01-07T20:30:49.610+07:00 TRACE 27900 --- [csrf] [    Test worker] o.s.b.f.s.DefaultListableBeanFactory     : Returning cached instance of singleton bean 'autoConfigurationReport'
2025-01-07T20:30:49.610+07:00 TRACE 27900 --- [csrf] [    Test worker] o.s.b.a.condition.OnClassCondition       : Condition OnClassCondition on org.springframework.boot.autoconfigure.security.servlet.SpringBootWebSecurityConfiguration$WebSecurityEnablerConfiguration matched due to @ConditionalOnClass found required class 'org.springframework.security.config.annotation.web.configuration.EnableWebSecurity'
2025-01-07T20:30:49.610+07:00 TRACE 27900 --- [csrf] [    Test worker] o.s.b.f.s.DefaultListableBeanFactory     : Returning cached instance of singleton bean 'autoConfigurationReport'
2025-01-07T20:30:49.611+07:00 TRACE 27900 --- [csrf] [    Test worker] o.s.b.a.condition.OnBeanCondition        : Condition OnBeanCondition on org.springframework.boot.autoconfigure.security.servlet.SpringBootWebSecurityConfiguration$WebSecurityEnablerConfiguration matched due to @ConditionalOnMissingBean (names: springSecurityFilterChain; SearchStrategy: all) did not find any beans
2025-01-07T20:30:49.611+07:00 TRACE 27900 --- [csrf] [    Test worker] o.s.b.f.s.DefaultListableBeanFactory     : Returning cached instance of singleton bean 'autoConfigurationReport'
2025-01-07T20:30:49.611+07:00 TRACE 27900 --- [csrf] [    Test worker] a.ConfigurationClassBeanDefinitionReader : Registered bean definition for imported class 'org.springframework.security.config.annotation.configuration.ObjectPostProcessorConfiguration'
2025-01-07T20:30:49.611+07:00 TRACE 27900 --- [csrf] [    Test worker] a.ConfigurationClassBeanDefinitionReader : Registering bean definition for @Bean method org.springframework.security.config.annotation.configuration.ObjectPostProcessorConfiguration.objectPostProcessor()
2025-01-07T20:30:49.611+07:00 TRACE 27900 --- [csrf] [    Test worker] a.ConfigurationClassBeanDefinitionReader : Registered bean definition for imported class 'org.springframework.security.config.annotation.authentication.configuration.AuthenticationConfiguration'
2025-01-07T20:30:49.611+07:00 TRACE 27900 --- [csrf] [    Test worker] a.ConfigurationClassBeanDefinitionReader : Registering bean definition for @Bean method org.springframework.security.config.annotation.authentication.configuration.AuthenticationConfiguration.authenticationManagerBuilder()
2025-01-07T20:30:49.611+07:00 TRACE 27900 --- [csrf] [    Test worker] a.ConfigurationClassBeanDefinitionReader : Registering bean definition for @Bean method org.springframework.security.config.annotation.authentication.configuration.AuthenticationConfiguration.enableGlobalAuthenticationAutowiredConfigurer()
2025-01-07T20:30:49.611+07:00 TRACE 27900 --- [csrf] [    Test worker] a.ConfigurationClassBeanDefinitionReader : Registering bean definition for @Bean method org.springframework.security.config.annotation.authentication.configuration.AuthenticationConfiguration.initializeUserDetailsBeanManagerConfigurer()
2025-01-07T20:30:49.611+07:00 TRACE 27900 --- [csrf] [    Test worker] a.ConfigurationClassBeanDefinitionReader : Registering bean definition for @Bean method org.springframework.security.config.annotation.authentication.configuration.AuthenticationConfiguration.initializeAuthenticationProviderBeanManagerConfigurer()
2025-01-07T20:30:49.611+07:00 TRACE 27900 --- [csrf] [    Test worker] a.ConfigurationClassBeanDefinitionReader : Registered bean definition for imported class 'org.springframework.security.config.annotation.web.configuration.WebSecurityConfiguration'
2025-01-07T20:30:49.611+07:00 TRACE 27900 --- [csrf] [    Test worker] a.ConfigurationClassBeanDefinitionReader : Registering bean definition for @Bean method org.springframework.security.config.annotation.web.configuration.WebSecurityConfiguration.delegatingApplicationListener()
2025-01-07T20:30:49.611+07:00 TRACE 27900 --- [csrf] [    Test worker] a.ConfigurationClassBeanDefinitionReader : Registering bean definition for @Bean method org.springframework.security.config.annotation.web.configuration.WebSecurityConfiguration.webSecurityExpressionHandler()
2025-01-07T20:30:49.611+07:00 TRACE 27900 --- [csrf] [    Test worker] a.ConfigurationClassBeanDefinitionReader : Registering bean definition for @Bean method org.springframework.security.config.annotation.web.configuration.WebSecurityConfiguration.springSecurityFilterChain()
2025-01-07T20:30:49.611+07:00 TRACE 27900 --- [csrf] [    Test worker] a.ConfigurationClassBeanDefinitionReader : Registering bean definition for @Bean method org.springframework.security.config.annotation.web.configuration.WebSecurityConfiguration.privilegeEvaluator()
2025-01-07T20:30:49.611+07:00 TRACE 27900 --- [csrf] [    Test worker] a.ConfigurationClassBeanDefinitionReader : Registering bean definition for @Bean method org.springframework.security.config.annotation.web.configuration.WebSecurityConfiguration.conversionServicePostProcessor()
2025-01-07T20:30:49.611+07:00 TRACE 27900 --- [csrf] [    Test worker] a.ConfigurationClassBeanDefinitionReader : Registered bean definition for imported class 'org.springframework.security.config.annotation.web.configuration.WebMvcSecurityConfiguration'
2025-01-07T20:30:49.611+07:00 TRACE 27900 --- [csrf] [    Test worker] a.ConfigurationClassBeanDefinitionReader : Registering bean definition for @Bean method org.springframework.security.config.annotation.web.configuration.WebMvcSecurityConfiguration.requestDataValueProcessor()
2025-01-07T20:30:49.611+07:00 TRACE 27900 --- [csrf] [    Test worker] a.ConfigurationClassBeanDefinitionReader : Registering bean definition for @Bean method org.springframework.security.config.annotation.web.configuration.WebMvcSecurityConfiguration.springSecurityHandlerMappingIntrospectorBeanDefinitionRegistryPostProcessor()
2025-01-07T20:30:49.611+07:00 TRACE 27900 --- [csrf] [    Test worker] a.ConfigurationClassBeanDefinitionReader : Registered bean definition for imported class 'org.springframework.security.config.annotation.web.configuration.HttpSecurityConfiguration'
2025-01-07T20:30:49.611+07:00 TRACE 27900 --- [csrf] [    Test worker] a.ConfigurationClassBeanDefinitionReader : Registering bean definition for @Bean method org.springframework.security.config.annotation.web.configuration.HttpSecurityConfiguration.org.springframework.security.config.annotation.web.configuration.HttpSecurityConfiguration.httpSecurity()
2025-01-07T20:30:49.611+07:00 TRACE 27900 --- [csrf] [    Test worker] a.ConfigurationClassBeanDefinitionReader : Registered bean definition for imported class 'org.springframework.security.config.annotation.web.configuration.ObservationConfiguration'
2025-01-07T20:30:49.611+07:00 TRACE 27900 --- [csrf] [    Test worker] a.ConfigurationClassBeanDefinitionReader : Registering bean definition for @Bean method org.springframework.security.config.annotation.web.configuration.ObservationConfiguration.webAuthorizationManagerPostProcessor()
2025-01-07T20:30:49.611+07:00 TRACE 27900 --- [csrf] [    Test worker] a.ConfigurationClassBeanDefinitionReader : Registering bean definition for @Bean method org.springframework.security.config.annotation.web.configuration.ObservationConfiguration.authenticationManagerPostProcessor()
2025-01-07T20:30:49.611+07:00 TRACE 27900 --- [csrf] [    Test worker] a.ConfigurationClassBeanDefinitionReader : Registering bean definition for @Bean method org.springframework.security.config.annotation.web.configuration.ObservationConfiguration.filterChainDecoratorPostProcessor()
2025-01-07T20:30:49.611+07:00 TRACE 27900 --- [csrf] [    Test worker] a.ConfigurationClassBeanDefinitionReader : Registered bean definition for imported class 'org.springframework.boot.autoconfigure.security.servlet.SpringBootWebSecurityConfiguration$WebSecurityEnablerConfiguration'
2025-01-07T20:30:49.615+07:00 TRACE 27900 --- [csrf] [    Test worker] o.s.b.a.s.DefaultWebSecurityCondition    : Condition DefaultWebSecurityCondition on org.springframework.boot.autoconfigure.security.servlet.SpringBootWebSecurityConfiguration$SecurityFilterChainConfiguration did not match due to AllNestedConditions 1 matched 1 did not; NestedCondition on DefaultWebSecurityCondition.Beans @ConditionalOnMissingBean (types: org.springframework.security.web.SecurityFilterChain; SearchStrategy: all) found beans of type 'org.springframework.security.web.SecurityFilterChain' securityFilterChain; NestedCondition on DefaultWebSecurityCondition.Classes @ConditionalOnClass found required classes 'org.springframework.security.web.SecurityFilterChain', 'org.springframework.security.config.annotation.web.builders.HttpSecurity'
2025-01-07T20:30:49.615+07:00 TRACE 27900 --- [csrf] [    Test worker] o.s.b.f.s.DefaultListableBeanFactory     : Returning cached instance of singleton bean 'autoConfigurationReport'
2025-01-07T20:30:49.615+07:00 TRACE 27900 --- [csrf] [    Test worker] a.ConfigurationClassBeanDefinitionReader : Registered bean definition for imported class 'org.springframework.boot.autoconfigure.security.servlet.SpringBootWebSecurityConfiguration'
2025-01-07T20:30:49.615+07:00 TRACE 27900 --- [csrf] [    Test worker] a.ConfigurationClassBeanDefinitionReader : Registered bean definition for imported class 'org.springframework.boot.autoconfigure.security.servlet.SecurityAutoConfiguration'
2025-01-07T20:30:49.615+07:00 TRACE 27900 --- [csrf] [    Test worker] o.s.b.a.condition.OnBeanCondition        : Condition OnBeanCondition on org.springframework.boot.autoconfigure.security.servlet.SecurityAutoConfiguration#authenticationEventPublisher matched due to @ConditionalOnMissingBean (types: org.springframework.security.authentication.AuthenticationEventPublisher; SearchStrategy: all) did not find any beans
2025-01-07T20:30:49.615+07:00 TRACE 27900 --- [csrf] [    Test worker] o.s.b.f.s.DefaultListableBeanFactory     : Returning cached instance of singleton bean 'autoConfigurationReport'
2025-01-07T20:30:49.615+07:00 TRACE 27900 --- [csrf] [    Test worker] a.ConfigurationClassBeanDefinitionReader : Registering bean definition for @Bean method org.springframework.boot.autoconfigure.security.servlet.SecurityAutoConfiguration.authenticationEventPublisher()
2025-01-07T20:30:49.616+07:00 TRACE 27900 --- [csrf] [    Test worker] o.s.b.a.condition.OnClassCondition       : Condition OnClassCondition on org.springframework.boot.autoconfigure.security.oauth2.server.servlet.OAuth2AuthorizationServerJwtAutoConfiguration matched due to @ConditionalOnClass found required class 'org.springframework.security.oauth2.server.authorization.OAuth2Authorization'
2025-01-07T20:30:49.616+07:00 TRACE 27900 --- [csrf] [    Test worker] o.s.b.f.s.DefaultListableBeanFactory     : Returning cached instance of singleton bean 'autoConfigurationReport'
2025-01-07T20:30:49.616+07:00 TRACE 27900 --- [csrf] [    Test worker] o.s.b.a.c.OnWebApplicationCondition      : Condition OnWebApplicationCondition on org.springframework.boot.autoconfigure.security.oauth2.server.servlet.OAuth2AuthorizationServerJwtAutoConfiguration matched due to found 'session' scope
2025-01-07T20:30:49.616+07:00 TRACE 27900 --- [csrf] [    Test worker] o.s.b.f.s.DefaultListableBeanFactory     : Returning cached instance of singleton bean 'autoConfigurationReport'
2025-01-07T20:30:49.616+07:00 TRACE 27900 --- [csrf] [    Test worker] a.ConfigurationClassBeanDefinitionReader : Registered bean definition for imported class 'org.springframework.boot.autoconfigure.security.oauth2.server.servlet.OAuth2AuthorizationServerJwtAutoConfiguration'
2025-01-07T20:30:49.616+07:00 TRACE 27900 --- [csrf] [    Test worker] o.s.b.a.condition.OnClassCondition       : Condition OnClassCondition on org.springframework.boot.autoconfigure.security.oauth2.server.servlet.OAuth2AuthorizationServerJwtAutoConfiguration#jwtDecoder matched due to @ConditionalOnClass found required class 'org.springframework.security.oauth2.jwt.JwtDecoder'
2025-01-07T20:30:49.616+07:00 TRACE 27900 --- [csrf] [    Test worker] o.s.b.f.s.DefaultListableBeanFactory     : Returning cached instance of singleton bean 'autoConfigurationReport'
2025-01-07T20:30:49.616+07:00 TRACE 27900 --- [csrf] [    Test worker] o.s.b.a.condition.OnBeanCondition        : Condition OnBeanCondition on org.springframework.boot.autoconfigure.security.oauth2.server.servlet.OAuth2AuthorizationServerJwtAutoConfiguration#jwtDecoder matched due to @ConditionalOnMissingBean (types: org.springframework.security.oauth2.jwt.JwtDecoder; SearchStrategy: all) did not find any beans
2025-01-07T20:30:49.616+07:00 TRACE 27900 --- [csrf] [    Test worker] o.s.b.f.s.DefaultListableBeanFactory     : Returning cached instance of singleton bean 'autoConfigurationReport'
2025-01-07T20:30:49.616+07:00 TRACE 27900 --- [csrf] [    Test worker] a.ConfigurationClassBeanDefinitionReader : Registering bean definition for @Bean method org.springframework.boot.autoconfigure.security.oauth2.server.servlet.OAuth2AuthorizationServerJwtAutoConfiguration.jwtDecoder()
2025-01-07T20:30:49.617+07:00 TRACE 27900 --- [csrf] [    Test worker] o.s.b.a.condition.OnBeanCondition        : Condition OnBeanCondition on org.springframework.boot.autoconfigure.security.oauth2.server.servlet.OAuth2AuthorizationServerJwtAutoConfiguration#jwkSource matched due to @ConditionalOnMissingBean (types: com.nimbusds.jose.jwk.source.JWKSource; SearchStrategy: all) did not find any beans
2025-01-07T20:30:49.617+07:00 TRACE 27900 --- [csrf] [    Test worker] o.s.b.f.s.DefaultListableBeanFactory     : Returning cached instance of singleton bean 'autoConfigurationReport'
2025-01-07T20:30:49.617+07:00 TRACE 27900 --- [csrf] [    Test worker] a.ConfigurationClassBeanDefinitionReader : Registering bean definition for @Bean method org.springframework.boot.autoconfigure.security.oauth2.server.servlet.OAuth2AuthorizationServerJwtAutoConfiguration.jwkSource()
2025-01-07T20:30:49.618+07:00 TRACE 27900 --- [csrf] [    Test worker] o.s.b.a.condition.OnClassCondition       : Condition OnClassCondition on org.springframework.boot.autoconfigure.security.servlet.SecurityFilterAutoConfiguration matched due to @ConditionalOnClass found required classes 'org.springframework.security.web.context.AbstractSecurityWebApplicationInitializer', 'org.springframework.security.config.http.SessionCreationPolicy'
2025-01-07T20:30:49.618+07:00 TRACE 27900 --- [csrf] [    Test worker] o.s.b.f.s.DefaultListableBeanFactory     : Returning cached instance of singleton bean 'autoConfigurationReport'
2025-01-07T20:30:49.618+07:00 TRACE 27900 --- [csrf] [    Test worker] o.s.b.a.c.OnWebApplicationCondition      : Condition OnWebApplicationCondition on org.springframework.boot.autoconfigure.security.servlet.SecurityFilterAutoConfiguration matched due to found 'session' scope
2025-01-07T20:30:49.618+07:00 TRACE 27900 --- [csrf] [    Test worker] o.s.b.f.s.DefaultListableBeanFactory     : Returning cached instance of singleton bean 'autoConfigurationReport'
2025-01-07T20:30:49.618+07:00 TRACE 27900 --- [csrf] [    Test worker] a.ConfigurationClassBeanDefinitionReader : Registered bean definition for imported class 'org.springframework.boot.autoconfigure.security.servlet.SecurityFilterAutoConfiguration'
2025-01-07T20:30:49.618+07:00 TRACE 27900 --- [csrf] [    Test worker] o.s.b.a.condition.OnBeanCondition        : Condition OnBeanCondition on org.springframework.boot.autoconfigure.security.servlet.SecurityFilterAutoConfiguration#securityFilterChainRegistration matched due to @ConditionalOnBean (names: springSecurityFilterChain; SearchStrategy: all) found bean 'springSecurityFilterChain'
2025-01-07T20:30:49.618+07:00 TRACE 27900 --- [csrf] [    Test worker] o.s.b.f.s.DefaultListableBeanFactory     : Returning cached instance of singleton bean 'autoConfigurationReport'
2025-01-07T20:30:49.618+07:00 TRACE 27900 --- [csrf] [    Test worker] a.ConfigurationClassBeanDefinitionReader : Registering bean definition for @Bean method org.springframework.boot.autoconfigure.security.servlet.SecurityFilterAutoConfiguration.securityFilterChainRegistration()
2025-01-07T20:30:49.618+07:00 TRACE 27900 --- [csrf] [    Test worker] o.s.b.a.condition.OnPropertyCondition    : Condition OnPropertyCondition on org.springframework.boot.autoconfigure.sql.init.SqlInitializationAutoConfiguration matched due to @ConditionalOnProperty (spring.sql.init.enabled) matched
2025-01-07T20:30:49.618+07:00 TRACE 27900 --- [csrf] [    Test worker] o.s.b.f.s.DefaultListableBeanFactory     : Returning cached instance of singleton bean 'autoConfigurationReport'
2025-01-07T20:30:49.618+07:00 TRACE 27900 --- [csrf] [    Test worker] a.ConfigurationClassBeanDefinitionReader : Registered bean definition for imported class 'org.springframework.boot.autoconfigure.sql.init.SqlInitializationAutoConfiguration'
2025-01-07T20:30:49.619+07:00 TRACE 27900 --- [csrf] [    Test worker] o.s.b.a.condition.OnClassCondition       : Condition OnClassCondition on org.springframework.boot.autoconfigure.task.TaskSchedulingAutoConfiguration matched due to @ConditionalOnClass found required class 'org.springframework.scheduling.concurrent.ThreadPoolTaskScheduler'
2025-01-07T20:30:49.619+07:00 TRACE 27900 --- [csrf] [    Test worker] o.s.b.f.s.DefaultListableBeanFactory     : Returning cached instance of singleton bean 'autoConfigurationReport'
2025-01-07T20:30:49.619+07:00 TRACE 27900 --- [csrf] [    Test worker] a.ConfigurationClassBeanDefinitionReader : Registered bean definition for imported class 'org.springframework.boot.autoconfigure.task.TaskSchedulingConfigurations$ThreadPoolTaskSchedulerBuilderConfiguration'
2025-01-07T20:30:49.620+07:00 TRACE 27900 --- [csrf] [    Test worker] o.s.b.a.condition.OnBeanCondition        : Condition OnBeanCondition on org.springframework.boot.autoconfigure.task.TaskSchedulingConfigurations$ThreadPoolTaskSchedulerBuilderConfiguration#threadPoolTaskSchedulerBuilder matched due to @ConditionalOnMissingBean (types: org.springframework.boot.task.ThreadPoolTaskSchedulerBuilder; SearchStrategy: all) did not find any beans
2025-01-07T20:30:49.620+07:00 TRACE 27900 --- [csrf] [    Test worker] o.s.b.f.s.DefaultListableBeanFactory     : Returning cached instance of singleton bean 'autoConfigurationReport'
2025-01-07T20:30:49.620+07:00 TRACE 27900 --- [csrf] [    Test worker] a.ConfigurationClassBeanDefinitionReader : Registering bean definition for @Bean method org.springframework.boot.autoconfigure.task.TaskSchedulingConfigurations$ThreadPoolTaskSchedulerBuilderConfiguration.threadPoolTaskSchedulerBuilder()
2025-01-07T20:30:49.620+07:00 TRACE 27900 --- [csrf] [    Test worker] a.ConfigurationClassBeanDefinitionReader : Registered bean definition for imported class 'org.springframework.boot.autoconfigure.task.TaskSchedulingConfigurations$SimpleAsyncTaskSchedulerBuilderConfiguration'
2025-01-07T20:30:49.620+07:00 TRACE 27900 --- [csrf] [    Test worker] o.s.b.a.condition.OnBeanCondition        : Condition OnBeanCondition on org.springframework.boot.autoconfigure.task.TaskSchedulingConfigurations$SimpleAsyncTaskSchedulerBuilderConfiguration#simpleAsyncTaskSchedulerBuilder matched due to @ConditionalOnMissingBean (types: org.springframework.boot.task.SimpleAsyncTaskSchedulerBuilder; SearchStrategy: all) did not find any beans
2025-01-07T20:30:49.620+07:00 TRACE 27900 --- [csrf] [    Test worker] o.s.b.f.s.DefaultListableBeanFactory     : Returning cached instance of singleton bean 'autoConfigurationReport'
2025-01-07T20:30:49.620+07:00 TRACE 27900 --- [csrf] [    Test worker] o.s.b.a.condition.OnThreadingCondition   : Condition OnThreadingCondition on org.springframework.boot.autoconfigure.task.TaskSchedulingConfigurations$SimpleAsyncTaskSchedulerBuilderConfiguration#simpleAsyncTaskSchedulerBuilder matched due to @ConditionalOnThreading found PLATFORM
2025-01-07T20:30:49.620+07:00 TRACE 27900 --- [csrf] [    Test worker] o.s.b.f.s.DefaultListableBeanFactory     : Returning cached instance of singleton bean 'autoConfigurationReport'
2025-01-07T20:30:49.620+07:00 TRACE 27900 --- [csrf] [    Test worker] a.ConfigurationClassBeanDefinitionReader : Registering bean definition for @Bean method org.springframework.boot.autoconfigure.task.TaskSchedulingConfigurations$SimpleAsyncTaskSchedulerBuilderConfiguration.simpleAsyncTaskSchedulerBuilder()
2025-01-07T20:30:49.621+07:00 TRACE 27900 --- [csrf] [    Test worker] o.s.b.a.condition.OnBeanCondition        : Condition OnBeanCondition on org.springframework.boot.autoconfigure.task.TaskSchedulingConfigurations$SimpleAsyncTaskSchedulerBuilderConfiguration#simpleAsyncTaskSchedulerBuilderVirtualThreads did not match due to @ConditionalOnMissingBean (types: org.springframework.boot.task.SimpleAsyncTaskSchedulerBuilder; SearchStrategy: all) found beans of type 'org.springframework.boot.task.SimpleAsyncTaskSchedulerBuilder' simpleAsyncTaskSchedulerBuilder
2025-01-07T20:30:49.621+07:00 TRACE 27900 --- [csrf] [    Test worker] o.s.b.f.s.DefaultListableBeanFactory     : Returning cached instance of singleton bean 'autoConfigurationReport'
2025-01-07T20:30:49.621+07:00 TRACE 27900 --- [csrf] [    Test worker] o.s.b.a.condition.OnBeanCondition        : Condition OnBeanCondition on org.springframework.boot.autoconfigure.task.TaskSchedulingConfigurations$TaskSchedulerConfiguration did not match due to @ConditionalOnBean (names: org.springframework.context.annotation.internalScheduledAnnotationProcessor; SearchStrategy: all) did not find any beans named org.springframework.context.annotation.internalScheduledAnnotationProcessor
2025-01-07T20:30:49.621+07:00 TRACE 27900 --- [csrf] [    Test worker] o.s.b.f.s.DefaultListableBeanFactory     : Returning cached instance of singleton bean 'autoConfigurationReport'
2025-01-07T20:30:49.621+07:00 TRACE 27900 --- [csrf] [    Test worker] a.ConfigurationClassBeanDefinitionReader : Registered bean definition for imported class 'org.springframework.boot.autoconfigure.task.TaskSchedulingAutoConfiguration'
2025-01-07T20:30:49.621+07:00 TRACE 27900 --- [csrf] [    Test worker] o.s.b.a.condition.OnBeanCondition        : Condition OnBeanCondition on org.springframework.boot.autoconfigure.task.TaskSchedulingAutoConfiguration#scheduledBeanLazyInitializationExcludeFilter did not match due to @ConditionalOnBean (names: org.springframework.context.annotation.internalScheduledAnnotationProcessor; SearchStrategy: all) did not find any beans named org.springframework.context.annotation.internalScheduledAnnotationProcessor
2025-01-07T20:30:49.621+07:00 TRACE 27900 --- [csrf] [    Test worker] o.s.b.f.s.DefaultListableBeanFactory     : Returning cached instance of singleton bean 'autoConfigurationReport'
2025-01-07T20:30:49.621+07:00 TRACE 27900 --- [csrf] [    Test worker] o.s.b.a.condition.OnClassCondition       : Condition OnClassCondition on org.springframework.boot.autoconfigure.web.client.RestClientAutoConfiguration matched due to @ConditionalOnClass found required class 'org.springframework.web.client.RestClient'
2025-01-07T20:30:49.621+07:00 TRACE 27900 --- [csrf] [    Test worker] o.s.b.f.s.DefaultListableBeanFactory     : Returning cached instance of singleton bean 'autoConfigurationReport'
2025-01-07T20:30:49.622+07:00 TRACE 27900 --- [csrf] [    Test worker] a.ConfigurationClassBeanDefinitionReader : Registered bean definition for imported class 'org.springframework.boot.autoconfigure.web.client.RestClientAutoConfiguration'
2025-01-07T20:30:49.622+07:00 TRACE 27900 --- [csrf] [    Test worker] o.s.b.a.condition.OnBeanCondition        : Condition OnBeanCondition on org.springframework.boot.autoconfigure.web.client.RestClientAutoConfiguration#httpMessageConvertersRestClientCustomizer matched due to @ConditionalOnMissingBean (types: org.springframework.boot.autoconfigure.web.client.HttpMessageConvertersRestClientCustomizer; SearchStrategy: all) did not find any beans
2025-01-07T20:30:49.622+07:00 TRACE 27900 --- [csrf] [    Test worker] o.s.b.f.s.DefaultListableBeanFactory     : Returning cached instance of singleton bean 'autoConfigurationReport'
2025-01-07T20:30:49.622+07:00 TRACE 27900 --- [csrf] [    Test worker] a.ConfigurationClassBeanDefinitionReader : Registering bean definition for @Bean method org.springframework.boot.autoconfigure.web.client.RestClientAutoConfiguration.httpMessageConvertersRestClientCustomizer()
2025-01-07T20:30:49.623+07:00 TRACE 27900 --- [csrf] [    Test worker] o.s.b.a.condition.OnBeanCondition        : Condition OnBeanCondition on org.springframework.boot.autoconfigure.web.client.RestClientAutoConfiguration#restClientSsl matched due to @ConditionalOnBean (types: org.springframework.boot.ssl.SslBundles; SearchStrategy: all) found bean 'sslBundleRegistry'; @ConditionalOnMissingBean (types: org.springframework.boot.autoconfigure.web.client.RestClientSsl; SearchStrategy: all) did not find any beans
2025-01-07T20:30:49.623+07:00 TRACE 27900 --- [csrf] [    Test worker] o.s.b.f.s.DefaultListableBeanFactory     : Returning cached instance of singleton bean 'autoConfigurationReport'
2025-01-07T20:30:49.623+07:00 TRACE 27900 --- [csrf] [    Test worker] o.s.b.a.condition.OnBeanCondition        : Condition OnBeanCondition on org.springframework.boot.autoconfigure.web.client.RestClientAutoConfiguration#restClientSsl matched due to @ConditionalOnBean (types: org.springframework.boot.ssl.SslBundles; SearchStrategy: all) found bean 'sslBundleRegistry'; @ConditionalOnMissingBean (types: org.springframework.boot.autoconfigure.web.client.RestClientSsl; SearchStrategy: all) did not find any beans
2025-01-07T20:30:49.623+07:00 TRACE 27900 --- [csrf] [    Test worker] o.s.b.f.s.DefaultListableBeanFactory     : Returning cached instance of singleton bean 'autoConfigurationReport'
2025-01-07T20:30:49.623+07:00 TRACE 27900 --- [csrf] [    Test worker] a.ConfigurationClassBeanDefinitionReader : Registering bean definition for @Bean method org.springframework.boot.autoconfigure.web.client.RestClientAutoConfiguration.restClientSsl()
2025-01-07T20:30:49.623+07:00 TRACE 27900 --- [csrf] [    Test worker] o.s.b.a.condition.OnBeanCondition        : Condition OnBeanCondition on org.springframework.boot.autoconfigure.web.client.RestClientAutoConfiguration#restClientBuilderConfigurer matched due to @ConditionalOnMissingBean (types: org.springframework.boot.autoconfigure.web.client.RestClientBuilderConfigurer; SearchStrategy: all) did not find any beans
2025-01-07T20:30:49.623+07:00 TRACE 27900 --- [csrf] [    Test worker] o.s.b.f.s.DefaultListableBeanFactory     : Returning cached instance of singleton bean 'autoConfigurationReport'
2025-01-07T20:30:49.623+07:00 TRACE 27900 --- [csrf] [    Test worker] a.ConfigurationClassBeanDefinitionReader : Registering bean definition for @Bean method org.springframework.boot.autoconfigure.web.client.RestClientAutoConfiguration.restClientBuilderConfigurer()
2025-01-07T20:30:49.623+07:00 TRACE 27900 --- [csrf] [    Test worker] o.s.b.a.condition.OnBeanCondition        : Condition OnBeanCondition on org.springframework.boot.autoconfigure.web.client.RestClientAutoConfiguration#restClientBuilder matched due to @ConditionalOnMissingBean (types: org.springframework.web.client.RestClient$Builder; SearchStrategy: all) did not find any beans
2025-01-07T20:30:49.623+07:00 TRACE 27900 --- [csrf] [    Test worker] o.s.b.f.s.DefaultListableBeanFactory     : Returning cached instance of singleton bean 'autoConfigurationReport'
2025-01-07T20:30:49.623+07:00 TRACE 27900 --- [csrf] [    Test worker] a.ConfigurationClassBeanDefinitionReader : Registering bean definition for @Bean method org.springframework.boot.autoconfigure.web.client.RestClientAutoConfiguration.restClientBuilder()
2025-01-07T20:30:49.623+07:00 TRACE 27900 --- [csrf] [    Test worker] o.s.b.a.condition.OnClassCondition       : Condition OnClassCondition on org.springframework.boot.autoconfigure.web.client.RestTemplateAutoConfiguration matched due to @ConditionalOnClass found required class 'org.springframework.web.client.RestTemplate'
2025-01-07T20:30:49.623+07:00 TRACE 27900 --- [csrf] [    Test worker] o.s.b.f.s.DefaultListableBeanFactory     : Returning cached instance of singleton bean 'autoConfigurationReport'
2025-01-07T20:30:49.623+07:00 TRACE 27900 --- [csrf] [    Test worker] a.ConfigurationClassBeanDefinitionReader : Registered bean definition for imported class 'org.springframework.boot.autoconfigure.web.client.RestTemplateAutoConfiguration'
2025-01-07T20:30:49.624+07:00 TRACE 27900 --- [csrf] [    Test worker] a.ConfigurationClassBeanDefinitionReader : Registering bean definition for @Bean method org.springframework.boot.autoconfigure.web.client.RestTemplateAutoConfiguration.restTemplateBuilderConfigurer()
2025-01-07T20:30:49.624+07:00 TRACE 27900 --- [csrf] [    Test worker] o.s.b.a.condition.OnBeanCondition        : Condition OnBeanCondition on org.springframework.boot.autoconfigure.web.client.RestTemplateAutoConfiguration#restTemplateBuilder matched due to @ConditionalOnMissingBean (types: org.springframework.boot.web.client.RestTemplateBuilder; SearchStrategy: all) did not find any beans
2025-01-07T20:30:49.624+07:00 TRACE 27900 --- [csrf] [    Test worker] o.s.b.f.s.DefaultListableBeanFactory     : Returning cached instance of singleton bean 'autoConfigurationReport'
2025-01-07T20:30:49.624+07:00 TRACE 27900 --- [csrf] [    Test worker] a.ConfigurationClassBeanDefinitionReader : Registering bean definition for @Bean method org.springframework.boot.autoconfigure.web.client.RestTemplateAutoConfiguration.restTemplateBuilder()
2025-01-07T20:30:49.624+07:00 TRACE 27900 --- [csrf] [    Test worker] o.s.b.a.c.OnWebApplicationCondition      : Condition OnWebApplicationCondition on org.springframework.boot.autoconfigure.web.embedded.EmbeddedWebServerFactoryCustomizerAutoConfiguration matched due to @ConditionalOnWebApplication (required) found 'session' scope
2025-01-07T20:30:49.624+07:00 TRACE 27900 --- [csrf] [    Test worker] o.s.b.f.s.DefaultListableBeanFactory     : Returning cached instance of singleton bean 'autoConfigurationReport'
2025-01-07T20:30:49.624+07:00 TRACE 27900 --- [csrf] [    Test worker] o.s.b.a.c.OnWarDeploymentCondition       : Condition OnWarDeploymentCondition on org.springframework.boot.autoconfigure.web.embedded.EmbeddedWebServerFactoryCustomizerAutoConfiguration matched due to @ConditionalOnWarDeployment the application is not deployed as a WAR file.
2025-01-07T20:30:49.624+07:00 TRACE 27900 --- [csrf] [    Test worker] o.s.b.f.s.DefaultListableBeanFactory     : Returning cached instance of singleton bean 'autoConfigurationReport'
2025-01-07T20:30:49.624+07:00 TRACE 27900 --- [csrf] [    Test worker] o.s.b.a.condition.OnClassCondition       : Condition OnClassCondition on org.springframework.boot.autoconfigure.web.embedded.EmbeddedWebServerFactoryCustomizerAutoConfiguration$TomcatWebServerFactoryCustomizerConfiguration matched due to @ConditionalOnClass found required classes 'org.apache.catalina.startup.Tomcat', 'org.apache.coyote.UpgradeProtocol'
2025-01-07T20:30:49.624+07:00 TRACE 27900 --- [csrf] [    Test worker] o.s.b.f.s.DefaultListableBeanFactory     : Returning cached instance of singleton bean 'autoConfigurationReport'
2025-01-07T20:30:49.624+07:00 TRACE 27900 --- [csrf] [    Test worker] a.ConfigurationClassBeanDefinitionReader : Registered bean definition for imported class 'org.springframework.boot.autoconfigure.web.embedded.EmbeddedWebServerFactoryCustomizerAutoConfiguration$TomcatWebServerFactoryCustomizerConfiguration'
2025-01-07T20:30:49.625+07:00 TRACE 27900 --- [csrf] [    Test worker] a.ConfigurationClassBeanDefinitionReader : Registering bean definition for @Bean method org.springframework.boot.autoconfigure.web.embedded.EmbeddedWebServerFactoryCustomizerAutoConfiguration$TomcatWebServerFactoryCustomizerConfiguration.tomcatWebServerFactoryCustomizer()
2025-01-07T20:30:49.625+07:00 TRACE 27900 --- [csrf] [    Test worker] o.s.b.a.condition.OnThreadingCondition   : Condition OnThreadingCondition on org.springframework.boot.autoconfigure.web.embedded.EmbeddedWebServerFactoryCustomizerAutoConfiguration$TomcatWebServerFactoryCustomizerConfiguration#tomcatVirtualThreadsProtocolHandlerCustomizer did not match due to @ConditionalOnThreading did not find VIRTUAL
2025-01-07T20:30:49.625+07:00 TRACE 27900 --- [csrf] [    Test worker] o.s.b.f.s.DefaultListableBeanFactory     : Returning cached instance of singleton bean 'autoConfigurationReport'
2025-01-07T20:30:49.625+07:00 TRACE 27900 --- [csrf] [    Test worker] a.ConfigurationClassBeanDefinitionReader : Registered bean definition for imported class 'org.springframework.boot.autoconfigure.web.embedded.EmbeddedWebServerFactoryCustomizerAutoConfiguration'
2025-01-07T20:30:49.625+07:00 TRACE 27900 --- [csrf] [    Test worker] o.s.b.a.condition.OnClassCondition       : Condition OnClassCondition on org.springframework.boot.autoconfigure.web.servlet.HttpEncodingAutoConfiguration matched due to @ConditionalOnClass found required class 'org.springframework.web.filter.CharacterEncodingFilter'
2025-01-07T20:30:49.625+07:00 TRACE 27900 --- [csrf] [    Test worker] o.s.b.f.s.DefaultListableBeanFactory     : Returning cached instance of singleton bean 'autoConfigurationReport'
2025-01-07T20:30:49.625+07:00 TRACE 27900 --- [csrf] [    Test worker] o.s.b.a.c.OnWebApplicationCondition      : Condition OnWebApplicationCondition on org.springframework.boot.autoconfigure.web.servlet.HttpEncodingAutoConfiguration matched due to found 'session' scope
2025-01-07T20:30:49.625+07:00 TRACE 27900 --- [csrf] [    Test worker] o.s.b.f.s.DefaultListableBeanFactory     : Returning cached instance of singleton bean 'autoConfigurationReport'
2025-01-07T20:30:49.625+07:00 TRACE 27900 --- [csrf] [    Test worker] o.s.b.a.condition.OnPropertyCondition    : Condition OnPropertyCondition on org.springframework.boot.autoconfigure.web.servlet.HttpEncodingAutoConfiguration matched due to @ConditionalOnProperty (server.servlet.encoding.enabled) matched
2025-01-07T20:30:49.625+07:00 TRACE 27900 --- [csrf] [    Test worker] o.s.b.f.s.DefaultListableBeanFactory     : Returning cached instance of singleton bean 'autoConfigurationReport'
2025-01-07T20:30:49.625+07:00 TRACE 27900 --- [csrf] [    Test worker] a.ConfigurationClassBeanDefinitionReader : Registered bean definition for imported class 'org.springframework.boot.autoconfigure.web.servlet.HttpEncodingAutoConfiguration'
2025-01-07T20:30:49.626+07:00 TRACE 27900 --- [csrf] [    Test worker] o.s.b.a.condition.OnBeanCondition        : Condition OnBeanCondition on org.springframework.boot.autoconfigure.web.servlet.HttpEncodingAutoConfiguration#characterEncodingFilter matched due to @ConditionalOnMissingBean (types: org.springframework.web.filter.CharacterEncodingFilter; SearchStrategy: all) did not find any beans
2025-01-07T20:30:49.626+07:00 TRACE 27900 --- [csrf] [    Test worker] o.s.b.f.s.DefaultListableBeanFactory     : Returning cached instance of singleton bean 'autoConfigurationReport'
2025-01-07T20:30:49.626+07:00 TRACE 27900 --- [csrf] [    Test worker] a.ConfigurationClassBeanDefinitionReader : Registering bean definition for @Bean method org.springframework.boot.autoconfigure.web.servlet.HttpEncodingAutoConfiguration.characterEncodingFilter()
2025-01-07T20:30:49.626+07:00 TRACE 27900 --- [csrf] [    Test worker] a.ConfigurationClassBeanDefinitionReader : Registering bean definition for @Bean method org.springframework.boot.autoconfigure.web.servlet.HttpEncodingAutoConfiguration.localeCharsetMappingsCustomizer()
2025-01-07T20:30:49.626+07:00 TRACE 27900 --- [csrf] [    Test worker] o.s.b.a.condition.OnClassCondition       : Condition OnClassCondition on org.springframework.boot.autoconfigure.web.servlet.MultipartAutoConfiguration matched due to @ConditionalOnClass found required classes 'jakarta.servlet.Servlet', 'org.springframework.web.multipart.support.StandardServletMultipartResolver', 'jakarta.servlet.MultipartConfigElement'
2025-01-07T20:30:49.626+07:00 TRACE 27900 --- [csrf] [    Test worker] o.s.b.f.s.DefaultListableBeanFactory     : Returning cached instance of singleton bean 'autoConfigurationReport'
2025-01-07T20:30:49.626+07:00 TRACE 27900 --- [csrf] [    Test worker] o.s.b.a.c.OnWebApplicationCondition      : Condition OnWebApplicationCondition on org.springframework.boot.autoconfigure.web.servlet.MultipartAutoConfiguration matched due to found 'session' scope
2025-01-07T20:30:49.626+07:00 TRACE 27900 --- [csrf] [    Test worker] o.s.b.f.s.DefaultListableBeanFactory     : Returning cached instance of singleton bean 'autoConfigurationReport'
2025-01-07T20:30:49.626+07:00 TRACE 27900 --- [csrf] [    Test worker] o.s.b.a.condition.OnPropertyCondition    : Condition OnPropertyCondition on org.springframework.boot.autoconfigure.web.servlet.MultipartAutoConfiguration matched due to @ConditionalOnProperty (spring.servlet.multipart.enabled) matched
2025-01-07T20:30:49.626+07:00 TRACE 27900 --- [csrf] [    Test worker] o.s.b.f.s.DefaultListableBeanFactory     : Returning cached instance of singleton bean 'autoConfigurationReport'
2025-01-07T20:30:49.626+07:00 TRACE 27900 --- [csrf] [    Test worker] a.ConfigurationClassBeanDefinitionReader : Registered bean definition for imported class 'org.springframework.boot.autoconfigure.web.servlet.MultipartAutoConfiguration'
2025-01-07T20:30:49.627+07:00 TRACE 27900 --- [csrf] [    Test worker] o.s.b.a.condition.OnBeanCondition        : Condition OnBeanCondition on org.springframework.boot.autoconfigure.web.servlet.MultipartAutoConfiguration#multipartConfigElement matched due to @ConditionalOnMissingBean (types: jakarta.servlet.MultipartConfigElement; SearchStrategy: all) did not find any beans
2025-01-07T20:30:49.627+07:00 TRACE 27900 --- [csrf] [    Test worker] o.s.b.f.s.DefaultListableBeanFactory     : Returning cached instance of singleton bean 'autoConfigurationReport'
2025-01-07T20:30:49.627+07:00 TRACE 27900 --- [csrf] [    Test worker] a.ConfigurationClassBeanDefinitionReader : Registering bean definition for @Bean method org.springframework.boot.autoconfigure.web.servlet.MultipartAutoConfiguration.multipartConfigElement()
2025-01-07T20:30:49.627+07:00 TRACE 27900 --- [csrf] [    Test worker] o.s.b.a.condition.OnBeanCondition        : Condition OnBeanCondition on org.springframework.boot.autoconfigure.web.servlet.MultipartAutoConfiguration#multipartResolver matched due to @ConditionalOnMissingBean (types: org.springframework.web.multipart.MultipartResolver; SearchStrategy: all) did not find any beans
2025-01-07T20:30:49.627+07:00 TRACE 27900 --- [csrf] [    Test worker] o.s.b.f.s.DefaultListableBeanFactory     : Returning cached instance of singleton bean 'autoConfigurationReport'
2025-01-07T20:30:49.627+07:00 TRACE 27900 --- [csrf] [    Test worker] a.ConfigurationClassBeanDefinitionReader : Registering bean definition for @Bean method org.springframework.boot.autoconfigure.web.servlet.MultipartAutoConfiguration.multipartResolver()
2025-01-07T20:30:49.628+07:00 DEBUG 27900 --- [csrf] [    Test worker] o.s.b.f.s.DefaultListableBeanFactory     : Creating shared instance of singleton bean 'org.springframework.boot.test.web.client.TestRestTemplateContextCustomizer$TestRestTemplateRegistrar'
2025-01-07T20:30:49.628+07:00 TRACE 27900 --- [csrf] [    Test worker] o.s.b.f.s.DefaultListableBeanFactory     : Creating instance of bean 'org.springframework.boot.test.web.client.TestRestTemplateContextCustomizer$TestRestTemplateRegistrar'
2025-01-07T20:30:49.629+07:00 TRACE 27900 --- [csrf] [    Test worker] o.s.b.f.s.DefaultListableBeanFactory     : Finished creating instance of bean 'org.springframework.boot.test.web.client.TestRestTemplateContextCustomizer$TestRestTemplateRegistrar'
2025-01-07T20:30:49.629+07:00 DEBUG 27900 --- [csrf] [    Test worker] o.s.b.f.s.DefaultListableBeanFactory     : Creating shared instance of singleton bean 'springSecurityHandlerMappingIntrospectorBeanDefinitionRegistryPostProcessor'
2025-01-07T20:30:49.629+07:00 TRACE 27900 --- [csrf] [    Test worker] o.s.b.f.s.DefaultListableBeanFactory     : Creating instance of bean 'springSecurityHandlerMappingIntrospectorBeanDefinitionRegistryPostProcessor'
2025-01-07T20:30:49.630+07:00 TRACE 27900 --- [csrf] [    Test worker] o.s.b.f.s.DefaultListableBeanFactory     : Finished creating instance of bean 'springSecurityHandlerMappingIntrospectorBeanDefinitionRegistryPostProcessor'
2025-01-07T20:30:49.655+07:00 TRACE 27900 --- [csrf] [    Test worker] o.s.c.a.ConfigurationClassEnhancer       : Successfully enhanced com.example.csrf.CsrfApplication; enhanced class name is: com.example.csrf.CsrfApplication$$SpringCGLIB$$0
2025-01-07T20:30:49.655+07:00 TRACE 27900 --- [csrf] [    Test worker] o.s.c.a.ConfigurationClassPostProcessor  : Replacing bean definition 'csrfApplication' existing class 'com.example.csrf.CsrfApplication' with enhanced class 'com.example.csrf.CsrfApplication$$SpringCGLIB$$0'
2025-01-07T20:30:49.662+07:00 TRACE 27900 --- [csrf] [    Test worker] o.s.c.a.ConfigurationClassEnhancer       : Successfully enhanced com.example.csrf.AuthorizationServerConfig; enhanced class name is: com.example.csrf.AuthorizationServerConfig$$SpringCGLIB$$0
2025-01-07T20:30:49.662+07:00 TRACE 27900 --- [csrf] [    Test worker] o.s.c.a.ConfigurationClassPostProcessor  : Replacing bean definition 'authorizationServerConfig' existing class 'com.example.csrf.AuthorizationServerConfig' with enhanced class 'com.example.csrf.AuthorizationServerConfig$$SpringCGLIB$$0'
2025-01-07T20:30:49.663+07:00 DEBUG 27900 --- [csrf] [    Test worker] o.s.b.f.s.DefaultListableBeanFactory     : Creating shared instance of singleton bean 'propertySourcesPlaceholderConfigurer'
2025-01-07T20:30:49.663+07:00 TRACE 27900 --- [csrf] [    Test worker] o.s.b.f.s.DefaultListableBeanFactory     : Creating instance of bean 'propertySourcesPlaceholderConfigurer'
2025-01-07T20:30:49.663+07:00 TRACE 27900 --- [csrf] [    Test worker] o.s.b.f.s.DefaultListableBeanFactory     : Finished creating instance of bean 'propertySourcesPlaceholderConfigurer'
2025-01-07T20:30:49.665+07:00 DEBUG 27900 --- [csrf] [    Test worker] o.s.b.f.s.DefaultListableBeanFactory     : Creating shared instance of singleton bean 'org.springframework.boot.test.mock.mockito.MockitoPostProcessor'
2025-01-07T20:30:49.665+07:00 TRACE 27900 --- [csrf] [    Test worker] o.s.b.f.s.DefaultListableBeanFactory     : Creating instance of bean 'org.springframework.boot.test.mock.mockito.MockitoPostProcessor'
2025-01-07T20:30:49.667+07:00 TRACE 27900 --- [csrf] [    Test worker] o.s.b.f.s.DefaultListableBeanFactory     : Finished creating instance of bean 'org.springframework.boot.test.mock.mockito.MockitoPostProcessor'
2025-01-07T20:30:49.667+07:00 DEBUG 27900 --- [csrf] [    Test worker] o.s.b.f.s.DefaultListableBeanFactory     : Creating shared instance of singleton bean 'org.springframework.boot.sql.init.dependency.DatabaseInitializationDependencyConfigurer$DependsOnDatabaseInitializationPostProcessor'
2025-01-07T20:30:49.667+07:00 TRACE 27900 --- [csrf] [    Test worker] o.s.b.f.s.DefaultListableBeanFactory     : Creating instance of bean 'org.springframework.boot.sql.init.dependency.DatabaseInitializationDependencyConfigurer$DependsOnDatabaseInitializationPostProcessor'
2025-01-07T20:30:49.667+07:00 TRACE 27900 --- [csrf] [    Test worker] o.s.b.f.s.DefaultListableBeanFactory     : Finished creating instance of bean 'org.springframework.boot.sql.init.dependency.DatabaseInitializationDependencyConfigurer$DependsOnDatabaseInitializationPostProcessor'
2025-01-07T20:30:49.667+07:00 TRACE 27900 --- [csrf] [    Test worker] o.s.c.io.support.SpringFactoriesLoader   : Loaded [org.springframework.boot.sql.init.dependency.DatabaseInitializerDetector] names: [org.springframework.boot.autoconfigure.flyway.FlywayMigrationInitializerDatabaseInitializerDetector, org.springframework.boot.flyway.FlywayDatabaseInitializerDetector, org.springframework.boot.jdbc.init.DataSourceScriptDatabaseInitializerDetector, org.springframework.boot.liquibase.LiquibaseDatabaseInitializerDetector, org.springframework.boot.orm.jpa.JpaDatabaseInitializerDetector, org.springframework.boot.r2dbc.init.R2dbcScriptDatabaseInitializerDetector]
2025-01-07T20:30:49.679+07:00 DEBUG 27900 --- [csrf] [    Test worker] o.s.b.f.s.DefaultListableBeanFactory     : Creating shared instance of singleton bean 'org.springframework.context.event.internalEventListenerProcessor'
2025-01-07T20:30:49.679+07:00 TRACE 27900 --- [csrf] [    Test worker] o.s.b.f.s.DefaultListableBeanFactory     : Creating instance of bean 'org.springframework.context.event.internalEventListenerProcessor'
2025-01-07T20:30:49.680+07:00 TRACE 27900 --- [csrf] [    Test worker] o.s.b.f.s.DefaultListableBeanFactory     : Finished creating instance of bean 'org.springframework.context.event.internalEventListenerProcessor'
2025-01-07T20:30:49.680+07:00 DEBUG 27900 --- [csrf] [    Test worker] o.s.b.f.s.DefaultListableBeanFactory     : Creating shared instance of singleton bean 'preserveErrorControllerTargetClassPostProcessor'
2025-01-07T20:30:49.680+07:00 TRACE 27900 --- [csrf] [    Test worker] o.s.b.f.s.DefaultListableBeanFactory     : Creating instance of bean 'preserveErrorControllerTargetClassPostProcessor'
2025-01-07T20:30:49.680+07:00 TRACE 27900 --- [csrf] [    Test worker] o.s.b.f.s.DefaultListableBeanFactory     : Finished creating instance of bean 'preserveErrorControllerTargetClassPostProcessor'
2025-01-07T20:30:49.680+07:00 DEBUG 27900 --- [csrf] [    Test worker] o.s.b.f.s.DefaultListableBeanFactory     : Creating shared instance of singleton bean 'forceAutoProxyCreatorToUseClassProxying'
2025-01-07T20:30:49.680+07:00 TRACE 27900 --- [csrf] [    Test worker] o.s.b.f.s.DefaultListableBeanFactory     : Creating instance of bean 'forceAutoProxyCreatorToUseClassProxying'
2025-01-07T20:30:49.680+07:00 TRACE 27900 --- [csrf] [    Test worker] o.s.b.f.s.DefaultListableBeanFactory     : Finished creating instance of bean 'forceAutoProxyCreatorToUseClassProxying'
2025-01-07T20:30:49.680+07:00 DEBUG 27900 --- [csrf] [    Test worker] o.s.b.f.s.DefaultListableBeanFactory     : Creating shared instance of singleton bean 'conversionServicePostProcessor'
2025-01-07T20:30:49.680+07:00 TRACE 27900 --- [csrf] [    Test worker] o.s.b.f.s.DefaultListableBeanFactory     : Creating instance of bean 'conversionServicePostProcessor'
2025-01-07T20:30:49.685+07:00 TRACE 27900 --- [csrf] [    Test worker] o.s.b.f.s.DefaultListableBeanFactory     : Finished creating instance of bean 'conversionServicePostProcessor'
2025-01-07T20:30:49.685+07:00 DEBUG 27900 --- [csrf] [    Test worker] o.s.b.f.s.DefaultListableBeanFactory     : Creating shared instance of singleton bean 'org.springframework.context.event.internalEventListenerFactory'
2025-01-07T20:30:49.685+07:00 TRACE 27900 --- [csrf] [    Test worker] o.s.b.f.s.DefaultListableBeanFactory     : Creating instance of bean 'org.springframework.context.event.internalEventListenerFactory'
2025-01-07T20:30:49.685+07:00 TRACE 27900 --- [csrf] [    Test worker] o.s.b.f.s.DefaultListableBeanFactory     : Finished creating instance of bean 'org.springframework.context.event.internalEventListenerFactory'
2025-01-07T20:30:49.688+07:00 DEBUG 27900 --- [csrf] [    Test worker] o.s.b.f.s.DefaultListableBeanFactory     : Creating shared instance of singleton bean 'org.springframework.context.annotation.internalAutowiredAnnotationProcessor'
2025-01-07T20:30:49.688+07:00 TRACE 27900 --- [csrf] [    Test worker] o.s.b.f.s.DefaultListableBeanFactory     : Creating instance of bean 'org.springframework.context.annotation.internalAutowiredAnnotationProcessor'
2025-01-07T20:30:49.688+07:00 TRACE 27900 --- [csrf] [    Test worker] o.s.b.f.s.DefaultListableBeanFactory     : Finished creating instance of bean 'org.springframework.context.annotation.internalAutowiredAnnotationProcessor'
2025-01-07T20:30:49.688+07:00 DEBUG 27900 --- [csrf] [    Test worker] o.s.b.f.s.DefaultListableBeanFactory     : Creating shared instance of singleton bean 'org.springframework.context.annotation.internalCommonAnnotationProcessor'
2025-01-07T20:30:49.688+07:00 TRACE 27900 --- [csrf] [    Test worker] o.s.b.f.s.DefaultListableBeanFactory     : Creating instance of bean 'org.springframework.context.annotation.internalCommonAnnotationProcessor'
2025-01-07T20:30:49.690+07:00 TRACE 27900 --- [csrf] [    Test worker] o.s.b.f.s.DefaultListableBeanFactory     : Finished creating instance of bean 'org.springframework.context.annotation.internalCommonAnnotationProcessor'
2025-01-07T20:30:49.690+07:00 DEBUG 27900 --- [csrf] [    Test worker] o.s.b.f.s.DefaultListableBeanFactory     : Creating shared instance of singleton bean 'org.springframework.boot.test.mock.mockito.MockitoPostProcessor$SpyPostProcessor'
2025-01-07T20:30:49.690+07:00 TRACE 27900 --- [csrf] [    Test worker] o.s.b.f.s.DefaultListableBeanFactory     : Creating instance of bean 'org.springframework.boot.test.mock.mockito.MockitoPostProcessor$SpyPostProcessor'
2025-01-07T20:30:49.690+07:00 TRACE 27900 --- [csrf] [    Test worker] o.s.b.f.s.DefaultListableBeanFactory     : Returning cached instance of singleton bean 'org.springframework.boot.test.mock.mockito.MockitoPostProcessor'
2025-01-07T20:30:49.691+07:00 TRACE 27900 --- [csrf] [    Test worker] o.s.b.f.s.DefaultListableBeanFactory     : Finished creating instance of bean 'org.springframework.boot.test.mock.mockito.MockitoPostProcessor$SpyPostProcessor'
2025-01-07T20:30:49.691+07:00 DEBUG 27900 --- [csrf] [    Test worker] o.s.b.f.s.DefaultListableBeanFactory     : Creating shared instance of singleton bean 'org.springframework.boot.context.properties.ConfigurationPropertiesBindingPostProcessor'
2025-01-07T20:30:49.691+07:00 TRACE 27900 --- [csrf] [    Test worker] o.s.b.f.s.DefaultListableBeanFactory     : Creating instance of bean 'org.springframework.boot.context.properties.ConfigurationPropertiesBindingPostProcessor'
2025-01-07T20:30:49.691+07:00 TRACE 27900 --- [csrf] [    Test worker] o.s.b.f.s.DefaultListableBeanFactory     : Invoking afterPropertiesSet() on bean with name 'org.springframework.boot.context.properties.ConfigurationPropertiesBindingPostProcessor'
2025-01-07T20:30:49.691+07:00 DEBUG 27900 --- [csrf] [    Test worker] o.s.b.f.s.DefaultListableBeanFactory     : Creating shared instance of singleton bean 'org.springframework.boot.context.internalConfigurationPropertiesBinder'
2025-01-07T20:30:49.691+07:00 TRACE 27900 --- [csrf] [    Test worker] o.s.b.f.s.DefaultListableBeanFactory     : Creating instance of bean 'org.springframework.boot.context.internalConfigurationPropertiesBinder'
2025-01-07T20:30:49.691+07:00 TRACE 27900 --- [csrf] [    Test worker] o.s.b.f.s.DefaultListableBeanFactory     : Returning cached instance of singleton bean 'propertySourcesPlaceholderConfigurer'
2025-01-07T20:30:49.692+07:00 TRACE 27900 --- [csrf] [    Test worker] o.s.b.f.s.DefaultListableBeanFactory     : Finished creating instance of bean 'org.springframework.boot.context.internalConfigurationPropertiesBinder'
2025-01-07T20:30:49.692+07:00 TRACE 27900 --- [csrf] [    Test worker] o.s.b.f.s.DefaultListableBeanFactory     : Finished creating instance of bean 'org.springframework.boot.context.properties.ConfigurationPropertiesBindingPostProcessor'
2025-01-07T20:30:49.692+07:00 TRACE 27900 --- [csrf] [    Test worker] o.s.b.f.s.DefaultListableBeanFactory     : Returning cached instance of singleton bean 'org.springframework.boot.test.mock.mockito.MockitoPostProcessor'
2025-01-07T20:30:49.692+07:00 DEBUG 27900 --- [csrf] [    Test worker] o.s.b.f.s.DefaultListableBeanFactory     : Creating shared instance of singleton bean 'org.springframework.aop.config.internalAutoProxyCreator'
2025-01-07T20:30:49.692+07:00 TRACE 27900 --- [csrf] [    Test worker] o.s.b.f.s.DefaultListableBeanFactory     : Creating instance of bean 'org.springframework.aop.config.internalAutoProxyCreator'
2025-01-07T20:30:49.695+07:00 TRACE 27900 --- [csrf] [    Test worker] o.s.beans.CachedIntrospectionResults     : Getting BeanInfo for class [org.springframework.aop.framework.autoproxy.InfrastructureAdvisorAutoProxyCreator]
2025-01-07T20:30:49.695+07:00 TRACE 27900 --- [csrf] [    Test worker] o.s.beans.CachedIntrospectionResults     : Caching PropertyDescriptors for class [org.springframework.aop.framework.autoproxy.InfrastructureAdvisorAutoProxyCreator]
2025-01-07T20:30:49.695+07:00 TRACE 27900 --- [csrf] [    Test worker] o.s.beans.CachedIntrospectionResults     : Found bean property 'advisorAdapterRegistry' of type [org.springframework.aop.framework.adapter.AdvisorAdapterRegistry]
2025-01-07T20:30:49.695+07:00 TRACE 27900 --- [csrf] [    Test worker] o.s.beans.CachedIntrospectionResults     : Found bean property 'applyCommonInterceptorsFirst' of type [boolean]
2025-01-07T20:30:49.695+07:00 TRACE 27900 --- [csrf] [    Test worker] o.s.beans.CachedIntrospectionResults     : Found bean property 'beanClassLoader' of type [java.lang.ClassLoader]
2025-01-07T20:30:49.695+07:00 TRACE 27900 --- [csrf] [    Test worker] o.s.beans.CachedIntrospectionResults     : Found bean property 'beanFactory' of type [org.springframework.beans.factory.BeanFactory]
2025-01-07T20:30:49.695+07:00 TRACE 27900 --- [csrf] [    Test worker] o.s.beans.CachedIntrospectionResults     : Found bean property 'class' of type [java.lang.Class]
2025-01-07T20:30:49.695+07:00 TRACE 27900 --- [csrf] [    Test worker] o.s.beans.CachedIntrospectionResults     : Found bean property 'customTargetSourceCreators' of type [[Lorg.springframework.aop.framework.autoproxy.TargetSourceCreator;]
2025-01-07T20:30:49.695+07:00 TRACE 27900 --- [csrf] [    Test worker] o.s.beans.CachedIntrospectionResults     : Found bean property 'exposeProxy' of type [boolean]
2025-01-07T20:30:49.695+07:00 TRACE 27900 --- [csrf] [    Test worker] o.s.beans.CachedIntrospectionResults     : Found bean property 'frozen' of type [boolean]
2025-01-07T20:30:49.695+07:00 TRACE 27900 --- [csrf] [    Test worker] o.s.beans.CachedIntrospectionResults     : Found bean property 'interceptorNames' of type [[Ljava.lang.String;]
2025-01-07T20:30:49.695+07:00 TRACE 27900 --- [csrf] [    Test worker] o.s.beans.CachedIntrospectionResults     : Found bean property 'opaque' of type [boolean]
2025-01-07T20:30:49.695+07:00 TRACE 27900 --- [csrf] [    Test worker] o.s.beans.CachedIntrospectionResults     : Found bean property 'optimize' of type [boolean]
2025-01-07T20:30:49.695+07:00 TRACE 27900 --- [csrf] [    Test worker] o.s.beans.CachedIntrospectionResults     : Found bean property 'order' of type [int]
2025-01-07T20:30:49.695+07:00 TRACE 27900 --- [csrf] [    Test worker] o.s.beans.CachedIntrospectionResults     : Found bean property 'proxyClassLoader' of type [java.lang.ClassLoader]
2025-01-07T20:30:49.695+07:00 TRACE 27900 --- [csrf] [    Test worker] o.s.beans.CachedIntrospectionResults     : Found bean property 'proxyTargetClass' of type [boolean]
2025-01-07T20:30:49.697+07:00 TRACE 27900 --- [csrf] [    Test worker] o.s.b.f.s.DefaultListableBeanFactory     : Finished creating instance of bean 'org.springframework.aop.config.internalAutoProxyCreator'
2025-01-07T20:30:49.697+07:00 DEBUG 27900 --- [csrf] [    Test worker] o.s.b.f.s.DefaultListableBeanFactory     : Creating shared instance of singleton bean 'webServerFactoryCustomizerBeanPostProcessor'
2025-01-07T20:30:49.697+07:00 TRACE 27900 --- [csrf] [    Test worker] o.s.b.f.s.DefaultListableBeanFactory     : Creating instance of bean 'webServerFactoryCustomizerBeanPostProcessor'
2025-01-07T20:30:49.697+07:00 TRACE 27900 --- [csrf] [    Test worker] o.s.b.f.s.DefaultListableBeanFactory     : Finished creating instance of bean 'webServerFactoryCustomizerBeanPostProcessor'
2025-01-07T20:30:49.697+07:00 DEBUG 27900 --- [csrf] [    Test worker] o.s.b.f.s.DefaultListableBeanFactory     : Creating shared instance of singleton bean 'errorPageRegistrarBeanPostProcessor'
2025-01-07T20:30:49.697+07:00 TRACE 27900 --- [csrf] [    Test worker] o.s.b.f.s.DefaultListableBeanFactory     : Creating instance of bean 'errorPageRegistrarBeanPostProcessor'
2025-01-07T20:30:49.698+07:00 TRACE 27900 --- [csrf] [    Test worker] o.s.b.f.s.DefaultListableBeanFactory     : Finished creating instance of bean 'errorPageRegistrarBeanPostProcessor'
2025-01-07T20:30:49.698+07:00 TRACE 27900 --- [csrf] [    Test worker] o.s.b.f.s.DefaultListableBeanFactory     : Returning cached instance of singleton bean 'org.springframework.boot.test.autoconfigure.properties.PropertyMappingContextCustomizer$PropertyMappingCheckBeanPostProcessor'
2025-01-07T20:30:49.698+07:00 TRACE 27900 --- [csrf] [    Test worker] o.s.b.f.s.DefaultListableBeanFactory     : Returning cached instance of singleton bean 'org.springframework.boot.test.web.reactor.netty.DisableReactorResourceFactoryGlobalResourcesBeanPostProcessor'
2025-01-07T20:30:49.698+07:00 TRACE 27900 --- [csrf] [    Test worker] ConfigServletWebServerApplicationContext : No 'messageSource' bean, using [Empty MessageSource]
2025-01-07T20:30:49.698+07:00 TRACE 27900 --- [csrf] [    Test worker] ConfigServletWebServerApplicationContext : No 'applicationEventMulticaster' bean, using [SimpleApplicationEventMulticaster]
2025-01-07T20:30:49.698+07:00 DEBUG 27900 --- [csrf] [    Test worker] o.s.u.c.s.UiApplicationContextUtils      : Unable to locate ThemeSource with name 'themeSource': using default [org.springframework.ui.context.support.ResourceBundleThemeSource@27df95e]
2025-01-07T20:30:49.699+07:00 DEBUG 27900 --- [csrf] [    Test worker] o.s.b.f.s.DefaultListableBeanFactory     : Creating shared instance of singleton bean 'tomcatServletWebServerFactory'
2025-01-07T20:30:49.699+07:00 TRACE 27900 --- [csrf] [    Test worker] o.s.b.f.s.DefaultListableBeanFactory     : Creating instance of bean 'tomcatServletWebServerFactory'
2025-01-07T20:30:49.699+07:00 DEBUG 27900 --- [csrf] [    Test worker] o.s.b.f.s.DefaultListableBeanFactory     : Creating shared instance of singleton bean 'org.springframework.boot.autoconfigure.web.servlet.ServletWebServerFactoryConfiguration$EmbeddedTomcat'
2025-01-07T20:30:49.699+07:00 TRACE 27900 --- [csrf] [    Test worker] o.s.b.f.s.DefaultListableBeanFactory     : Creating instance of bean 'org.springframework.boot.autoconfigure.web.servlet.ServletWebServerFactoryConfiguration$EmbeddedTomcat'
2025-01-07T20:30:49.700+07:00 TRACE 27900 --- [csrf] [    Test worker] o.s.b.f.s.DefaultListableBeanFactory     : Finished creating instance of bean 'org.springframework.boot.autoconfigure.web.servlet.ServletWebServerFactoryConfiguration$EmbeddedTomcat'
2025-01-07T20:30:49.709+07:00 DEBUG 27900 --- [csrf] [    Test worker] o.a.catalina.core.AprLifecycleListener   : The Apache Tomcat Native library could not be found using names [tcnative-2, libtcnative-2, tcnative-1, libtcnative-1] on the java.library.path [/Users/mario/Library/Java/Extensions:/Library/Java/Extensions:/Network/Library/Java/Extensions:/System/Library/Java/Extensions:/usr/lib/java:.]. The errors reported were [Can't load library: /Users/mario/Development/spring-security-csrf-disable/bin/libtcnative-2.dylib, Can't load library: /Users/mario/Development/spring-security-csrf-disable/bin/liblibtcnative-2.dylib, Can't load library: /Users/mario/Development/spring-security-csrf-disable/bin/libtcnative-1.dylib, Can't load library: /Users/mario/Development/spring-security-csrf-disable/bin/liblibtcnative-1.dylib, no tcnative-2 in java.library.path: /Users/mario/Library/Java/Extensions:/Library/Java/Extensions:/Network/Library/Java/Extensions:/System/Library/Java/Extensions:/usr/lib/java:., no libtcnative-2 in java.library.path: /Users/mario/Library/Java/Extensions:/Library/Java/Extensions:/Network/Library/Java/Extensions:/System/Library/Java/Extensions:/usr/lib/java:., no tcnative-1 in java.library.path: /Users/mario/Library/Java/Extensions:/Library/Java/Extensions:/Network/Library/Java/Extensions:/System/Library/Java/Extensions:/usr/lib/java:., no libtcnative-1 in java.library.path: /Users/mario/Library/Java/Extensions:/Library/Java/Extensions:/Network/Library/Java/Extensions:/System/Library/Java/Extensions:/usr/lib/java:.]

org.apache.tomcat.jni.LibraryNotFoundError: Can't load library: /Users/mario/Development/spring-security-csrf-disable/bin/libtcnative-2.dylib, Can't load library: /Users/mario/Development/spring-security-csrf-disable/bin/liblibtcnative-2.dylib, Can't load library: /Users/mario/Development/spring-security-csrf-disable/bin/libtcnative-1.dylib, Can't load library: /Users/mario/Development/spring-security-csrf-disable/bin/liblibtcnative-1.dylib, no tcnative-2 in java.library.path: /Users/mario/Library/Java/Extensions:/Library/Java/Extensions:/Network/Library/Java/Extensions:/System/Library/Java/Extensions:/usr/lib/java:., no libtcnative-2 in java.library.path: /Users/mario/Library/Java/Extensions:/Library/Java/Extensions:/Network/Library/Java/Extensions:/System/Library/Java/Extensions:/usr/lib/java:., no tcnative-1 in java.library.path: /Users/mario/Library/Java/Extensions:/Library/Java/Extensions:/Network/Library/Java/Extensions:/System/Library/Java/Extensions:/usr/lib/java:., no libtcnative-1 in java.library.path: /Users/mario/Library/Java/Extensions:/Library/Java/Extensions:/Network/Library/Java/Extensions:/System/Library/Java/Extensions:/usr/lib/java:.
	at org.apache.tomcat.jni.Library.<init>(Library.java:91) ~[tomcat-embed-core-10.1.34.jar:10.1.34]
	at org.apache.tomcat.jni.Library.initialize(Library.java:147) ~[tomcat-embed-core-10.1.34.jar:10.1.34]
	at org.apache.catalina.core.AprLifecycleListener.init(AprLifecycleListener.java:211) ~[tomcat-embed-core-10.1.34.jar:10.1.34]
	at org.apache.catalina.core.AprLifecycleListener.isAprAvailable(AprLifecycleListener.java:113) ~[tomcat-embed-core-10.1.34.jar:10.1.34]
	at org.springframework.boot.web.embedded.tomcat.TomcatServletWebServerFactory.getDefaultServerLifecycleListeners(TomcatServletWebServerFactory.java:191) ~[spring-boot-3.4.1.jar:3.4.1]
	at org.springframework.boot.web.embedded.tomcat.TomcatServletWebServerFactory.<init>(TomcatServletWebServerFactory.java:138) ~[spring-boot-3.4.1.jar:3.4.1]
	at org.springframework.boot.autoconfigure.web.servlet.ServletWebServerFactoryConfiguration$EmbeddedTomcat.tomcatServletWebServerFactory(ServletWebServerFactoryConfiguration.java:73) ~[spring-boot-autoconfigure-3.4.1.jar:3.4.1]
	at java.base/jdk.internal.reflect.DirectMethodHandleAccessor.invoke(DirectMethodHandleAccessor.java:103) ~[na:na]
	at java.base/java.lang.reflect.Method.invoke(Method.java:580) ~[na:na]
	at org.springframework.beans.factory.support.SimpleInstantiationStrategy.lambda$instantiate$0(SimpleInstantiationStrategy.java:171) ~[spring-beans-6.2.1.jar:6.2.1]
	at org.springframework.beans.factory.support.SimpleInstantiationStrategy.instantiateWithFactoryMethod(SimpleInstantiationStrategy.java:88) ~[spring-beans-6.2.1.jar:6.2.1]
	at org.springframework.beans.factory.support.SimpleInstantiationStrategy.instantiate(SimpleInstantiationStrategy.java:168) ~[spring-beans-6.2.1.jar:6.2.1]
	at org.springframework.beans.factory.support.ConstructorResolver.instantiate(ConstructorResolver.java:653) ~[spring-beans-6.2.1.jar:6.2.1]
	at org.springframework.beans.factory.support.ConstructorResolver.instantiateUsingFactoryMethod(ConstructorResolver.java:645) ~[spring-beans-6.2.1.jar:6.2.1]
	at org.springframework.beans.factory.support.AbstractAutowireCapableBeanFactory.instantiateUsingFactoryMethod(AbstractAutowireCapableBeanFactory.java:1357) ~[spring-beans-6.2.1.jar:6.2.1]
	at org.springframework.beans.factory.support.AbstractAutowireCapableBeanFactory.createBeanInstance(AbstractAutowireCapableBeanFactory.java:1187) ~[spring-beans-6.2.1.jar:6.2.1]
	at org.springframework.beans.factory.support.AbstractAutowireCapableBeanFactory.doCreateBean(AbstractAutowireCapableBeanFactory.java:563) ~[spring-beans-6.2.1.jar:6.2.1]
	at org.springframework.beans.factory.support.AbstractAutowireCapableBeanFactory.createBean(AbstractAutowireCapableBeanFactory.java:523) ~[spring-beans-6.2.1.jar:6.2.1]
	at org.springframework.beans.factory.support.AbstractBeanFactory.lambda$doGetBean$0(AbstractBeanFactory.java:336) ~[spring-beans-6.2.1.jar:6.2.1]
	at org.springframework.beans.factory.support.DefaultSingletonBeanRegistry.getSingleton(DefaultSingletonBeanRegistry.java:289) ~[spring-beans-6.2.1.jar:6.2.1]
	at org.springframework.beans.factory.support.AbstractBeanFactory.doGetBean(AbstractBeanFactory.java:334) ~[spring-beans-6.2.1.jar:6.2.1]
	at org.springframework.beans.factory.support.AbstractBeanFactory.getBean(AbstractBeanFactory.java:204) ~[spring-beans-6.2.1.jar:6.2.1]
	at org.springframework.boot.web.servlet.context.ServletWebServerApplicationContext.getWebServerFactory(ServletWebServerApplicationContext.java:223) ~[spring-boot-3.4.1.jar:3.4.1]
	at org.springframework.boot.web.servlet.context.ServletWebServerApplicationContext.createWebServer(ServletWebServerApplicationContext.java:186) ~[spring-boot-3.4.1.jar:3.4.1]
	at org.springframework.boot.web.servlet.context.ServletWebServerApplicationContext.onRefresh(ServletWebServerApplicationContext.java:162) ~[spring-boot-3.4.1.jar:3.4.1]
	at org.springframework.context.support.AbstractApplicationContext.refresh(AbstractApplicationContext.java:621) ~[spring-context-6.2.1.jar:6.2.1]
	at org.springframework.boot.web.servlet.context.ServletWebServerApplicationContext.refresh(ServletWebServerApplicationContext.java:146) ~[spring-boot-3.4.1.jar:3.4.1]
	at org.springframework.boot.SpringApplication.refresh(SpringApplication.java:752) ~[spring-boot-3.4.1.jar:3.4.1]
	at org.springframework.boot.SpringApplication.refreshContext(SpringApplication.java:439) ~[spring-boot-3.4.1.jar:3.4.1]
	at org.springframework.boot.SpringApplication.run(SpringApplication.java:318) ~[spring-boot-3.4.1.jar:3.4.1]
	at org.springframework.boot.test.context.SpringBootContextLoader.lambda$loadContext$3(SpringBootContextLoader.java:137) ~[spring-boot-test-3.4.1.jar:3.4.1]
	at org.springframework.util.function.ThrowingSupplier.get(ThrowingSupplier.java:58) ~[spring-core-6.2.1.jar:6.2.1]
	at org.springframework.util.function.ThrowingSupplier.get(ThrowingSupplier.java:46) ~[spring-core-6.2.1.jar:6.2.1]
	at org.springframework.boot.SpringApplication.withHook(SpringApplication.java:1461) ~[spring-boot-3.4.1.jar:3.4.1]
	at org.springframework.boot.test.context.SpringBootContextLoader$ContextLoaderHook.run(SpringBootContextLoader.java:553) ~[spring-boot-test-3.4.1.jar:3.4.1]
	at org.springframework.boot.test.context.SpringBootContextLoader.loadContext(SpringBootContextLoader.java:137) ~[spring-boot-test-3.4.1.jar:3.4.1]
	at org.springframework.boot.test.context.SpringBootContextLoader.loadContext(SpringBootContextLoader.java:108) ~[spring-boot-test-3.4.1.jar:3.4.1]
	at org.springframework.test.context.cache.DefaultCacheAwareContextLoaderDelegate.loadContextInternal(DefaultCacheAwareContextLoaderDelegate.java:225) ~[spring-test-6.2.1.jar:6.2.1]
	at org.springframework.test.context.cache.DefaultCacheAwareContextLoaderDelegate.loadContext(DefaultCacheAwareContextLoaderDelegate.java:152) ~[spring-test-6.2.1.jar:6.2.1]
	at org.springframework.test.context.support.DefaultTestContext.getApplicationContext(DefaultTestContext.java:130) ~[spring-test-6.2.1.jar:6.2.1]
	at org.springframework.test.context.support.DependencyInjectionTestExecutionListener.injectDependencies(DependencyInjectionTestExecutionListener.java:142) ~[spring-test-6.2.1.jar:6.2.1]
	at org.springframework.test.context.support.DependencyInjectionTestExecutionListener.prepareTestInstance(DependencyInjectionTestExecutionListener.java:98) ~[spring-test-6.2.1.jar:6.2.1]
	at org.springframework.test.context.TestContextManager.prepareTestInstance(TestContextManager.java:260) ~[spring-test-6.2.1.jar:6.2.1]
	at org.springframework.test.context.junit.jupiter.SpringExtension.postProcessTestInstance(SpringExtension.java:160) ~[spring-test-6.2.1.jar:6.2.1]
	at org.junit.jupiter.engine.descriptor.ClassBasedTestDescriptor.lambda$invokeTestInstancePostProcessors$11(ClassBasedTestDescriptor.java:378) ~[junit-jupiter-engine-5.11.4.jar:5.11.4]
	at org.junit.jupiter.engine.descriptor.ClassBasedTestDescriptor.executeAndMaskThrowable(ClassBasedTestDescriptor.java:383) ~[junit-jupiter-engine-5.11.4.jar:5.11.4]
	at org.junit.jupiter.engine.descriptor.ClassBasedTestDescriptor.lambda$invokeTestInstancePostProcessors$12(ClassBasedTestDescriptor.java:378) ~[junit-jupiter-engine-5.11.4.jar:5.11.4]
	at java.base/java.util.stream.ForEachOps$ForEachOp$OfRef.accept(ForEachOps.java:184) ~[na:na]
	at java.base/java.util.stream.ReferencePipeline$3$1.accept(ReferencePipeline.java:215) ~[na:na]
	at java.base/java.util.stream.ReferencePipeline$2$1.accept(ReferencePipeline.java:197) ~[na:na]
	at java.base/java.util.stream.ReferencePipeline$3$1.accept(ReferencePipeline.java:215) ~[na:na]
	at java.base/java.util.ArrayList$ArrayListSpliterator.forEachRemaining(ArrayList.java:1709) ~[na:na]
	at java.base/java.util.stream.AbstractPipeline.copyInto(AbstractPipeline.java:570) ~[na:na]
	at java.base/java.util.stream.AbstractPipeline.wrapAndCopyInto(AbstractPipeline.java:560) ~[na:na]
	at java.base/java.util.stream.ForEachOps$ForEachOp.evaluateSequential(ForEachOps.java:151) ~[na:na]
	at java.base/java.util.stream.ForEachOps$ForEachOp$OfRef.evaluateSequential(ForEachOps.java:174) ~[na:na]
	at java.base/java.util.stream.AbstractPipeline.evaluate(AbstractPipeline.java:265) ~[na:na]
	at java.base/java.util.stream.ReferencePipeline.forEach(ReferencePipeline.java:636) ~[na:na]
	at org.junit.jupiter.engine.descriptor.ClassBasedTestDescriptor.invokeTestInstancePostProcessors(ClassBasedTestDescriptor.java:377) ~[junit-jupiter-engine-5.11.4.jar:5.11.4]
	at org.junit.jupiter.engine.descriptor.ClassBasedTestDescriptor.lambda$instantiateAndPostProcessTestInstance$7(ClassBasedTestDescriptor.java:290) ~[junit-jupiter-engine-5.11.4.jar:5.11.4]
	at org.junit.platform.engine.support.hierarchical.ThrowableCollector.execute(ThrowableCollector.java:73) ~[junit-platform-engine-1.11.4.jar:1.11.4]
	at org.junit.jupiter.engine.descriptor.ClassBasedTestDescriptor.instantiateAndPostProcessTestInstance(ClassBasedTestDescriptor.java:289) ~[junit-jupiter-engine-5.11.4.jar:5.11.4]
	at org.junit.jupiter.engine.descriptor.ClassBasedTestDescriptor.lambda$testInstancesProvider$5(ClassBasedTestDescriptor.java:279) ~[junit-jupiter-engine-5.11.4.jar:5.11.4]
	at java.base/java.util.Optional.orElseGet(Optional.java:364) ~[na:na]
	at org.junit.jupiter.engine.descriptor.ClassBasedTestDescriptor.lambda$testInstancesProvider$6(ClassBasedTestDescriptor.java:278) ~[junit-jupiter-engine-5.11.4.jar:5.11.4]
	at org.junit.jupiter.engine.execution.TestInstancesProvider.getTestInstances(TestInstancesProvider.java:31) ~[junit-jupiter-engine-5.11.4.jar:5.11.4]
	at org.junit.jupiter.engine.descriptor.TestMethodTestDescriptor.lambda$prepare$1(TestMethodTestDescriptor.java:105) ~[junit-jupiter-engine-5.11.4.jar:5.11.4]
	at org.junit.platform.engine.support.hierarchical.ThrowableCollector.execute(ThrowableCollector.java:73) ~[junit-platform-engine-1.11.4.jar:1.11.4]
	at org.junit.jupiter.engine.descriptor.TestMethodTestDescriptor.prepare(TestMethodTestDescriptor.java:104) ~[junit-jupiter-engine-5.11.4.jar:5.11.4]
	at org.junit.jupiter.engine.descriptor.TestMethodTestDescriptor.prepare(TestMethodTestDescriptor.java:68) ~[junit-jupiter-engine-5.11.4.jar:5.11.4]
	at org.junit.platform.engine.support.hierarchical.NodeTestTask.lambda$prepare$2(NodeTestTask.java:128) ~[junit-platform-engine-1.11.4.jar:1.11.4]
	at org.junit.platform.engine.support.hierarchical.ThrowableCollector.execute(ThrowableCollector.java:73) ~[junit-platform-engine-1.11.4.jar:1.11.4]
	at org.junit.platform.engine.support.hierarchical.NodeTestTask.prepare(NodeTestTask.java:128) ~[junit-platform-engine-1.11.4.jar:1.11.4]
	at org.junit.platform.engine.support.hierarchical.NodeTestTask.execute(NodeTestTask.java:95) ~[junit-platform-engine-1.11.4.jar:1.11.4]
	at java.base/java.util.ArrayList.forEach(ArrayList.java:1597) ~[na:na]
	at org.junit.platform.engine.support.hierarchical.SameThreadHierarchicalTestExecutorService.invokeAll(SameThreadHierarchicalTestExecutorService.java:41) ~[junit-platform-engine-1.11.4.jar:1.11.4]
	at org.junit.platform.engine.support.hierarchical.NodeTestTask.lambda$executeRecursively$6(NodeTestTask.java:160) ~[junit-platform-engine-1.11.4.jar:1.11.4]
	at org.junit.platform.engine.support.hierarchical.ThrowableCollector.execute(ThrowableCollector.java:73) ~[junit-platform-engine-1.11.4.jar:1.11.4]
	at org.junit.platform.engine.support.hierarchical.NodeTestTask.lambda$executeRecursively$8(NodeTestTask.java:146) ~[junit-platform-engine-1.11.4.jar:1.11.4]
	at org.junit.platform.engine.support.hierarchical.Node.around(Node.java:137) ~[junit-platform-engine-1.11.4.jar:1.11.4]
	at org.junit.platform.engine.support.hierarchical.NodeTestTask.lambda$executeRecursively$9(NodeTestTask.java:144) ~[junit-platform-engine-1.11.4.jar:1.11.4]
	at org.junit.platform.engine.support.hierarchical.ThrowableCollector.execute(ThrowableCollector.java:73) ~[junit-platform-engine-1.11.4.jar:1.11.4]
	at org.junit.platform.engine.support.hierarchical.NodeTestTask.executeRecursively(NodeTestTask.java:143) ~[junit-platform-engine-1.11.4.jar:1.11.4]
	at org.junit.platform.engine.support.hierarchical.NodeTestTask.execute(NodeTestTask.java:100) ~[junit-platform-engine-1.11.4.jar:1.11.4]
	at java.base/java.util.ArrayList.forEach(ArrayList.java:1597) ~[na:na]
	at org.junit.platform.engine.support.hierarchical.SameThreadHierarchicalTestExecutorService.invokeAll(SameThreadHierarchicalTestExecutorService.java:41) ~[junit-platform-engine-1.11.4.jar:1.11.4]
	at org.junit.platform.engine.support.hierarchical.NodeTestTask.lambda$executeRecursively$6(NodeTestTask.java:160) ~[junit-platform-engine-1.11.4.jar:1.11.4]
	at org.junit.platform.engine.support.hierarchical.ThrowableCollector.execute(ThrowableCollector.java:73) ~[junit-platform-engine-1.11.4.jar:1.11.4]
	at org.junit.platform.engine.support.hierarchical.NodeTestTask.lambda$executeRecursively$8(NodeTestTask.java:146) ~[junit-platform-engine-1.11.4.jar:1.11.4]
	at org.junit.platform.engine.support.hierarchical.Node.around(Node.java:137) ~[junit-platform-engine-1.11.4.jar:1.11.4]
	at org.junit.platform.engine.support.hierarchical.NodeTestTask.lambda$executeRecursively$9(NodeTestTask.java:144) ~[junit-platform-engine-1.11.4.jar:1.11.4]
	at org.junit.platform.engine.support.hierarchical.ThrowableCollector.execute(ThrowableCollector.java:73) ~[junit-platform-engine-1.11.4.jar:1.11.4]
	at org.junit.platform.engine.support.hierarchical.NodeTestTask.executeRecursively(NodeTestTask.java:143) ~[junit-platform-engine-1.11.4.jar:1.11.4]
	at org.junit.platform.engine.support.hierarchical.NodeTestTask.execute(NodeTestTask.java:100) ~[junit-platform-engine-1.11.4.jar:1.11.4]
	at org.junit.platform.engine.support.hierarchical.SameThreadHierarchicalTestExecutorService.submit(SameThreadHierarchicalTestExecutorService.java:35) ~[junit-platform-engine-1.11.4.jar:1.11.4]
	at org.junit.platform.engine.support.hierarchical.HierarchicalTestExecutor.execute(HierarchicalTestExecutor.java:57) ~[junit-platform-engine-1.11.4.jar:1.11.4]
	at org.junit.platform.engine.support.hierarchical.HierarchicalTestEngine.execute(HierarchicalTestEngine.java:54) ~[junit-platform-engine-1.11.4.jar:1.11.4]
	at org.junit.platform.launcher.core.EngineExecutionOrchestrator.execute(EngineExecutionOrchestrator.java:198) ~[junit-platform-launcher-1.11.4.jar:1.11.4]
	at org.junit.platform.launcher.core.EngineExecutionOrchestrator.execute(EngineExecutionOrchestrator.java:169) ~[junit-platform-launcher-1.11.4.jar:1.11.4]
	at org.junit.platform.launcher.core.EngineExecutionOrchestrator.execute(EngineExecutionOrchestrator.java:93) ~[junit-platform-launcher-1.11.4.jar:1.11.4]
	at org.junit.platform.launcher.core.EngineExecutionOrchestrator.lambda$execute$0(EngineExecutionOrchestrator.java:58) ~[junit-platform-launcher-1.11.4.jar:1.11.4]
	at org.junit.platform.launcher.core.EngineExecutionOrchestrator.withInterceptedStreams(EngineExecutionOrchestrator.java:141) ~[junit-platform-launcher-1.11.4.jar:1.11.4]
	at org.junit.platform.launcher.core.EngineExecutionOrchestrator.execute(EngineExecutionOrchestrator.java:57) ~[junit-platform-launcher-1.11.4.jar:1.11.4]
	at org.junit.platform.launcher.core.DefaultLauncher.execute(DefaultLauncher.java:103) ~[junit-platform-launcher-1.11.4.jar:1.11.4]
	at org.junit.platform.launcher.core.DefaultLauncher.execute(DefaultLauncher.java:85) ~[junit-platform-launcher-1.11.4.jar:1.11.4]
	at org.junit.platform.launcher.core.DelegatingLauncher.execute(DelegatingLauncher.java:47) ~[junit-platform-launcher-1.11.4.jar:1.11.4]
	at org.gradle.api.internal.tasks.testing.junitplatform.JUnitPlatformTestClassProcessor$CollectAllTestClassesExecutor.processAllTestClasses(JUnitPlatformTestClassProcessor.java:124) ~[na:na]
	at org.gradle.api.internal.tasks.testing.junitplatform.JUnitPlatformTestClassProcessor$CollectAllTestClassesExecutor.access$000(JUnitPlatformTestClassProcessor.java:99) ~[na:na]
	at org.gradle.api.internal.tasks.testing.junitplatform.JUnitPlatformTestClassProcessor.stop(JUnitPlatformTestClassProcessor.java:94) ~[na:na]
	at org.gradle.api.internal.tasks.testing.SuiteTestClassProcessor.stop(SuiteTestClassProcessor.java:63) ~[na:na]
	at java.base/jdk.internal.reflect.DirectMethodHandleAccessor.invoke(DirectMethodHandleAccessor.java:103) ~[na:na]
	at java.base/java.lang.reflect.Method.invoke(Method.java:580) ~[na:na]
	at org.gradle.internal.dispatch.ReflectionDispatch.dispatch(ReflectionDispatch.java:36) ~[na:na]
	at org.gradle.internal.dispatch.ReflectionDispatch.dispatch(ReflectionDispatch.java:24) ~[na:na]
	at org.gradle.internal.dispatch.ContextClassLoaderDispatch.dispatch(ContextClassLoaderDispatch.java:33) ~[na:na]
	at org.gradle.internal.dispatch.ProxyDispatchAdapter$DispatchingInvocationHandler.invoke(ProxyDispatchAdapter.java:92) ~[na:na]
	at jdk.proxy1/jdk.proxy1.$Proxy4.stop(Unknown Source) ~[na:na]
	at org.gradle.api.internal.tasks.testing.worker.TestWorker$3.run(TestWorker.java:200) ~[na:na]
	at org.gradle.api.internal.tasks.testing.worker.TestWorker.executeAndMaintainThreadName(TestWorker.java:132) ~[na:na]
	at org.gradle.api.internal.tasks.testing.worker.TestWorker.execute(TestWorker.java:103) ~[na:na]
	at org.gradle.api.internal.tasks.testing.worker.TestWorker.execute(TestWorker.java:63) ~[na:na]
	at org.gradle.process.internal.worker.child.ActionExecutionWorker.execute(ActionExecutionWorker.java:56) ~[na:na]
	at org.gradle.process.internal.worker.child.SystemApplicationClassLoaderWorker.call(SystemApplicationClassLoaderWorker.java:121) ~[na:na]
	at org.gradle.process.internal.worker.child.SystemApplicationClassLoaderWorker.call(SystemApplicationClassLoaderWorker.java:71) ~[na:na]
	at worker.org.gradle.process.internal.worker.GradleWorkerMain.run(GradleWorkerMain.java:69) ~[gradle-worker.jar:na]
	at worker.org.gradle.process.internal.worker.GradleWorkerMain.main(GradleWorkerMain.java:74) ~[gradle-worker.jar:na]

2025-01-07T20:30:49.717+07:00 DEBUG 27900 --- [csrf] [    Test worker] o.s.b.f.s.DefaultListableBeanFactory     : Creating shared instance of singleton bean 'websocketServletWebServerCustomizer'
2025-01-07T20:30:49.717+07:00 TRACE 27900 --- [csrf] [    Test worker] o.s.b.f.s.DefaultListableBeanFactory     : Creating instance of bean 'websocketServletWebServerCustomizer'
2025-01-07T20:30:49.717+07:00 DEBUG 27900 --- [csrf] [    Test worker] o.s.b.f.s.DefaultListableBeanFactory     : Creating shared instance of singleton bean 'org.springframework.boot.autoconfigure.websocket.servlet.WebSocketServletAutoConfiguration$TomcatWebSocketConfiguration'
2025-01-07T20:30:49.717+07:00 TRACE 27900 --- [csrf] [    Test worker] o.s.b.f.s.DefaultListableBeanFactory     : Creating instance of bean 'org.springframework.boot.autoconfigure.websocket.servlet.WebSocketServletAutoConfiguration$TomcatWebSocketConfiguration'
2025-01-07T20:30:49.717+07:00 TRACE 27900 --- [csrf] [    Test worker] o.s.b.f.s.DefaultListableBeanFactory     : Finished creating instance of bean 'org.springframework.boot.autoconfigure.websocket.servlet.WebSocketServletAutoConfiguration$TomcatWebSocketConfiguration'
2025-01-07T20:30:49.717+07:00 TRACE 27900 --- [csrf] [    Test worker] o.s.b.f.s.DefaultListableBeanFactory     : Finished creating instance of bean 'websocketServletWebServerCustomizer'
2025-01-07T20:30:49.717+07:00 DEBUG 27900 --- [csrf] [    Test worker] o.s.b.f.s.DefaultListableBeanFactory     : Creating shared instance of singleton bean 'servletWebServerFactoryCustomizer'
2025-01-07T20:30:49.717+07:00 TRACE 27900 --- [csrf] [    Test worker] o.s.b.f.s.DefaultListableBeanFactory     : Creating instance of bean 'servletWebServerFactoryCustomizer'
2025-01-07T20:30:49.717+07:00 DEBUG 27900 --- [csrf] [    Test worker] o.s.b.f.s.DefaultListableBeanFactory     : Creating shared instance of singleton bean 'org.springframework.boot.autoconfigure.web.servlet.ServletWebServerFactoryAutoConfiguration'
2025-01-07T20:30:49.717+07:00 TRACE 27900 --- [csrf] [    Test worker] o.s.b.f.s.DefaultListableBeanFactory     : Creating instance of bean 'org.springframework.boot.autoconfigure.web.servlet.ServletWebServerFactoryAutoConfiguration'
2025-01-07T20:30:49.717+07:00 TRACE 27900 --- [csrf] [    Test worker] o.s.b.f.s.DefaultListableBeanFactory     : Finished creating instance of bean 'org.springframework.boot.autoconfigure.web.servlet.ServletWebServerFactoryAutoConfiguration'
2025-01-07T20:30:49.718+07:00 DEBUG 27900 --- [csrf] [    Test worker] o.s.b.f.s.DefaultListableBeanFactory     : Creating shared instance of singleton bean 'server-org.springframework.boot.autoconfigure.web.ServerProperties'
2025-01-07T20:30:49.718+07:00 TRACE 27900 --- [csrf] [    Test worker] o.s.b.f.s.DefaultListableBeanFactory     : Creating instance of bean 'server-org.springframework.boot.autoconfigure.web.ServerProperties'
2025-01-07T20:30:49.721+07:00 DEBUG 27900 --- [csrf] [    Test worker] o.s.b.f.s.DefaultListableBeanFactory     : Creating shared instance of singleton bean 'org.springframework.boot.context.properties.BoundConfigurationProperties'
2025-01-07T20:30:49.721+07:00 TRACE 27900 --- [csrf] [    Test worker] o.s.b.f.s.DefaultListableBeanFactory     : Creating instance of bean 'org.springframework.boot.context.properties.BoundConfigurationProperties'
2025-01-07T20:30:49.721+07:00 TRACE 27900 --- [csrf] [    Test worker] o.s.b.f.s.DefaultListableBeanFactory     : Finished creating instance of bean 'org.springframework.boot.context.properties.BoundConfigurationProperties'
2025-01-07T20:30:49.726+07:00 TRACE 27900 --- [csrf] [    Test worker] o.s.b.f.s.DefaultListableBeanFactory     : Finished creating instance of bean 'server-org.springframework.boot.autoconfigure.web.ServerProperties'
2025-01-07T20:30:49.726+07:00 DEBUG 27900 --- [csrf] [    Test worker] o.s.b.f.s.DefaultListableBeanFactory     : Autowiring by type from bean name 'servletWebServerFactoryCustomizer' via factory method to bean named 'server-org.springframework.boot.autoconfigure.web.ServerProperties'
2025-01-07T20:30:49.727+07:00 DEBUG 27900 --- [csrf] [    Test worker] o.s.b.f.s.DefaultListableBeanFactory     : Creating shared instance of singleton bean 'sslBundleRegistry'
2025-01-07T20:30:49.727+07:00 TRACE 27900 --- [csrf] [    Test worker] o.s.b.f.s.DefaultListableBeanFactory     : Creating instance of bean 'sslBundleRegistry'
2025-01-07T20:30:49.727+07:00 DEBUG 27900 --- [csrf] [    Test worker] o.s.b.f.s.DefaultListableBeanFactory     : Creating shared instance of singleton bean 'org.springframework.boot.autoconfigure.ssl.SslAutoConfiguration'
2025-01-07T20:30:49.727+07:00 TRACE 27900 --- [csrf] [    Test worker] o.s.b.f.s.DefaultListableBeanFactory     : Creating instance of bean 'org.springframework.boot.autoconfigure.ssl.SslAutoConfiguration'
2025-01-07T20:30:49.727+07:00 DEBUG 27900 --- [csrf] [    Test worker] o.s.b.f.s.DefaultListableBeanFactory     : Creating shared instance of singleton bean 'spring.ssl-org.springframework.boot.autoconfigure.ssl.SslProperties'
2025-01-07T20:30:49.727+07:00 TRACE 27900 --- [csrf] [    Test worker] o.s.b.f.s.DefaultListableBeanFactory     : Creating instance of bean 'spring.ssl-org.springframework.boot.autoconfigure.ssl.SslProperties'
2025-01-07T20:30:49.728+07:00 TRACE 27900 --- [csrf] [    Test worker] o.s.b.f.s.DefaultListableBeanFactory     : Returning cached instance of singleton bean 'org.springframework.boot.context.properties.BoundConfigurationProperties'
2025-01-07T20:30:49.728+07:00 TRACE 27900 --- [csrf] [    Test worker] o.s.b.f.s.DefaultListableBeanFactory     : Finished creating instance of bean 'spring.ssl-org.springframework.boot.autoconfigure.ssl.SslProperties'
2025-01-07T20:30:49.728+07:00 DEBUG 27900 --- [csrf] [    Test worker] o.s.b.f.s.DefaultListableBeanFactory     : Autowiring by type from bean name 'org.springframework.boot.autoconfigure.ssl.SslAutoConfiguration' via constructor to bean named 'org.springframework.boot.web.servlet.context.AnnotationConfigServletWebServerApplicationContext@426e505c'
2025-01-07T20:30:49.728+07:00 DEBUG 27900 --- [csrf] [    Test worker] o.s.b.f.s.DefaultListableBeanFactory     : Autowiring by type from bean name 'org.springframework.boot.autoconfigure.ssl.SslAutoConfiguration' via constructor to bean named 'spring.ssl-org.springframework.boot.autoconfigure.ssl.SslProperties'
2025-01-07T20:30:49.729+07:00 TRACE 27900 --- [csrf] [    Test worker] o.s.c.io.support.SpringFactoriesLoader   : Loaded [org.springframework.core.io.ProtocolResolver] names: [org.springframework.boot.io.Base64ProtocolResolver]
2025-01-07T20:30:49.729+07:00 TRACE 27900 --- [csrf] [    Test worker] o.s.b.f.s.DefaultListableBeanFactory     : Finished creating instance of bean 'org.springframework.boot.autoconfigure.ssl.SslAutoConfiguration'
2025-01-07T20:30:49.730+07:00 DEBUG 27900 --- [csrf] [    Test worker] o.s.b.f.s.DefaultListableBeanFactory     : Creating shared instance of singleton bean 'sslPropertiesSslBundleRegistrar'
2025-01-07T20:30:49.730+07:00 TRACE 27900 --- [csrf] [    Test worker] o.s.b.f.s.DefaultListableBeanFactory     : Creating instance of bean 'sslPropertiesSslBundleRegistrar'
2025-01-07T20:30:49.730+07:00 TRACE 27900 --- [csrf] [    Test worker] o.s.b.f.s.DefaultListableBeanFactory     : Returning cached instance of singleton bean 'org.springframework.boot.autoconfigure.ssl.SslAutoConfiguration'
2025-01-07T20:30:49.730+07:00 DEBUG 27900 --- [csrf] [    Test worker] o.s.b.f.s.DefaultListableBeanFactory     : Creating shared instance of singleton bean 'fileWatcher'
2025-01-07T20:30:49.730+07:00 TRACE 27900 --- [csrf] [    Test worker] o.s.b.f.s.DefaultListableBeanFactory     : Creating instance of bean 'fileWatcher'
2025-01-07T20:30:49.730+07:00 TRACE 27900 --- [csrf] [    Test worker] o.s.b.f.s.DefaultListableBeanFactory     : Returning cached instance of singleton bean 'org.springframework.boot.autoconfigure.ssl.SslAutoConfiguration'
2025-01-07T20:30:49.730+07:00 TRACE 27900 --- [csrf] [    Test worker] o.s.b.f.s.DefaultListableBeanFactory     : Finished creating instance of bean 'fileWatcher'
2025-01-07T20:30:49.730+07:00 DEBUG 27900 --- [csrf] [    Test worker] o.s.b.f.s.DefaultListableBeanFactory     : Autowiring by type from bean name 'sslPropertiesSslBundleRegistrar' via factory method to bean named 'fileWatcher'
2025-01-07T20:30:49.731+07:00 TRACE 27900 --- [csrf] [    Test worker] o.s.b.f.s.DefaultListableBeanFactory     : Finished creating instance of bean 'sslPropertiesSslBundleRegistrar'
2025-01-07T20:30:49.731+07:00 TRACE 27900 --- [csrf] [    Test worker] o.s.b.f.s.DefaultListableBeanFactory     : Returning cached instance of singleton bean 'sslPropertiesSslBundleRegistrar'
2025-01-07T20:30:49.733+07:00 TRACE 27900 --- [csrf] [    Test worker] o.s.b.f.s.DefaultListableBeanFactory     : Finished creating instance of bean 'sslBundleRegistry'
2025-01-07T20:30:49.733+07:00 TRACE 27900 --- [csrf] [    Test worker] o.s.b.f.s.DefaultListableBeanFactory     : Finished creating instance of bean 'servletWebServerFactoryCustomizer'
2025-01-07T20:30:49.733+07:00 DEBUG 27900 --- [csrf] [    Test worker] o.s.b.f.s.DefaultListableBeanFactory     : Creating shared instance of singleton bean 'tomcatServletWebServerFactoryCustomizer'
2025-01-07T20:30:49.733+07:00 TRACE 27900 --- [csrf] [    Test worker] o.s.b.f.s.DefaultListableBeanFactory     : Creating instance of bean 'tomcatServletWebServerFactoryCustomizer'
2025-01-07T20:30:49.733+07:00 TRACE 27900 --- [csrf] [    Test worker] o.s.b.f.s.DefaultListableBeanFactory     : Returning cached instance of singleton bean 'org.springframework.boot.autoconfigure.web.servlet.ServletWebServerFactoryAutoConfiguration'
2025-01-07T20:30:49.733+07:00 TRACE 27900 --- [csrf] [    Test worker] o.s.b.f.s.DefaultListableBeanFactory     : Returning cached instance of singleton bean 'server-org.springframework.boot.autoconfigure.web.ServerProperties'
2025-01-07T20:30:49.733+07:00 DEBUG 27900 --- [csrf] [    Test worker] o.s.b.f.s.DefaultListableBeanFactory     : Autowiring by type from bean name 'tomcatServletWebServerFactoryCustomizer' via factory method to bean named 'server-org.springframework.boot.autoconfigure.web.ServerProperties'
2025-01-07T20:30:49.733+07:00 TRACE 27900 --- [csrf] [    Test worker] o.s.b.f.s.DefaultListableBeanFactory     : Finished creating instance of bean 'tomcatServletWebServerFactoryCustomizer'
2025-01-07T20:30:49.733+07:00 DEBUG 27900 --- [csrf] [    Test worker] o.s.b.f.s.DefaultListableBeanFactory     : Creating shared instance of singleton bean 'tomcatWebServerFactoryCustomizer'
2025-01-07T20:30:49.733+07:00 TRACE 27900 --- [csrf] [    Test worker] o.s.b.f.s.DefaultListableBeanFactory     : Creating instance of bean 'tomcatWebServerFactoryCustomizer'
2025-01-07T20:30:49.733+07:00 DEBUG 27900 --- [csrf] [    Test worker] o.s.b.f.s.DefaultListableBeanFactory     : Creating shared instance of singleton bean 'org.springframework.boot.autoconfigure.web.embedded.EmbeddedWebServerFactoryCustomizerAutoConfiguration$TomcatWebServerFactoryCustomizerConfiguration'
2025-01-07T20:30:49.733+07:00 TRACE 27900 --- [csrf] [    Test worker] o.s.b.f.s.DefaultListableBeanFactory     : Creating instance of bean 'org.springframework.boot.autoconfigure.web.embedded.EmbeddedWebServerFactoryCustomizerAutoConfiguration$TomcatWebServerFactoryCustomizerConfiguration'
2025-01-07T20:30:49.734+07:00 TRACE 27900 --- [csrf] [    Test worker] o.s.b.f.s.DefaultListableBeanFactory     : Finished creating instance of bean 'org.springframework.boot.autoconfigure.web.embedded.EmbeddedWebServerFactoryCustomizerAutoConfiguration$TomcatWebServerFactoryCustomizerConfiguration'
2025-01-07T20:30:49.734+07:00 TRACE 27900 --- [csrf] [    Test worker] o.s.b.f.s.DefaultListableBeanFactory     : Returning cached instance of singleton bean 'environment'
2025-01-07T20:30:49.734+07:00 TRACE 27900 --- [csrf] [    Test worker] o.s.b.f.s.DefaultListableBeanFactory     : Returning cached instance of singleton bean 'server-org.springframework.boot.autoconfigure.web.ServerProperties'
2025-01-07T20:30:49.734+07:00 DEBUG 27900 --- [csrf] [    Test worker] o.s.b.f.s.DefaultListableBeanFactory     : Autowiring by type from bean name 'tomcatWebServerFactoryCustomizer' via factory method to bean named 'environment'
2025-01-07T20:30:49.734+07:00 DEBUG 27900 --- [csrf] [    Test worker] o.s.b.f.s.DefaultListableBeanFactory     : Autowiring by type from bean name 'tomcatWebServerFactoryCustomizer' via factory method to bean named 'server-org.springframework.boot.autoconfigure.web.ServerProperties'
2025-01-07T20:30:49.734+07:00 TRACE 27900 --- [csrf] [    Test worker] o.s.b.f.s.DefaultListableBeanFactory     : Finished creating instance of bean 'tomcatWebServerFactoryCustomizer'
2025-01-07T20:30:49.734+07:00 DEBUG 27900 --- [csrf] [    Test worker] o.s.b.f.s.DefaultListableBeanFactory     : Creating shared instance of singleton bean 'localeCharsetMappingsCustomizer'
2025-01-07T20:30:49.734+07:00 TRACE 27900 --- [csrf] [    Test worker] o.s.b.f.s.DefaultListableBeanFactory     : Creating instance of bean 'localeCharsetMappingsCustomizer'
2025-01-07T20:30:49.734+07:00 DEBUG 27900 --- [csrf] [    Test worker] o.s.b.f.s.DefaultListableBeanFactory     : Creating shared instance of singleton bean 'org.springframework.boot.autoconfigure.web.servlet.HttpEncodingAutoConfiguration'
2025-01-07T20:30:49.734+07:00 TRACE 27900 --- [csrf] [    Test worker] o.s.b.f.s.DefaultListableBeanFactory     : Creating instance of bean 'org.springframework.boot.autoconfigure.web.servlet.HttpEncodingAutoConfiguration'
2025-01-07T20:30:49.735+07:00 TRACE 27900 --- [csrf] [    Test worker] o.s.b.f.s.DefaultListableBeanFactory     : Returning cached instance of singleton bean 'server-org.springframework.boot.autoconfigure.web.ServerProperties'
2025-01-07T20:30:49.735+07:00 DEBUG 27900 --- [csrf] [    Test worker] o.s.b.f.s.DefaultListableBeanFactory     : Autowiring by type from bean name 'org.springframework.boot.autoconfigure.web.servlet.HttpEncodingAutoConfiguration' via constructor to bean named 'server-org.springframework.boot.autoconfigure.web.ServerProperties'
2025-01-07T20:30:49.735+07:00 TRACE 27900 --- [csrf] [    Test worker] o.s.b.f.s.DefaultListableBeanFactory     : Finished creating instance of bean 'org.springframework.boot.autoconfigure.web.servlet.HttpEncodingAutoConfiguration'
2025-01-07T20:30:49.735+07:00 TRACE 27900 --- [csrf] [    Test worker] o.s.b.f.s.DefaultListableBeanFactory     : Finished creating instance of bean 'localeCharsetMappingsCustomizer'
2025-01-07T20:30:49.743+07:00 DEBUG 27900 --- [csrf] [    Test worker] o.s.b.f.s.DefaultListableBeanFactory     : Creating shared instance of singleton bean 'errorPageCustomizer'
2025-01-07T20:30:49.743+07:00 TRACE 27900 --- [csrf] [    Test worker] o.s.b.f.s.DefaultListableBeanFactory     : Creating instance of bean 'errorPageCustomizer'
2025-01-07T20:30:49.743+07:00 DEBUG 27900 --- [csrf] [    Test worker] o.s.b.f.s.DefaultListableBeanFactory     : Creating shared instance of singleton bean 'org.springframework.boot.autoconfigure.web.servlet.error.ErrorMvcAutoConfiguration'
2025-01-07T20:30:49.743+07:00 TRACE 27900 --- [csrf] [    Test worker] o.s.b.f.s.DefaultListableBeanFactory     : Creating instance of bean 'org.springframework.boot.autoconfigure.web.servlet.error.ErrorMvcAutoConfiguration'
2025-01-07T20:30:49.743+07:00 TRACE 27900 --- [csrf] [    Test worker] o.s.b.f.s.DefaultListableBeanFactory     : Returning cached instance of singleton bean 'server-org.springframework.boot.autoconfigure.web.ServerProperties'
2025-01-07T20:30:49.743+07:00 DEBUG 27900 --- [csrf] [    Test worker] o.s.b.f.s.DefaultListableBeanFactory     : Autowiring by type from bean name 'org.springframework.boot.autoconfigure.web.servlet.error.ErrorMvcAutoConfiguration' via constructor to bean named 'server-org.springframework.boot.autoconfigure.web.ServerProperties'
2025-01-07T20:30:49.744+07:00 TRACE 27900 --- [csrf] [    Test worker] o.s.b.f.s.DefaultListableBeanFactory     : Finished creating instance of bean 'org.springframework.boot.autoconfigure.web.servlet.error.ErrorMvcAutoConfiguration'
2025-01-07T20:30:49.744+07:00 DEBUG 27900 --- [csrf] [    Test worker] o.s.b.f.s.DefaultListableBeanFactory     : Creating shared instance of singleton bean 'dispatcherServletRegistration'
2025-01-07T20:30:49.744+07:00 TRACE 27900 --- [csrf] [    Test worker] o.s.b.f.s.DefaultListableBeanFactory     : Creating instance of bean 'dispatcherServletRegistration'
2025-01-07T20:30:49.744+07:00 DEBUG 27900 --- [csrf] [    Test worker] o.s.b.f.s.DefaultListableBeanFactory     : Creating shared instance of singleton bean 'org.springframework.boot.autoconfigure.web.servlet.DispatcherServletAutoConfiguration$DispatcherServletRegistrationConfiguration'
2025-01-07T20:30:49.744+07:00 TRACE 27900 --- [csrf] [    Test worker] o.s.b.f.s.DefaultListableBeanFactory     : Creating instance of bean 'org.springframework.boot.autoconfigure.web.servlet.DispatcherServletAutoConfiguration$DispatcherServletRegistrationConfiguration'
2025-01-07T20:30:49.744+07:00 TRACE 27900 --- [csrf] [    Test worker] o.s.b.f.s.DefaultListableBeanFactory     : Finished creating instance of bean 'org.springframework.boot.autoconfigure.web.servlet.DispatcherServletAutoConfiguration$DispatcherServletRegistrationConfiguration'
2025-01-07T20:30:49.744+07:00 DEBUG 27900 --- [csrf] [    Test worker] o.s.b.f.s.DefaultListableBeanFactory     : Creating shared instance of singleton bean 'dispatcherServlet'
2025-01-07T20:30:49.744+07:00 TRACE 27900 --- [csrf] [    Test worker] o.s.b.f.s.DefaultListableBeanFactory     : Creating instance of bean 'dispatcherServlet'
2025-01-07T20:30:49.744+07:00 DEBUG 27900 --- [csrf] [    Test worker] o.s.b.f.s.DefaultListableBeanFactory     : Creating shared instance of singleton bean 'org.springframework.boot.autoconfigure.web.servlet.DispatcherServletAutoConfiguration$DispatcherServletConfiguration'
2025-01-07T20:30:49.744+07:00 TRACE 27900 --- [csrf] [    Test worker] o.s.b.f.s.DefaultListableBeanFactory     : Creating instance of bean 'org.springframework.boot.autoconfigure.web.servlet.DispatcherServletAutoConfiguration$DispatcherServletConfiguration'
2025-01-07T20:30:49.744+07:00 TRACE 27900 --- [csrf] [    Test worker] o.s.b.f.s.DefaultListableBeanFactory     : Finished creating instance of bean 'org.springframework.boot.autoconfigure.web.servlet.DispatcherServletAutoConfiguration$DispatcherServletConfiguration'
2025-01-07T20:30:49.744+07:00 DEBUG 27900 --- [csrf] [    Test worker] o.s.b.f.s.DefaultListableBeanFactory     : Creating shared instance of singleton bean 'spring.mvc-org.springframework.boot.autoconfigure.web.servlet.WebMvcProperties'
2025-01-07T20:30:49.744+07:00 TRACE 27900 --- [csrf] [    Test worker] o.s.b.f.s.DefaultListableBeanFactory     : Creating instance of bean 'spring.mvc-org.springframework.boot.autoconfigure.web.servlet.WebMvcProperties'
2025-01-07T20:30:49.745+07:00 TRACE 27900 --- [csrf] [    Test worker] o.s.b.f.s.DefaultListableBeanFactory     : Returning cached instance of singleton bean 'org.springframework.boot.context.properties.BoundConfigurationProperties'
2025-01-07T20:30:49.746+07:00 TRACE 27900 --- [csrf] [    Test worker] o.s.b.f.s.DefaultListableBeanFactory     : Finished creating instance of bean 'spring.mvc-org.springframework.boot.autoconfigure.web.servlet.WebMvcProperties'
2025-01-07T20:30:49.746+07:00 DEBUG 27900 --- [csrf] [    Test worker] o.s.b.f.s.DefaultListableBeanFactory     : Autowiring by type from bean name 'dispatcherServlet' via factory method to bean named 'spring.mvc-org.springframework.boot.autoconfigure.web.servlet.WebMvcProperties'
2025-01-07T20:30:49.749+07:00 TRACE 27900 --- [csrf] [    Test worker] o.s.b.f.s.DefaultListableBeanFactory     : Finished creating instance of bean 'dispatcherServlet'
2025-01-07T20:30:49.749+07:00 TRACE 27900 --- [csrf] [    Test worker] o.s.b.f.s.DefaultListableBeanFactory     : Returning cached instance of singleton bean 'spring.mvc-org.springframework.boot.autoconfigure.web.servlet.WebMvcProperties'
2025-01-07T20:30:49.750+07:00 DEBUG 27900 --- [csrf] [    Test worker] o.s.b.f.s.DefaultListableBeanFactory     : Autowiring by type from bean name 'dispatcherServletRegistration' via factory method to bean named 'dispatcherServlet'
2025-01-07T20:30:49.750+07:00 DEBUG 27900 --- [csrf] [    Test worker] o.s.b.f.s.DefaultListableBeanFactory     : Autowiring by type from bean name 'dispatcherServletRegistration' via factory method to bean named 'spring.mvc-org.springframework.boot.autoconfigure.web.servlet.WebMvcProperties'
2025-01-07T20:30:49.751+07:00 DEBUG 27900 --- [csrf] [    Test worker] o.s.b.f.s.DefaultListableBeanFactory     : Creating shared instance of singleton bean 'multipartConfigElement'
2025-01-07T20:30:49.751+07:00 TRACE 27900 --- [csrf] [    Test worker] o.s.b.f.s.DefaultListableBeanFactory     : Creating instance of bean 'multipartConfigElement'
2025-01-07T20:30:49.751+07:00 DEBUG 27900 --- [csrf] [    Test worker] o.s.b.f.s.DefaultListableBeanFactory     : Creating shared instance of singleton bean 'org.springframework.boot.autoconfigure.web.servlet.MultipartAutoConfiguration'
2025-01-07T20:30:49.751+07:00 TRACE 27900 --- [csrf] [    Test worker] o.s.b.f.s.DefaultListableBeanFactory     : Creating instance of bean 'org.springframework.boot.autoconfigure.web.servlet.MultipartAutoConfiguration'
2025-01-07T20:30:49.751+07:00 DEBUG 27900 --- [csrf] [    Test worker] o.s.b.f.s.DefaultListableBeanFactory     : Creating shared instance of singleton bean 'spring.servlet.multipart-org.springframework.boot.autoconfigure.web.servlet.MultipartProperties'
2025-01-07T20:30:49.751+07:00 TRACE 27900 --- [csrf] [    Test worker] o.s.b.f.s.DefaultListableBeanFactory     : Creating instance of bean 'spring.servlet.multipart-org.springframework.boot.autoconfigure.web.servlet.MultipartProperties'
2025-01-07T20:30:49.751+07:00 TRACE 27900 --- [csrf] [    Test worker] o.s.b.f.s.DefaultListableBeanFactory     : Returning cached instance of singleton bean 'org.springframework.boot.context.properties.BoundConfigurationProperties'
2025-01-07T20:30:49.752+07:00 TRACE 27900 --- [csrf] [    Test worker] o.s.b.f.s.DefaultListableBeanFactory     : Finished creating instance of bean 'spring.servlet.multipart-org.springframework.boot.autoconfigure.web.servlet.MultipartProperties'
2025-01-07T20:30:49.752+07:00 DEBUG 27900 --- [csrf] [    Test worker] o.s.b.f.s.DefaultListableBeanFactory     : Autowiring by type from bean name 'org.springframework.boot.autoconfigure.web.servlet.MultipartAutoConfiguration' via constructor to bean named 'spring.servlet.multipart-org.springframework.boot.autoconfigure.web.servlet.MultipartProperties'
2025-01-07T20:30:49.752+07:00 TRACE 27900 --- [csrf] [    Test worker] o.s.b.f.s.DefaultListableBeanFactory     : Finished creating instance of bean 'org.springframework.boot.autoconfigure.web.servlet.MultipartAutoConfiguration'
2025-01-07T20:30:49.753+07:00 TRACE 27900 --- [csrf] [    Test worker] o.s.b.f.s.DefaultListableBeanFactory     : Finished creating instance of bean 'multipartConfigElement'
2025-01-07T20:30:49.755+07:00 TRACE 27900 --- [csrf] [    Test worker] o.s.b.f.s.DefaultListableBeanFactory     : Finished creating instance of bean 'dispatcherServletRegistration'
2025-01-07T20:30:49.755+07:00 DEBUG 27900 --- [csrf] [    Test worker] o.s.b.f.s.DefaultListableBeanFactory     : Autowiring by type from bean name 'errorPageCustomizer' via factory method to bean named 'dispatcherServletRegistration'
2025-01-07T20:30:49.755+07:00 TRACE 27900 --- [csrf] [    Test worker] o.s.b.f.s.DefaultListableBeanFactory     : Finished creating instance of bean 'errorPageCustomizer'
2025-01-07T20:30:49.755+07:00 TRACE 27900 --- [csrf] [    Test worker] o.s.b.f.s.DefaultListableBeanFactory     : Finished creating instance of bean 'tomcatServletWebServerFactory'
2025-01-07T20:30:49.769+07:00 DEBUG 27900 --- [csrf] [    Test worker] o.apache.tomcat.util.IntrospectionUtils  : IntrospectionUtils: setProperty(class org.apache.coyote.http11.Http11NioProtocol port=0)
2025-01-07T20:30:49.777+07:00 DEBUG 27900 --- [csrf] [    Test worker] org.apache.catalina.core.ContainerBase   : Add container child [StandardHost[localhost]] to container [StandardEngine[Tomcat]]
2025-01-07T20:30:49.777+07:00 DEBUG 27900 --- [csrf] [    Test worker] .s.b.w.e.t.TomcatServletWebServerFactory : Code archive: /Users/mario/.gradle/caches/modules-2/files-2.1/org.springframework.boot/spring-boot/3.4.1/5fb9890a5eb7c4e86c8f5c0f6960b79240daf3d5/spring-boot-3.4.1.jar
2025-01-07T20:30:49.777+07:00 DEBUG 27900 --- [csrf] [    Test worker] .s.b.w.e.t.TomcatServletWebServerFactory : Code archive: /Users/mario/.gradle/caches/modules-2/files-2.1/org.springframework.boot/spring-boot/3.4.1/5fb9890a5eb7c4e86c8f5c0f6960b79240daf3d5/spring-boot-3.4.1.jar
2025-01-07T20:30:49.777+07:00 DEBUG 27900 --- [csrf] [    Test worker] .s.b.w.e.t.TomcatServletWebServerFactory : None of the document roots [src/main/webapp, public, static] point to a directory and will be ignored.
2025-01-07T20:30:49.783+07:00 DEBUG 27900 --- [csrf] [    Test worker] org.apache.catalina.core.ContainerBase   : Add container child [TomcatEmbeddedContext[]] to container [StandardEngine[Tomcat].StandardHost[localhost]]
2025-01-07T20:30:49.784+07:00  INFO 27900 --- [csrf] [    Test worker] o.s.b.w.embedded.tomcat.TomcatWebServer  : Tomcat initialized with port 0 (http)
2025-01-07T20:30:49.785+07:00 DEBUG 27900 --- [csrf] [    Test worker] org.apache.tomcat.util.net.NioEndpoint   : [bindOnInit] is [null]
2025-01-07T20:30:49.785+07:00 DEBUG 27900 --- [csrf] [    Test worker] o.apache.tomcat.util.IntrospectionUtils  : IntrospectionUtils: setProperty(class org.apache.coyote.http11.Http11NioProtocol bindOnInit=false)
2025-01-07T20:30:49.785+07:00 DEBUG 27900 --- [csrf] [    Test worker] org.apache.tomcat.util.net.NioEndpoint   : Set [bindOnInit] to [false]
2025-01-07T20:30:49.785+07:00 DEBUG 27900 --- [csrf] [    Test worker] o.apache.tomcat.util.IntrospectionUtils  : IntrospectionUtils: setProperty(class org.apache.tomcat.util.net.NioEndpoint bindOnInit=false)
2025-01-07T20:30:49.790+07:00  INFO 27900 --- [csrf] [    Test worker] o.apache.catalina.core.StandardService   : Starting service [Tomcat]
2025-01-07T20:30:49.790+07:00  INFO 27900 --- [csrf] [    Test worker] o.apache.catalina.core.StandardEngine    : Starting Servlet engine: [Apache Tomcat/10.1.34]
2025-01-07T20:30:49.791+07:00 DEBUG 27900 --- [csrf] [    Test worker] o.apache.catalina.core.StandardContext   : Starting ROOT
2025-01-07T20:30:49.793+07:00 DEBUG 27900 --- [csrf] [    Test worker] o.apache.catalina.core.StandardContext   : Configuring default Resources
2025-01-07T20:30:49.795+07:00 DEBUG 27900 --- [csrf] [    Test worker] o.apache.catalina.core.StandardContext   : Processing standard container startup
2025-01-07T20:30:49.795+07:00 DEBUG 27900 --- [csrf] [    Test worker] o.apache.catalina.loader.WebappLoader    : Starting this Loader
2025-01-07T20:30:49.796+07:00 DEBUG 27900 --- [csrf] [    Test worker] org.apache.catalina.webresources.Cache   : Increased cache size by [532] for item [org.apache.catalina.webresources.CachedResource@298b64f7] at [/WEB-INF/classes] making total cache size [532]
2025-01-07T20:30:49.805+07:00 DEBUG 27900 --- [csrf] [    Test worker] o.a.c.authenticator.AuthenticatorBase    : No SingleSignOn Valve is present
2025-01-07T20:30:49.805+07:00 DEBUG 27900 --- [csrf] [    Test worker] o.apache.catalina.core.StandardContext   : No manager found. Checking if cluster manager should be used. Cluster configured: [false], Application distributable: [false]
2025-01-07T20:30:49.807+07:00 DEBUG 27900 --- [csrf] [    Test worker] o.apache.catalina.core.StandardContext   : Configured a manager of class [org.apache.catalina.session.StandardManager]
2025-01-07T20:30:49.809+07:00  INFO 27900 --- [csrf] [    Test worker] o.a.c.c.C.[Tomcat].[localhost].[/]       : Initializing Spring embedded WebApplicationContext
2025-01-07T20:30:49.809+07:00 DEBUG 27900 --- [csrf] [    Test worker] w.s.c.ServletWebServerApplicationContext : Published root WebApplicationContext as ServletContext attribute with name [org.springframework.web.context.WebApplicationContext.ROOT]
2025-01-07T20:30:49.809+07:00  INFO 27900 --- [csrf] [    Test worker] w.s.c.ServletWebServerApplicationContext : Root WebApplicationContext: initialization completed in 441 ms
2025-01-07T20:30:49.809+07:00 TRACE 27900 --- [csrf] [    Test worker] o.s.b.f.s.DefaultListableBeanFactory     : Registering scope 'application' with implementation [org.springframework.web.context.support.ServletContextScope@1af4955e]
2025-01-07T20:30:49.810+07:00 TRACE 27900 --- [csrf] [    Test worker] o.s.b.f.s.DefaultListableBeanFactory     : Returning cached instance of singleton bean 'dispatcherServletRegistration'
2025-01-07T20:30:49.810+07:00 DEBUG 27900 --- [csrf] [    Test worker] o.s.b.f.s.DefaultListableBeanFactory     : Creating shared instance of singleton bean 'securityFilterChainRegistration'
2025-01-07T20:30:49.810+07:00 TRACE 27900 --- [csrf] [    Test worker] o.s.b.f.s.DefaultListableBeanFactory     : Creating instance of bean 'securityFilterChainRegistration'
2025-01-07T20:30:49.810+07:00 DEBUG 27900 --- [csrf] [    Test worker] o.s.b.f.s.DefaultListableBeanFactory     : Creating shared instance of singleton bean 'org.springframework.boot.autoconfigure.security.servlet.SecurityFilterAutoConfiguration'
2025-01-07T20:30:49.810+07:00 TRACE 27900 --- [csrf] [    Test worker] o.s.b.f.s.DefaultListableBeanFactory     : Creating instance of bean 'org.springframework.boot.autoconfigure.security.servlet.SecurityFilterAutoConfiguration'
2025-01-07T20:30:49.810+07:00 TRACE 27900 --- [csrf] [    Test worker] o.s.b.f.s.DefaultListableBeanFactory     : Finished creating instance of bean 'org.springframework.boot.autoconfigure.security.servlet.SecurityFilterAutoConfiguration'
2025-01-07T20:30:49.810+07:00 DEBUG 27900 --- [csrf] [    Test worker] o.s.b.f.s.DefaultListableBeanFactory     : Creating shared instance of singleton bean 'spring.security-org.springframework.boot.autoconfigure.security.SecurityProperties'
2025-01-07T20:30:49.810+07:00 TRACE 27900 --- [csrf] [    Test worker] o.s.b.f.s.DefaultListableBeanFactory     : Creating instance of bean 'spring.security-org.springframework.boot.autoconfigure.security.SecurityProperties'
2025-01-07T20:30:49.811+07:00 TRACE 27900 --- [csrf] [    Test worker] o.s.b.f.s.DefaultListableBeanFactory     : Returning cached instance of singleton bean 'org.springframework.boot.context.properties.BoundConfigurationProperties'
2025-01-07T20:30:49.811+07:00 TRACE 27900 --- [csrf] [    Test worker] o.s.b.f.s.DefaultListableBeanFactory     : Finished creating instance of bean 'spring.security-org.springframework.boot.autoconfigure.security.SecurityProperties'
2025-01-07T20:30:49.811+07:00 DEBUG 27900 --- [csrf] [    Test worker] o.s.b.f.s.DefaultListableBeanFactory     : Autowiring by type from bean name 'securityFilterChainRegistration' via factory method to bean named 'spring.security-org.springframework.boot.autoconfigure.security.SecurityProperties'
2025-01-07T20:30:49.812+07:00 TRACE 27900 --- [csrf] [    Test worker] o.s.b.f.s.DefaultListableBeanFactory     : Finished creating instance of bean 'securityFilterChainRegistration'
2025-01-07T20:30:49.814+07:00 TRACE 27900 --- [csrf] [    Test worker] o.s.b.w.s.ServletContextInitializerBeans : Added existing Filter initializer bean 'securityFilterChainRegistration'; order=-100, resource=class path resource [org/springframework/boot/autoconfigure/security/servlet/SecurityFilterAutoConfiguration.class]
2025-01-07T20:30:49.814+07:00 TRACE 27900 --- [csrf] [    Test worker] o.s.b.w.s.ServletContextInitializerBeans : Added existing Servlet initializer bean 'dispatcherServletRegistration'; order=2147483647, resource=class path resource [org/springframework/boot/autoconfigure/web/servlet/DispatcherServletAutoConfiguration$DispatcherServletRegistrationConfiguration.class]
2025-01-07T20:30:49.814+07:00 TRACE 27900 --- [csrf] [    Test worker] o.s.b.f.s.DefaultListableBeanFactory     : Returning cached instance of singleton bean 'multipartConfigElement'
2025-01-07T20:30:49.814+07:00 TRACE 27900 --- [csrf] [    Test worker] o.s.b.f.s.DefaultListableBeanFactory     : Returning cached instance of singleton bean 'dispatcherServlet'
2025-01-07T20:30:49.814+07:00 DEBUG 27900 --- [csrf] [    Test worker] o.s.b.f.s.DefaultListableBeanFactory     : Creating shared instance of singleton bean 'requestContextFilter'
2025-01-07T20:30:49.814+07:00 TRACE 27900 --- [csrf] [    Test worker] o.s.b.f.s.DefaultListableBeanFactory     : Creating instance of bean 'requestContextFilter'
2025-01-07T20:30:49.814+07:00 TRACE 27900 --- [csrf] [    Test worker] o.s.b.f.s.DefaultListableBeanFactory     : Invoking afterPropertiesSet() on bean with name 'requestContextFilter'
2025-01-07T20:30:49.815+07:00 TRACE 27900 --- [csrf] [    Test worker] o.s.b.f.s.DefaultListableBeanFactory     : Finished creating instance of bean 'requestContextFilter'
2025-01-07T20:30:49.815+07:00 DEBUG 27900 --- [csrf] [    Test worker] o.s.b.f.s.DefaultListableBeanFactory     : Creating shared instance of singleton bean 'formContentFilter'
2025-01-07T20:30:49.815+07:00 TRACE 27900 --- [csrf] [    Test worker] o.s.b.f.s.DefaultListableBeanFactory     : Creating instance of bean 'formContentFilter'
2025-01-07T20:30:49.815+07:00 DEBUG 27900 --- [csrf] [    Test worker] o.s.b.f.s.DefaultListableBeanFactory     : Creating shared instance of singleton bean 'org.springframework.boot.autoconfigure.web.servlet.WebMvcAutoConfiguration'
2025-01-07T20:30:49.815+07:00 TRACE 27900 --- [csrf] [    Test worker] o.s.b.f.s.DefaultListableBeanFactory     : Creating instance of bean 'org.springframework.boot.autoconfigure.web.servlet.WebMvcAutoConfiguration'
2025-01-07T20:30:49.815+07:00 TRACE 27900 --- [csrf] [    Test worker] o.s.b.f.s.DefaultListableBeanFactory     : Finished creating instance of bean 'org.springframework.boot.autoconfigure.web.servlet.WebMvcAutoConfiguration'
2025-01-07T20:30:49.816+07:00 TRACE 27900 --- [csrf] [    Test worker] o.s.b.f.s.DefaultListableBeanFactory     : Invoking afterPropertiesSet() on bean with name 'formContentFilter'
2025-01-07T20:30:49.816+07:00 TRACE 27900 --- [csrf] [    Test worker] o.s.b.f.s.DefaultListableBeanFactory     : Finished creating instance of bean 'formContentFilter'
2025-01-07T20:30:49.816+07:00 DEBUG 27900 --- [csrf] [    Test worker] o.s.b.f.s.DefaultListableBeanFactory     : Creating shared instance of singleton bean 'characterEncodingFilter'
2025-01-07T20:30:49.816+07:00 TRACE 27900 --- [csrf] [    Test worker] o.s.b.f.s.DefaultListableBeanFactory     : Creating instance of bean 'characterEncodingFilter'
2025-01-07T20:30:49.816+07:00 TRACE 27900 --- [csrf] [    Test worker] o.s.b.f.s.DefaultListableBeanFactory     : Returning cached instance of singleton bean 'org.springframework.boot.autoconfigure.web.servlet.HttpEncodingAutoConfiguration'
2025-01-07T20:30:49.816+07:00 TRACE 27900 --- [csrf] [    Test worker] o.s.b.f.s.DefaultListableBeanFactory     : Invoking afterPropertiesSet() on bean with name 'characterEncodingFilter'
2025-01-07T20:30:49.816+07:00 TRACE 27900 --- [csrf] [    Test worker] o.s.b.f.s.DefaultListableBeanFactory     : Finished creating instance of bean 'characterEncodingFilter'
2025-01-07T20:30:49.816+07:00 TRACE 27900 --- [csrf] [    Test worker] o.s.b.w.s.ServletContextInitializerBeans : Created Filter initializer for bean 'characterEncodingFilter'; order=-2147483648, resource=class path resource [org/springframework/boot/autoconfigure/web/servlet/HttpEncodingAutoConfiguration.class]
2025-01-07T20:30:49.816+07:00 TRACE 27900 --- [csrf] [    Test worker] o.s.b.w.s.ServletContextInitializerBeans : Created Filter initializer for bean 'formContentFilter'; order=-9900, resource=class path resource [org/springframework/boot/autoconfigure/web/servlet/WebMvcAutoConfiguration.class]
2025-01-07T20:30:49.816+07:00 TRACE 27900 --- [csrf] [    Test worker] o.s.b.w.s.ServletContextInitializerBeans : Created Filter initializer for bean 'requestContextFilter'; order=-105, resource=class path resource [org/springframework/boot/autoconfigure/web/servlet/WebMvcAutoConfiguration$WebMvcAutoConfigurationAdapter.class]
2025-01-07T20:30:49.817+07:00 DEBUG 27900 --- [csrf] [    Test worker] o.s.b.w.s.ServletContextInitializerBeans : Mapping filters: springSecurityFilterChain urls=[/*] order=-100, characterEncodingFilter urls=[/*] order=-2147483648, formContentFilter urls=[/*] order=-9900, requestContextFilter urls=[/*] order=-105
2025-01-07T20:30:49.817+07:00 DEBUG 27900 --- [csrf] [    Test worker] o.s.b.w.s.ServletContextInitializerBeans : Mapping servlets: dispatcherServlet urls=[/]
2025-01-07T20:30:49.819+07:00 DEBUG 27900 --- [csrf] [    Test worker] org.apache.catalina.core.ContainerBase   : Add container child [StandardWrapper[dispatcherServlet]] to container [StandardEngine[Tomcat].StandardHost[localhost].TomcatEmbeddedContext[]]
2025-01-07T20:30:49.823+07:00 DEBUG 27900 --- [csrf] [    Test worker] o.apache.catalina.core.StandardContext   : Configuring application event listeners
2025-01-07T20:30:49.824+07:00 DEBUG 27900 --- [csrf] [    Test worker] o.a.c.c.C.[Tomcat].[localhost].[/]       : Sending application start events
2025-01-07T20:30:49.824+07:00 DEBUG 27900 --- [csrf] [    Test worker] o.a.catalina.session.StandardManager     : Start: Loading persisted sessions
2025-01-07T20:30:49.824+07:00 DEBUG 27900 --- [csrf] [    Test worker] o.a.c.c.C.[Tomcat].[localhost].[/]       : Starting filters
2025-01-07T20:30:49.825+07:00 DEBUG 27900 --- [csrf] [    Test worker] o.a.c.c.C.[Tomcat].[localhost].[/]       :  Starting filter 'requestContextFilter'
2025-01-07T20:30:49.826+07:00 DEBUG 27900 --- [csrf] [    Test worker] o.s.b.w.s.f.OrderedRequestContextFilter  : Filter 'requestContextFilter' configured for use
2025-01-07T20:30:49.827+07:00 DEBUG 27900 --- [csrf] [    Test worker] o.a.c.c.C.[Tomcat].[localhost].[/]       :  Starting filter 'Tomcat WebSocket (JSR356) Filter'
2025-01-07T20:30:49.827+07:00 DEBUG 27900 --- [csrf] [    Test worker] o.a.c.c.C.[Tomcat].[localhost].[/]       :  Starting filter 'characterEncodingFilter'
2025-01-07T20:30:49.827+07:00 DEBUG 27900 --- [csrf] [    Test worker] s.b.w.s.f.OrderedCharacterEncodingFilter : Filter 'characterEncodingFilter' configured for use
2025-01-07T20:30:49.827+07:00 DEBUG 27900 --- [csrf] [    Test worker] o.a.c.c.C.[Tomcat].[localhost].[/]       :  Starting filter 'springSecurityFilterChain'
2025-01-07T20:30:49.827+07:00 DEBUG 27900 --- [csrf] [    Test worker] .DelegatingFilterProxyRegistrationBean$1 : Filter 'springSecurityFilterChain' configured for use
2025-01-07T20:30:49.827+07:00 DEBUG 27900 --- [csrf] [    Test worker] o.a.c.c.C.[Tomcat].[localhost].[/]       :  Starting filter 'formContentFilter'
2025-01-07T20:30:49.827+07:00 DEBUG 27900 --- [csrf] [    Test worker] o.s.b.w.s.f.OrderedFormContentFilter     : Filter 'formContentFilter' configured for use
2025-01-07T20:30:49.827+07:00 DEBUG 27900 --- [csrf] [    Test worker] o.apache.catalina.core.StandardContext   : Starting completed
2025-01-07T20:30:49.828+07:00 DEBUG 27900 --- [csrf] [    Test worker] org.apache.catalina.mapper.Mapper        : Registered host [localhost]
2025-01-07T20:30:49.829+07:00 DEBUG 27900 --- [csrf] [    Test worker] o.apache.catalina.mapper.MapperListener  : Register Wrapper [dispatcherServlet] in Context [] for service [StandardService[Tomcat]]
2025-01-07T20:30:49.829+07:00 DEBUG 27900 --- [csrf] [    Test worker] o.apache.catalina.mapper.MapperListener  : Register Context [] for service [StandardService[Tomcat]]
2025-01-07T20:30:49.829+07:00 DEBUG 27900 --- [csrf] [    Test worker] o.apache.catalina.mapper.MapperListener  : Register host [localhost] at domain [null] for service [StandardService[Tomcat]]
2025-01-07T20:30:49.832+07:00 DEBUG 27900 --- [csrf] [    Test worker] o.s.b.f.s.DefaultListableBeanFactory     : Creating shared instance of singleton bean 'org.springframework.test.context.support.internalDynamicPropertyRegistrarBeanInitializer'
2025-01-07T20:30:49.832+07:00 TRACE 27900 --- [csrf] [    Test worker] o.s.b.f.s.DefaultListableBeanFactory     : Creating instance of bean 'org.springframework.test.context.support.internalDynamicPropertyRegistrarBeanInitializer'
2025-01-07T20:30:49.832+07:00 TRACE 27900 --- [csrf] [    Test worker] o.s.b.f.s.DefaultListableBeanFactory     : Finished creating instance of bean 'org.springframework.test.context.support.internalDynamicPropertyRegistrarBeanInitializer'
2025-01-07T20:30:49.833+07:00 TRACE 27900 --- [csrf] [    Test worker] o.s.b.f.s.DefaultListableBeanFactory     : Pre-instantiating singletons in org.springframework.beans.factory.support.DefaultListableBeanFactory@345cf395: defining beans [org.springframework.context.annotation.internalConfigurationAnnotationProcessor,org.springframework.context.annotation.internalAutowiredAnnotationProcessor,org.springframework.context.annotation.internalCommonAnnotationProcessor,org.springframework.context.event.internalEventListenerProcessor,org.springframework.context.event.internalEventListenerFactory,org.springframework.boot.test.mock.mockito.MockitoPostProcessor$SpyPostProcessor,org.springframework.boot.test.mock.mockito.MockitoPostProcessor,org.springframework.boot.test.web.client.TestRestTemplateContextCustomizer$TestRestTemplateRegistrar,org.springframework.test.context.support.internalDynamicPropertyRegistrarBeanInitializer,csrfApplication,org.springframework.boot.autoconfigure.internalCachingMetadataReaderFactory,authorizationServerConfig,endpoint,securityFilterChain,org.springframework.boot.autoconfigure.AutoConfigurationPackages,org.springframework.boot.autoconfigure.context.PropertyPlaceholderAutoConfiguration,propertySourcesPlaceholderConfigurer,org.springframework.boot.autoconfigure.ssl.SslAutoConfiguration,fileWatcher,sslPropertiesSslBundleRegistrar,sslBundleRegistry,org.springframework.boot.context.properties.ConfigurationPropertiesBindingPostProcessor,org.springframework.boot.context.internalConfigurationPropertiesBinder,org.springframework.boot.context.properties.BoundConfigurationProperties,org.springframework.boot.context.properties.EnableConfigurationPropertiesRegistrar.methodValidationExcludeFilter,spring.ssl-org.springframework.boot.autoconfigure.ssl.SslProperties,org.springframework.boot.autoconfigure.websocket.servlet.WebSocketServletAutoConfiguration$TomcatWebSocketConfiguration,websocketServletWebServerCustomizer,org.springframework.boot.autoconfigure.websocket.servlet.WebSocketServletAutoConfiguration,org.springframework.boot.autoconfigure.web.servlet.ServletWebServerFactoryConfiguration$EmbeddedTomcat,tomcatServletWebServerFactory,org.springframework.boot.autoconfigure.web.servlet.ServletWebServerFactoryAutoConfiguration,servletWebServerFactoryCustomizer,tomcatServletWebServerFactoryCustomizer,server-org.springframework.boot.autoconfigure.web.ServerProperties,webServerFactoryCustomizerBeanPostProcessor,errorPageRegistrarBeanPostProcessor,org.springframework.boot.autoconfigure.web.servlet.DispatcherServletAutoConfiguration$DispatcherServletConfiguration,dispatcherServlet,spring.mvc-org.springframework.boot.autoconfigure.web.servlet.WebMvcProperties,org.springframework.boot.autoconfigure.web.servlet.DispatcherServletAutoConfiguration$DispatcherServletRegistrationConfiguration,dispatcherServletRegistration,org.springframework.boot.autoconfigure.web.servlet.DispatcherServletAutoConfiguration,org.springframework.boot.autoconfigure.task.TaskExecutorConfigurations$ThreadPoolTaskExecutorBuilderConfiguration,threadPoolTaskExecutorBuilder,org.springframework.boot.autoconfigure.task.TaskExecutorConfigurations$SimpleAsyncTaskExecutorBuilderConfiguration,simpleAsyncTaskExecutorBuilder,org.springframework.boot.autoconfigure.task.TaskExecutorConfigurations$TaskExecutorConfiguration,applicationTaskExecutor,org.springframework.boot.autoconfigure.task.TaskExecutionAutoConfiguration,spring.task.execution-org.springframework.boot.autoconfigure.task.TaskExecutionProperties,org.springframework.boot.autoconfigure.web.servlet.error.ErrorMvcAutoConfiguration$WhitelabelErrorViewConfiguration,error,beanNameViewResolver,org.springframework.boot.autoconfigure.web.servlet.error.ErrorMvcAutoConfiguration$DefaultErrorViewResolverConfiguration,conventionErrorViewResolver,spring.web-org.springframework.boot.autoconfigure.web.WebProperties,org.springframework.boot.autoconfigure.web.servlet.error.ErrorMvcAutoConfiguration,errorAttributes,basicErrorController,errorPageCustomizer,preserveErrorControllerTargetClassPostProcessor,org.springframework.boot.autoconfigure.web.servlet.WebMvcAutoConfiguration$EnableWebMvcConfiguration,welcomePageHandlerMapping,welcomePageNotAcceptableHandlerMapping,localeResolver,themeResolver,flashMapManager,viewNameTranslator,mvcConversionService,mvcValidator,mvcContentNegotiationManager,requestMappingHandlerMapping,mvcPatternParser,mvcUrlPathHelper,mvcPathMatcher,viewControllerHandlerMapping,beanNameHandlerMapping,routerFunctionMapping,resourceHandlerMapping,mvcResourceUrlProvider,defaultServletHandlerMapping,requestMappingHandlerAdapter,handlerFunctionAdapter,mvcUriComponentsContributor,httpRequestHandlerAdapter,simpleControllerHandlerAdapter,handlerExceptionResolver,mvcViewResolver,mvcHandlerMappingIntrospector,org.springframework.boot.autoconfigure.web.servlet.WebMvcAutoConfiguration$WebMvcAutoConfigurationAdapter,defaultViewResolver,viewResolver,requestContextFilter,org.springframework.boot.autoconfigure.web.servlet.WebMvcAutoConfiguration,formContentFilter,org.springframework.boot.autoconfigure.aop.AopAutoConfiguration$ClassProxyingConfiguration,forceAutoProxyCreatorToUseClassProxying,org.springframework.boot.autoconfigure.aop.AopAutoConfiguration,org.springframework.boot.autoconfigure.availability.ApplicationAvailabilityAutoConfiguration,applicationAvailability,org.springframework.boot.autoconfigure.jackson.JacksonAutoConfiguration$Jackson2ObjectMapperBuilderCustomizerConfiguration,standardJacksonObjectMapperBuilderCustomizer,spring.jackson-org.springframework.boot.autoconfigure.jackson.JacksonProperties,org.springframework.boot.autoconfigure.jackson.JacksonAutoConfiguration$JacksonObjectMapperBuilderConfiguration,jacksonObjectMapperBuilder,org.springframework.boot.autoconfigure.jackson.JacksonAutoConfiguration$ParameterNamesModuleConfiguration,parameterNamesModule,org.springframework.boot.autoconfigure.jackson.JacksonAutoConfiguration$JacksonObjectMapperConfiguration,jacksonObjectMapper,org.springframework.boot.autoconfigure.jackson.JacksonAutoConfiguration$JacksonMixinConfiguration,jsonMixinModuleEntries,jsonMixinModule,org.springframework.boot.autoconfigure.jackson.JacksonAutoConfiguration,jsonComponentModule,org.springframework.boot.autoconfigure.context.ConfigurationPropertiesAutoConfiguration,org.springframework.boot.autoconfigure.context.LifecycleAutoConfiguration,lifecycleProcessor,spring.lifecycle-org.springframework.boot.autoconfigure.context.LifecycleProperties,org.springframework.boot.autoconfigure.http.HttpMessageConvertersAutoConfiguration$StringHttpMessageConverterConfiguration,stringHttpMessageConverter,org.springframework.boot.autoconfigure.http.JacksonHttpMessageConvertersConfiguration$MappingJackson2HttpMessageConverterConfiguration,mappingJackson2HttpMessageConverter,org.springframework.boot.autoconfigure.http.JacksonHttpMessageConvertersConfiguration,org.springframework.boot.autoconfigure.http.HttpMessageConvertersAutoConfiguration,messageConverters,org.springframework.boot.autoconfigure.http.client.HttpClientAutoConfiguration,clientHttpRequestFactoryBuilder,clientHttpRequestFactorySettings,spring.http.client-org.springframework.boot.autoconfigure.http.client.HttpClientProperties,org.springframework.boot.autoconfigure.info.ProjectInfoAutoConfiguration,spring.info-org.springframework.boot.autoconfigure.info.ProjectInfoProperties,org.springframework.boot.autoconfigure.security.oauth2.server.servlet.OAuth2AuthorizationServerConfiguration,authorizationServerSettings,spring.security.oauth2.authorizationserver-org.springframework.boot.autoconfigure.security.oauth2.server.servlet.OAuth2AuthorizationServerProperties,org.springframework.boot.autoconfigure.security.oauth2.server.servlet.OAuth2AuthorizationServerAutoConfiguration,org.springframework.boot.autoconfigure.security.oauth2.resource.servlet.OAuth2ResourceServerJwtConfiguration$JwtDecoderConfiguration,org.springframework.boot.autoconfigure.security.oauth2.resource.servlet.Oauth2ResourceServerConfiguration$JwtConfiguration,org.springframework.boot.autoconfigure.security.oauth2.resource.servlet.OAuth2ResourceServerOpaqueTokenConfiguration$OpaqueTokenIntrospectionClientConfiguration,org.springframework.boot.autoconfigure.security.oauth2.resource.servlet.Oauth2ResourceServerConfiguration$OpaqueTokenConfiguration,org.springframework.boot.autoconfigure.security.oauth2.resource.servlet.OAuth2ResourceServerAutoConfiguration,spring.security.oauth2.resourceserver-org.springframework.boot.autoconfigure.security.oauth2.resource.OAuth2ResourceServerProperties,org.springframework.security.config.annotation.configuration.ObjectPostProcessorConfiguration,objectPostProcessor,org.springframework.security.config.annotation.authentication.configuration.AuthenticationConfiguration,authenticationManagerBuilder,enableGlobalAuthenticationAutowiredConfigurer,initializeUserDetailsBeanManagerConfigurer,initializeAuthenticationProviderBeanManagerConfigurer,org.springframework.security.config.annotation.web.configuration.WebSecurityConfiguration,delegatingApplicationListener,webSecurityExpressionHandler,privilegeEvaluator,conversionServicePostProcessor,org.springframework.security.config.annotation.web.configuration.WebMvcSecurityConfiguration,requestDataValueProcessor,springSecurityHandlerMappingIntrospectorBeanDefinitionRegistryPostProcessor,org.springframework.security.config.annotation.web.configuration.HttpSecurityConfiguration,org.springframework.security.config.annotation.web.configuration.HttpSecurityConfiguration.httpSecurity,org.springframework.security.config.annotation.web.configuration.ObservationConfiguration,webAuthorizationManagerPostProcessor,authenticationManagerPostProcessor,filterChainDecoratorPostProcessor,org.springframework.boot.autoconfigure.security.servlet.SpringBootWebSecurityConfiguration$WebSecurityEnablerConfiguration,org.springframework.boot.autoconfigure.security.servlet.SpringBootWebSecurityConfiguration,org.springframework.boot.autoconfigure.security.servlet.SecurityAutoConfiguration,authenticationEventPublisher,spring.security-org.springframework.boot.autoconfigure.security.SecurityProperties,org.springframework.boot.autoconfigure.security.oauth2.server.servlet.OAuth2AuthorizationServerJwtAutoConfiguration,jwtDecoder,jwkSource,org.springframework.boot.autoconfigure.security.servlet.SecurityFilterAutoConfiguration,securityFilterChainRegistration,org.springframework.boot.autoconfigure.sql.init.SqlInitializationAutoConfiguration,spring.sql.init-org.springframework.boot.autoconfigure.sql.init.SqlInitializationProperties,org.springframework.boot.sql.init.dependency.DatabaseInitializationDependencyConfigurer$DependsOnDatabaseInitializationPostProcessor,org.springframework.boot.autoconfigure.task.TaskSchedulingConfigurations$ThreadPoolTaskSchedulerBuilderConfiguration,threadPoolTaskSchedulerBuilder,org.springframework.boot.autoconfigure.task.TaskSchedulingConfigurations$SimpleAsyncTaskSchedulerBuilderConfiguration,simpleAsyncTaskSchedulerBuilder,org.springframework.boot.autoconfigure.task.TaskSchedulingAutoConfiguration,spring.task.scheduling-org.springframework.boot.autoconfigure.task.TaskSchedulingProperties,org.springframework.boot.autoconfigure.web.client.RestClientAutoConfiguration,httpMessageConvertersRestClientCustomizer,restClientSsl,restClientBuilderConfigurer,restClientBuilder,org.springframework.boot.autoconfigure.web.client.RestTemplateAutoConfiguration,restTemplateBuilderConfigurer,restTemplateBuilder,org.springframework.boot.autoconfigure.web.embedded.EmbeddedWebServerFactoryCustomizerAutoConfiguration$TomcatWebServerFactoryCustomizerConfiguration,tomcatWebServerFactoryCustomizer,org.springframework.boot.autoconfigure.web.embedded.EmbeddedWebServerFactoryCustomizerAutoConfiguration,org.springframework.boot.autoconfigure.web.servlet.HttpEncodingAutoConfiguration,characterEncodingFilter,localeCharsetMappingsCustomizer,org.springframework.boot.autoconfigure.web.servlet.MultipartAutoConfiguration,multipartConfigElement,multipartResolver,spring.servlet.multipart-org.springframework.boot.autoconfigure.web.servlet.MultipartProperties,org.springframework.boot.test.web.client.TestRestTemplate,mvcHandlerMappingIntrospectorRequestTransformer,springSecurityFilterChain,org.springframework.aop.config.internalAutoProxyCreator]; root of factory hierarchy
2025-01-07T20:30:49.833+07:00 TRACE 27900 --- [csrf] [    Test worker] o.s.b.f.s.DefaultListableBeanFactory     : Returning cached instance of singleton bean 'org.springframework.context.annotation.internalConfigurationAnnotationProcessor'
2025-01-07T20:30:49.833+07:00 TRACE 27900 --- [csrf] [    Test worker] o.s.b.f.s.DefaultListableBeanFactory     : Returning cached instance of singleton bean 'org.springframework.context.annotation.internalAutowiredAnnotationProcessor'
2025-01-07T20:30:49.833+07:00 TRACE 27900 --- [csrf] [    Test worker] o.s.b.f.s.DefaultListableBeanFactory     : Returning cached instance of singleton bean 'org.springframework.context.annotation.internalCommonAnnotationProcessor'
2025-01-07T20:30:49.833+07:00 TRACE 27900 --- [csrf] [    Test worker] o.s.b.f.s.DefaultListableBeanFactory     : Returning cached instance of singleton bean 'org.springframework.context.event.internalEventListenerProcessor'
2025-01-07T20:30:49.833+07:00 TRACE 27900 --- [csrf] [    Test worker] o.s.b.f.s.DefaultListableBeanFactory     : Returning cached instance of singleton bean 'org.springframework.context.event.internalEventListenerFactory'
2025-01-07T20:30:49.833+07:00 TRACE 27900 --- [csrf] [    Test worker] o.s.b.f.s.DefaultListableBeanFactory     : Returning cached instance of singleton bean 'org.springframework.boot.test.mock.mockito.MockitoPostProcessor$SpyPostProcessor'
2025-01-07T20:30:49.833+07:00 TRACE 27900 --- [csrf] [    Test worker] o.s.b.f.s.DefaultListableBeanFactory     : Returning cached instance of singleton bean 'org.springframework.boot.test.mock.mockito.MockitoPostProcessor'
2025-01-07T20:30:49.833+07:00 TRACE 27900 --- [csrf] [    Test worker] o.s.b.f.s.DefaultListableBeanFactory     : Returning cached instance of singleton bean 'org.springframework.boot.test.web.client.TestRestTemplateContextCustomizer$TestRestTemplateRegistrar'
2025-01-07T20:30:49.833+07:00 TRACE 27900 --- [csrf] [    Test worker] o.s.b.f.s.DefaultListableBeanFactory     : Returning cached instance of singleton bean 'org.springframework.test.context.support.internalDynamicPropertyRegistrarBeanInitializer'
2025-01-07T20:30:49.833+07:00 DEBUG 27900 --- [csrf] [    Test worker] o.s.b.f.s.DefaultListableBeanFactory     : Creating shared instance of singleton bean 'csrfApplication'
2025-01-07T20:30:49.833+07:00 TRACE 27900 --- [csrf] [    Test worker] o.s.b.f.s.DefaultListableBeanFactory     : Creating instance of bean 'csrfApplication'
2025-01-07T20:30:49.833+07:00 TRACE 27900 --- [csrf] [    Test worker] o.s.b.f.s.DefaultListableBeanFactory     : Finished creating instance of bean 'csrfApplication'
2025-01-07T20:30:49.833+07:00 TRACE 27900 --- [csrf] [    Test worker] o.s.b.f.s.DefaultListableBeanFactory     : Returning cached instance of singleton bean 'org.springframework.boot.autoconfigure.internalCachingMetadataReaderFactory'
2025-01-07T20:30:49.834+07:00 DEBUG 27900 --- [csrf] [    Test worker] o.s.b.f.s.DefaultListableBeanFactory     : Creating shared instance of singleton bean 'authorizationServerConfig'
2025-01-07T20:30:49.834+07:00 TRACE 27900 --- [csrf] [    Test worker] o.s.b.f.s.DefaultListableBeanFactory     : Creating instance of bean 'authorizationServerConfig'
2025-01-07T20:30:49.834+07:00 TRACE 27900 --- [csrf] [    Test worker] o.s.b.f.s.DefaultListableBeanFactory     : Finished creating instance of bean 'authorizationServerConfig'
2025-01-07T20:30:49.834+07:00 DEBUG 27900 --- [csrf] [    Test worker] o.s.b.f.s.DefaultListableBeanFactory     : Creating shared instance of singleton bean 'endpoint'
2025-01-07T20:30:49.834+07:00 TRACE 27900 --- [csrf] [    Test worker] o.s.b.f.s.DefaultListableBeanFactory     : Creating instance of bean 'endpoint'
2025-01-07T20:30:49.834+07:00 TRACE 27900 --- [csrf] [    Test worker] o.s.b.f.s.DefaultListableBeanFactory     : Finished creating instance of bean 'endpoint'
2025-01-07T20:30:49.834+07:00 DEBUG 27900 --- [csrf] [    Test worker] o.s.b.f.s.DefaultListableBeanFactory     : Creating shared instance of singleton bean 'securityFilterChain'
2025-01-07T20:30:49.834+07:00 TRACE 27900 --- [csrf] [    Test worker] o.s.b.f.s.DefaultListableBeanFactory     : Creating instance of bean 'securityFilterChain'
2025-01-07T20:30:49.835+07:00 TRACE 27900 --- [csrf] [    Test worker] o.s.b.f.s.DefaultListableBeanFactory     : Returning cached instance of singleton bean 'authorizationServerConfig'
2025-01-07T20:30:49.835+07:00 TRACE 27900 --- [csrf] [    Test worker] o.s.b.f.s.DefaultListableBeanFactory     : Creating instance of bean 'org.springframework.security.config.annotation.web.configuration.HttpSecurityConfiguration.httpSecurity'
2025-01-07T20:30:49.835+07:00 DEBUG 27900 --- [csrf] [    Test worker] o.s.b.f.s.DefaultListableBeanFactory     : Creating shared instance of singleton bean 'org.springframework.security.config.annotation.web.configuration.HttpSecurityConfiguration'
2025-01-07T20:30:49.835+07:00 TRACE 27900 --- [csrf] [    Test worker] o.s.b.f.s.DefaultListableBeanFactory     : Creating instance of bean 'org.springframework.security.config.annotation.web.configuration.HttpSecurityConfiguration'
2025-01-07T20:30:49.836+07:00 TRACE 27900 --- [csrf] [    Test worker] o.s.beans.CachedIntrospectionResults     : Getting BeanInfo for class [org.springframework.security.config.annotation.web.configuration.HttpSecurityConfiguration]
2025-01-07T20:30:49.836+07:00 TRACE 27900 --- [csrf] [    Test worker] o.s.beans.CachedIntrospectionResults     : Caching PropertyDescriptors for class [org.springframework.security.config.annotation.web.configuration.HttpSecurityConfiguration]
2025-01-07T20:30:49.836+07:00 TRACE 27900 --- [csrf] [    Test worker] o.s.beans.CachedIntrospectionResults     : Found bean property 'class' of type [java.lang.Class]
2025-01-07T20:30:49.837+07:00 DEBUG 27900 --- [csrf] [    Test worker] o.s.b.f.s.DefaultListableBeanFactory     : Creating shared instance of singleton bean 'objectPostProcessor'
2025-01-07T20:30:49.837+07:00 TRACE 27900 --- [csrf] [    Test worker] o.s.b.f.s.DefaultListableBeanFactory     : Creating instance of bean 'objectPostProcessor'
2025-01-07T20:30:49.838+07:00 DEBUG 27900 --- [csrf] [    Test worker] o.s.b.f.s.DefaultListableBeanFactory     : Creating shared instance of singleton bean 'org.springframework.security.config.annotation.configuration.ObjectPostProcessorConfiguration'
2025-01-07T20:30:49.838+07:00 TRACE 27900 --- [csrf] [    Test worker] o.s.b.f.s.DefaultListableBeanFactory     : Creating instance of bean 'org.springframework.security.config.annotation.configuration.ObjectPostProcessorConfiguration'
2025-01-07T20:30:49.838+07:00 TRACE 27900 --- [csrf] [    Test worker] o.s.b.f.s.DefaultListableBeanFactory     : Finished creating instance of bean 'org.springframework.security.config.annotation.configuration.ObjectPostProcessorConfiguration'
2025-01-07T20:30:49.838+07:00 DEBUG 27900 --- [csrf] [    Test worker] o.s.b.f.s.DefaultListableBeanFactory     : Autowiring by type from bean name 'objectPostProcessor' via factory method to bean named 'org.springframework.beans.factory.support.DefaultListableBeanFactory@345cf395'
2025-01-07T20:30:49.839+07:00 TRACE 27900 --- [csrf] [    Test worker] o.s.b.f.s.DefaultListableBeanFactory     : Finished creating instance of bean 'objectPostProcessor'
2025-01-07T20:30:49.839+07:00 TRACE 27900 --- [csrf] [    Test worker] f.a.AutowiredAnnotationBeanPostProcessor : Autowiring by type from bean name 'org.springframework.security.config.annotation.web.configuration.HttpSecurityConfiguration' to bean named 'objectPostProcessor'
2025-01-07T20:30:49.839+07:00 DEBUG 27900 --- [csrf] [    Test worker] o.s.b.f.s.DefaultListableBeanFactory     : Creating shared instance of singleton bean 'org.springframework.security.config.annotation.authentication.configuration.AuthenticationConfiguration'
2025-01-07T20:30:49.839+07:00 TRACE 27900 --- [csrf] [    Test worker] o.s.b.f.s.DefaultListableBeanFactory     : Creating instance of bean 'org.springframework.security.config.annotation.authentication.configuration.AuthenticationConfiguration'
2025-01-07T20:30:49.839+07:00 TRACE 27900 --- [csrf] [    Test worker] o.s.beans.CachedIntrospectionResults     : Getting BeanInfo for class [org.springframework.security.config.annotation.authentication.configuration.AuthenticationConfiguration]
2025-01-07T20:30:49.839+07:00 TRACE 27900 --- [csrf] [    Test worker] o.s.beans.CachedIntrospectionResults     : Caching PropertyDescriptors for class [org.springframework.security.config.annotation.authentication.configuration.AuthenticationConfiguration]
2025-01-07T20:30:49.839+07:00 TRACE 27900 --- [csrf] [    Test worker] o.s.beans.CachedIntrospectionResults     : Found bean property 'applicationContext' of type [org.springframework.context.ApplicationContext]
2025-01-07T20:30:49.839+07:00 TRACE 27900 --- [csrf] [    Test worker] o.s.beans.CachedIntrospectionResults     : Found bean property 'authenticationManager' of type [org.springframework.security.authentication.AuthenticationManager]
2025-01-07T20:30:49.839+07:00 TRACE 27900 --- [csrf] [    Test worker] o.s.beans.CachedIntrospectionResults     : Found bean property 'class' of type [java.lang.Class]
2025-01-07T20:30:49.839+07:00 TRACE 27900 --- [csrf] [    Test worker] o.s.beans.CachedIntrospectionResults     : Found bean property 'globalAuthenticationConfigurers' of type [java.util.List]
2025-01-07T20:30:49.839+07:00 TRACE 27900 --- [csrf] [    Test worker] o.s.beans.CachedIntrospectionResults     : Found bean property 'objectPostProcessor' of type [org.springframework.security.config.ObjectPostProcessor]
2025-01-07T20:30:49.840+07:00 DEBUG 27900 --- [csrf] [    Test worker] o.s.b.f.s.DefaultListableBeanFactory     : Creating shared instance of singleton bean 'enableGlobalAuthenticationAutowiredConfigurer'
2025-01-07T20:30:49.840+07:00 TRACE 27900 --- [csrf] [    Test worker] o.s.b.f.s.DefaultListableBeanFactory     : Creating instance of bean 'enableGlobalAuthenticationAutowiredConfigurer'
2025-01-07T20:30:49.840+07:00 DEBUG 27900 --- [csrf] [    Test worker] o.s.b.f.s.DefaultListableBeanFactory     : Autowiring by type from bean name 'enableGlobalAuthenticationAutowiredConfigurer' via factory method to bean named 'org.springframework.boot.web.servlet.context.AnnotationConfigServletWebServerApplicationContext@426e505c'
2025-01-07T20:30:49.841+07:00 TRACE 27900 --- [csrf] [    Test worker] o.s.b.f.s.DefaultListableBeanFactory     : Finished creating instance of bean 'enableGlobalAuthenticationAutowiredConfigurer'
2025-01-07T20:30:49.841+07:00 DEBUG 27900 --- [csrf] [    Test worker] o.s.b.f.s.DefaultListableBeanFactory     : Creating shared instance of singleton bean 'initializeUserDetailsBeanManagerConfigurer'
2025-01-07T20:30:49.841+07:00 TRACE 27900 --- [csrf] [    Test worker] o.s.b.f.s.DefaultListableBeanFactory     : Creating instance of bean 'initializeUserDetailsBeanManagerConfigurer'
2025-01-07T20:30:49.841+07:00 DEBUG 27900 --- [csrf] [    Test worker] o.s.b.f.s.DefaultListableBeanFactory     : Autowiring by type from bean name 'initializeUserDetailsBeanManagerConfigurer' via factory method to bean named 'org.springframework.boot.web.servlet.context.AnnotationConfigServletWebServerApplicationContext@426e505c'
2025-01-07T20:30:49.841+07:00 TRACE 27900 --- [csrf] [    Test worker] o.s.b.f.s.DefaultListableBeanFactory     : Finished creating instance of bean 'initializeUserDetailsBeanManagerConfigurer'
2025-01-07T20:30:49.841+07:00 DEBUG 27900 --- [csrf] [    Test worker] o.s.b.f.s.DefaultListableBeanFactory     : Creating shared instance of singleton bean 'initializeAuthenticationProviderBeanManagerConfigurer'
2025-01-07T20:30:49.841+07:00 TRACE 27900 --- [csrf] [    Test worker] o.s.b.f.s.DefaultListableBeanFactory     : Creating instance of bean 'initializeAuthenticationProviderBeanManagerConfigurer'
2025-01-07T20:30:49.841+07:00 DEBUG 27900 --- [csrf] [    Test worker] o.s.b.f.s.DefaultListableBeanFactory     : Autowiring by type from bean name 'initializeAuthenticationProviderBeanManagerConfigurer' via factory method to bean named 'org.springframework.boot.web.servlet.context.AnnotationConfigServletWebServerApplicationContext@426e505c'
2025-01-07T20:30:49.841+07:00 TRACE 27900 --- [csrf] [    Test worker] o.s.b.f.s.DefaultListableBeanFactory     : Finished creating instance of bean 'initializeAuthenticationProviderBeanManagerConfigurer'
2025-01-07T20:30:49.842+07:00 TRACE 27900 --- [csrf] [    Test worker] f.a.AutowiredAnnotationBeanPostProcessor : Autowiring by type from bean name 'org.springframework.security.config.annotation.authentication.configuration.AuthenticationConfiguration' to bean named 'enableGlobalAuthenticationAutowiredConfigurer'
2025-01-07T20:30:49.842+07:00 TRACE 27900 --- [csrf] [    Test worker] f.a.AutowiredAnnotationBeanPostProcessor : Autowiring by type from bean name 'org.springframework.security.config.annotation.authentication.configuration.AuthenticationConfiguration' to bean named 'initializeUserDetailsBeanManagerConfigurer'
2025-01-07T20:30:49.842+07:00 TRACE 27900 --- [csrf] [    Test worker] f.a.AutowiredAnnotationBeanPostProcessor : Autowiring by type from bean name 'org.springframework.security.config.annotation.authentication.configuration.AuthenticationConfiguration' to bean named 'initializeAuthenticationProviderBeanManagerConfigurer'
2025-01-07T20:30:49.842+07:00 TRACE 27900 --- [csrf] [    Test worker] f.a.AutowiredAnnotationBeanPostProcessor : Autowiring by type from bean name 'org.springframework.security.config.annotation.authentication.configuration.AuthenticationConfiguration' to bean named 'org.springframework.boot.web.servlet.context.AnnotationConfigServletWebServerApplicationContext@426e505c'
2025-01-07T20:30:49.842+07:00 TRACE 27900 --- [csrf] [    Test worker] o.s.b.f.s.DefaultListableBeanFactory     : Returning cached instance of singleton bean 'objectPostProcessor'
2025-01-07T20:30:49.842+07:00 TRACE 27900 --- [csrf] [    Test worker] f.a.AutowiredAnnotationBeanPostProcessor : Autowiring by type from bean name 'org.springframework.security.config.annotation.authentication.configuration.AuthenticationConfiguration' to bean named 'objectPostProcessor'
2025-01-07T20:30:49.842+07:00 TRACE 27900 --- [csrf] [    Test worker] o.s.b.f.s.DefaultListableBeanFactory     : Finished creating instance of bean 'org.springframework.security.config.annotation.authentication.configuration.AuthenticationConfiguration'
2025-01-07T20:30:49.842+07:00 TRACE 27900 --- [csrf] [    Test worker] f.a.AutowiredAnnotationBeanPostProcessor : Autowiring by type from bean name 'org.springframework.security.config.annotation.web.configuration.HttpSecurityConfiguration' to bean named 'org.springframework.security.config.annotation.authentication.configuration.AuthenticationConfiguration'
2025-01-07T20:30:49.842+07:00 TRACE 27900 --- [csrf] [    Test worker] f.a.AutowiredAnnotationBeanPostProcessor : Autowiring by type from bean name 'org.springframework.security.config.annotation.web.configuration.HttpSecurityConfiguration' to bean named 'org.springframework.boot.web.servlet.context.AnnotationConfigServletWebServerApplicationContext@426e505c'
2025-01-07T20:30:49.842+07:00 DEBUG 27900 --- [csrf] [    Test worker] o.s.b.f.s.DefaultListableBeanFactory     : Creating shared instance of singleton bean 'mvcContentNegotiationManager'
2025-01-07T20:30:49.842+07:00 TRACE 27900 --- [csrf] [    Test worker] o.s.b.f.s.DefaultListableBeanFactory     : Creating instance of bean 'mvcContentNegotiationManager'
2025-01-07T20:30:49.842+07:00 DEBUG 27900 --- [csrf] [    Test worker] o.s.b.f.s.DefaultListableBeanFactory     : Creating shared instance of singleton bean 'org.springframework.boot.autoconfigure.web.servlet.WebMvcAutoConfiguration$EnableWebMvcConfiguration'
2025-01-07T20:30:49.842+07:00 TRACE 27900 --- [csrf] [    Test worker] o.s.b.f.s.DefaultListableBeanFactory     : Creating instance of bean 'org.springframework.boot.autoconfigure.web.servlet.WebMvcAutoConfiguration$EnableWebMvcConfiguration'
2025-01-07T20:30:49.843+07:00 TRACE 27900 --- [csrf] [    Test worker] o.s.b.f.s.DefaultListableBeanFactory     : Returning cached instance of singleton bean 'spring.mvc-org.springframework.boot.autoconfigure.web.servlet.WebMvcProperties'
2025-01-07T20:30:49.843+07:00 DEBUG 27900 --- [csrf] [    Test worker] o.s.b.f.s.DefaultListableBeanFactory     : Creating shared instance of singleton bean 'spring.web-org.springframework.boot.autoconfigure.web.WebProperties'
2025-01-07T20:30:49.843+07:00 TRACE 27900 --- [csrf] [    Test worker] o.s.b.f.s.DefaultListableBeanFactory     : Creating instance of bean 'spring.web-org.springframework.boot.autoconfigure.web.WebProperties'
2025-01-07T20:30:49.843+07:00 TRACE 27900 --- [csrf] [    Test worker] o.s.b.f.s.DefaultListableBeanFactory     : Returning cached instance of singleton bean 'org.springframework.boot.context.properties.BoundConfigurationProperties'
2025-01-07T20:30:49.844+07:00 TRACE 27900 --- [csrf] [    Test worker] o.s.b.f.s.DefaultListableBeanFactory     : Finished creating instance of bean 'spring.web-org.springframework.boot.autoconfigure.web.WebProperties'
2025-01-07T20:30:49.844+07:00 DEBUG 27900 --- [csrf] [    Test worker] o.s.b.f.s.DefaultListableBeanFactory     : Autowiring by type from bean name 'org.springframework.boot.autoconfigure.web.servlet.WebMvcAutoConfiguration$EnableWebMvcConfiguration' via constructor to bean named 'spring.mvc-org.springframework.boot.autoconfigure.web.servlet.WebMvcProperties'
2025-01-07T20:30:49.844+07:00 DEBUG 27900 --- [csrf] [    Test worker] o.s.b.f.s.DefaultListableBeanFactory     : Autowiring by type from bean name 'org.springframework.boot.autoconfigure.web.servlet.WebMvcAutoConfiguration$EnableWebMvcConfiguration' via constructor to bean named 'spring.web-org.springframework.boot.autoconfigure.web.WebProperties'
2025-01-07T20:30:49.844+07:00 DEBUG 27900 --- [csrf] [    Test worker] o.s.b.f.s.DefaultListableBeanFactory     : Autowiring by type from bean name 'org.springframework.boot.autoconfigure.web.servlet.WebMvcAutoConfiguration$EnableWebMvcConfiguration' via constructor to bean named 'org.springframework.beans.factory.support.DefaultListableBeanFactory@345cf395'
2025-01-07T20:30:49.845+07:00 TRACE 27900 --- [csrf] [    Test worker] o.s.beans.CachedIntrospectionResults     : Getting BeanInfo for class [org.springframework.boot.autoconfigure.web.servlet.WebMvcAutoConfiguration$EnableWebMvcConfiguration]
2025-01-07T20:30:49.845+07:00 TRACE 27900 --- [csrf] [    Test worker] o.s.beans.CachedIntrospectionResults     : Caching PropertyDescriptors for class [org.springframework.boot.autoconfigure.web.servlet.WebMvcAutoConfiguration$EnableWebMvcConfiguration]
2025-01-07T20:30:49.845+07:00 TRACE 27900 --- [csrf] [    Test worker] o.s.beans.CachedIntrospectionResults     : Found bean property 'applicationContext' of type [org.springframework.context.ApplicationContext]
2025-01-07T20:30:49.845+07:00 TRACE 27900 --- [csrf] [    Test worker] o.s.beans.CachedIntrospectionResults     : Found bean property 'class' of type [java.lang.Class]
2025-01-07T20:30:49.845+07:00 TRACE 27900 --- [csrf] [    Test worker] o.s.beans.CachedIntrospectionResults     : Found bean property 'configurers' of type [java.util.List]
2025-01-07T20:30:49.845+07:00 TRACE 27900 --- [csrf] [    Test worker] o.s.beans.CachedIntrospectionResults     : Found bean property 'resourceLoader' of type [org.springframework.core.io.ResourceLoader]
2025-01-07T20:30:49.845+07:00 TRACE 27900 --- [csrf] [    Test worker] o.s.beans.CachedIntrospectionResults     : Found bean property 'servletContext' of type [jakarta.servlet.ServletContext]
2025-01-07T20:30:49.846+07:00 DEBUG 27900 --- [csrf] [    Test worker] o.s.b.f.s.DefaultListableBeanFactory     : Creating shared instance of singleton bean 'org.springframework.boot.autoconfigure.web.servlet.WebMvcAutoConfiguration$WebMvcAutoConfigurationAdapter'
2025-01-07T20:30:49.846+07:00 TRACE 27900 --- [csrf] [    Test worker] o.s.b.f.s.DefaultListableBeanFactory     : Creating instance of bean 'org.springframework.boot.autoconfigure.web.servlet.WebMvcAutoConfiguration$WebMvcAutoConfigurationAdapter'
2025-01-07T20:30:49.846+07:00 TRACE 27900 --- [csrf] [    Test worker] o.s.b.f.s.DefaultListableBeanFactory     : Returning cached instance of singleton bean 'spring.web-org.springframework.boot.autoconfigure.web.WebProperties'
2025-01-07T20:30:49.846+07:00 TRACE 27900 --- [csrf] [    Test worker] o.s.b.f.s.DefaultListableBeanFactory     : Returning cached instance of singleton bean 'spring.mvc-org.springframework.boot.autoconfigure.web.servlet.WebMvcProperties'
2025-01-07T20:30:49.846+07:00 DEBUG 27900 --- [csrf] [    Test worker] o.s.b.f.s.DefaultListableBeanFactory     : Autowiring by type from bean name 'org.springframework.boot.autoconfigure.web.servlet.WebMvcAutoConfiguration$WebMvcAutoConfigurationAdapter' via constructor to bean named 'spring.web-org.springframework.boot.autoconfigure.web.WebProperties'
2025-01-07T20:30:49.846+07:00 DEBUG 27900 --- [csrf] [    Test worker] o.s.b.f.s.DefaultListableBeanFactory     : Autowiring by type from bean name 'org.springframework.boot.autoconfigure.web.servlet.WebMvcAutoConfiguration$WebMvcAutoConfigurationAdapter' via constructor to bean named 'spring.mvc-org.springframework.boot.autoconfigure.web.servlet.WebMvcProperties'
2025-01-07T20:30:49.846+07:00 DEBUG 27900 --- [csrf] [    Test worker] o.s.b.f.s.DefaultListableBeanFactory     : Autowiring by type from bean name 'org.springframework.boot.autoconfigure.web.servlet.WebMvcAutoConfiguration$WebMvcAutoConfigurationAdapter' via constructor to bean named 'org.springframework.beans.factory.support.DefaultListableBeanFactory@345cf395'
2025-01-07T20:30:49.847+07:00 TRACE 27900 --- [csrf] [    Test worker] o.s.b.f.s.DefaultListableBeanFactory     : Finished creating instance of bean 'org.springframework.boot.autoconfigure.web.servlet.WebMvcAutoConfiguration$WebMvcAutoConfigurationAdapter'
2025-01-07T20:30:49.847+07:00 DEBUG 27900 --- [csrf] [    Test worker] o.s.b.f.s.DefaultListableBeanFactory     : Creating shared instance of singleton bean 'org.springframework.security.config.annotation.web.configuration.WebMvcSecurityConfiguration'
2025-01-07T20:30:49.847+07:00 TRACE 27900 --- [csrf] [    Test worker] o.s.b.f.s.DefaultListableBeanFactory     : Creating instance of bean 'org.springframework.security.config.annotation.web.configuration.WebMvcSecurityConfiguration'
2025-01-07T20:30:49.847+07:00 TRACE 27900 --- [csrf] [    Test worker] o.s.b.f.s.DefaultListableBeanFactory     : Finished creating instance of bean 'org.springframework.security.config.annotation.web.configuration.WebMvcSecurityConfiguration'
2025-01-07T20:30:49.847+07:00 TRACE 27900 --- [csrf] [    Test worker] f.a.AutowiredAnnotationBeanPostProcessor : Autowiring by type from bean name 'org.springframework.boot.autoconfigure.web.servlet.WebMvcAutoConfiguration$EnableWebMvcConfiguration' to bean named 'org.springframework.boot.autoconfigure.web.servlet.WebMvcAutoConfiguration$WebMvcAutoConfigurationAdapter'
2025-01-07T20:30:49.847+07:00 TRACE 27900 --- [csrf] [    Test worker] f.a.AutowiredAnnotationBeanPostProcessor : Autowiring by type from bean name 'org.springframework.boot.autoconfigure.web.servlet.WebMvcAutoConfiguration$EnableWebMvcConfiguration' to bean named 'org.springframework.security.config.annotation.web.configuration.WebMvcSecurityConfiguration'
2025-01-07T20:30:49.847+07:00 TRACE 27900 --- [csrf] [    Test worker] o.s.b.f.s.DefaultListableBeanFactory     : Finished creating instance of bean 'org.springframework.boot.autoconfigure.web.servlet.WebMvcAutoConfiguration$EnableWebMvcConfiguration'
2025-01-07T20:30:49.848+07:00 TRACE 27900 --- [csrf] [    Test worker] o.s.b.f.s.DefaultListableBeanFactory     : Finished creating instance of bean 'mvcContentNegotiationManager'
2025-01-07T20:30:49.848+07:00 TRACE 27900 --- [csrf] [    Test worker] f.a.AutowiredAnnotationBeanPostProcessor : Autowiring by type from bean name 'org.springframework.security.config.annotation.web.configuration.HttpSecurityConfiguration' to bean named 'mvcContentNegotiationManager'
2025-01-07T20:30:49.848+07:00 TRACE 27900 --- [csrf] [    Test worker] o.s.b.f.s.DefaultListableBeanFactory     : Finished creating instance of bean 'org.springframework.security.config.annotation.web.configuration.HttpSecurityConfiguration'
2025-01-07T20:30:49.849+07:00 DEBUG 27900 --- [csrf] [    Test worker] o.s.b.f.s.DefaultListableBeanFactory     : Creating shared instance of singleton bean 'authenticationManagerBuilder'
2025-01-07T20:30:49.849+07:00 TRACE 27900 --- [csrf] [    Test worker] o.s.b.f.s.DefaultListableBeanFactory     : Creating instance of bean 'authenticationManagerBuilder'
2025-01-07T20:30:49.849+07:00 TRACE 27900 --- [csrf] [    Test worker] o.s.b.f.s.DefaultListableBeanFactory     : Returning cached instance of singleton bean 'org.springframework.security.config.annotation.authentication.configuration.AuthenticationConfiguration'
2025-01-07T20:30:49.850+07:00 TRACE 27900 --- [csrf] [    Test worker] o.s.b.f.s.DefaultListableBeanFactory     : Returning cached instance of singleton bean 'objectPostProcessor'
2025-01-07T20:30:49.850+07:00 DEBUG 27900 --- [csrf] [    Test worker] o.s.b.f.s.DefaultListableBeanFactory     : Autowiring by type from bean name 'authenticationManagerBuilder' via factory method to bean named 'objectPostProcessor'
2025-01-07T20:30:49.850+07:00 DEBUG 27900 --- [csrf] [    Test worker] o.s.b.f.s.DefaultListableBeanFactory     : Autowiring by type from bean name 'authenticationManagerBuilder' via factory method to bean named 'org.springframework.boot.web.servlet.context.AnnotationConfigServletWebServerApplicationContext@426e505c'
2025-01-07T20:30:49.850+07:00 DEBUG 27900 --- [csrf] [    Test worker] o.s.b.f.s.DefaultListableBeanFactory     : Creating shared instance of singleton bean 'authenticationEventPublisher'
2025-01-07T20:30:49.850+07:00 TRACE 27900 --- [csrf] [    Test worker] o.s.b.f.s.DefaultListableBeanFactory     : Creating instance of bean 'authenticationEventPublisher'
2025-01-07T20:30:49.850+07:00 DEBUG 27900 --- [csrf] [    Test worker] o.s.b.f.s.DefaultListableBeanFactory     : Creating shared instance of singleton bean 'org.springframework.boot.autoconfigure.security.servlet.SecurityAutoConfiguration'
2025-01-07T20:30:49.850+07:00 TRACE 27900 --- [csrf] [    Test worker] o.s.b.f.s.DefaultListableBeanFactory     : Creating instance of bean 'org.springframework.boot.autoconfigure.security.servlet.SecurityAutoConfiguration'
2025-01-07T20:30:49.850+07:00 TRACE 27900 --- [csrf] [    Test worker] o.s.b.f.s.DefaultListableBeanFactory     : Finished creating instance of bean 'org.springframework.boot.autoconfigure.security.servlet.SecurityAutoConfiguration'
2025-01-07T20:30:49.850+07:00 DEBUG 27900 --- [csrf] [    Test worker] o.s.b.f.s.DefaultListableBeanFactory     : Autowiring by type from bean name 'authenticationEventPublisher' via factory method to bean named 'org.springframework.boot.web.servlet.context.AnnotationConfigServletWebServerApplicationContext@426e505c'
2025-01-07T20:30:49.851+07:00 TRACE 27900 --- [csrf] [    Test worker] o.s.b.f.s.DefaultListableBeanFactory     : Finished creating instance of bean 'authenticationEventPublisher'
2025-01-07T20:30:49.852+07:00 TRACE 27900 --- [csrf] [    Test worker] o.s.b.f.s.DefaultListableBeanFactory     : Finished creating instance of bean 'authenticationManagerBuilder'
2025-01-07T20:30:49.853+07:00 DEBUG 27900 --- [csrf] [    Test worker] o.s.b.f.s.DefaultListableBeanFactory     : Creating shared instance of singleton bean 'org.springframework.boot.autoconfigure.security.servlet.SpringBootWebSecurityConfiguration$WebSecurityEnablerConfiguration'
2025-01-07T20:30:49.853+07:00 TRACE 27900 --- [csrf] [    Test worker] o.s.b.f.s.DefaultListableBeanFactory     : Creating instance of bean 'org.springframework.boot.autoconfigure.security.servlet.SpringBootWebSecurityConfiguration$WebSecurityEnablerConfiguration'
2025-01-07T20:30:49.853+07:00 TRACE 27900 --- [csrf] [    Test worker] o.s.b.f.s.DefaultListableBeanFactory     : Finished creating instance of bean 'org.springframework.boot.autoconfigure.security.servlet.SpringBootWebSecurityConfiguration$WebSecurityEnablerConfiguration'
2025-01-07T20:30:49.853+07:00 TRACE 27900 --- [csrf] [    Test worker] eGlobalAuthenticationAutowiredConfigurer : Eagerly initializing {org.springframework.boot.autoconfigure.security.servlet.SpringBootWebSecurityConfiguration$WebSecurityEnablerConfiguration=org.springframework.boot.autoconfigure.security.servlet.SpringBootWebSecurityConfiguration$WebSecurityEnablerConfiguration@27960b1e}
2025-01-07T20:30:49.854+07:00 DEBUG 27900 --- [csrf] [    Test worker] swordEncoderAuthenticationManagerBuilder : No authenticationProviders and no parentAuthenticationManager defined. Returning null.
2025-01-07T20:30:49.854+07:00 TRACE 27900 --- [csrf] [    Test worker] o.s.b.f.s.DefaultListableBeanFactory     : Returning cached instance of singleton bean 'authenticationEventPublisher'
2025-01-07T20:30:49.866+07:00 TRACE 27900 --- [csrf] [    Test worker] o.s.c.io.support.SpringFactoriesLoader   : Loaded [org.springframework.security.config.annotation.web.configurers.AbstractHttpConfigurer] names: []
2025-01-07T20:30:49.867+07:00 TRACE 27900 --- [csrf] [    Test worker] o.s.b.f.s.DefaultListableBeanFactory     : Finished creating instance of bean 'org.springframework.security.config.annotation.web.configuration.HttpSecurityConfiguration.httpSecurity'
2025-01-07T20:30:49.867+07:00 DEBUG 27900 --- [csrf] [    Test worker] o.s.b.f.s.DefaultListableBeanFactory     : Autowiring by type from bean name 'securityFilterChain' via factory method to bean named 'org.springframework.security.config.annotation.web.configuration.HttpSecurityConfiguration.httpSecurity'
2025-01-07T20:30:49.870+07:00 TRACE 27900 --- [csrf] [    Test worker] o.s.b.f.s.DefaultListableBeanFactory     : Returning cached instance of singleton bean 'objectPostProcessor'
2025-01-07T20:30:49.870+07:00 DEBUG 27900 --- [csrf] [    Test worker] o.s.b.f.s.DefaultListableBeanFactory     : Creating shared instance of singleton bean 'mvcHandlerMappingIntrospector'
2025-01-07T20:30:49.870+07:00 TRACE 27900 --- [csrf] [    Test worker] o.s.b.f.s.DefaultListableBeanFactory     : Creating instance of bean 'mvcHandlerMappingIntrospector'
2025-01-07T20:30:49.870+07:00 TRACE 27900 --- [csrf] [    Test worker] o.s.b.f.s.DefaultListableBeanFactory     : Returning cached instance of singleton bean 'org.springframework.boot.autoconfigure.web.servlet.WebMvcAutoConfiguration$EnableWebMvcConfiguration'
2025-01-07T20:30:49.871+07:00 TRACE 27900 --- [csrf] [    Test worker] o.s.b.f.s.DefaultListableBeanFactory     : Invoking afterPropertiesSet() on bean with name 'mvcHandlerMappingIntrospector'
2025-01-07T20:30:49.872+07:00 DEBUG 27900 --- [csrf] [    Test worker] o.s.b.f.s.DefaultListableBeanFactory     : Creating shared instance of singleton bean 'welcomePageHandlerMapping'
2025-01-07T20:30:49.872+07:00 TRACE 27900 --- [csrf] [    Test worker] o.s.b.f.s.DefaultListableBeanFactory     : Creating instance of bean 'welcomePageHandlerMapping'
2025-01-07T20:30:49.872+07:00 TRACE 27900 --- [csrf] [    Test worker] o.s.b.f.s.DefaultListableBeanFactory     : Returning cached instance of singleton bean 'org.springframework.boot.autoconfigure.web.servlet.WebMvcAutoConfiguration$EnableWebMvcConfiguration'
2025-01-07T20:30:49.872+07:00 DEBUG 27900 --- [csrf] [    Test worker] o.s.b.f.s.DefaultListableBeanFactory     : Creating shared instance of singleton bean 'mvcConversionService'
2025-01-07T20:30:49.872+07:00 TRACE 27900 --- [csrf] [    Test worker] o.s.b.f.s.DefaultListableBeanFactory     : Creating instance of bean 'mvcConversionService'
2025-01-07T20:30:49.872+07:00 TRACE 27900 --- [csrf] [    Test worker] o.s.b.f.s.DefaultListableBeanFactory     : Returning cached instance of singleton bean 'org.springframework.boot.autoconfigure.web.servlet.WebMvcAutoConfiguration$EnableWebMvcConfiguration'
2025-01-07T20:30:49.873+07:00 TRACE 27900 --- [csrf] [    Test worker] o.s.b.f.s.DefaultListableBeanFactory     : Finished creating instance of bean 'mvcConversionService'
2025-01-07T20:30:49.873+07:00 DEBUG 27900 --- [csrf] [    Test worker] o.s.b.f.s.DefaultListableBeanFactory     : Creating shared instance of singleton bean 'mvcResourceUrlProvider'
2025-01-07T20:30:49.873+07:00 TRACE 27900 --- [csrf] [    Test worker] o.s.b.f.s.DefaultListableBeanFactory     : Creating instance of bean 'mvcResourceUrlProvider'
2025-01-07T20:30:49.873+07:00 TRACE 27900 --- [csrf] [    Test worker] o.s.b.f.s.DefaultListableBeanFactory     : Returning cached instance of singleton bean 'org.springframework.boot.autoconfigure.web.servlet.WebMvcAutoConfiguration$EnableWebMvcConfiguration'
2025-01-07T20:30:49.874+07:00 TRACE 27900 --- [csrf] [    Test worker] o.s.b.f.s.DefaultListableBeanFactory     : Finished creating instance of bean 'mvcResourceUrlProvider'
2025-01-07T20:30:49.874+07:00 DEBUG 27900 --- [csrf] [    Test worker] o.s.b.f.s.DefaultListableBeanFactory     : Autowiring by type from bean name 'welcomePageHandlerMapping' via factory method to bean named 'org.springframework.boot.web.servlet.context.AnnotationConfigServletWebServerApplicationContext@426e505c'
2025-01-07T20:30:49.874+07:00 DEBUG 27900 --- [csrf] [    Test worker] o.s.b.f.s.DefaultListableBeanFactory     : Autowiring by type from bean name 'welcomePageHandlerMapping' via factory method to bean named 'mvcConversionService'
2025-01-07T20:30:49.874+07:00 DEBUG 27900 --- [csrf] [    Test worker] o.s.b.f.s.DefaultListableBeanFactory     : Autowiring by type from bean name 'welcomePageHandlerMapping' via factory method to bean named 'mvcResourceUrlProvider'
2025-01-07T20:30:49.874+07:00 TRACE 27900 --- [csrf] [    Test worker] o.s.c.io.support.SpringFactoriesLoader   : Loaded [org.springframework.boot.autoconfigure.template.TemplateAvailabilityProvider] names: [org.springframework.boot.autoconfigure.freemarker.FreeMarkerTemplateAvailabilityProvider, org.springframework.boot.autoconfigure.mustache.MustacheTemplateAvailabilityProvider, org.springframework.boot.autoconfigure.groovy.template.GroovyTemplateAvailabilityProvider, org.springframework.boot.autoconfigure.thymeleaf.ThymeleafTemplateAvailabilityProvider, org.springframework.boot.autoconfigure.web.servlet.JspTemplateAvailabilityProvider]
2025-01-07T20:30:49.875+07:00 DEBUG 27900 --- [csrf] [    Test worker] org.apache.catalina.webresources.Cache   : Increased cache size by [521] for item [org.apache.catalina.webresources.CachedResource@291a4791] at [/index.html] making total cache size [1053]
2025-01-07T20:30:49.878+07:00 TRACE 27900 --- [csrf] [    Test worker] o.s.b.f.s.DefaultListableBeanFactory     : Finished creating instance of bean 'welcomePageHandlerMapping'
2025-01-07T20:30:49.878+07:00 DEBUG 27900 --- [csrf] [    Test worker] o.s.b.f.s.DefaultListableBeanFactory     : Creating shared instance of singleton bean 'welcomePageNotAcceptableHandlerMapping'
2025-01-07T20:30:49.878+07:00 TRACE 27900 --- [csrf] [    Test worker] o.s.b.f.s.DefaultListableBeanFactory     : Creating instance of bean 'welcomePageNotAcceptableHandlerMapping'
2025-01-07T20:30:49.878+07:00 TRACE 27900 --- [csrf] [    Test worker] o.s.b.f.s.DefaultListableBeanFactory     : Returning cached instance of singleton bean 'org.springframework.boot.autoconfigure.web.servlet.WebMvcAutoConfiguration$EnableWebMvcConfiguration'
2025-01-07T20:30:49.878+07:00 TRACE 27900 --- [csrf] [    Test worker] o.s.b.f.s.DefaultListableBeanFactory     : Returning cached instance of singleton bean 'mvcConversionService'
2025-01-07T20:30:49.879+07:00 TRACE 27900 --- [csrf] [    Test worker] o.s.b.f.s.DefaultListableBeanFactory     : Returning cached instance of singleton bean 'mvcResourceUrlProvider'
2025-01-07T20:30:49.879+07:00 DEBUG 27900 --- [csrf] [    Test worker] o.s.b.f.s.DefaultListableBeanFactory     : Autowiring by type from bean name 'welcomePageNotAcceptableHandlerMapping' via factory method to bean named 'org.springframework.boot.web.servlet.context.AnnotationConfigServletWebServerApplicationContext@426e505c'
2025-01-07T20:30:49.879+07:00 DEBUG 27900 --- [csrf] [    Test worker] o.s.b.f.s.DefaultListableBeanFactory     : Autowiring by type from bean name 'welcomePageNotAcceptableHandlerMapping' via factory method to bean named 'mvcConversionService'
2025-01-07T20:30:49.879+07:00 DEBUG 27900 --- [csrf] [    Test worker] o.s.b.f.s.DefaultListableBeanFactory     : Autowiring by type from bean name 'welcomePageNotAcceptableHandlerMapping' via factory method to bean named 'mvcResourceUrlProvider'
2025-01-07T20:30:49.879+07:00 TRACE 27900 --- [csrf] [    Test worker] o.s.c.io.support.SpringFactoriesLoader   : Loaded [org.springframework.boot.autoconfigure.template.TemplateAvailabilityProvider] names: [org.springframework.boot.autoconfigure.freemarker.FreeMarkerTemplateAvailabilityProvider, org.springframework.boot.autoconfigure.mustache.MustacheTemplateAvailabilityProvider, org.springframework.boot.autoconfigure.groovy.template.GroovyTemplateAvailabilityProvider, org.springframework.boot.autoconfigure.thymeleaf.ThymeleafTemplateAvailabilityProvider, org.springframework.boot.autoconfigure.web.servlet.JspTemplateAvailabilityProvider]
2025-01-07T20:30:49.879+07:00 TRACE 27900 --- [csrf] [    Test worker] o.s.b.f.s.DefaultListableBeanFactory     : Finished creating instance of bean 'welcomePageNotAcceptableHandlerMapping'
2025-01-07T20:30:49.879+07:00 DEBUG 27900 --- [csrf] [    Test worker] o.s.b.f.s.DefaultListableBeanFactory     : Creating shared instance of singleton bean 'requestMappingHandlerMapping'
2025-01-07T20:30:49.879+07:00 TRACE 27900 --- [csrf] [    Test worker] o.s.b.f.s.DefaultListableBeanFactory     : Creating instance of bean 'requestMappingHandlerMapping'
2025-01-07T20:30:49.879+07:00 TRACE 27900 --- [csrf] [    Test worker] o.s.b.f.s.DefaultListableBeanFactory     : Returning cached instance of singleton bean 'org.springframework.boot.autoconfigure.web.servlet.WebMvcAutoConfiguration$EnableWebMvcConfiguration'
2025-01-07T20:30:49.880+07:00 TRACE 27900 --- [csrf] [    Test worker] o.s.b.f.s.DefaultListableBeanFactory     : Returning cached instance of singleton bean 'mvcContentNegotiationManager'
2025-01-07T20:30:49.880+07:00 TRACE 27900 --- [csrf] [    Test worker] o.s.b.f.s.DefaultListableBeanFactory     : Returning cached instance of singleton bean 'mvcConversionService'
2025-01-07T20:30:49.880+07:00 TRACE 27900 --- [csrf] [    Test worker] o.s.b.f.s.DefaultListableBeanFactory     : Returning cached instance of singleton bean 'mvcResourceUrlProvider'
2025-01-07T20:30:49.880+07:00 DEBUG 27900 --- [csrf] [    Test worker] o.s.b.f.s.DefaultListableBeanFactory     : Autowiring by type from bean name 'requestMappingHandlerMapping' via factory method to bean named 'mvcContentNegotiationManager'
2025-01-07T20:30:49.880+07:00 DEBUG 27900 --- [csrf] [    Test worker] o.s.b.f.s.DefaultListableBeanFactory     : Autowiring by type from bean name 'requestMappingHandlerMapping' via factory method to bean named 'mvcConversionService'
2025-01-07T20:30:49.880+07:00 DEBUG 27900 --- [csrf] [    Test worker] o.s.b.f.s.DefaultListableBeanFactory     : Autowiring by type from bean name 'requestMappingHandlerMapping' via factory method to bean named 'mvcResourceUrlProvider'
2025-01-07T20:30:49.886+07:00 TRACE 27900 --- [csrf] [    Test worker] o.s.b.f.s.DefaultListableBeanFactory     : Invoking afterPropertiesSet() on bean with name 'requestMappingHandlerMapping'
2025-01-07T20:30:49.892+07:00 TRACE 27900 --- [csrf] [    Test worker] s.w.s.m.m.a.RequestMappingHandlerMapping : 
	c.e.c.Endpoint:
	{POST [/custom-endpoint]}: customEndpoint()
2025-01-07T20:30:49.894+07:00 TRACE 27900 --- [csrf] [    Test worker] o.s.c.e.PropertySourcesPropertyResolver  : Searching for key 'server.error.path' in PropertySource 'environmentProperties'
2025-01-07T20:30:49.895+07:00 TRACE 27900 --- [csrf] [    Test worker] o.s.c.e.PropertySourcesPropertyResolver  : Searching for key 'server.error.path' in PropertySource 'localProperties'
2025-01-07T20:30:49.895+07:00 TRACE 27900 --- [csrf] [    Test worker] o.s.c.e.PropertySourcesPropertyResolver  : Could not find key 'server.error.path' in any property source
2025-01-07T20:30:49.895+07:00 TRACE 27900 --- [csrf] [    Test worker] o.s.c.e.PropertySourcesPropertyResolver  : Searching for key 'error.path' in PropertySource 'environmentProperties'
2025-01-07T20:30:49.895+07:00 TRACE 27900 --- [csrf] [    Test worker] o.s.c.e.PropertySourcesPropertyResolver  : Searching for key 'error.path' in PropertySource 'localProperties'
2025-01-07T20:30:49.895+07:00 TRACE 27900 --- [csrf] [    Test worker] o.s.c.e.PropertySourcesPropertyResolver  : Could not find key 'error.path' in any property source
2025-01-07T20:30:49.896+07:00 TRACE 27900 --- [csrf] [    Test worker] o.s.c.e.PropertySourcesPropertyResolver  : Searching for key 'server.error.path' in PropertySource 'environmentProperties'
2025-01-07T20:30:49.896+07:00 TRACE 27900 --- [csrf] [    Test worker] o.s.c.e.PropertySourcesPropertyResolver  : Searching for key 'server.error.path' in PropertySource 'localProperties'
2025-01-07T20:30:49.896+07:00 TRACE 27900 --- [csrf] [    Test worker] o.s.c.e.PropertySourcesPropertyResolver  : Could not find key 'server.error.path' in any property source
2025-01-07T20:30:49.896+07:00 TRACE 27900 --- [csrf] [    Test worker] o.s.c.e.PropertySourcesPropertyResolver  : Searching for key 'error.path' in PropertySource 'environmentProperties'
2025-01-07T20:30:49.896+07:00 TRACE 27900 --- [csrf] [    Test worker] o.s.c.e.PropertySourcesPropertyResolver  : Searching for key 'error.path' in PropertySource 'localProperties'
2025-01-07T20:30:49.896+07:00 TRACE 27900 --- [csrf] [    Test worker] o.s.c.e.PropertySourcesPropertyResolver  : Could not find key 'error.path' in any property source
2025-01-07T20:30:49.896+07:00 TRACE 27900 --- [csrf] [    Test worker] s.w.s.m.m.a.RequestMappingHandlerMapping : 
	o.s.b.a.w.s.e.BasicErrorController:
	{ [/error], produces [text/html]}: errorHtml(HttpServletRequest,HttpServletResponse)
	{ [/error]}: error(HttpServletRequest)
2025-01-07T20:30:49.898+07:00 DEBUG 27900 --- [csrf] [    Test worker] s.w.s.m.m.a.RequestMappingHandlerMapping : 3 mappings in 'requestMappingHandlerMapping'
2025-01-07T20:30:49.898+07:00 TRACE 27900 --- [csrf] [    Test worker] o.s.b.f.s.DefaultListableBeanFactory     : Finished creating instance of bean 'requestMappingHandlerMapping'
2025-01-07T20:30:49.898+07:00 DEBUG 27900 --- [csrf] [    Test worker] o.s.b.f.s.DefaultListableBeanFactory     : Creating shared instance of singleton bean 'viewControllerHandlerMapping'
2025-01-07T20:30:49.898+07:00 TRACE 27900 --- [csrf] [    Test worker] o.s.b.f.s.DefaultListableBeanFactory     : Creating instance of bean 'viewControllerHandlerMapping'
2025-01-07T20:30:49.898+07:00 TRACE 27900 --- [csrf] [    Test worker] o.s.b.f.s.DefaultListableBeanFactory     : Returning cached instance of singleton bean 'org.springframework.boot.autoconfigure.web.servlet.WebMvcAutoConfiguration$EnableWebMvcConfiguration'
2025-01-07T20:30:49.898+07:00 TRACE 27900 --- [csrf] [    Test worker] o.s.b.f.s.DefaultListableBeanFactory     : Returning cached instance of singleton bean 'mvcConversionService'
2025-01-07T20:30:49.898+07:00 TRACE 27900 --- [csrf] [    Test worker] o.s.b.f.s.DefaultListableBeanFactory     : Returning cached instance of singleton bean 'mvcResourceUrlProvider'
2025-01-07T20:30:49.898+07:00 DEBUG 27900 --- [csrf] [    Test worker] o.s.b.f.s.DefaultListableBeanFactory     : Autowiring by type from bean name 'viewControllerHandlerMapping' via factory method to bean named 'mvcConversionService'
2025-01-07T20:30:49.898+07:00 DEBUG 27900 --- [csrf] [    Test worker] o.s.b.f.s.DefaultListableBeanFactory     : Autowiring by type from bean name 'viewControllerHandlerMapping' via factory method to bean named 'mvcResourceUrlProvider'
2025-01-07T20:30:49.898+07:00 TRACE 27900 --- [csrf] [    Test worker] o.s.b.f.s.DefaultListableBeanFactory     : Finished creating instance of bean 'viewControllerHandlerMapping'
2025-01-07T20:30:49.898+07:00 DEBUG 27900 --- [csrf] [    Test worker] o.s.b.f.s.DefaultListableBeanFactory     : Creating shared instance of singleton bean 'beanNameHandlerMapping'
2025-01-07T20:30:49.898+07:00 TRACE 27900 --- [csrf] [    Test worker] o.s.b.f.s.DefaultListableBeanFactory     : Creating instance of bean 'beanNameHandlerMapping'
2025-01-07T20:30:49.898+07:00 TRACE 27900 --- [csrf] [    Test worker] o.s.b.f.s.DefaultListableBeanFactory     : Returning cached instance of singleton bean 'org.springframework.boot.autoconfigure.web.servlet.WebMvcAutoConfiguration$EnableWebMvcConfiguration'
2025-01-07T20:30:49.898+07:00 TRACE 27900 --- [csrf] [    Test worker] o.s.b.f.s.DefaultListableBeanFactory     : Returning cached instance of singleton bean 'mvcConversionService'
2025-01-07T20:30:49.898+07:00 TRACE 27900 --- [csrf] [    Test worker] o.s.b.f.s.DefaultListableBeanFactory     : Returning cached instance of singleton bean 'mvcResourceUrlProvider'
2025-01-07T20:30:49.899+07:00 DEBUG 27900 --- [csrf] [    Test worker] o.s.b.f.s.DefaultListableBeanFactory     : Autowiring by type from bean name 'beanNameHandlerMapping' via factory method to bean named 'mvcConversionService'
2025-01-07T20:30:49.899+07:00 DEBUG 27900 --- [csrf] [    Test worker] o.s.b.f.s.DefaultListableBeanFactory     : Autowiring by type from bean name 'beanNameHandlerMapping' via factory method to bean named 'mvcResourceUrlProvider'
2025-01-07T20:30:49.899+07:00 DEBUG 27900 --- [csrf] [    Test worker] _.s.web.servlet.HandlerMapping.Mappings  : 'beanNameHandlerMapping' {}
2025-01-07T20:30:49.899+07:00 TRACE 27900 --- [csrf] [    Test worker] o.s.b.f.s.DefaultListableBeanFactory     : Finished creating instance of bean 'beanNameHandlerMapping'
2025-01-07T20:30:49.899+07:00 DEBUG 27900 --- [csrf] [    Test worker] o.s.b.f.s.DefaultListableBeanFactory     : Creating shared instance of singleton bean 'routerFunctionMapping'
2025-01-07T20:30:49.899+07:00 TRACE 27900 --- [csrf] [    Test worker] o.s.b.f.s.DefaultListableBeanFactory     : Creating instance of bean 'routerFunctionMapping'
2025-01-07T20:30:49.899+07:00 TRACE 27900 --- [csrf] [    Test worker] o.s.b.f.s.DefaultListableBeanFactory     : Returning cached instance of singleton bean 'org.springframework.boot.autoconfigure.web.servlet.WebMvcAutoConfiguration$EnableWebMvcConfiguration'
2025-01-07T20:30:49.899+07:00 TRACE 27900 --- [csrf] [    Test worker] o.s.b.f.s.DefaultListableBeanFactory     : Returning cached instance of singleton bean 'mvcConversionService'
2025-01-07T20:30:49.900+07:00 TRACE 27900 --- [csrf] [    Test worker] o.s.b.f.s.DefaultListableBeanFactory     : Returning cached instance of singleton bean 'mvcResourceUrlProvider'
2025-01-07T20:30:49.900+07:00 DEBUG 27900 --- [csrf] [    Test worker] o.s.b.f.s.DefaultListableBeanFactory     : Autowiring by type from bean name 'routerFunctionMapping' via factory method to bean named 'mvcConversionService'
2025-01-07T20:30:49.900+07:00 DEBUG 27900 --- [csrf] [    Test worker] o.s.b.f.s.DefaultListableBeanFactory     : Autowiring by type from bean name 'routerFunctionMapping' via factory method to bean named 'mvcResourceUrlProvider'
2025-01-07T20:30:49.900+07:00 DEBUG 27900 --- [csrf] [    Test worker] o.s.b.f.s.DefaultListableBeanFactory     : Creating shared instance of singleton bean 'messageConverters'
2025-01-07T20:30:49.900+07:00 TRACE 27900 --- [csrf] [    Test worker] o.s.b.f.s.DefaultListableBeanFactory     : Creating instance of bean 'messageConverters'
2025-01-07T20:30:49.900+07:00 DEBUG 27900 --- [csrf] [    Test worker] o.s.b.f.s.DefaultListableBeanFactory     : Creating shared instance of singleton bean 'org.springframework.boot.autoconfigure.http.HttpMessageConvertersAutoConfiguration'
2025-01-07T20:30:49.900+07:00 TRACE 27900 --- [csrf] [    Test worker] o.s.b.f.s.DefaultListableBeanFactory     : Creating instance of bean 'org.springframework.boot.autoconfigure.http.HttpMessageConvertersAutoConfiguration'
2025-01-07T20:30:49.900+07:00 TRACE 27900 --- [csrf] [    Test worker] o.s.b.f.s.DefaultListableBeanFactory     : Finished creating instance of bean 'org.springframework.boot.autoconfigure.http.HttpMessageConvertersAutoConfiguration'
2025-01-07T20:30:49.902+07:00 DEBUG 27900 --- [csrf] [    Test worker] o.s.b.f.s.DefaultListableBeanFactory     : Creating shared instance of singleton bean 'stringHttpMessageConverter'
2025-01-07T20:30:49.902+07:00 TRACE 27900 --- [csrf] [    Test worker] o.s.b.f.s.DefaultListableBeanFactory     : Creating instance of bean 'stringHttpMessageConverter'
2025-01-07T20:30:49.902+07:00 DEBUG 27900 --- [csrf] [    Test worker] o.s.b.f.s.DefaultListableBeanFactory     : Creating shared instance of singleton bean 'org.springframework.boot.autoconfigure.http.HttpMessageConvertersAutoConfiguration$StringHttpMessageConverterConfiguration'
2025-01-07T20:30:49.902+07:00 TRACE 27900 --- [csrf] [    Test worker] o.s.b.f.s.DefaultListableBeanFactory     : Creating instance of bean 'org.springframework.boot.autoconfigure.http.HttpMessageConvertersAutoConfiguration$StringHttpMessageConverterConfiguration'
2025-01-07T20:30:49.902+07:00 TRACE 27900 --- [csrf] [    Test worker] o.s.b.f.s.DefaultListableBeanFactory     : Finished creating instance of bean 'org.springframework.boot.autoconfigure.http.HttpMessageConvertersAutoConfiguration$StringHttpMessageConverterConfiguration'
2025-01-07T20:30:49.902+07:00 TRACE 27900 --- [csrf] [    Test worker] o.s.b.f.s.DefaultListableBeanFactory     : Returning cached instance of singleton bean 'environment'
2025-01-07T20:30:49.902+07:00 DEBUG 27900 --- [csrf] [    Test worker] o.s.b.f.s.DefaultListableBeanFactory     : Autowiring by type from bean name 'stringHttpMessageConverter' via factory method to bean named 'environment'
2025-01-07T20:30:49.903+07:00 TRACE 27900 --- [csrf] [    Test worker] o.s.b.f.s.DefaultListableBeanFactory     : Finished creating instance of bean 'stringHttpMessageConverter'
2025-01-07T20:30:49.903+07:00 DEBUG 27900 --- [csrf] [    Test worker] o.s.b.f.s.DefaultListableBeanFactory     : Creating shared instance of singleton bean 'mappingJackson2HttpMessageConverter'
2025-01-07T20:30:49.903+07:00 TRACE 27900 --- [csrf] [    Test worker] o.s.b.f.s.DefaultListableBeanFactory     : Creating instance of bean 'mappingJackson2HttpMessageConverter'
2025-01-07T20:30:49.904+07:00 DEBUG 27900 --- [csrf] [    Test worker] o.s.b.f.s.DefaultListableBeanFactory     : Creating shared instance of singleton bean 'org.springframework.boot.autoconfigure.http.JacksonHttpMessageConvertersConfiguration$MappingJackson2HttpMessageConverterConfiguration'
2025-01-07T20:30:49.904+07:00 TRACE 27900 --- [csrf] [    Test worker] o.s.b.f.s.DefaultListableBeanFactory     : Creating instance of bean 'org.springframework.boot.autoconfigure.http.JacksonHttpMessageConvertersConfiguration$MappingJackson2HttpMessageConverterConfiguration'
2025-01-07T20:30:49.904+07:00 TRACE 27900 --- [csrf] [    Test worker] o.s.b.f.s.DefaultListableBeanFactory     : Finished creating instance of bean 'org.springframework.boot.autoconfigure.http.JacksonHttpMessageConvertersConfiguration$MappingJackson2HttpMessageConverterConfiguration'
2025-01-07T20:30:49.904+07:00 DEBUG 27900 --- [csrf] [    Test worker] o.s.b.f.s.DefaultListableBeanFactory     : Creating shared instance of singleton bean 'jacksonObjectMapper'
2025-01-07T20:30:49.904+07:00 TRACE 27900 --- [csrf] [    Test worker] o.s.b.f.s.DefaultListableBeanFactory     : Creating instance of bean 'jacksonObjectMapper'
2025-01-07T20:30:49.904+07:00 DEBUG 27900 --- [csrf] [    Test worker] o.s.b.f.s.DefaultListableBeanFactory     : Creating shared instance of singleton bean 'org.springframework.boot.autoconfigure.jackson.JacksonAutoConfiguration$JacksonObjectMapperConfiguration'
2025-01-07T20:30:49.904+07:00 TRACE 27900 --- [csrf] [    Test worker] o.s.b.f.s.DefaultListableBeanFactory     : Creating instance of bean 'org.springframework.boot.autoconfigure.jackson.JacksonAutoConfiguration$JacksonObjectMapperConfiguration'
2025-01-07T20:30:49.904+07:00 TRACE 27900 --- [csrf] [    Test worker] o.s.b.f.s.DefaultListableBeanFactory     : Finished creating instance of bean 'org.springframework.boot.autoconfigure.jackson.JacksonAutoConfiguration$JacksonObjectMapperConfiguration'
2025-01-07T20:30:49.904+07:00 TRACE 27900 --- [csrf] [    Test worker] o.s.b.f.s.DefaultListableBeanFactory     : Creating instance of bean 'jacksonObjectMapperBuilder'
2025-01-07T20:30:49.904+07:00 DEBUG 27900 --- [csrf] [    Test worker] o.s.b.f.s.DefaultListableBeanFactory     : Creating shared instance of singleton bean 'org.springframework.boot.autoconfigure.jackson.JacksonAutoConfiguration$JacksonObjectMapperBuilderConfiguration'
2025-01-07T20:30:49.904+07:00 TRACE 27900 --- [csrf] [    Test worker] o.s.b.f.s.DefaultListableBeanFactory     : Creating instance of bean 'org.springframework.boot.autoconfigure.jackson.JacksonAutoConfiguration$JacksonObjectMapperBuilderConfiguration'
2025-01-07T20:30:49.904+07:00 TRACE 27900 --- [csrf] [    Test worker] o.s.b.f.s.DefaultListableBeanFactory     : Finished creating instance of bean 'org.springframework.boot.autoconfigure.jackson.JacksonAutoConfiguration$JacksonObjectMapperBuilderConfiguration'
2025-01-07T20:30:49.904+07:00 DEBUG 27900 --- [csrf] [    Test worker] o.s.b.f.s.DefaultListableBeanFactory     : Creating shared instance of singleton bean 'standardJacksonObjectMapperBuilderCustomizer'
2025-01-07T20:30:49.904+07:00 TRACE 27900 --- [csrf] [    Test worker] o.s.b.f.s.DefaultListableBeanFactory     : Creating instance of bean 'standardJacksonObjectMapperBuilderCustomizer'
2025-01-07T20:30:49.904+07:00 DEBUG 27900 --- [csrf] [    Test worker] o.s.b.f.s.DefaultListableBeanFactory     : Creating shared instance of singleton bean 'org.springframework.boot.autoconfigure.jackson.JacksonAutoConfiguration$Jackson2ObjectMapperBuilderCustomizerConfiguration'
2025-01-07T20:30:49.904+07:00 TRACE 27900 --- [csrf] [    Test worker] o.s.b.f.s.DefaultListableBeanFactory     : Creating instance of bean 'org.springframework.boot.autoconfigure.jackson.JacksonAutoConfiguration$Jackson2ObjectMapperBuilderCustomizerConfiguration'
2025-01-07T20:30:49.904+07:00 TRACE 27900 --- [csrf] [    Test worker] o.s.b.f.s.DefaultListableBeanFactory     : Finished creating instance of bean 'org.springframework.boot.autoconfigure.jackson.JacksonAutoConfiguration$Jackson2ObjectMapperBuilderCustomizerConfiguration'
2025-01-07T20:30:49.905+07:00 DEBUG 27900 --- [csrf] [    Test worker] o.s.b.f.s.DefaultListableBeanFactory     : Creating shared instance of singleton bean 'spring.jackson-org.springframework.boot.autoconfigure.jackson.JacksonProperties'
2025-01-07T20:30:49.905+07:00 TRACE 27900 --- [csrf] [    Test worker] o.s.b.f.s.DefaultListableBeanFactory     : Creating instance of bean 'spring.jackson-org.springframework.boot.autoconfigure.jackson.JacksonProperties'
2025-01-07T20:30:49.905+07:00 TRACE 27900 --- [csrf] [    Test worker] o.s.b.f.s.DefaultListableBeanFactory     : Returning cached instance of singleton bean 'org.springframework.boot.context.properties.BoundConfigurationProperties'
2025-01-07T20:30:49.906+07:00 TRACE 27900 --- [csrf] [    Test worker] o.s.b.f.s.DefaultListableBeanFactory     : Finished creating instance of bean 'spring.jackson-org.springframework.boot.autoconfigure.jackson.JacksonProperties'
2025-01-07T20:30:49.906+07:00 DEBUG 27900 --- [csrf] [    Test worker] o.s.b.f.s.DefaultListableBeanFactory     : Autowiring by type from bean name 'standardJacksonObjectMapperBuilderCustomizer' via factory method to bean named 'spring.jackson-org.springframework.boot.autoconfigure.jackson.JacksonProperties'
2025-01-07T20:30:49.906+07:00 DEBUG 27900 --- [csrf] [    Test worker] o.s.b.f.s.DefaultListableBeanFactory     : Creating shared instance of singleton bean 'parameterNamesModule'
2025-01-07T20:30:49.906+07:00 TRACE 27900 --- [csrf] [    Test worker] o.s.b.f.s.DefaultListableBeanFactory     : Creating instance of bean 'parameterNamesModule'
2025-01-07T20:30:49.906+07:00 DEBUG 27900 --- [csrf] [    Test worker] o.s.b.f.s.DefaultListableBeanFactory     : Creating shared instance of singleton bean 'org.springframework.boot.autoconfigure.jackson.JacksonAutoConfiguration$ParameterNamesModuleConfiguration'
2025-01-07T20:30:49.906+07:00 TRACE 27900 --- [csrf] [    Test worker] o.s.b.f.s.DefaultListableBeanFactory     : Creating instance of bean 'org.springframework.boot.autoconfigure.jackson.JacksonAutoConfiguration$ParameterNamesModuleConfiguration'
2025-01-07T20:30:49.907+07:00 TRACE 27900 --- [csrf] [    Test worker] o.s.b.f.s.DefaultListableBeanFactory     : Finished creating instance of bean 'org.springframework.boot.autoconfigure.jackson.JacksonAutoConfiguration$ParameterNamesModuleConfiguration'
2025-01-07T20:30:49.907+07:00 TRACE 27900 --- [csrf] [    Test worker] o.s.b.f.s.DefaultListableBeanFactory     : Finished creating instance of bean 'parameterNamesModule'
2025-01-07T20:30:49.907+07:00 DEBUG 27900 --- [csrf] [    Test worker] o.s.b.f.s.DefaultListableBeanFactory     : Creating shared instance of singleton bean 'jsonMixinModule'
2025-01-07T20:30:49.907+07:00 TRACE 27900 --- [csrf] [    Test worker] o.s.b.f.s.DefaultListableBeanFactory     : Creating instance of bean 'jsonMixinModule'
2025-01-07T20:30:49.907+07:00 DEBUG 27900 --- [csrf] [    Test worker] o.s.b.f.s.DefaultListableBeanFactory     : Creating shared instance of singleton bean 'org.springframework.boot.autoconfigure.jackson.JacksonAutoConfiguration$JacksonMixinConfiguration'
2025-01-07T20:30:49.907+07:00 TRACE 27900 --- [csrf] [    Test worker] o.s.b.f.s.DefaultListableBeanFactory     : Creating instance of bean 'org.springframework.boot.autoconfigure.jackson.JacksonAutoConfiguration$JacksonMixinConfiguration'
2025-01-07T20:30:49.907+07:00 TRACE 27900 --- [csrf] [    Test worker] o.s.b.f.s.DefaultListableBeanFactory     : Finished creating instance of bean 'org.springframework.boot.autoconfigure.jackson.JacksonAutoConfiguration$JacksonMixinConfiguration'
2025-01-07T20:30:49.908+07:00 DEBUG 27900 --- [csrf] [    Test worker] o.s.b.f.s.DefaultListableBeanFactory     : Creating shared instance of singleton bean 'jsonMixinModuleEntries'
2025-01-07T20:30:49.908+07:00 TRACE 27900 --- [csrf] [    Test worker] o.s.b.f.s.DefaultListableBeanFactory     : Creating instance of bean 'jsonMixinModuleEntries'
2025-01-07T20:30:49.908+07:00 DEBUG 27900 --- [csrf] [    Test worker] o.s.b.f.s.DefaultListableBeanFactory     : Autowiring by type from bean name 'jsonMixinModuleEntries' via factory method to bean named 'org.springframework.boot.web.servlet.context.AnnotationConfigServletWebServerApplicationContext@426e505c'
2025-01-07T20:30:49.908+07:00 DEBUG 27900 --- [csrf] [    Test worker] o.s.b.f.s.DefaultListableBeanFactory     : Creating shared instance of singleton bean 'org.springframework.boot.autoconfigure.AutoConfigurationPackages'
2025-01-07T20:30:49.908+07:00 TRACE 27900 --- [csrf] [    Test worker] o.s.b.f.s.DefaultListableBeanFactory     : Creating instance of bean 'org.springframework.boot.autoconfigure.AutoConfigurationPackages'
2025-01-07T20:30:49.908+07:00 TRACE 27900 --- [csrf] [    Test worker] o.s.b.f.s.DefaultListableBeanFactory     : Finished creating instance of bean 'org.springframework.boot.autoconfigure.AutoConfigurationPackages'
2025-01-07T20:30:49.908+07:00 DEBUG 27900 --- [csrf] [    Test worker] o.s.b.a.AutoConfigurationPackages        : @EnableAutoConfiguration was declared on a class in the package 'com.example.csrf'. Automatic @Repository and @Entity scanning is enabled.
2025-01-07T20:30:49.908+07:00 TRACE 27900 --- [csrf] [    Test worker] o.s.b.f.s.DefaultListableBeanFactory     : Returning cached instance of singleton bean 'org.springframework.boot.autoconfigure.AutoConfigurationPackages'
2025-01-07T20:30:49.909+07:00 TRACE 27900 --- [csrf] [    Test worker] .i.s.PathMatchingResourcePatternResolver : Resolved module-path location pattern [com/example/csrf/**/*.class] to resources []
2025-01-07T20:30:49.909+07:00 TRACE 27900 --- [csrf] [    Test worker] .i.s.PathMatchingResourcePatternResolver : Searching directory [/Users/mario/Development/spring-security-csrf-disable/build/classes/java/test/com/example/csrf] for files matching pattern [**/*.class]
2025-01-07T20:30:49.909+07:00 TRACE 27900 --- [csrf] [    Test worker] .i.s.PathMatchingResourcePatternResolver : Searching directory [/Users/mario/Development/spring-security-csrf-disable/build/classes/java/main/com/example/csrf] for files matching pattern [**/*.class]
2025-01-07T20:30:49.909+07:00 TRACE 27900 --- [csrf] [    Test worker] .i.s.PathMatchingResourcePatternResolver : Resolved location pattern [classpath*:com/example/csrf/**/*.class] to resources [file [/Users/mario/Development/spring-security-csrf-disable/build/classes/java/test/com/example/csrf/CsrfApplicationTests.class], file [/Users/mario/Development/spring-security-csrf-disable/build/classes/java/main/com/example/csrf/AuthorizationServerConfig$1.class], file [/Users/mario/Development/spring-security-csrf-disable/build/classes/java/main/com/example/csrf/AuthorizationServerConfig.class], file [/Users/mario/Development/spring-security-csrf-disable/build/classes/java/main/com/example/csrf/CsrfApplication.class], file [/Users/mario/Development/spring-security-csrf-disable/build/classes/java/main/com/example/csrf/Endpoint.class]]
2025-01-07T20:30:49.909+07:00 TRACE 27900 --- [csrf] [    Test worker] nModuleEntries$JsonMixinComponentScanner : Scanning file [/Users/mario/Development/spring-security-csrf-disable/build/classes/java/test/com/example/csrf/CsrfApplicationTests.class]
2025-01-07T20:30:49.909+07:00 TRACE 27900 --- [csrf] [    Test worker] nModuleEntries$JsonMixinComponentScanner : Ignored because not matching any filter: file [/Users/mario/Development/spring-security-csrf-disable/build/classes/java/test/com/example/csrf/CsrfApplicationTests.class]
2025-01-07T20:30:49.909+07:00 TRACE 27900 --- [csrf] [    Test worker] nModuleEntries$JsonMixinComponentScanner : Scanning file [/Users/mario/Development/spring-security-csrf-disable/build/classes/java/main/com/example/csrf/AuthorizationServerConfig$1.class]
2025-01-07T20:30:49.909+07:00 TRACE 27900 --- [csrf] [    Test worker] nModuleEntries$JsonMixinComponentScanner : Ignored because not matching any filter: file [/Users/mario/Development/spring-security-csrf-disable/build/classes/java/main/com/example/csrf/AuthorizationServerConfig$1.class]
2025-01-07T20:30:49.909+07:00 TRACE 27900 --- [csrf] [    Test worker] nModuleEntries$JsonMixinComponentScanner : Scanning file [/Users/mario/Development/spring-security-csrf-disable/build/classes/java/main/com/example/csrf/AuthorizationServerConfig.class]
2025-01-07T20:30:49.909+07:00 TRACE 27900 --- [csrf] [    Test worker] nModuleEntries$JsonMixinComponentScanner : Ignored because not matching any filter: file [/Users/mario/Development/spring-security-csrf-disable/build/classes/java/main/com/example/csrf/AuthorizationServerConfig.class]
2025-01-07T20:30:49.909+07:00 TRACE 27900 --- [csrf] [    Test worker] nModuleEntries$JsonMixinComponentScanner : Scanning file [/Users/mario/Development/spring-security-csrf-disable/build/classes/java/main/com/example/csrf/CsrfApplication.class]
2025-01-07T20:30:49.909+07:00 TRACE 27900 --- [csrf] [    Test worker] nModuleEntries$JsonMixinComponentScanner : Ignored because not matching any filter: file [/Users/mario/Development/spring-security-csrf-disable/build/classes/java/main/com/example/csrf/CsrfApplication.class]
2025-01-07T20:30:49.909+07:00 TRACE 27900 --- [csrf] [    Test worker] nModuleEntries$JsonMixinComponentScanner : Scanning file [/Users/mario/Development/spring-security-csrf-disable/build/classes/java/main/com/example/csrf/Endpoint.class]
2025-01-07T20:30:49.909+07:00 TRACE 27900 --- [csrf] [    Test worker] nModuleEntries$JsonMixinComponentScanner : Ignored because not matching any filter: file [/Users/mario/Development/spring-security-csrf-disable/build/classes/java/main/com/example/csrf/Endpoint.class]
2025-01-07T20:30:49.909+07:00 TRACE 27900 --- [csrf] [    Test worker] o.s.b.f.s.DefaultListableBeanFactory     : Finished creating instance of bean 'jsonMixinModuleEntries'
2025-01-07T20:30:49.909+07:00 DEBUG 27900 --- [csrf] [    Test worker] o.s.b.f.s.DefaultListableBeanFactory     : Autowiring by type from bean name 'jsonMixinModule' via factory method to bean named 'org.springframework.boot.web.servlet.context.AnnotationConfigServletWebServerApplicationContext@426e505c'
2025-01-07T20:30:49.909+07:00 DEBUG 27900 --- [csrf] [    Test worker] o.s.b.f.s.DefaultListableBeanFactory     : Autowiring by type from bean name 'jsonMixinModule' via factory method to bean named 'jsonMixinModuleEntries'
2025-01-07T20:30:49.910+07:00 TRACE 27900 --- [csrf] [    Test worker] o.s.b.f.s.DefaultListableBeanFactory     : Finished creating instance of bean 'jsonMixinModule'
2025-01-07T20:30:49.910+07:00 DEBUG 27900 --- [csrf] [    Test worker] o.s.b.f.s.DefaultListableBeanFactory     : Creating shared instance of singleton bean 'jsonComponentModule'
2025-01-07T20:30:49.910+07:00 TRACE 27900 --- [csrf] [    Test worker] o.s.b.f.s.DefaultListableBeanFactory     : Creating instance of bean 'jsonComponentModule'
2025-01-07T20:30:49.910+07:00 DEBUG 27900 --- [csrf] [    Test worker] o.s.b.f.s.DefaultListableBeanFactory     : Creating shared instance of singleton bean 'org.springframework.boot.autoconfigure.jackson.JacksonAutoConfiguration'
2025-01-07T20:30:49.910+07:00 TRACE 27900 --- [csrf] [    Test worker] o.s.b.f.s.DefaultListableBeanFactory     : Creating instance of bean 'org.springframework.boot.autoconfigure.jackson.JacksonAutoConfiguration'
2025-01-07T20:30:49.910+07:00 TRACE 27900 --- [csrf] [    Test worker] o.s.b.f.s.DefaultListableBeanFactory     : Finished creating instance of bean 'org.springframework.boot.autoconfigure.jackson.JacksonAutoConfiguration'
2025-01-07T20:30:49.911+07:00 TRACE 27900 --- [csrf] [    Test worker] o.s.b.f.s.DefaultListableBeanFactory     : Invoking afterPropertiesSet() on bean with name 'jsonComponentModule'
2025-01-07T20:30:49.911+07:00 TRACE 27900 --- [csrf] [    Test worker] o.s.b.f.s.DefaultListableBeanFactory     : Finished creating instance of bean 'jsonComponentModule'
2025-01-07T20:30:49.912+07:00 TRACE 27900 --- [csrf] [    Test worker] o.s.b.f.s.DefaultListableBeanFactory     : Finished creating instance of bean 'standardJacksonObjectMapperBuilderCustomizer'
2025-01-07T20:30:49.912+07:00 DEBUG 27900 --- [csrf] [    Test worker] o.s.b.f.s.DefaultListableBeanFactory     : Autowiring by type from bean name 'jacksonObjectMapperBuilder' via factory method to bean named 'org.springframework.boot.web.servlet.context.AnnotationConfigServletWebServerApplicationContext@426e505c'
2025-01-07T20:30:49.912+07:00 DEBUG 27900 --- [csrf] [    Test worker] o.s.b.f.s.DefaultListableBeanFactory     : Autowiring by type from bean name 'jacksonObjectMapperBuilder' via factory method to bean named 'standardJacksonObjectMapperBuilderCustomizer'
2025-01-07T20:30:49.913+07:00 TRACE 27900 --- [csrf] [    Test worker] o.s.b.f.s.DefaultListableBeanFactory     : Finished creating instance of bean 'jacksonObjectMapperBuilder'
2025-01-07T20:30:49.913+07:00 DEBUG 27900 --- [csrf] [    Test worker] o.s.b.f.s.DefaultListableBeanFactory     : Autowiring by type from bean name 'jacksonObjectMapper' via factory method to bean named 'jacksonObjectMapperBuilder'
2025-01-07T20:30:49.918+07:00 TRACE 27900 --- [csrf] [    Test worker] o.s.b.f.s.DefaultListableBeanFactory     : Finished creating instance of bean 'jacksonObjectMapper'
2025-01-07T20:30:49.919+07:00 DEBUG 27900 --- [csrf] [    Test worker] o.s.b.f.s.DefaultListableBeanFactory     : Autowiring by type from bean name 'mappingJackson2HttpMessageConverter' via factory method to bean named 'jacksonObjectMapper'
2025-01-07T20:30:49.919+07:00 TRACE 27900 --- [csrf] [    Test worker] o.s.b.f.s.DefaultListableBeanFactory     : Finished creating instance of bean 'mappingJackson2HttpMessageConverter'
2025-01-07T20:30:49.919+07:00 TRACE 27900 --- [csrf] [    Test worker] o.s.b.f.s.DefaultListableBeanFactory     : Returning cached instance of singleton bean 'stringHttpMessageConverter'
2025-01-07T20:30:49.919+07:00 TRACE 27900 --- [csrf] [    Test worker] o.s.b.f.s.DefaultListableBeanFactory     : Returning cached instance of singleton bean 'mappingJackson2HttpMessageConverter'
2025-01-07T20:30:49.922+07:00 TRACE 27900 --- [csrf] [    Test worker] o.s.b.f.s.DefaultListableBeanFactory     : Finished creating instance of bean 'messageConverters'
2025-01-07T20:30:49.923+07:00 TRACE 27900 --- [csrf] [    Test worker] o.s.b.f.s.DefaultListableBeanFactory     : Invoking afterPropertiesSet() on bean with name 'routerFunctionMapping'
2025-01-07T20:30:49.923+07:00 TRACE 27900 --- [csrf] [    Test worker] o.s.b.f.s.DefaultListableBeanFactory     : Finished creating instance of bean 'routerFunctionMapping'
2025-01-07T20:30:49.923+07:00 DEBUG 27900 --- [csrf] [    Test worker] o.s.b.f.s.DefaultListableBeanFactory     : Creating shared instance of singleton bean 'resourceHandlerMapping'
2025-01-07T20:30:49.923+07:00 TRACE 27900 --- [csrf] [    Test worker] o.s.b.f.s.DefaultListableBeanFactory     : Creating instance of bean 'resourceHandlerMapping'
2025-01-07T20:30:49.923+07:00 TRACE 27900 --- [csrf] [    Test worker] o.s.b.f.s.DefaultListableBeanFactory     : Returning cached instance of singleton bean 'org.springframework.boot.autoconfigure.web.servlet.WebMvcAutoConfiguration$EnableWebMvcConfiguration'
2025-01-07T20:30:49.923+07:00 TRACE 27900 --- [csrf] [    Test worker] o.s.b.f.s.DefaultListableBeanFactory     : Returning cached instance of singleton bean 'mvcContentNegotiationManager'
2025-01-07T20:30:49.924+07:00 TRACE 27900 --- [csrf] [    Test worker] o.s.b.f.s.DefaultListableBeanFactory     : Returning cached instance of singleton bean 'mvcConversionService'
2025-01-07T20:30:49.924+07:00 TRACE 27900 --- [csrf] [    Test worker] o.s.b.f.s.DefaultListableBeanFactory     : Returning cached instance of singleton bean 'mvcResourceUrlProvider'
2025-01-07T20:30:49.924+07:00 DEBUG 27900 --- [csrf] [    Test worker] o.s.b.f.s.DefaultListableBeanFactory     : Autowiring by type from bean name 'resourceHandlerMapping' via factory method to bean named 'mvcContentNegotiationManager'
2025-01-07T20:30:49.924+07:00 DEBUG 27900 --- [csrf] [    Test worker] o.s.b.f.s.DefaultListableBeanFactory     : Autowiring by type from bean name 'resourceHandlerMapping' via factory method to bean named 'mvcConversionService'
2025-01-07T20:30:49.924+07:00 DEBUG 27900 --- [csrf] [    Test worker] o.s.b.f.s.DefaultListableBeanFactory     : Autowiring by type from bean name 'resourceHandlerMapping' via factory method to bean named 'mvcResourceUrlProvider'
2025-01-07T20:30:49.928+07:00 DEBUG 27900 --- [csrf] [    Test worker] org.apache.catalina.webresources.Cache   : Increased cache size by [501] for item [org.apache.catalina.webresources.CachedResource@34edd065] at [/] making total cache size [1554]
2025-01-07T20:30:49.929+07:00 TRACE 27900 --- [csrf] [    Test worker] o.s.w.s.handler.SimpleUrlHandlerMapping  : Mapped [/webjars/**] onto ResourceHttpRequestHandler [classpath [META-INF/resources/webjars/]]
2025-01-07T20:30:49.929+07:00 TRACE 27900 --- [csrf] [    Test worker] o.s.w.s.handler.SimpleUrlHandlerMapping  : Mapped [/**] onto ResourceHttpRequestHandler [classpath [META-INF/resources/], classpath [resources/], classpath [static/], classpath [public/], ServletContext [/]]
2025-01-07T20:30:49.929+07:00 DEBUG 27900 --- [csrf] [    Test worker] _.s.web.servlet.HandlerMapping.Mappings  : 'resourceHandlerMapping' {/webjars/**=ResourceHttpRequestHandler [classpath [META-INF/resources/webjars/]], /**=ResourceHttpRequestHandler [classpath [META-INF/resources/], classpath [resources/], classpath [static/], classpath [public/], ServletContext [/]]}
2025-01-07T20:30:49.929+07:00 TRACE 27900 --- [csrf] [    Test worker] o.s.b.f.s.DefaultListableBeanFactory     : Finished creating instance of bean 'resourceHandlerMapping'
2025-01-07T20:30:49.929+07:00 DEBUG 27900 --- [csrf] [    Test worker] o.s.b.f.s.DefaultListableBeanFactory     : Creating shared instance of singleton bean 'defaultServletHandlerMapping'
2025-01-07T20:30:49.929+07:00 TRACE 27900 --- [csrf] [    Test worker] o.s.b.f.s.DefaultListableBeanFactory     : Creating instance of bean 'defaultServletHandlerMapping'
2025-01-07T20:30:49.929+07:00 TRACE 27900 --- [csrf] [    Test worker] o.s.b.f.s.DefaultListableBeanFactory     : Returning cached instance of singleton bean 'org.springframework.boot.autoconfigure.web.servlet.WebMvcAutoConfiguration$EnableWebMvcConfiguration'
2025-01-07T20:30:49.929+07:00 TRACE 27900 --- [csrf] [    Test worker] o.s.b.f.s.DefaultListableBeanFactory     : Finished creating instance of bean 'defaultServletHandlerMapping'
2025-01-07T20:30:49.930+07:00 TRACE 27900 --- [csrf] [    Test worker] o.s.b.f.s.DefaultListableBeanFactory     : Finished creating instance of bean 'mvcHandlerMappingIntrospector'
2025-01-07T20:30:49.933+07:00 DEBUG 27900 --- [csrf] [    Test worker] o.s.b.f.s.DefaultListableBeanFactory     : Creating shared instance of singleton bean 'webAuthorizationManagerPostProcessor'
2025-01-07T20:30:49.933+07:00 TRACE 27900 --- [csrf] [    Test worker] o.s.b.f.s.DefaultListableBeanFactory     : Creating instance of bean 'webAuthorizationManagerPostProcessor'
2025-01-07T20:30:49.933+07:00 TRACE 27900 --- [csrf] [    Test worker] o.s.b.f.s.DefaultListableBeanFactory     : Finished creating instance of bean 'webAuthorizationManagerPostProcessor'
2025-01-07T20:30:49.934+07:00 TRACE 27900 --- [csrf] [    Test worker] o.s.b.f.s.DefaultListableBeanFactory     : Returning cached instance of singleton bean 'objectPostProcessor'
2025-01-07T20:30:49.934+07:00 TRACE 27900 --- [csrf] [    Test worker] o.s.b.f.s.DefaultListableBeanFactory     : Returning cached instance of singleton bean 'mvcHandlerMappingIntrospector'
2025-01-07T20:30:49.939+07:00 DEBUG 27900 --- [csrf] [    Test worker] o.s.b.f.s.DefaultListableBeanFactory     : Creating shared instance of singleton bean 'authorizationServerSettings'
2025-01-07T20:30:49.939+07:00 TRACE 27900 --- [csrf] [    Test worker] o.s.b.f.s.DefaultListableBeanFactory     : Creating instance of bean 'authorizationServerSettings'
2025-01-07T20:30:49.939+07:00 DEBUG 27900 --- [csrf] [    Test worker] o.s.b.f.s.DefaultListableBeanFactory     : Creating shared instance of singleton bean 'org.springframework.boot.autoconfigure.security.oauth2.server.servlet.OAuth2AuthorizationServerConfiguration'
2025-01-07T20:30:49.939+07:00 TRACE 27900 --- [csrf] [    Test worker] o.s.b.f.s.DefaultListableBeanFactory     : Creating instance of bean 'org.springframework.boot.autoconfigure.security.oauth2.server.servlet.OAuth2AuthorizationServerConfiguration'
2025-01-07T20:30:49.939+07:00 DEBUG 27900 --- [csrf] [    Test worker] o.s.b.f.s.DefaultListableBeanFactory     : Creating shared instance of singleton bean 'spring.security.oauth2.authorizationserver-org.springframework.boot.autoconfigure.security.oauth2.server.servlet.OAuth2AuthorizationServerProperties'
2025-01-07T20:30:49.939+07:00 TRACE 27900 --- [csrf] [    Test worker] o.s.b.f.s.DefaultListableBeanFactory     : Creating instance of bean 'spring.security.oauth2.authorizationserver-org.springframework.boot.autoconfigure.security.oauth2.server.servlet.OAuth2AuthorizationServerProperties'
2025-01-07T20:30:49.940+07:00 TRACE 27900 --- [csrf] [    Test worker] o.s.b.f.s.DefaultListableBeanFactory     : Returning cached instance of singleton bean 'org.springframework.boot.context.properties.BoundConfigurationProperties'
2025-01-07T20:30:49.940+07:00 TRACE 27900 --- [csrf] [    Test worker] o.s.b.f.s.DefaultListableBeanFactory     : Invoking afterPropertiesSet() on bean with name 'spring.security.oauth2.authorizationserver-org.springframework.boot.autoconfigure.security.oauth2.server.servlet.OAuth2AuthorizationServerProperties'
2025-01-07T20:30:49.940+07:00 TRACE 27900 --- [csrf] [    Test worker] o.s.b.f.s.DefaultListableBeanFactory     : Finished creating instance of bean 'spring.security.oauth2.authorizationserver-org.springframework.boot.autoconfigure.security.oauth2.server.servlet.OAuth2AuthorizationServerProperties'
2025-01-07T20:30:49.940+07:00 DEBUG 27900 --- [csrf] [    Test worker] o.s.b.f.s.DefaultListableBeanFactory     : Autowiring by type from bean name 'org.springframework.boot.autoconfigure.security.oauth2.server.servlet.OAuth2AuthorizationServerConfiguration' via constructor to bean named 'spring.security.oauth2.authorizationserver-org.springframework.boot.autoconfigure.security.oauth2.server.servlet.OAuth2AuthorizationServerProperties'
2025-01-07T20:30:49.941+07:00 TRACE 27900 --- [csrf] [    Test worker] o.s.b.f.s.DefaultListableBeanFactory     : Finished creating instance of bean 'org.springframework.boot.autoconfigure.security.oauth2.server.servlet.OAuth2AuthorizationServerConfiguration'
2025-01-07T20:30:49.942+07:00 TRACE 27900 --- [csrf] [    Test worker] o.s.b.f.s.DefaultListableBeanFactory     : Finished creating instance of bean 'authorizationServerSettings'
2025-01-07T20:30:49.960+07:00 DEBUG 27900 --- [csrf] [    Test worker] o.s.b.f.s.DefaultListableBeanFactory     : Creating shared instance of singleton bean 'jwkSource'
2025-01-07T20:30:49.960+07:00 TRACE 27900 --- [csrf] [    Test worker] o.s.b.f.s.DefaultListableBeanFactory     : Creating instance of bean 'jwkSource'
2025-01-07T20:30:49.960+07:00 DEBUG 27900 --- [csrf] [    Test worker] o.s.b.f.s.DefaultListableBeanFactory     : Creating shared instance of singleton bean 'org.springframework.boot.autoconfigure.security.oauth2.server.servlet.OAuth2AuthorizationServerJwtAutoConfiguration'
2025-01-07T20:30:49.960+07:00 TRACE 27900 --- [csrf] [    Test worker] o.s.b.f.s.DefaultListableBeanFactory     : Creating instance of bean 'org.springframework.boot.autoconfigure.security.oauth2.server.servlet.OAuth2AuthorizationServerJwtAutoConfiguration'
2025-01-07T20:30:49.961+07:00 TRACE 27900 --- [csrf] [    Test worker] o.s.b.f.s.DefaultListableBeanFactory     : Finished creating instance of bean 'org.springframework.boot.autoconfigure.security.oauth2.server.servlet.OAuth2AuthorizationServerJwtAutoConfiguration'
2025-01-07T20:30:50.062+07:00 TRACE 27900 --- [csrf] [    Test worker] o.s.b.f.s.DefaultListableBeanFactory     : Finished creating instance of bean 'jwkSource'
2025-01-07T20:30:50.074+07:00 DEBUG 27900 --- [csrf] [    Test worker] o.s.b.f.s.DefaultListableBeanFactory     : Creating shared instance of singleton bean 'authenticationManagerPostProcessor'
2025-01-07T20:30:50.074+07:00 TRACE 27900 --- [csrf] [    Test worker] o.s.b.f.s.DefaultListableBeanFactory     : Creating instance of bean 'authenticationManagerPostProcessor'
2025-01-07T20:30:50.074+07:00 TRACE 27900 --- [csrf] [    Test worker] o.s.b.f.s.DefaultListableBeanFactory     : Finished creating instance of bean 'authenticationManagerPostProcessor'
2025-01-07T20:30:50.074+07:00 TRACE 27900 --- [csrf] [    Test worker] o.s.b.f.s.DefaultListableBeanFactory     : Invoking afterPropertiesSet() on bean with name 'org.springframework.security.authentication.ProviderManager@685d7ba5'
2025-01-07T20:30:50.075+07:00 TRACE 27900 --- [csrf] [    Test worker] o.s.b.f.s.DefaultListableBeanFactory     : Invoking afterPropertiesSet() on bean with name 'org.springframework.security.web.access.ExceptionTranslationFilter@38c761e9'
2025-01-07T20:30:50.076+07:00 TRACE 27900 --- [csrf] [    Test worker] o.s.b.f.s.DefaultListableBeanFactory     : Invoking afterPropertiesSet() on bean with name 'org.springframework.security.web.header.HeaderWriterFilter@7f4e5a39'
2025-01-07T20:30:50.076+07:00 TRACE 27900 --- [csrf] [    Test worker] o.s.b.f.s.DefaultListableBeanFactory     : Invoking afterPropertiesSet() on bean with name 'org.springframework.security.web.context.SecurityContextHolderFilter@5d66ae3a'
2025-01-07T20:30:50.076+07:00 TRACE 27900 --- [csrf] [    Test worker] o.s.b.f.s.DefaultListableBeanFactory     : Invoking afterPropertiesSet() on bean with name 'org.springframework.security.web.servletapi.SecurityContextHolderAwareRequestFilter@c5e69a5'
2025-01-07T20:30:50.077+07:00 TRACE 27900 --- [csrf] [    Test worker] o.s.b.f.s.DefaultListableBeanFactory     : Invoking afterPropertiesSet() on bean with name 'org.springframework.security.web.authentication.logout.LogoutFilter@3ec9f8d'
2025-01-07T20:30:50.078+07:00 TRACE 27900 --- [csrf] [    Test worker] o.s.b.f.s.DefaultListableBeanFactory     : Invoking afterPropertiesSet() on bean with name 'org.springframework.security.oauth2.server.authorization.web.OAuth2ClientAuthenticationFilter@6d7b001b'
2025-01-07T20:30:50.080+07:00 TRACE 27900 --- [csrf] [    Test worker] o.s.b.f.s.DefaultListableBeanFactory     : Invoking afterPropertiesSet() on bean with name 'org.springframework.security.oauth2.server.authorization.web.OAuth2AuthorizationServerMetadataEndpointFilter@1ccc1026'
2025-01-07T20:30:50.081+07:00 TRACE 27900 --- [csrf] [    Test worker] o.s.b.f.s.DefaultListableBeanFactory     : Invoking afterPropertiesSet() on bean with name 'org.springframework.security.oauth2.server.authorization.web.OAuth2AuthorizationEndpointFilter@5b44318'
2025-01-07T20:30:50.083+07:00 TRACE 27900 --- [csrf] [    Test worker] o.s.b.f.s.DefaultListableBeanFactory     : Invoking afterPropertiesSet() on bean with name 'org.springframework.security.oauth2.server.authorization.web.OAuth2TokenEndpointFilter@f2fb225'
2025-01-07T20:30:50.084+07:00 TRACE 27900 --- [csrf] [    Test worker] o.s.b.f.s.DefaultListableBeanFactory     : Invoking afterPropertiesSet() on bean with name 'org.springframework.security.oauth2.server.authorization.web.OAuth2TokenIntrospectionEndpointFilter@5cce40d7'
2025-01-07T20:30:50.084+07:00 TRACE 27900 --- [csrf] [    Test worker] o.s.b.f.s.DefaultListableBeanFactory     : Invoking afterPropertiesSet() on bean with name 'org.springframework.security.oauth2.server.authorization.web.OAuth2TokenRevocationEndpointFilter@365cef67'
2025-01-07T20:30:50.085+07:00 TRACE 27900 --- [csrf] [    Test worker] o.s.b.f.s.DefaultListableBeanFactory     : Invoking afterPropertiesSet() on bean with name 'org.springframework.security.oauth2.server.authorization.web.OAuth2DeviceAuthorizationEndpointFilter@28e94c2'
2025-01-07T20:30:50.086+07:00 TRACE 27900 --- [csrf] [    Test worker] o.s.b.f.s.DefaultListableBeanFactory     : Invoking afterPropertiesSet() on bean with name 'org.springframework.security.oauth2.server.authorization.web.OAuth2DeviceVerificationEndpointFilter@3ef3f661'
2025-01-07T20:30:50.086+07:00 TRACE 27900 --- [csrf] [    Test worker] o.s.b.f.s.DefaultListableBeanFactory     : Invoking afterPropertiesSet() on bean with name 'org.springframework.security.oauth2.server.authorization.config.annotation.web.configurers.AuthorizationServerContextFilter@45b7c97f'
2025-01-07T20:30:50.086+07:00 TRACE 27900 --- [csrf] [    Test worker] o.s.b.f.s.DefaultListableBeanFactory     : Invoking afterPropertiesSet() on bean with name 'org.springframework.security.oauth2.server.authorization.web.NimbusJwkSetEndpointFilter@6009cd34'
2025-01-07T20:30:50.087+07:00 TRACE 27900 --- [csrf] [    Test worker] o.s.b.f.s.DefaultListableBeanFactory     : Invoking afterPropertiesSet() on bean with name 'org.springframework.security.web.access.intercept.AuthorizationFilter@25e8e59'
2025-01-07T20:30:50.087+07:00 TRACE 27900 --- [csrf] [    Test worker] o.s.b.f.s.DefaultListableBeanFactory     : Invoking afterPropertiesSet() on bean with name 'org.springframework.security.web.csrf.CsrfFilter@1d17423f'
2025-01-07T20:30:50.087+07:00 DEBUG 27900 --- [csrf] [    Test worker] o.s.s.web.DefaultSecurityFilterChain     : Will secure Or [Mvc [pattern='/**']] with filters: DisableEncodeUrlFilter, WebAsyncManagerIntegrationFilter, SecurityContextHolderFilter, AuthorizationServerContextFilter, HeaderWriterFilter, CsrfFilter, LogoutFilter, OAuth2AuthorizationServerMetadataEndpointFilter, OAuth2AuthorizationEndpointFilter, OAuth2DeviceVerificationEndpointFilter, NimbusJwkSetEndpointFilter, OAuth2ClientAuthenticationFilter, SecurityContextHolderAwareRequestFilter, AnonymousAuthenticationFilter, ExceptionTranslationFilter, AuthorizationFilter, OAuth2TokenEndpointFilter, OAuth2TokenIntrospectionEndpointFilter, OAuth2TokenRevocationEndpointFilter, OAuth2DeviceAuthorizationEndpointFilter
2025-01-07T20:30:50.088+07:00 TRACE 27900 --- [csrf] [    Test worker] o.s.b.f.s.DefaultListableBeanFactory     : Finished creating instance of bean 'securityFilterChain'
2025-01-07T20:30:50.088+07:00 TRACE 27900 --- [csrf] [    Test worker] o.s.b.f.s.DefaultListableBeanFactory     : Returning cached instance of singleton bean 'org.springframework.boot.autoconfigure.AutoConfigurationPackages'
2025-01-07T20:30:50.088+07:00 DEBUG 27900 --- [csrf] [    Test worker] o.s.b.f.s.DefaultListableBeanFactory     : Creating shared instance of singleton bean 'org.springframework.boot.autoconfigure.context.PropertyPlaceholderAutoConfiguration'
2025-01-07T20:30:50.088+07:00 TRACE 27900 --- [csrf] [    Test worker] o.s.b.f.s.DefaultListableBeanFactory     : Creating instance of bean 'org.springframework.boot.autoconfigure.context.PropertyPlaceholderAutoConfiguration'
2025-01-07T20:30:50.088+07:00 TRACE 27900 --- [csrf] [    Test worker] o.s.b.f.s.DefaultListableBeanFactory     : Finished creating instance of bean 'org.springframework.boot.autoconfigure.context.PropertyPlaceholderAutoConfiguration'
2025-01-07T20:30:50.088+07:00 TRACE 27900 --- [csrf] [    Test worker] o.s.b.f.s.DefaultListableBeanFactory     : Returning cached instance of singleton bean 'propertySourcesPlaceholderConfigurer'
2025-01-07T20:30:50.088+07:00 TRACE 27900 --- [csrf] [    Test worker] o.s.b.f.s.DefaultListableBeanFactory     : Returning cached instance of singleton bean 'org.springframework.boot.autoconfigure.ssl.SslAutoConfiguration'
2025-01-07T20:30:50.088+07:00 TRACE 27900 --- [csrf] [    Test worker] o.s.b.f.s.DefaultListableBeanFactory     : Returning cached instance of singleton bean 'fileWatcher'
2025-01-07T20:30:50.088+07:00 TRACE 27900 --- [csrf] [    Test worker] o.s.b.f.s.DefaultListableBeanFactory     : Returning cached instance of singleton bean 'sslPropertiesSslBundleRegistrar'
2025-01-07T20:30:50.088+07:00 TRACE 27900 --- [csrf] [    Test worker] o.s.b.f.s.DefaultListableBeanFactory     : Returning cached instance of singleton bean 'sslBundleRegistry'
2025-01-07T20:30:50.088+07:00 TRACE 27900 --- [csrf] [    Test worker] o.s.b.f.s.DefaultListableBeanFactory     : Returning cached instance of singleton bean 'org.springframework.boot.context.properties.ConfigurationPropertiesBindingPostProcessor'
2025-01-07T20:30:50.088+07:00 TRACE 27900 --- [csrf] [    Test worker] o.s.b.f.s.DefaultListableBeanFactory     : Returning cached instance of singleton bean 'org.springframework.boot.context.internalConfigurationPropertiesBinder'
2025-01-07T20:30:50.088+07:00 TRACE 27900 --- [csrf] [    Test worker] o.s.b.f.s.DefaultListableBeanFactory     : Returning cached instance of singleton bean 'org.springframework.boot.context.properties.BoundConfigurationProperties'
2025-01-07T20:30:50.088+07:00 DEBUG 27900 --- [csrf] [    Test worker] o.s.b.f.s.DefaultListableBeanFactory     : Creating shared instance of singleton bean 'org.springframework.boot.context.properties.EnableConfigurationPropertiesRegistrar.methodValidationExcludeFilter'
2025-01-07T20:30:50.088+07:00 TRACE 27900 --- [csrf] [    Test worker] o.s.b.f.s.DefaultListableBeanFactory     : Creating instance of bean 'org.springframework.boot.context.properties.EnableConfigurationPropertiesRegistrar.methodValidationExcludeFilter'
2025-01-07T20:30:50.088+07:00 TRACE 27900 --- [csrf] [    Test worker] o.s.b.f.s.DefaultListableBeanFactory     : Ignoring factory method [public static org.springframework.boot.validation.beanvalidation.MethodValidationExcludeFilter org.springframework.boot.validation.beanvalidation.MethodValidationExcludeFilter.byAnnotation(java.lang.Class,org.springframework.core.annotation.MergedAnnotations$SearchStrategy)] of bean 'org.springframework.boot.context.properties.EnableConfigurationPropertiesRegistrar.methodValidationExcludeFilter': org.springframework.beans.factory.UnsatisfiedDependencyException: Error creating bean with name 'org.springframework.boot.context.properties.EnableConfigurationPropertiesRegistrar.methodValidationExcludeFilter': Unsatisfied dependency expressed through method 'byAnnotation' parameter 1: Ambiguous argument values for parameter of type [org.springframework.core.annotation.MergedAnnotations$SearchStrategy] - did you specify the correct bean references as arguments?
2025-01-07T20:30:50.089+07:00 TRACE 27900 --- [csrf] [    Test worker] o.s.b.f.s.DefaultListableBeanFactory     : Finished creating instance of bean 'org.springframework.boot.context.properties.EnableConfigurationPropertiesRegistrar.methodValidationExcludeFilter'
2025-01-07T20:30:50.089+07:00 TRACE 27900 --- [csrf] [    Test worker] o.s.b.f.s.DefaultListableBeanFactory     : Returning cached instance of singleton bean 'spring.ssl-org.springframework.boot.autoconfigure.ssl.SslProperties'
2025-01-07T20:30:50.089+07:00 TRACE 27900 --- [csrf] [    Test worker] o.s.b.f.s.DefaultListableBeanFactory     : Returning cached instance of singleton bean 'org.springframework.boot.autoconfigure.websocket.servlet.WebSocketServletAutoConfiguration$TomcatWebSocketConfiguration'
2025-01-07T20:30:50.089+07:00 TRACE 27900 --- [csrf] [    Test worker] o.s.b.f.s.DefaultListableBeanFactory     : Returning cached instance of singleton bean 'websocketServletWebServerCustomizer'
2025-01-07T20:30:50.089+07:00 DEBUG 27900 --- [csrf] [    Test worker] o.s.b.f.s.DefaultListableBeanFactory     : Creating shared instance of singleton bean 'org.springframework.boot.autoconfigure.websocket.servlet.WebSocketServletAutoConfiguration'
2025-01-07T20:30:50.089+07:00 TRACE 27900 --- [csrf] [    Test worker] o.s.b.f.s.DefaultListableBeanFactory     : Creating instance of bean 'org.springframework.boot.autoconfigure.websocket.servlet.WebSocketServletAutoConfiguration'
2025-01-07T20:30:50.089+07:00 TRACE 27900 --- [csrf] [    Test worker] o.s.b.f.s.DefaultListableBeanFactory     : Finished creating instance of bean 'org.springframework.boot.autoconfigure.websocket.servlet.WebSocketServletAutoConfiguration'
2025-01-07T20:30:50.089+07:00 TRACE 27900 --- [csrf] [    Test worker] o.s.b.f.s.DefaultListableBeanFactory     : Returning cached instance of singleton bean 'org.springframework.boot.autoconfigure.web.servlet.ServletWebServerFactoryConfiguration$EmbeddedTomcat'
2025-01-07T20:30:50.089+07:00 TRACE 27900 --- [csrf] [    Test worker] o.s.b.f.s.DefaultListableBeanFactory     : Returning cached instance of singleton bean 'tomcatServletWebServerFactory'
2025-01-07T20:30:50.089+07:00 TRACE 27900 --- [csrf] [    Test worker] o.s.b.f.s.DefaultListableBeanFactory     : Returning cached instance of singleton bean 'org.springframework.boot.autoconfigure.web.servlet.ServletWebServerFactoryAutoConfiguration'
2025-01-07T20:30:50.089+07:00 TRACE 27900 --- [csrf] [    Test worker] o.s.b.f.s.DefaultListableBeanFactory     : Returning cached instance of singleton bean 'servletWebServerFactoryCustomizer'
2025-01-07T20:30:50.089+07:00 TRACE 27900 --- [csrf] [    Test worker] o.s.b.f.s.DefaultListableBeanFactory     : Returning cached instance of singleton bean 'tomcatServletWebServerFactoryCustomizer'
2025-01-07T20:30:50.089+07:00 TRACE 27900 --- [csrf] [    Test worker] o.s.b.f.s.DefaultListableBeanFactory     : Returning cached instance of singleton bean 'server-org.springframework.boot.autoconfigure.web.ServerProperties'
2025-01-07T20:30:50.089+07:00 TRACE 27900 --- [csrf] [    Test worker] o.s.b.f.s.DefaultListableBeanFactory     : Returning cached instance of singleton bean 'webServerFactoryCustomizerBeanPostProcessor'
2025-01-07T20:30:50.089+07:00 TRACE 27900 --- [csrf] [    Test worker] o.s.b.f.s.DefaultListableBeanFactory     : Returning cached instance of singleton bean 'errorPageRegistrarBeanPostProcessor'
2025-01-07T20:30:50.089+07:00 TRACE 27900 --- [csrf] [    Test worker] o.s.b.f.s.DefaultListableBeanFactory     : Returning cached instance of singleton bean 'org.springframework.boot.autoconfigure.web.servlet.DispatcherServletAutoConfiguration$DispatcherServletConfiguration'
2025-01-07T20:30:50.089+07:00 TRACE 27900 --- [csrf] [    Test worker] o.s.b.f.s.DefaultListableBeanFactory     : Returning cached instance of singleton bean 'dispatcherServlet'
2025-01-07T20:30:50.089+07:00 TRACE 27900 --- [csrf] [    Test worker] o.s.b.f.s.DefaultListableBeanFactory     : Returning cached instance of singleton bean 'spring.mvc-org.springframework.boot.autoconfigure.web.servlet.WebMvcProperties'
2025-01-07T20:30:50.089+07:00 TRACE 27900 --- [csrf] [    Test worker] o.s.b.f.s.DefaultListableBeanFactory     : Returning cached instance of singleton bean 'org.springframework.boot.autoconfigure.web.servlet.DispatcherServletAutoConfiguration$DispatcherServletRegistrationConfiguration'
2025-01-07T20:30:50.089+07:00 TRACE 27900 --- [csrf] [    Test worker] o.s.b.f.s.DefaultListableBeanFactory     : Returning cached instance of singleton bean 'dispatcherServletRegistration'
2025-01-07T20:30:50.089+07:00 DEBUG 27900 --- [csrf] [    Test worker] o.s.b.f.s.DefaultListableBeanFactory     : Creating shared instance of singleton bean 'org.springframework.boot.autoconfigure.web.servlet.DispatcherServletAutoConfiguration'
2025-01-07T20:30:50.089+07:00 TRACE 27900 --- [csrf] [    Test worker] o.s.b.f.s.DefaultListableBeanFactory     : Creating instance of bean 'org.springframework.boot.autoconfigure.web.servlet.DispatcherServletAutoConfiguration'
2025-01-07T20:30:50.089+07:00 TRACE 27900 --- [csrf] [    Test worker] o.s.b.f.s.DefaultListableBeanFactory     : Finished creating instance of bean 'org.springframework.boot.autoconfigure.web.servlet.DispatcherServletAutoConfiguration'
2025-01-07T20:30:50.089+07:00 DEBUG 27900 --- [csrf] [    Test worker] o.s.b.f.s.DefaultListableBeanFactory     : Creating shared instance of singleton bean 'org.springframework.boot.autoconfigure.task.TaskExecutorConfigurations$ThreadPoolTaskExecutorBuilderConfiguration'
2025-01-07T20:30:50.089+07:00 TRACE 27900 --- [csrf] [    Test worker] o.s.b.f.s.DefaultListableBeanFactory     : Creating instance of bean 'org.springframework.boot.autoconfigure.task.TaskExecutorConfigurations$ThreadPoolTaskExecutorBuilderConfiguration'
2025-01-07T20:30:50.089+07:00 TRACE 27900 --- [csrf] [    Test worker] o.s.b.f.s.DefaultListableBeanFactory     : Finished creating instance of bean 'org.springframework.boot.autoconfigure.task.TaskExecutorConfigurations$ThreadPoolTaskExecutorBuilderConfiguration'
2025-01-07T20:30:50.089+07:00 DEBUG 27900 --- [csrf] [    Test worker] o.s.b.f.s.DefaultListableBeanFactory     : Creating shared instance of singleton bean 'threadPoolTaskExecutorBuilder'
2025-01-07T20:30:50.089+07:00 TRACE 27900 --- [csrf] [    Test worker] o.s.b.f.s.DefaultListableBeanFactory     : Creating instance of bean 'threadPoolTaskExecutorBuilder'
2025-01-07T20:30:50.089+07:00 TRACE 27900 --- [csrf] [    Test worker] o.s.b.f.s.DefaultListableBeanFactory     : Returning cached instance of singleton bean 'org.springframework.boot.autoconfigure.task.TaskExecutorConfigurations$ThreadPoolTaskExecutorBuilderConfiguration'
2025-01-07T20:30:50.090+07:00 DEBUG 27900 --- [csrf] [    Test worker] o.s.b.f.s.DefaultListableBeanFactory     : Creating shared instance of singleton bean 'spring.task.execution-org.springframework.boot.autoconfigure.task.TaskExecutionProperties'
2025-01-07T20:30:50.090+07:00 TRACE 27900 --- [csrf] [    Test worker] o.s.b.f.s.DefaultListableBeanFactory     : Creating instance of bean 'spring.task.execution-org.springframework.boot.autoconfigure.task.TaskExecutionProperties'
2025-01-07T20:30:50.090+07:00 TRACE 27900 --- [csrf] [    Test worker] o.s.b.f.s.DefaultListableBeanFactory     : Returning cached instance of singleton bean 'org.springframework.boot.context.properties.BoundConfigurationProperties'
2025-01-07T20:30:50.090+07:00 TRACE 27900 --- [csrf] [    Test worker] o.s.b.f.s.DefaultListableBeanFactory     : Finished creating instance of bean 'spring.task.execution-org.springframework.boot.autoconfigure.task.TaskExecutionProperties'
2025-01-07T20:30:50.090+07:00 DEBUG 27900 --- [csrf] [    Test worker] o.s.b.f.s.DefaultListableBeanFactory     : Autowiring by type from bean name 'threadPoolTaskExecutorBuilder' via factory method to bean named 'spring.task.execution-org.springframework.boot.autoconfigure.task.TaskExecutionProperties'
2025-01-07T20:30:50.091+07:00 TRACE 27900 --- [csrf] [    Test worker] o.s.b.f.s.DefaultListableBeanFactory     : Finished creating instance of bean 'threadPoolTaskExecutorBuilder'
2025-01-07T20:30:50.091+07:00 DEBUG 27900 --- [csrf] [    Test worker] o.s.b.f.s.DefaultListableBeanFactory     : Creating shared instance of singleton bean 'org.springframework.boot.autoconfigure.task.TaskExecutorConfigurations$SimpleAsyncTaskExecutorBuilderConfiguration'
2025-01-07T20:30:50.091+07:00 TRACE 27900 --- [csrf] [    Test worker] o.s.b.f.s.DefaultListableBeanFactory     : Creating instance of bean 'org.springframework.boot.autoconfigure.task.TaskExecutorConfigurations$SimpleAsyncTaskExecutorBuilderConfiguration'
2025-01-07T20:30:50.091+07:00 TRACE 27900 --- [csrf] [    Test worker] o.s.b.f.s.DefaultListableBeanFactory     : Returning cached instance of singleton bean 'spring.task.execution-org.springframework.boot.autoconfigure.task.TaskExecutionProperties'
2025-01-07T20:30:50.091+07:00 DEBUG 27900 --- [csrf] [    Test worker] o.s.b.f.s.DefaultListableBeanFactory     : Autowiring by type from bean name 'org.springframework.boot.autoconfigure.task.TaskExecutorConfigurations$SimpleAsyncTaskExecutorBuilderConfiguration' via constructor to bean named 'spring.task.execution-org.springframework.boot.autoconfigure.task.TaskExecutionProperties'
2025-01-07T20:30:50.092+07:00 TRACE 27900 --- [csrf] [    Test worker] o.s.b.f.s.DefaultListableBeanFactory     : Finished creating instance of bean 'org.springframework.boot.autoconfigure.task.TaskExecutorConfigurations$SimpleAsyncTaskExecutorBuilderConfiguration'
2025-01-07T20:30:50.092+07:00 DEBUG 27900 --- [csrf] [    Test worker] o.s.b.f.s.DefaultListableBeanFactory     : Creating shared instance of singleton bean 'simpleAsyncTaskExecutorBuilder'
2025-01-07T20:30:50.092+07:00 TRACE 27900 --- [csrf] [    Test worker] o.s.b.f.s.DefaultListableBeanFactory     : Creating instance of bean 'simpleAsyncTaskExecutorBuilder'
2025-01-07T20:30:50.092+07:00 TRACE 27900 --- [csrf] [    Test worker] o.s.b.f.s.DefaultListableBeanFactory     : Returning cached instance of singleton bean 'org.springframework.boot.autoconfigure.task.TaskExecutorConfigurations$SimpleAsyncTaskExecutorBuilderConfiguration'
2025-01-07T20:30:50.092+07:00 TRACE 27900 --- [csrf] [    Test worker] o.s.b.f.s.DefaultListableBeanFactory     : Finished creating instance of bean 'simpleAsyncTaskExecutorBuilder'
2025-01-07T20:30:50.092+07:00 DEBUG 27900 --- [csrf] [    Test worker] o.s.b.f.s.DefaultListableBeanFactory     : Creating shared instance of singleton bean 'org.springframework.boot.autoconfigure.task.TaskExecutorConfigurations$TaskExecutorConfiguration'
2025-01-07T20:30:50.092+07:00 TRACE 27900 --- [csrf] [    Test worker] o.s.b.f.s.DefaultListableBeanFactory     : Creating instance of bean 'org.springframework.boot.autoconfigure.task.TaskExecutorConfigurations$TaskExecutorConfiguration'
2025-01-07T20:30:50.092+07:00 TRACE 27900 --- [csrf] [    Test worker] o.s.b.f.s.DefaultListableBeanFactory     : Finished creating instance of bean 'org.springframework.boot.autoconfigure.task.TaskExecutorConfigurations$TaskExecutorConfiguration'
2025-01-07T20:30:50.092+07:00 DEBUG 27900 --- [csrf] [    Test worker] o.s.b.f.s.DefaultListableBeanFactory     : Creating shared instance of singleton bean 'org.springframework.boot.autoconfigure.task.TaskExecutionAutoConfiguration'
2025-01-07T20:30:50.092+07:00 TRACE 27900 --- [csrf] [    Test worker] o.s.b.f.s.DefaultListableBeanFactory     : Creating instance of bean 'org.springframework.boot.autoconfigure.task.TaskExecutionAutoConfiguration'
2025-01-07T20:30:50.092+07:00 TRACE 27900 --- [csrf] [    Test worker] o.s.b.f.s.DefaultListableBeanFactory     : Finished creating instance of bean 'org.springframework.boot.autoconfigure.task.TaskExecutionAutoConfiguration'
2025-01-07T20:30:50.092+07:00 TRACE 27900 --- [csrf] [    Test worker] o.s.b.f.s.DefaultListableBeanFactory     : Returning cached instance of singleton bean 'spring.task.execution-org.springframework.boot.autoconfigure.task.TaskExecutionProperties'
2025-01-07T20:30:50.092+07:00 DEBUG 27900 --- [csrf] [    Test worker] o.s.b.f.s.DefaultListableBeanFactory     : Creating shared instance of singleton bean 'org.springframework.boot.autoconfigure.web.servlet.error.ErrorMvcAutoConfiguration$WhitelabelErrorViewConfiguration'
2025-01-07T20:30:50.092+07:00 TRACE 27900 --- [csrf] [    Test worker] o.s.b.f.s.DefaultListableBeanFactory     : Creating instance of bean 'org.springframework.boot.autoconfigure.web.servlet.error.ErrorMvcAutoConfiguration$WhitelabelErrorViewConfiguration'
2025-01-07T20:30:50.094+07:00 TRACE 27900 --- [csrf] [    Test worker] o.s.b.f.s.DefaultListableBeanFactory     : Finished creating instance of bean 'org.springframework.boot.autoconfigure.web.servlet.error.ErrorMvcAutoConfiguration$WhitelabelErrorViewConfiguration'
2025-01-07T20:30:50.094+07:00 DEBUG 27900 --- [csrf] [    Test worker] o.s.b.f.s.DefaultListableBeanFactory     : Creating shared instance of singleton bean 'error'
2025-01-07T20:30:50.094+07:00 TRACE 27900 --- [csrf] [    Test worker] o.s.b.f.s.DefaultListableBeanFactory     : Creating instance of bean 'error'
2025-01-07T20:30:50.094+07:00 TRACE 27900 --- [csrf] [    Test worker] o.s.b.f.s.DefaultListableBeanFactory     : Returning cached instance of singleton bean 'org.springframework.boot.autoconfigure.web.servlet.error.ErrorMvcAutoConfiguration$WhitelabelErrorViewConfiguration'
2025-01-07T20:30:50.094+07:00 TRACE 27900 --- [csrf] [    Test worker] o.s.b.f.s.DefaultListableBeanFactory     : Finished creating instance of bean 'error'
2025-01-07T20:30:50.094+07:00 DEBUG 27900 --- [csrf] [    Test worker] o.s.b.f.s.DefaultListableBeanFactory     : Creating shared instance of singleton bean 'beanNameViewResolver'
2025-01-07T20:30:50.094+07:00 TRACE 27900 --- [csrf] [    Test worker] o.s.b.f.s.DefaultListableBeanFactory     : Creating instance of bean 'beanNameViewResolver'
2025-01-07T20:30:50.094+07:00 TRACE 27900 --- [csrf] [    Test worker] o.s.b.f.s.DefaultListableBeanFactory     : Returning cached instance of singleton bean 'org.springframework.boot.autoconfigure.web.servlet.error.ErrorMvcAutoConfiguration$WhitelabelErrorViewConfiguration'
2025-01-07T20:30:50.094+07:00 TRACE 27900 --- [csrf] [    Test worker] o.s.b.f.s.DefaultListableBeanFactory     : Finished creating instance of bean 'beanNameViewResolver'
2025-01-07T20:30:50.094+07:00 DEBUG 27900 --- [csrf] [    Test worker] o.s.b.f.s.DefaultListableBeanFactory     : Creating shared instance of singleton bean 'org.springframework.boot.autoconfigure.web.servlet.error.ErrorMvcAutoConfiguration$DefaultErrorViewResolverConfiguration'
2025-01-07T20:30:50.094+07:00 TRACE 27900 --- [csrf] [    Test worker] o.s.b.f.s.DefaultListableBeanFactory     : Creating instance of bean 'org.springframework.boot.autoconfigure.web.servlet.error.ErrorMvcAutoConfiguration$DefaultErrorViewResolverConfiguration'
2025-01-07T20:30:50.095+07:00 TRACE 27900 --- [csrf] [    Test worker] o.s.b.f.s.DefaultListableBeanFactory     : Returning cached instance of singleton bean 'spring.web-org.springframework.boot.autoconfigure.web.WebProperties'
2025-01-07T20:30:50.095+07:00 DEBUG 27900 --- [csrf] [    Test worker] o.s.b.f.s.DefaultListableBeanFactory     : Autowiring by type from bean name 'org.springframework.boot.autoconfigure.web.servlet.error.ErrorMvcAutoConfiguration$DefaultErrorViewResolverConfiguration' via constructor to bean named 'org.springframework.boot.web.servlet.context.AnnotationConfigServletWebServerApplicationContext@426e505c'
2025-01-07T20:30:50.095+07:00 DEBUG 27900 --- [csrf] [    Test worker] o.s.b.f.s.DefaultListableBeanFactory     : Autowiring by type from bean name 'org.springframework.boot.autoconfigure.web.servlet.error.ErrorMvcAutoConfiguration$DefaultErrorViewResolverConfiguration' via constructor to bean named 'spring.web-org.springframework.boot.autoconfigure.web.WebProperties'
2025-01-07T20:30:50.095+07:00 TRACE 27900 --- [csrf] [    Test worker] o.s.b.f.s.DefaultListableBeanFactory     : Finished creating instance of bean 'org.springframework.boot.autoconfigure.web.servlet.error.ErrorMvcAutoConfiguration$DefaultErrorViewResolverConfiguration'
2025-01-07T20:30:50.095+07:00 DEBUG 27900 --- [csrf] [    Test worker] o.s.b.f.s.DefaultListableBeanFactory     : Creating shared instance of singleton bean 'conventionErrorViewResolver'
2025-01-07T20:30:50.095+07:00 TRACE 27900 --- [csrf] [    Test worker] o.s.b.f.s.DefaultListableBeanFactory     : Creating instance of bean 'conventionErrorViewResolver'
2025-01-07T20:30:50.095+07:00 TRACE 27900 --- [csrf] [    Test worker] o.s.b.f.s.DefaultListableBeanFactory     : Returning cached instance of singleton bean 'org.springframework.boot.autoconfigure.web.servlet.error.ErrorMvcAutoConfiguration$DefaultErrorViewResolverConfiguration'
2025-01-07T20:30:50.095+07:00 TRACE 27900 --- [csrf] [    Test worker] o.s.c.io.support.SpringFactoriesLoader   : Loaded [org.springframework.boot.autoconfigure.template.TemplateAvailabilityProvider] names: [org.springframework.boot.autoconfigure.freemarker.FreeMarkerTemplateAvailabilityProvider, org.springframework.boot.autoconfigure.mustache.MustacheTemplateAvailabilityProvider, org.springframework.boot.autoconfigure.groovy.template.GroovyTemplateAvailabilityProvider, org.springframework.boot.autoconfigure.thymeleaf.ThymeleafTemplateAvailabilityProvider, org.springframework.boot.autoconfigure.web.servlet.JspTemplateAvailabilityProvider]
2025-01-07T20:30:50.095+07:00 TRACE 27900 --- [csrf] [    Test worker] o.s.b.f.s.DefaultListableBeanFactory     : Finished creating instance of bean 'conventionErrorViewResolver'
2025-01-07T20:30:50.095+07:00 TRACE 27900 --- [csrf] [    Test worker] o.s.b.f.s.DefaultListableBeanFactory     : Returning cached instance of singleton bean 'spring.web-org.springframework.boot.autoconfigure.web.WebProperties'
2025-01-07T20:30:50.095+07:00 TRACE 27900 --- [csrf] [    Test worker] o.s.b.f.s.DefaultListableBeanFactory     : Returning cached instance of singleton bean 'org.springframework.boot.autoconfigure.web.servlet.error.ErrorMvcAutoConfiguration'
2025-01-07T20:30:50.095+07:00 DEBUG 27900 --- [csrf] [    Test worker] o.s.b.f.s.DefaultListableBeanFactory     : Creating shared instance of singleton bean 'errorAttributes'
2025-01-07T20:30:50.095+07:00 TRACE 27900 --- [csrf] [    Test worker] o.s.b.f.s.DefaultListableBeanFactory     : Creating instance of bean 'errorAttributes'
2025-01-07T20:30:50.095+07:00 TRACE 27900 --- [csrf] [    Test worker] o.s.b.f.s.DefaultListableBeanFactory     : Returning cached instance of singleton bean 'org.springframework.boot.autoconfigure.web.servlet.error.ErrorMvcAutoConfiguration'
2025-01-07T20:30:50.096+07:00 TRACE 27900 --- [csrf] [    Test worker] o.s.b.f.s.DefaultListableBeanFactory     : Finished creating instance of bean 'errorAttributes'
2025-01-07T20:30:50.096+07:00 DEBUG 27900 --- [csrf] [    Test worker] o.s.b.f.s.DefaultListableBeanFactory     : Creating shared instance of singleton bean 'basicErrorController'
2025-01-07T20:30:50.096+07:00 TRACE 27900 --- [csrf] [    Test worker] o.s.b.f.s.DefaultListableBeanFactory     : Creating instance of bean 'basicErrorController'
2025-01-07T20:30:50.096+07:00 TRACE 27900 --- [csrf] [    Test worker] o.s.b.f.s.DefaultListableBeanFactory     : Returning cached instance of singleton bean 'org.springframework.boot.autoconfigure.web.servlet.error.ErrorMvcAutoConfiguration'
2025-01-07T20:30:50.096+07:00 TRACE 27900 --- [csrf] [    Test worker] o.s.b.f.s.DefaultListableBeanFactory     : Returning cached instance of singleton bean 'errorAttributes'
2025-01-07T20:30:50.096+07:00 DEBUG 27900 --- [csrf] [    Test worker] o.s.b.f.s.DefaultListableBeanFactory     : Autowiring by type from bean name 'basicErrorController' via factory method to bean named 'errorAttributes'
2025-01-07T20:30:50.096+07:00 TRACE 27900 --- [csrf] [    Test worker] o.s.b.f.s.DefaultListableBeanFactory     : Returning cached instance of singleton bean 'conventionErrorViewResolver'
2025-01-07T20:30:50.096+07:00 TRACE 27900 --- [csrf] [    Test worker] o.s.b.f.s.DefaultListableBeanFactory     : Returning cached instance of singleton bean 'conventionErrorViewResolver'
2025-01-07T20:30:50.097+07:00 TRACE 27900 --- [csrf] [    Test worker] o.s.b.f.s.DefaultListableBeanFactory     : Finished creating instance of bean 'basicErrorController'
2025-01-07T20:30:50.097+07:00 TRACE 27900 --- [csrf] [    Test worker] o.s.b.f.s.DefaultListableBeanFactory     : Returning cached instance of singleton bean 'errorPageCustomizer'
2025-01-07T20:30:50.097+07:00 TRACE 27900 --- [csrf] [    Test worker] o.s.b.f.s.DefaultListableBeanFactory     : Returning cached instance of singleton bean 'preserveErrorControllerTargetClassPostProcessor'
2025-01-07T20:30:50.097+07:00 TRACE 27900 --- [csrf] [    Test worker] o.s.b.f.s.DefaultListableBeanFactory     : Returning cached instance of singleton bean 'org.springframework.boot.autoconfigure.web.servlet.WebMvcAutoConfiguration$EnableWebMvcConfiguration'
2025-01-07T20:30:50.097+07:00 TRACE 27900 --- [csrf] [    Test worker] o.s.b.f.s.DefaultListableBeanFactory     : Returning cached instance of singleton bean 'welcomePageHandlerMapping'
2025-01-07T20:30:50.097+07:00 TRACE 27900 --- [csrf] [    Test worker] o.s.b.f.s.DefaultListableBeanFactory     : Returning cached instance of singleton bean 'welcomePageNotAcceptableHandlerMapping'
2025-01-07T20:30:50.097+07:00 DEBUG 27900 --- [csrf] [    Test worker] o.s.b.f.s.DefaultListableBeanFactory     : Creating shared instance of singleton bean 'localeResolver'
2025-01-07T20:30:50.097+07:00 TRACE 27900 --- [csrf] [    Test worker] o.s.b.f.s.DefaultListableBeanFactory     : Creating instance of bean 'localeResolver'
2025-01-07T20:30:50.097+07:00 TRACE 27900 --- [csrf] [    Test worker] o.s.b.f.s.DefaultListableBeanFactory     : Returning cached instance of singleton bean 'org.springframework.boot.autoconfigure.web.servlet.WebMvcAutoConfiguration$EnableWebMvcConfiguration'
2025-01-07T20:30:50.097+07:00 TRACE 27900 --- [csrf] [    Test worker] o.s.b.f.s.DefaultListableBeanFactory     : Finished creating instance of bean 'localeResolver'
2025-01-07T20:30:50.097+07:00 DEBUG 27900 --- [csrf] [    Test worker] o.s.b.f.s.DefaultListableBeanFactory     : Creating shared instance of singleton bean 'themeResolver'
2025-01-07T20:30:50.097+07:00 TRACE 27900 --- [csrf] [    Test worker] o.s.b.f.s.DefaultListableBeanFactory     : Creating instance of bean 'themeResolver'
2025-01-07T20:30:50.097+07:00 TRACE 27900 --- [csrf] [    Test worker] o.s.b.f.s.DefaultListableBeanFactory     : Returning cached instance of singleton bean 'org.springframework.boot.autoconfigure.web.servlet.WebMvcAutoConfiguration$EnableWebMvcConfiguration'
2025-01-07T20:30:50.097+07:00 TRACE 27900 --- [csrf] [    Test worker] o.s.b.f.s.DefaultListableBeanFactory     : Finished creating instance of bean 'themeResolver'
2025-01-07T20:30:50.097+07:00 DEBUG 27900 --- [csrf] [    Test worker] o.s.b.f.s.DefaultListableBeanFactory     : Creating shared instance of singleton bean 'flashMapManager'
2025-01-07T20:30:50.097+07:00 TRACE 27900 --- [csrf] [    Test worker] o.s.b.f.s.DefaultListableBeanFactory     : Creating instance of bean 'flashMapManager'
2025-01-07T20:30:50.097+07:00 TRACE 27900 --- [csrf] [    Test worker] o.s.b.f.s.DefaultListableBeanFactory     : Returning cached instance of singleton bean 'org.springframework.boot.autoconfigure.web.servlet.WebMvcAutoConfiguration$EnableWebMvcConfiguration'
2025-01-07T20:30:50.098+07:00 TRACE 27900 --- [csrf] [    Test worker] o.s.b.f.s.DefaultListableBeanFactory     : Finished creating instance of bean 'flashMapManager'
2025-01-07T20:30:50.098+07:00 DEBUG 27900 --- [csrf] [    Test worker] o.s.b.f.s.DefaultListableBeanFactory     : Creating shared instance of singleton bean 'viewNameTranslator'
2025-01-07T20:30:50.098+07:00 TRACE 27900 --- [csrf] [    Test worker] o.s.b.f.s.DefaultListableBeanFactory     : Creating instance of bean 'viewNameTranslator'
2025-01-07T20:30:50.098+07:00 TRACE 27900 --- [csrf] [    Test worker] o.s.b.f.s.DefaultListableBeanFactory     : Returning cached instance of singleton bean 'org.springframework.boot.autoconfigure.web.servlet.WebMvcAutoConfiguration$EnableWebMvcConfiguration'
2025-01-07T20:30:50.099+07:00 TRACE 27900 --- [csrf] [    Test worker] o.s.b.f.s.DefaultListableBeanFactory     : Finished creating instance of bean 'viewNameTranslator'
2025-01-07T20:30:50.099+07:00 TRACE 27900 --- [csrf] [    Test worker] o.s.b.f.s.DefaultListableBeanFactory     : Returning cached instance of singleton bean 'mvcConversionService'
2025-01-07T20:30:50.099+07:00 DEBUG 27900 --- [csrf] [    Test worker] o.s.b.f.s.DefaultListableBeanFactory     : Creating shared instance of singleton bean 'mvcValidator'
2025-01-07T20:30:50.099+07:00 TRACE 27900 --- [csrf] [    Test worker] o.s.b.f.s.DefaultListableBeanFactory     : Creating instance of bean 'mvcValidator'
2025-01-07T20:30:50.099+07:00 TRACE 27900 --- [csrf] [    Test worker] o.s.b.f.s.DefaultListableBeanFactory     : Returning cached instance of singleton bean 'org.springframework.boot.autoconfigure.web.servlet.WebMvcAutoConfiguration$EnableWebMvcConfiguration'
2025-01-07T20:30:50.099+07:00 TRACE 27900 --- [csrf] [    Test worker] o.s.b.f.s.DefaultListableBeanFactory     : Finished creating instance of bean 'mvcValidator'
2025-01-07T20:30:50.099+07:00 TRACE 27900 --- [csrf] [    Test worker] o.s.b.f.s.DefaultListableBeanFactory     : Returning cached instance of singleton bean 'mvcContentNegotiationManager'
2025-01-07T20:30:50.099+07:00 TRACE 27900 --- [csrf] [    Test worker] o.s.b.f.s.DefaultListableBeanFactory     : Returning cached instance of singleton bean 'requestMappingHandlerMapping'
2025-01-07T20:30:50.099+07:00 DEBUG 27900 --- [csrf] [    Test worker] o.s.b.f.s.DefaultListableBeanFactory     : Creating shared instance of singleton bean 'mvcPatternParser'
2025-01-07T20:30:50.099+07:00 TRACE 27900 --- [csrf] [    Test worker] o.s.b.f.s.DefaultListableBeanFactory     : Creating instance of bean 'mvcPatternParser'
2025-01-07T20:30:50.099+07:00 TRACE 27900 --- [csrf] [    Test worker] o.s.b.f.s.DefaultListableBeanFactory     : Returning cached instance of singleton bean 'org.springframework.boot.autoconfigure.web.servlet.WebMvcAutoConfiguration$EnableWebMvcConfiguration'
2025-01-07T20:30:50.099+07:00 TRACE 27900 --- [csrf] [    Test worker] o.s.b.f.s.DefaultListableBeanFactory     : Finished creating instance of bean 'mvcPatternParser'
2025-01-07T20:30:50.099+07:00 DEBUG 27900 --- [csrf] [    Test worker] o.s.b.f.s.DefaultListableBeanFactory     : Creating shared instance of singleton bean 'mvcUrlPathHelper'
2025-01-07T20:30:50.099+07:00 TRACE 27900 --- [csrf] [    Test worker] o.s.b.f.s.DefaultListableBeanFactory     : Creating instance of bean 'mvcUrlPathHelper'
2025-01-07T20:30:50.099+07:00 TRACE 27900 --- [csrf] [    Test worker] o.s.b.f.s.DefaultListableBeanFactory     : Returning cached instance of singleton bean 'org.springframework.boot.autoconfigure.web.servlet.WebMvcAutoConfiguration$EnableWebMvcConfiguration'
2025-01-07T20:30:50.099+07:00 TRACE 27900 --- [csrf] [    Test worker] o.s.b.f.s.DefaultListableBeanFactory     : Finished creating instance of bean 'mvcUrlPathHelper'
2025-01-07T20:30:50.099+07:00 DEBUG 27900 --- [csrf] [    Test worker] o.s.b.f.s.DefaultListableBeanFactory     : Creating shared instance of singleton bean 'mvcPathMatcher'
2025-01-07T20:30:50.099+07:00 TRACE 27900 --- [csrf] [    Test worker] o.s.b.f.s.DefaultListableBeanFactory     : Creating instance of bean 'mvcPathMatcher'
2025-01-07T20:30:50.099+07:00 TRACE 27900 --- [csrf] [    Test worker] o.s.b.f.s.DefaultListableBeanFactory     : Returning cached instance of singleton bean 'org.springframework.boot.autoconfigure.web.servlet.WebMvcAutoConfiguration$EnableWebMvcConfiguration'
2025-01-07T20:30:50.100+07:00 TRACE 27900 --- [csrf] [    Test worker] o.s.b.f.s.DefaultListableBeanFactory     : Finished creating instance of bean 'mvcPathMatcher'
2025-01-07T20:30:50.100+07:00 TRACE 27900 --- [csrf] [    Test worker] o.s.b.f.s.DefaultListableBeanFactory     : Returning cached instance of singleton bean 'viewControllerHandlerMapping'
2025-01-07T20:30:50.100+07:00 TRACE 27900 --- [csrf] [    Test worker] o.s.b.f.s.DefaultListableBeanFactory     : Returning cached instance of singleton bean 'beanNameHandlerMapping'
2025-01-07T20:30:50.100+07:00 TRACE 27900 --- [csrf] [    Test worker] o.s.b.f.s.DefaultListableBeanFactory     : Returning cached instance of singleton bean 'routerFunctionMapping'
2025-01-07T20:30:50.100+07:00 TRACE 27900 --- [csrf] [    Test worker] o.s.b.f.s.DefaultListableBeanFactory     : Returning cached instance of singleton bean 'resourceHandlerMapping'
2025-01-07T20:30:50.100+07:00 TRACE 27900 --- [csrf] [    Test worker] o.s.b.f.s.DefaultListableBeanFactory     : Returning cached instance of singleton bean 'mvcResourceUrlProvider'
2025-01-07T20:30:50.100+07:00 TRACE 27900 --- [csrf] [    Test worker] o.s.b.f.s.DefaultListableBeanFactory     : Returning cached instance of singleton bean 'defaultServletHandlerMapping'
2025-01-07T20:30:50.100+07:00 DEBUG 27900 --- [csrf] [    Test worker] o.s.b.f.s.DefaultListableBeanFactory     : Creating shared instance of singleton bean 'requestMappingHandlerAdapter'
2025-01-07T20:30:50.100+07:00 TRACE 27900 --- [csrf] [    Test worker] o.s.b.f.s.DefaultListableBeanFactory     : Creating instance of bean 'requestMappingHandlerAdapter'
2025-01-07T20:30:50.100+07:00 TRACE 27900 --- [csrf] [    Test worker] o.s.b.f.s.DefaultListableBeanFactory     : Returning cached instance of singleton bean 'org.springframework.boot.autoconfigure.web.servlet.WebMvcAutoConfiguration$EnableWebMvcConfiguration'
2025-01-07T20:30:50.100+07:00 TRACE 27900 --- [csrf] [    Test worker] o.s.b.f.s.DefaultListableBeanFactory     : Returning cached instance of singleton bean 'mvcContentNegotiationManager'
2025-01-07T20:30:50.100+07:00 TRACE 27900 --- [csrf] [    Test worker] o.s.b.f.s.DefaultListableBeanFactory     : Returning cached instance of singleton bean 'mvcConversionService'
2025-01-07T20:30:50.100+07:00 TRACE 27900 --- [csrf] [    Test worker] o.s.b.f.s.DefaultListableBeanFactory     : Returning cached instance of singleton bean 'mvcValidator'
2025-01-07T20:30:50.100+07:00 DEBUG 27900 --- [csrf] [    Test worker] o.s.b.f.s.DefaultListableBeanFactory     : Autowiring by type from bean name 'requestMappingHandlerAdapter' via factory method to bean named 'mvcContentNegotiationManager'
2025-01-07T20:30:50.100+07:00 DEBUG 27900 --- [csrf] [    Test worker] o.s.b.f.s.DefaultListableBeanFactory     : Autowiring by type from bean name 'requestMappingHandlerAdapter' via factory method to bean named 'mvcConversionService'
2025-01-07T20:30:50.100+07:00 DEBUG 27900 --- [csrf] [    Test worker] o.s.b.f.s.DefaultListableBeanFactory     : Autowiring by type from bean name 'requestMappingHandlerAdapter' via factory method to bean named 'mvcValidator'
2025-01-07T20:30:50.104+07:00 DEBUG 27900 --- [csrf] [    Test worker] o.s.b.f.s.DefaultListableBeanFactory     : Creating shared instance of singleton bean 'applicationTaskExecutor'
2025-01-07T20:30:50.104+07:00 TRACE 27900 --- [csrf] [    Test worker] o.s.b.f.s.DefaultListableBeanFactory     : Creating instance of bean 'applicationTaskExecutor'
2025-01-07T20:30:50.104+07:00 TRACE 27900 --- [csrf] [    Test worker] o.s.b.f.s.DefaultListableBeanFactory     : Returning cached instance of singleton bean 'org.springframework.boot.autoconfigure.task.TaskExecutorConfigurations$TaskExecutorConfiguration'
2025-01-07T20:30:50.104+07:00 TRACE 27900 --- [csrf] [    Test worker] o.s.b.f.s.DefaultListableBeanFactory     : Returning cached instance of singleton bean 'threadPoolTaskExecutorBuilder'
2025-01-07T20:30:50.104+07:00 DEBUG 27900 --- [csrf] [    Test worker] o.s.b.f.s.DefaultListableBeanFactory     : Autowiring by type from bean name 'applicationTaskExecutor' via factory method to bean named 'threadPoolTaskExecutorBuilder'
2025-01-07T20:30:50.106+07:00 TRACE 27900 --- [csrf] [    Test worker] o.s.b.f.s.DefaultListableBeanFactory     : Invoking afterPropertiesSet() on bean with name 'applicationTaskExecutor'
2025-01-07T20:30:50.106+07:00 DEBUG 27900 --- [csrf] [    Test worker] o.s.s.concurrent.ThreadPoolTaskExecutor  : Initializing ExecutorService 'applicationTaskExecutor'
2025-01-07T20:30:50.106+07:00 TRACE 27900 --- [csrf] [    Test worker] o.s.b.f.s.DefaultListableBeanFactory     : Finished creating instance of bean 'applicationTaskExecutor'
2025-01-07T20:30:50.107+07:00 TRACE 27900 --- [csrf] [    Test worker] o.s.b.f.s.DefaultListableBeanFactory     : Invoking afterPropertiesSet() on bean with name 'requestMappingHandlerAdapter'
2025-01-07T20:30:50.109+07:00 DEBUG 27900 --- [csrf] [    Test worker] s.w.s.m.m.a.RequestMappingHandlerAdapter : ControllerAdvice beans: 0 @ModelAttribute, 0 @InitBinder, 1 RequestBodyAdvice, 1 ResponseBodyAdvice
2025-01-07T20:30:50.116+07:00 TRACE 27900 --- [csrf] [    Test worker] o.s.b.f.s.DefaultListableBeanFactory     : Returning cached instance of singleton bean 'beanNameViewResolver'
2025-01-07T20:30:50.116+07:00 DEBUG 27900 --- [csrf] [    Test worker] o.s.b.f.s.DefaultListableBeanFactory     : Creating shared instance of singleton bean 'mvcViewResolver'
2025-01-07T20:30:50.116+07:00 TRACE 27900 --- [csrf] [    Test worker] o.s.b.f.s.DefaultListableBeanFactory     : Creating instance of bean 'mvcViewResolver'
2025-01-07T20:30:50.116+07:00 TRACE 27900 --- [csrf] [    Test worker] o.s.b.f.s.DefaultListableBeanFactory     : Returning cached instance of singleton bean 'org.springframework.boot.autoconfigure.web.servlet.WebMvcAutoConfiguration$EnableWebMvcConfiguration'
2025-01-07T20:30:50.116+07:00 TRACE 27900 --- [csrf] [    Test worker] o.s.b.f.s.DefaultListableBeanFactory     : Returning cached instance of singleton bean 'mvcContentNegotiationManager'
2025-01-07T20:30:50.117+07:00 DEBUG 27900 --- [csrf] [    Test worker] o.s.b.f.s.DefaultListableBeanFactory     : Autowiring by type from bean name 'mvcViewResolver' via factory method to bean named 'mvcContentNegotiationManager'
2025-01-07T20:30:50.117+07:00 TRACE 27900 --- [csrf] [    Test worker] o.s.b.f.s.DefaultListableBeanFactory     : Invoking afterPropertiesSet() on bean with name 'mvcViewResolver'
2025-01-07T20:30:50.117+07:00 TRACE 27900 --- [csrf] [    Test worker] o.s.b.f.s.DefaultListableBeanFactory     : Finished creating instance of bean 'mvcViewResolver'
2025-01-07T20:30:50.117+07:00 DEBUG 27900 --- [csrf] [    Test worker] o.s.b.f.s.DefaultListableBeanFactory     : Creating shared instance of singleton bean 'defaultViewResolver'
2025-01-07T20:30:50.117+07:00 TRACE 27900 --- [csrf] [    Test worker] o.s.b.f.s.DefaultListableBeanFactory     : Creating instance of bean 'defaultViewResolver'
2025-01-07T20:30:50.117+07:00 TRACE 27900 --- [csrf] [    Test worker] o.s.b.f.s.DefaultListableBeanFactory     : Returning cached instance of singleton bean 'org.springframework.boot.autoconfigure.web.servlet.WebMvcAutoConfiguration$WebMvcAutoConfigurationAdapter'
2025-01-07T20:30:50.119+07:00 TRACE 27900 --- [csrf] [    Test worker] o.s.b.f.s.DefaultListableBeanFactory     : Finished creating instance of bean 'defaultViewResolver'
2025-01-07T20:30:50.119+07:00 DEBUG 27900 --- [csrf] [    Test worker] o.s.b.f.s.DefaultListableBeanFactory     : Creating shared instance of singleton bean 'viewResolver'
2025-01-07T20:30:50.119+07:00 TRACE 27900 --- [csrf] [    Test worker] o.s.b.f.s.DefaultListableBeanFactory     : Creating instance of bean 'viewResolver'
2025-01-07T20:30:50.119+07:00 TRACE 27900 --- [csrf] [    Test worker] o.s.b.f.s.DefaultListableBeanFactory     : Returning cached instance of singleton bean 'org.springframework.boot.autoconfigure.web.servlet.WebMvcAutoConfiguration$WebMvcAutoConfigurationAdapter'
2025-01-07T20:30:50.119+07:00 DEBUG 27900 --- [csrf] [    Test worker] o.s.b.f.s.DefaultListableBeanFactory     : Autowiring by type from bean name 'viewResolver' via factory method to bean named 'org.springframework.beans.factory.support.DefaultListableBeanFactory@345cf395'
2025-01-07T20:30:50.119+07:00 TRACE 27900 --- [csrf] [    Test worker] o.s.b.f.s.DefaultListableBeanFactory     : Returning cached instance of singleton bean 'mvcContentNegotiationManager'
2025-01-07T20:30:50.119+07:00 TRACE 27900 --- [csrf] [    Test worker] o.s.b.f.s.DefaultListableBeanFactory     : Returning cached instance of singleton bean 'beanNameViewResolver'
2025-01-07T20:30:50.119+07:00 TRACE 27900 --- [csrf] [    Test worker] o.s.b.f.s.DefaultListableBeanFactory     : Returning cached instance of singleton bean 'mvcViewResolver'
2025-01-07T20:30:50.119+07:00 TRACE 27900 --- [csrf] [    Test worker] o.s.b.f.s.DefaultListableBeanFactory     : Returning cached instance of singleton bean 'defaultViewResolver'
2025-01-07T20:30:50.120+07:00 DEBUG 27900 --- [csrf] [    Test worker] o.s.b.f.s.DefaultListableBeanFactory     : Creating shared instance of singleton bean 'viewResolver'
2025-01-07T20:30:50.120+07:00 TRACE 27900 --- [csrf] [    Test worker] o.s.b.f.s.DefaultListableBeanFactory     : Ignoring match to currently created bean 'viewResolver': Error creating bean with name 'viewResolver': Requested bean is currently in creation: Is there an unresolvable circular reference or an asynchronous initialization dependency?
2025-01-07T20:30:50.120+07:00 TRACE 27900 --- [csrf] [    Test worker] o.s.b.f.s.DefaultListableBeanFactory     : Invoking afterPropertiesSet() on bean with name 'viewResolver'
2025-01-07T20:30:50.120+07:00 TRACE 27900 --- [csrf] [    Test worker] o.s.b.f.s.DefaultListableBeanFactory     : Finished creating instance of bean 'viewResolver'
2025-01-07T20:30:50.120+07:00 TRACE 27900 --- [csrf] [    Test worker] o.s.b.f.s.DefaultListableBeanFactory     : Returning cached instance of singleton bean 'localeResolver'
2025-01-07T20:30:50.121+07:00 TRACE 27900 --- [csrf] [    Test worker] o.s.b.f.s.DefaultListableBeanFactory     : Finished creating instance of bean 'requestMappingHandlerAdapter'
2025-01-07T20:30:50.121+07:00 DEBUG 27900 --- [csrf] [    Test worker] o.s.b.f.s.DefaultListableBeanFactory     : Creating shared instance of singleton bean 'handlerFunctionAdapter'
2025-01-07T20:30:50.121+07:00 TRACE 27900 --- [csrf] [    Test worker] o.s.b.f.s.DefaultListableBeanFactory     : Creating instance of bean 'handlerFunctionAdapter'
2025-01-07T20:30:50.121+07:00 TRACE 27900 --- [csrf] [    Test worker] o.s.b.f.s.DefaultListableBeanFactory     : Returning cached instance of singleton bean 'org.springframework.boot.autoconfigure.web.servlet.WebMvcAutoConfiguration$EnableWebMvcConfiguration'
2025-01-07T20:30:50.122+07:00 TRACE 27900 --- [csrf] [    Test worker] o.s.b.f.s.DefaultListableBeanFactory     : Finished creating instance of bean 'handlerFunctionAdapter'
2025-01-07T20:30:50.122+07:00 DEBUG 27900 --- [csrf] [    Test worker] o.s.b.f.s.DefaultListableBeanFactory     : Creating shared instance of singleton bean 'mvcUriComponentsContributor'
2025-01-07T20:30:50.122+07:00 TRACE 27900 --- [csrf] [    Test worker] o.s.b.f.s.DefaultListableBeanFactory     : Creating instance of bean 'mvcUriComponentsContributor'
2025-01-07T20:30:50.122+07:00 TRACE 27900 --- [csrf] [    Test worker] o.s.b.f.s.DefaultListableBeanFactory     : Returning cached instance of singleton bean 'org.springframework.boot.autoconfigure.web.servlet.WebMvcAutoConfiguration$EnableWebMvcConfiguration'
2025-01-07T20:30:50.122+07:00 TRACE 27900 --- [csrf] [    Test worker] o.s.b.f.s.DefaultListableBeanFactory     : Returning cached instance of singleton bean 'mvcConversionService'
2025-01-07T20:30:50.122+07:00 TRACE 27900 --- [csrf] [    Test worker] o.s.b.f.s.DefaultListableBeanFactory     : Returning cached instance of singleton bean 'requestMappingHandlerAdapter'
2025-01-07T20:30:50.122+07:00 DEBUG 27900 --- [csrf] [    Test worker] o.s.b.f.s.DefaultListableBeanFactory     : Autowiring by type from bean name 'mvcUriComponentsContributor' via factory method to bean named 'mvcConversionService'
2025-01-07T20:30:50.122+07:00 DEBUG 27900 --- [csrf] [    Test worker] o.s.b.f.s.DefaultListableBeanFactory     : Autowiring by type from bean name 'mvcUriComponentsContributor' via factory method to bean named 'requestMappingHandlerAdapter'
2025-01-07T20:30:50.123+07:00 TRACE 27900 --- [csrf] [    Test worker] o.s.b.f.s.DefaultListableBeanFactory     : Finished creating instance of bean 'mvcUriComponentsContributor'
2025-01-07T20:30:50.123+07:00 DEBUG 27900 --- [csrf] [    Test worker] o.s.b.f.s.DefaultListableBeanFactory     : Creating shared instance of singleton bean 'httpRequestHandlerAdapter'
2025-01-07T20:30:50.123+07:00 TRACE 27900 --- [csrf] [    Test worker] o.s.b.f.s.DefaultListableBeanFactory     : Creating instance of bean 'httpRequestHandlerAdapter'
2025-01-07T20:30:50.123+07:00 TRACE 27900 --- [csrf] [    Test worker] o.s.b.f.s.DefaultListableBeanFactory     : Returning cached instance of singleton bean 'org.springframework.boot.autoconfigure.web.servlet.WebMvcAutoConfiguration$EnableWebMvcConfiguration'
2025-01-07T20:30:50.123+07:00 TRACE 27900 --- [csrf] [    Test worker] o.s.b.f.s.DefaultListableBeanFactory     : Finished creating instance of bean 'httpRequestHandlerAdapter'
2025-01-07T20:30:50.123+07:00 DEBUG 27900 --- [csrf] [    Test worker] o.s.b.f.s.DefaultListableBeanFactory     : Creating shared instance of singleton bean 'simpleControllerHandlerAdapter'
2025-01-07T20:30:50.123+07:00 TRACE 27900 --- [csrf] [    Test worker] o.s.b.f.s.DefaultListableBeanFactory     : Creating instance of bean 'simpleControllerHandlerAdapter'
2025-01-07T20:30:50.123+07:00 TRACE 27900 --- [csrf] [    Test worker] o.s.b.f.s.DefaultListableBeanFactory     : Returning cached instance of singleton bean 'org.springframework.boot.autoconfigure.web.servlet.WebMvcAutoConfiguration$EnableWebMvcConfiguration'
2025-01-07T20:30:50.123+07:00 TRACE 27900 --- [csrf] [    Test worker] o.s.b.f.s.DefaultListableBeanFactory     : Finished creating instance of bean 'simpleControllerHandlerAdapter'
2025-01-07T20:30:50.123+07:00 DEBUG 27900 --- [csrf] [    Test worker] o.s.b.f.s.DefaultListableBeanFactory     : Creating shared instance of singleton bean 'handlerExceptionResolver'
2025-01-07T20:30:50.123+07:00 TRACE 27900 --- [csrf] [    Test worker] o.s.b.f.s.DefaultListableBeanFactory     : Creating instance of bean 'handlerExceptionResolver'
2025-01-07T20:30:50.123+07:00 TRACE 27900 --- [csrf] [    Test worker] o.s.b.f.s.DefaultListableBeanFactory     : Returning cached instance of singleton bean 'org.springframework.boot.autoconfigure.web.servlet.WebMvcAutoConfiguration$EnableWebMvcConfiguration'
2025-01-07T20:30:50.123+07:00 TRACE 27900 --- [csrf] [    Test worker] o.s.b.f.s.DefaultListableBeanFactory     : Returning cached instance of singleton bean 'mvcContentNegotiationManager'
2025-01-07T20:30:50.123+07:00 DEBUG 27900 --- [csrf] [    Test worker] o.s.b.f.s.DefaultListableBeanFactory     : Autowiring by type from bean name 'handlerExceptionResolver' via factory method to bean named 'mvcContentNegotiationManager'
2025-01-07T20:30:50.124+07:00 DEBUG 27900 --- [csrf] [    Test worker] .m.m.a.ExceptionHandlerExceptionResolver : ControllerAdvice beans: 0 @ExceptionHandler, 1 ResponseBodyAdvice
2025-01-07T20:30:50.125+07:00 TRACE 27900 --- [csrf] [    Test worker] o.s.b.f.s.DefaultListableBeanFactory     : Finished creating instance of bean 'handlerExceptionResolver'
2025-01-07T20:30:50.126+07:00 TRACE 27900 --- [csrf] [    Test worker] o.s.b.f.s.DefaultListableBeanFactory     : Returning cached instance of singleton bean 'mvcViewResolver'
2025-01-07T20:30:50.126+07:00 TRACE 27900 --- [csrf] [    Test worker] o.s.b.f.s.DefaultListableBeanFactory     : Returning cached instance of singleton bean 'org.springframework.boot.autoconfigure.web.servlet.WebMvcAutoConfiguration$WebMvcAutoConfigurationAdapter'
2025-01-07T20:30:50.126+07:00 TRACE 27900 --- [csrf] [    Test worker] o.s.b.f.s.DefaultListableBeanFactory     : Returning cached instance of singleton bean 'defaultViewResolver'
2025-01-07T20:30:50.126+07:00 TRACE 27900 --- [csrf] [    Test worker] o.s.b.f.s.DefaultListableBeanFactory     : Returning cached instance of singleton bean 'viewResolver'
2025-01-07T20:30:50.126+07:00 TRACE 27900 --- [csrf] [    Test worker] o.s.b.f.s.DefaultListableBeanFactory     : Returning cached instance of singleton bean 'requestContextFilter'
2025-01-07T20:30:50.126+07:00 TRACE 27900 --- [csrf] [    Test worker] o.s.b.f.s.DefaultListableBeanFactory     : Returning cached instance of singleton bean 'org.springframework.boot.autoconfigure.web.servlet.WebMvcAutoConfiguration'
2025-01-07T20:30:50.126+07:00 TRACE 27900 --- [csrf] [    Test worker] o.s.b.f.s.DefaultListableBeanFactory     : Returning cached instance of singleton bean 'formContentFilter'
2025-01-07T20:30:50.126+07:00 DEBUG 27900 --- [csrf] [    Test worker] o.s.b.f.s.DefaultListableBeanFactory     : Creating shared instance of singleton bean 'org.springframework.boot.autoconfigure.aop.AopAutoConfiguration$ClassProxyingConfiguration'
2025-01-07T20:30:50.126+07:00 TRACE 27900 --- [csrf] [    Test worker] o.s.b.f.s.DefaultListableBeanFactory     : Creating instance of bean 'org.springframework.boot.autoconfigure.aop.AopAutoConfiguration$ClassProxyingConfiguration'
2025-01-07T20:30:50.126+07:00 TRACE 27900 --- [csrf] [    Test worker] o.s.b.f.s.DefaultListableBeanFactory     : Finished creating instance of bean 'org.springframework.boot.autoconfigure.aop.AopAutoConfiguration$ClassProxyingConfiguration'
2025-01-07T20:30:50.126+07:00 TRACE 27900 --- [csrf] [    Test worker] o.s.b.f.s.DefaultListableBeanFactory     : Returning cached instance of singleton bean 'forceAutoProxyCreatorToUseClassProxying'
2025-01-07T20:30:50.126+07:00 DEBUG 27900 --- [csrf] [    Test worker] o.s.b.f.s.DefaultListableBeanFactory     : Creating shared instance of singleton bean 'org.springframework.boot.autoconfigure.aop.AopAutoConfiguration'
2025-01-07T20:30:50.126+07:00 TRACE 27900 --- [csrf] [    Test worker] o.s.b.f.s.DefaultListableBeanFactory     : Creating instance of bean 'org.springframework.boot.autoconfigure.aop.AopAutoConfiguration'
2025-01-07T20:30:50.126+07:00 TRACE 27900 --- [csrf] [    Test worker] o.s.b.f.s.DefaultListableBeanFactory     : Finished creating instance of bean 'org.springframework.boot.autoconfigure.aop.AopAutoConfiguration'
2025-01-07T20:30:50.126+07:00 DEBUG 27900 --- [csrf] [    Test worker] o.s.b.f.s.DefaultListableBeanFactory     : Creating shared instance of singleton bean 'org.springframework.boot.autoconfigure.availability.ApplicationAvailabilityAutoConfiguration'
2025-01-07T20:30:50.126+07:00 TRACE 27900 --- [csrf] [    Test worker] o.s.b.f.s.DefaultListableBeanFactory     : Creating instance of bean 'org.springframework.boot.autoconfigure.availability.ApplicationAvailabilityAutoConfiguration'
2025-01-07T20:30:50.126+07:00 TRACE 27900 --- [csrf] [    Test worker] o.s.b.f.s.DefaultListableBeanFactory     : Finished creating instance of bean 'org.springframework.boot.autoconfigure.availability.ApplicationAvailabilityAutoConfiguration'
2025-01-07T20:30:50.126+07:00 DEBUG 27900 --- [csrf] [    Test worker] o.s.b.f.s.DefaultListableBeanFactory     : Creating shared instance of singleton bean 'applicationAvailability'
2025-01-07T20:30:50.126+07:00 TRACE 27900 --- [csrf] [    Test worker] o.s.b.f.s.DefaultListableBeanFactory     : Creating instance of bean 'applicationAvailability'
2025-01-07T20:30:50.126+07:00 TRACE 27900 --- [csrf] [    Test worker] o.s.b.f.s.DefaultListableBeanFactory     : Returning cached instance of singleton bean 'org.springframework.boot.autoconfigure.availability.ApplicationAvailabilityAutoConfiguration'
2025-01-07T20:30:50.126+07:00 TRACE 27900 --- [csrf] [    Test worker] o.s.b.f.s.DefaultListableBeanFactory     : Finished creating instance of bean 'applicationAvailability'
2025-01-07T20:30:50.126+07:00 TRACE 27900 --- [csrf] [    Test worker] o.s.b.f.s.DefaultListableBeanFactory     : Returning cached instance of singleton bean 'org.springframework.boot.autoconfigure.jackson.JacksonAutoConfiguration$Jackson2ObjectMapperBuilderCustomizerConfiguration'
2025-01-07T20:30:50.126+07:00 TRACE 27900 --- [csrf] [    Test worker] o.s.b.f.s.DefaultListableBeanFactory     : Returning cached instance of singleton bean 'standardJacksonObjectMapperBuilderCustomizer'
2025-01-07T20:30:50.126+07:00 TRACE 27900 --- [csrf] [    Test worker] o.s.b.f.s.DefaultListableBeanFactory     : Returning cached instance of singleton bean 'spring.jackson-org.springframework.boot.autoconfigure.jackson.JacksonProperties'
2025-01-07T20:30:50.126+07:00 TRACE 27900 --- [csrf] [    Test worker] o.s.b.f.s.DefaultListableBeanFactory     : Returning cached instance of singleton bean 'org.springframework.boot.autoconfigure.jackson.JacksonAutoConfiguration$JacksonObjectMapperBuilderConfiguration'
2025-01-07T20:30:50.126+07:00 TRACE 27900 --- [csrf] [    Test worker] o.s.b.f.s.DefaultListableBeanFactory     : Returning cached instance of singleton bean 'org.springframework.boot.autoconfigure.jackson.JacksonAutoConfiguration$ParameterNamesModuleConfiguration'
2025-01-07T20:30:50.126+07:00 TRACE 27900 --- [csrf] [    Test worker] o.s.b.f.s.DefaultListableBeanFactory     : Returning cached instance of singleton bean 'parameterNamesModule'
2025-01-07T20:30:50.126+07:00 TRACE 27900 --- [csrf] [    Test worker] o.s.b.f.s.DefaultListableBeanFactory     : Returning cached instance of singleton bean 'org.springframework.boot.autoconfigure.jackson.JacksonAutoConfiguration$JacksonObjectMapperConfiguration'
2025-01-07T20:30:50.126+07:00 TRACE 27900 --- [csrf] [    Test worker] o.s.b.f.s.DefaultListableBeanFactory     : Returning cached instance of singleton bean 'jacksonObjectMapper'
2025-01-07T20:30:50.126+07:00 TRACE 27900 --- [csrf] [    Test worker] o.s.b.f.s.DefaultListableBeanFactory     : Returning cached instance of singleton bean 'org.springframework.boot.autoconfigure.jackson.JacksonAutoConfiguration$JacksonMixinConfiguration'
2025-01-07T20:30:50.126+07:00 TRACE 27900 --- [csrf] [    Test worker] o.s.b.f.s.DefaultListableBeanFactory     : Returning cached instance of singleton bean 'jsonMixinModuleEntries'
2025-01-07T20:30:50.126+07:00 TRACE 27900 --- [csrf] [    Test worker] o.s.b.f.s.DefaultListableBeanFactory     : Returning cached instance of singleton bean 'jsonMixinModule'
2025-01-07T20:30:50.126+07:00 TRACE 27900 --- [csrf] [    Test worker] o.s.b.f.s.DefaultListableBeanFactory     : Returning cached instance of singleton bean 'org.springframework.boot.autoconfigure.jackson.JacksonAutoConfiguration'
2025-01-07T20:30:50.126+07:00 TRACE 27900 --- [csrf] [    Test worker] o.s.b.f.s.DefaultListableBeanFactory     : Returning cached instance of singleton bean 'jsonComponentModule'
2025-01-07T20:30:50.126+07:00 DEBUG 27900 --- [csrf] [    Test worker] o.s.b.f.s.DefaultListableBeanFactory     : Creating shared instance of singleton bean 'org.springframework.boot.autoconfigure.context.ConfigurationPropertiesAutoConfiguration'
2025-01-07T20:30:50.126+07:00 TRACE 27900 --- [csrf] [    Test worker] o.s.b.f.s.DefaultListableBeanFactory     : Creating instance of bean 'org.springframework.boot.autoconfigure.context.ConfigurationPropertiesAutoConfiguration'
2025-01-07T20:30:50.127+07:00 TRACE 27900 --- [csrf] [    Test worker] o.s.b.f.s.DefaultListableBeanFactory     : Finished creating instance of bean 'org.springframework.boot.autoconfigure.context.ConfigurationPropertiesAutoConfiguration'
2025-01-07T20:30:50.127+07:00 DEBUG 27900 --- [csrf] [    Test worker] o.s.b.f.s.DefaultListableBeanFactory     : Creating shared instance of singleton bean 'org.springframework.boot.autoconfigure.context.LifecycleAutoConfiguration'
2025-01-07T20:30:50.127+07:00 TRACE 27900 --- [csrf] [    Test worker] o.s.b.f.s.DefaultListableBeanFactory     : Creating instance of bean 'org.springframework.boot.autoconfigure.context.LifecycleAutoConfiguration'
2025-01-07T20:30:50.127+07:00 TRACE 27900 --- [csrf] [    Test worker] o.s.b.f.s.DefaultListableBeanFactory     : Finished creating instance of bean 'org.springframework.boot.autoconfigure.context.LifecycleAutoConfiguration'
2025-01-07T20:30:50.127+07:00 DEBUG 27900 --- [csrf] [    Test worker] o.s.b.f.s.DefaultListableBeanFactory     : Creating shared instance of singleton bean 'lifecycleProcessor'
2025-01-07T20:30:50.127+07:00 TRACE 27900 --- [csrf] [    Test worker] o.s.b.f.s.DefaultListableBeanFactory     : Creating instance of bean 'lifecycleProcessor'
2025-01-07T20:30:50.127+07:00 TRACE 27900 --- [csrf] [    Test worker] o.s.b.f.s.DefaultListableBeanFactory     : Returning cached instance of singleton bean 'org.springframework.boot.autoconfigure.context.LifecycleAutoConfiguration'
2025-01-07T20:30:50.127+07:00 DEBUG 27900 --- [csrf] [    Test worker] o.s.b.f.s.DefaultListableBeanFactory     : Creating shared instance of singleton bean 'spring.lifecycle-org.springframework.boot.autoconfigure.context.LifecycleProperties'
2025-01-07T20:30:50.127+07:00 TRACE 27900 --- [csrf] [    Test worker] o.s.b.f.s.DefaultListableBeanFactory     : Creating instance of bean 'spring.lifecycle-org.springframework.boot.autoconfigure.context.LifecycleProperties'
2025-01-07T20:30:50.127+07:00 TRACE 27900 --- [csrf] [    Test worker] o.s.b.f.s.DefaultListableBeanFactory     : Returning cached instance of singleton bean 'org.springframework.boot.context.properties.BoundConfigurationProperties'
2025-01-07T20:30:50.127+07:00 TRACE 27900 --- [csrf] [    Test worker] o.s.b.f.s.DefaultListableBeanFactory     : Finished creating instance of bean 'spring.lifecycle-org.springframework.boot.autoconfigure.context.LifecycleProperties'
2025-01-07T20:30:50.127+07:00 DEBUG 27900 --- [csrf] [    Test worker] o.s.b.f.s.DefaultListableBeanFactory     : Autowiring by type from bean name 'lifecycleProcessor' via factory method to bean named 'spring.lifecycle-org.springframework.boot.autoconfigure.context.LifecycleProperties'
2025-01-07T20:30:50.128+07:00 TRACE 27900 --- [csrf] [    Test worker] o.s.b.f.s.DefaultListableBeanFactory     : Finished creating instance of bean 'lifecycleProcessor'
2025-01-07T20:30:50.128+07:00 TRACE 27900 --- [csrf] [    Test worker] o.s.b.f.s.DefaultListableBeanFactory     : Returning cached instance of singleton bean 'spring.lifecycle-org.springframework.boot.autoconfigure.context.LifecycleProperties'
2025-01-07T20:30:50.128+07:00 TRACE 27900 --- [csrf] [    Test worker] o.s.b.f.s.DefaultListableBeanFactory     : Returning cached instance of singleton bean 'org.springframework.boot.autoconfigure.http.HttpMessageConvertersAutoConfiguration$StringHttpMessageConverterConfiguration'
2025-01-07T20:30:50.128+07:00 TRACE 27900 --- [csrf] [    Test worker] o.s.b.f.s.DefaultListableBeanFactory     : Returning cached instance of singleton bean 'stringHttpMessageConverter'
2025-01-07T20:30:50.128+07:00 TRACE 27900 --- [csrf] [    Test worker] o.s.b.f.s.DefaultListableBeanFactory     : Returning cached instance of singleton bean 'org.springframework.boot.autoconfigure.http.JacksonHttpMessageConvertersConfiguration$MappingJackson2HttpMessageConverterConfiguration'
2025-01-07T20:30:50.128+07:00 TRACE 27900 --- [csrf] [    Test worker] o.s.b.f.s.DefaultListableBeanFactory     : Returning cached instance of singleton bean 'mappingJackson2HttpMessageConverter'
2025-01-07T20:30:50.128+07:00 DEBUG 27900 --- [csrf] [    Test worker] o.s.b.f.s.DefaultListableBeanFactory     : Creating shared instance of singleton bean 'org.springframework.boot.autoconfigure.http.JacksonHttpMessageConvertersConfiguration'
2025-01-07T20:30:50.128+07:00 TRACE 27900 --- [csrf] [    Test worker] o.s.b.f.s.DefaultListableBeanFactory     : Creating instance of bean 'org.springframework.boot.autoconfigure.http.JacksonHttpMessageConvertersConfiguration'
2025-01-07T20:30:50.128+07:00 TRACE 27900 --- [csrf] [    Test worker] o.s.b.f.s.DefaultListableBeanFactory     : Finished creating instance of bean 'org.springframework.boot.autoconfigure.http.JacksonHttpMessageConvertersConfiguration'
2025-01-07T20:30:50.128+07:00 TRACE 27900 --- [csrf] [    Test worker] o.s.b.f.s.DefaultListableBeanFactory     : Returning cached instance of singleton bean 'org.springframework.boot.autoconfigure.http.HttpMessageConvertersAutoConfiguration'
2025-01-07T20:30:50.128+07:00 TRACE 27900 --- [csrf] [    Test worker] o.s.b.f.s.DefaultListableBeanFactory     : Returning cached instance of singleton bean 'messageConverters'
2025-01-07T20:30:50.128+07:00 DEBUG 27900 --- [csrf] [    Test worker] o.s.b.f.s.DefaultListableBeanFactory     : Creating shared instance of singleton bean 'org.springframework.boot.autoconfigure.http.client.HttpClientAutoConfiguration'
2025-01-07T20:30:50.128+07:00 TRACE 27900 --- [csrf] [    Test worker] o.s.b.f.s.DefaultListableBeanFactory     : Creating instance of bean 'org.springframework.boot.autoconfigure.http.client.HttpClientAutoConfiguration'
2025-01-07T20:30:50.128+07:00 TRACE 27900 --- [csrf] [    Test worker] o.s.b.f.s.DefaultListableBeanFactory     : Finished creating instance of bean 'org.springframework.boot.autoconfigure.http.client.HttpClientAutoConfiguration'
2025-01-07T20:30:50.128+07:00 DEBUG 27900 --- [csrf] [    Test worker] o.s.b.f.s.DefaultListableBeanFactory     : Creating shared instance of singleton bean 'clientHttpRequestFactoryBuilder'
2025-01-07T20:30:50.128+07:00 TRACE 27900 --- [csrf] [    Test worker] o.s.b.f.s.DefaultListableBeanFactory     : Creating instance of bean 'clientHttpRequestFactoryBuilder'
2025-01-07T20:30:50.128+07:00 TRACE 27900 --- [csrf] [    Test worker] o.s.b.f.s.DefaultListableBeanFactory     : Returning cached instance of singleton bean 'org.springframework.boot.autoconfigure.http.client.HttpClientAutoConfiguration'
2025-01-07T20:30:50.129+07:00 DEBUG 27900 --- [csrf] [    Test worker] o.s.b.f.s.DefaultListableBeanFactory     : Creating shared instance of singleton bean 'spring.http.client-org.springframework.boot.autoconfigure.http.client.HttpClientProperties'
2025-01-07T20:30:50.129+07:00 TRACE 27900 --- [csrf] [    Test worker] o.s.b.f.s.DefaultListableBeanFactory     : Creating instance of bean 'spring.http.client-org.springframework.boot.autoconfigure.http.client.HttpClientProperties'
2025-01-07T20:30:50.129+07:00 TRACE 27900 --- [csrf] [    Test worker] o.s.b.f.s.DefaultListableBeanFactory     : Returning cached instance of singleton bean 'org.springframework.boot.context.properties.BoundConfigurationProperties'
2025-01-07T20:30:50.129+07:00 TRACE 27900 --- [csrf] [    Test worker] o.s.b.f.s.DefaultListableBeanFactory     : Finished creating instance of bean 'spring.http.client-org.springframework.boot.autoconfigure.http.client.HttpClientProperties'
2025-01-07T20:30:50.129+07:00 DEBUG 27900 --- [csrf] [    Test worker] o.s.b.f.s.DefaultListableBeanFactory     : Autowiring by type from bean name 'clientHttpRequestFactoryBuilder' via factory method to bean named 'spring.http.client-org.springframework.boot.autoconfigure.http.client.HttpClientProperties'
2025-01-07T20:30:50.132+07:00 TRACE 27900 --- [csrf] [    Test worker] o.s.b.f.s.DefaultListableBeanFactory     : Finished creating instance of bean 'clientHttpRequestFactoryBuilder'
2025-01-07T20:30:50.132+07:00 DEBUG 27900 --- [csrf] [    Test worker] o.s.b.f.s.DefaultListableBeanFactory     : Creating shared instance of singleton bean 'clientHttpRequestFactorySettings'
2025-01-07T20:30:50.132+07:00 TRACE 27900 --- [csrf] [    Test worker] o.s.b.f.s.DefaultListableBeanFactory     : Creating instance of bean 'clientHttpRequestFactorySettings'
2025-01-07T20:30:50.132+07:00 TRACE 27900 --- [csrf] [    Test worker] o.s.b.f.s.DefaultListableBeanFactory     : Returning cached instance of singleton bean 'org.springframework.boot.autoconfigure.http.client.HttpClientAutoConfiguration'
2025-01-07T20:30:50.132+07:00 TRACE 27900 --- [csrf] [    Test worker] o.s.b.f.s.DefaultListableBeanFactory     : Returning cached instance of singleton bean 'spring.http.client-org.springframework.boot.autoconfigure.http.client.HttpClientProperties'
2025-01-07T20:30:50.132+07:00 DEBUG 27900 --- [csrf] [    Test worker] o.s.b.f.s.DefaultListableBeanFactory     : Autowiring by type from bean name 'clientHttpRequestFactorySettings' via factory method to bean named 'spring.http.client-org.springframework.boot.autoconfigure.http.client.HttpClientProperties'
2025-01-07T20:30:50.132+07:00 TRACE 27900 --- [csrf] [    Test worker] o.s.b.f.s.DefaultListableBeanFactory     : Finished creating instance of bean 'clientHttpRequestFactorySettings'
2025-01-07T20:30:50.132+07:00 TRACE 27900 --- [csrf] [    Test worker] o.s.b.f.s.DefaultListableBeanFactory     : Returning cached instance of singleton bean 'spring.http.client-org.springframework.boot.autoconfigure.http.client.HttpClientProperties'
2025-01-07T20:30:50.132+07:00 DEBUG 27900 --- [csrf] [    Test worker] o.s.b.f.s.DefaultListableBeanFactory     : Creating shared instance of singleton bean 'org.springframework.boot.autoconfigure.info.ProjectInfoAutoConfiguration'
2025-01-07T20:30:50.132+07:00 TRACE 27900 --- [csrf] [    Test worker] o.s.b.f.s.DefaultListableBeanFactory     : Creating instance of bean 'org.springframework.boot.autoconfigure.info.ProjectInfoAutoConfiguration'
2025-01-07T20:30:50.133+07:00 DEBUG 27900 --- [csrf] [    Test worker] o.s.b.f.s.DefaultListableBeanFactory     : Creating shared instance of singleton bean 'spring.info-org.springframework.boot.autoconfigure.info.ProjectInfoProperties'
2025-01-07T20:30:50.133+07:00 TRACE 27900 --- [csrf] [    Test worker] o.s.b.f.s.DefaultListableBeanFactory     : Creating instance of bean 'spring.info-org.springframework.boot.autoconfigure.info.ProjectInfoProperties'
2025-01-07T20:30:50.134+07:00 TRACE 27900 --- [csrf] [    Test worker] o.s.b.f.s.DefaultListableBeanFactory     : Returning cached instance of singleton bean 'org.springframework.boot.context.properties.BoundConfigurationProperties'
2025-01-07T20:30:50.134+07:00 TRACE 27900 --- [csrf] [    Test worker] o.s.b.f.s.DefaultListableBeanFactory     : Finished creating instance of bean 'spring.info-org.springframework.boot.autoconfigure.info.ProjectInfoProperties'
2025-01-07T20:30:50.134+07:00 DEBUG 27900 --- [csrf] [    Test worker] o.s.b.f.s.DefaultListableBeanFactory     : Autowiring by type from bean name 'org.springframework.boot.autoconfigure.info.ProjectInfoAutoConfiguration' via constructor to bean named 'spring.info-org.springframework.boot.autoconfigure.info.ProjectInfoProperties'
2025-01-07T20:30:50.134+07:00 TRACE 27900 --- [csrf] [    Test worker] o.s.b.f.s.DefaultListableBeanFactory     : Finished creating instance of bean 'org.springframework.boot.autoconfigure.info.ProjectInfoAutoConfiguration'
2025-01-07T20:30:50.134+07:00 TRACE 27900 --- [csrf] [    Test worker] o.s.b.f.s.DefaultListableBeanFactory     : Returning cached instance of singleton bean 'spring.info-org.springframework.boot.autoconfigure.info.ProjectInfoProperties'
2025-01-07T20:30:50.134+07:00 TRACE 27900 --- [csrf] [    Test worker] o.s.b.f.s.DefaultListableBeanFactory     : Returning cached instance of singleton bean 'org.springframework.boot.autoconfigure.security.oauth2.server.servlet.OAuth2AuthorizationServerConfiguration'
2025-01-07T20:30:50.134+07:00 TRACE 27900 --- [csrf] [    Test worker] o.s.b.f.s.DefaultListableBeanFactory     : Returning cached instance of singleton bean 'authorizationServerSettings'
2025-01-07T20:30:50.134+07:00 TRACE 27900 --- [csrf] [    Test worker] o.s.b.f.s.DefaultListableBeanFactory     : Returning cached instance of singleton bean 'spring.security.oauth2.authorizationserver-org.springframework.boot.autoconfigure.security.oauth2.server.servlet.OAuth2AuthorizationServerProperties'
2025-01-07T20:30:50.134+07:00 DEBUG 27900 --- [csrf] [    Test worker] o.s.b.f.s.DefaultListableBeanFactory     : Creating shared instance of singleton bean 'org.springframework.boot.autoconfigure.security.oauth2.server.servlet.OAuth2AuthorizationServerAutoConfiguration'
2025-01-07T20:30:50.134+07:00 TRACE 27900 --- [csrf] [    Test worker] o.s.b.f.s.DefaultListableBeanFactory     : Creating instance of bean 'org.springframework.boot.autoconfigure.security.oauth2.server.servlet.OAuth2AuthorizationServerAutoConfiguration'
2025-01-07T20:30:50.134+07:00 TRACE 27900 --- [csrf] [    Test worker] o.s.b.f.s.DefaultListableBeanFactory     : Finished creating instance of bean 'org.springframework.boot.autoconfigure.security.oauth2.server.servlet.OAuth2AuthorizationServerAutoConfiguration'
2025-01-07T20:30:50.134+07:00 DEBUG 27900 --- [csrf] [    Test worker] o.s.b.f.s.DefaultListableBeanFactory     : Creating shared instance of singleton bean 'org.springframework.boot.autoconfigure.security.oauth2.resource.servlet.OAuth2ResourceServerJwtConfiguration$JwtDecoderConfiguration'
2025-01-07T20:30:50.134+07:00 TRACE 27900 --- [csrf] [    Test worker] o.s.b.f.s.DefaultListableBeanFactory     : Creating instance of bean 'org.springframework.boot.autoconfigure.security.oauth2.resource.servlet.OAuth2ResourceServerJwtConfiguration$JwtDecoderConfiguration'
2025-01-07T20:30:50.136+07:00 DEBUG 27900 --- [csrf] [    Test worker] o.s.b.f.s.DefaultListableBeanFactory     : Creating shared instance of singleton bean 'spring.security.oauth2.resourceserver-org.springframework.boot.autoconfigure.security.oauth2.resource.OAuth2ResourceServerProperties'
2025-01-07T20:30:50.136+07:00 TRACE 27900 --- [csrf] [    Test worker] o.s.b.f.s.DefaultListableBeanFactory     : Creating instance of bean 'spring.security.oauth2.resourceserver-org.springframework.boot.autoconfigure.security.oauth2.resource.OAuth2ResourceServerProperties'
2025-01-07T20:30:50.137+07:00 TRACE 27900 --- [csrf] [    Test worker] o.s.b.f.s.DefaultListableBeanFactory     : Returning cached instance of singleton bean 'org.springframework.boot.context.properties.BoundConfigurationProperties'
2025-01-07T20:30:50.137+07:00 TRACE 27900 --- [csrf] [    Test worker] o.s.b.f.s.DefaultListableBeanFactory     : Finished creating instance of bean 'spring.security.oauth2.resourceserver-org.springframework.boot.autoconfigure.security.oauth2.resource.OAuth2ResourceServerProperties'
2025-01-07T20:30:50.137+07:00 DEBUG 27900 --- [csrf] [    Test worker] o.s.b.f.s.DefaultListableBeanFactory     : Autowiring by type from bean name 'org.springframework.boot.autoconfigure.security.oauth2.resource.servlet.OAuth2ResourceServerJwtConfiguration$JwtDecoderConfiguration' via constructor to bean named 'spring.security.oauth2.resourceserver-org.springframework.boot.autoconfigure.security.oauth2.resource.OAuth2ResourceServerProperties'
2025-01-07T20:30:50.137+07:00 TRACE 27900 --- [csrf] [    Test worker] o.s.b.f.s.DefaultListableBeanFactory     : Finished creating instance of bean 'org.springframework.boot.autoconfigure.security.oauth2.resource.servlet.OAuth2ResourceServerJwtConfiguration$JwtDecoderConfiguration'
2025-01-07T20:30:50.137+07:00 DEBUG 27900 --- [csrf] [    Test worker] o.s.b.f.s.DefaultListableBeanFactory     : Creating shared instance of singleton bean 'org.springframework.boot.autoconfigure.security.oauth2.resource.servlet.Oauth2ResourceServerConfiguration$JwtConfiguration'
2025-01-07T20:30:50.137+07:00 TRACE 27900 --- [csrf] [    Test worker] o.s.b.f.s.DefaultListableBeanFactory     : Creating instance of bean 'org.springframework.boot.autoconfigure.security.oauth2.resource.servlet.Oauth2ResourceServerConfiguration$JwtConfiguration'
2025-01-07T20:30:50.138+07:00 TRACE 27900 --- [csrf] [    Test worker] o.s.b.f.s.DefaultListableBeanFactory     : Finished creating instance of bean 'org.springframework.boot.autoconfigure.security.oauth2.resource.servlet.Oauth2ResourceServerConfiguration$JwtConfiguration'
2025-01-07T20:30:50.138+07:00 DEBUG 27900 --- [csrf] [    Test worker] o.s.b.f.s.DefaultListableBeanFactory     : Creating shared instance of singleton bean 'org.springframework.boot.autoconfigure.security.oauth2.resource.servlet.OAuth2ResourceServerOpaqueTokenConfiguration$OpaqueTokenIntrospectionClientConfiguration'
2025-01-07T20:30:50.138+07:00 TRACE 27900 --- [csrf] [    Test worker] o.s.b.f.s.DefaultListableBeanFactory     : Creating instance of bean 'org.springframework.boot.autoconfigure.security.oauth2.resource.servlet.OAuth2ResourceServerOpaqueTokenConfiguration$OpaqueTokenIntrospectionClientConfiguration'
2025-01-07T20:30:50.138+07:00 TRACE 27900 --- [csrf] [    Test worker] o.s.b.f.s.DefaultListableBeanFactory     : Finished creating instance of bean 'org.springframework.boot.autoconfigure.security.oauth2.resource.servlet.OAuth2ResourceServerOpaqueTokenConfiguration$OpaqueTokenIntrospectionClientConfiguration'
2025-01-07T20:30:50.138+07:00 DEBUG 27900 --- [csrf] [    Test worker] o.s.b.f.s.DefaultListableBeanFactory     : Creating shared instance of singleton bean 'org.springframework.boot.autoconfigure.security.oauth2.resource.servlet.Oauth2ResourceServerConfiguration$OpaqueTokenConfiguration'
2025-01-07T20:30:50.138+07:00 TRACE 27900 --- [csrf] [    Test worker] o.s.b.f.s.DefaultListableBeanFactory     : Creating instance of bean 'org.springframework.boot.autoconfigure.security.oauth2.resource.servlet.Oauth2ResourceServerConfiguration$OpaqueTokenConfiguration'
2025-01-07T20:30:50.138+07:00 TRACE 27900 --- [csrf] [    Test worker] o.s.b.f.s.DefaultListableBeanFactory     : Finished creating instance of bean 'org.springframework.boot.autoconfigure.security.oauth2.resource.servlet.Oauth2ResourceServerConfiguration$OpaqueTokenConfiguration'
2025-01-07T20:30:50.138+07:00 DEBUG 27900 --- [csrf] [    Test worker] o.s.b.f.s.DefaultListableBeanFactory     : Creating shared instance of singleton bean 'org.springframework.boot.autoconfigure.security.oauth2.resource.servlet.OAuth2ResourceServerAutoConfiguration'
2025-01-07T20:30:50.138+07:00 TRACE 27900 --- [csrf] [    Test worker] o.s.b.f.s.DefaultListableBeanFactory     : Creating instance of bean 'org.springframework.boot.autoconfigure.security.oauth2.resource.servlet.OAuth2ResourceServerAutoConfiguration'
2025-01-07T20:30:50.138+07:00 TRACE 27900 --- [csrf] [    Test worker] o.s.b.f.s.DefaultListableBeanFactory     : Finished creating instance of bean 'org.springframework.boot.autoconfigure.security.oauth2.resource.servlet.OAuth2ResourceServerAutoConfiguration'
2025-01-07T20:30:50.138+07:00 TRACE 27900 --- [csrf] [    Test worker] o.s.b.f.s.DefaultListableBeanFactory     : Returning cached instance of singleton bean 'spring.security.oauth2.resourceserver-org.springframework.boot.autoconfigure.security.oauth2.resource.OAuth2ResourceServerProperties'
2025-01-07T20:30:50.138+07:00 TRACE 27900 --- [csrf] [    Test worker] o.s.b.f.s.DefaultListableBeanFactory     : Returning cached instance of singleton bean 'org.springframework.security.config.annotation.configuration.ObjectPostProcessorConfiguration'
2025-01-07T20:30:50.138+07:00 TRACE 27900 --- [csrf] [    Test worker] o.s.b.f.s.DefaultListableBeanFactory     : Returning cached instance of singleton bean 'objectPostProcessor'
2025-01-07T20:30:50.138+07:00 TRACE 27900 --- [csrf] [    Test worker] o.s.b.f.s.DefaultListableBeanFactory     : Returning cached instance of singleton bean 'org.springframework.security.config.annotation.authentication.configuration.AuthenticationConfiguration'
2025-01-07T20:30:50.138+07:00 TRACE 27900 --- [csrf] [    Test worker] o.s.b.f.s.DefaultListableBeanFactory     : Returning cached instance of singleton bean 'authenticationManagerBuilder'
2025-01-07T20:30:50.138+07:00 TRACE 27900 --- [csrf] [    Test worker] o.s.b.f.s.DefaultListableBeanFactory     : Returning cached instance of singleton bean 'enableGlobalAuthenticationAutowiredConfigurer'
2025-01-07T20:30:50.138+07:00 TRACE 27900 --- [csrf] [    Test worker] o.s.b.f.s.DefaultListableBeanFactory     : Returning cached instance of singleton bean 'initializeUserDetailsBeanManagerConfigurer'
2025-01-07T20:30:50.138+07:00 TRACE 27900 --- [csrf] [    Test worker] o.s.b.f.s.DefaultListableBeanFactory     : Returning cached instance of singleton bean 'initializeAuthenticationProviderBeanManagerConfigurer'
2025-01-07T20:30:50.138+07:00 DEBUG 27900 --- [csrf] [    Test worker] o.s.b.f.s.DefaultListableBeanFactory     : Creating shared instance of singleton bean 'org.springframework.security.config.annotation.web.configuration.WebSecurityConfiguration'
2025-01-07T20:30:50.138+07:00 TRACE 27900 --- [csrf] [    Test worker] o.s.b.f.s.DefaultListableBeanFactory     : Creating instance of bean 'org.springframework.security.config.annotation.web.configuration.WebSecurityConfiguration'
2025-01-07T20:30:50.139+07:00 TRACE 27900 --- [csrf] [    Test worker] o.s.beans.CachedIntrospectionResults     : Getting BeanInfo for class [org.springframework.security.config.annotation.web.configuration.WebSecurityConfiguration]
2025-01-07T20:30:50.139+07:00 TRACE 27900 --- [csrf] [    Test worker] o.s.beans.CachedIntrospectionResults     : Caching PropertyDescriptors for class [org.springframework.security.config.annotation.web.configuration.WebSecurityConfiguration]
2025-01-07T20:30:50.139+07:00 TRACE 27900 --- [csrf] [    Test worker] o.s.beans.CachedIntrospectionResults     : Found bean property 'beanClassLoader' of type [java.lang.ClassLoader]
2025-01-07T20:30:50.139+07:00 TRACE 27900 --- [csrf] [    Test worker] o.s.beans.CachedIntrospectionResults     : Found bean property 'class' of type [java.lang.Class]
2025-01-07T20:30:50.139+07:00 TRACE 27900 --- [csrf] [    Test worker] o.s.beans.CachedIntrospectionResults     : Found bean property 'importMetadata' of type [org.springframework.core.type.AnnotationMetadata]
2025-01-07T20:30:50.140+07:00 TRACE 27900 --- [csrf] [    Test worker] o.s.b.f.s.DefaultListableBeanFactory     : Creating instance of bean 'org.springframework.security.config.annotation.web.configuration.HttpSecurityConfiguration.httpSecurity'
2025-01-07T20:30:50.140+07:00 TRACE 27900 --- [csrf] [    Test worker] o.s.b.f.s.DefaultListableBeanFactory     : Returning cached instance of singleton bean 'org.springframework.security.config.annotation.web.configuration.HttpSecurityConfiguration'
2025-01-07T20:30:50.140+07:00 TRACE 27900 --- [csrf] [    Test worker] o.s.b.f.s.DefaultListableBeanFactory     : Returning cached instance of singleton bean 'authenticationEventPublisher'
2025-01-07T20:30:50.140+07:00 TRACE 27900 --- [csrf] [    Test worker] o.s.c.io.support.SpringFactoriesLoader   : Loaded [org.springframework.security.config.annotation.web.configurers.AbstractHttpConfigurer] names: []
2025-01-07T20:30:50.141+07:00 TRACE 27900 --- [csrf] [    Test worker] o.s.b.f.s.DefaultListableBeanFactory     : Finished creating instance of bean 'org.springframework.security.config.annotation.web.configuration.HttpSecurityConfiguration.httpSecurity'
2025-01-07T20:30:50.141+07:00 TRACE 27900 --- [csrf] [    Test worker] f.a.AutowiredAnnotationBeanPostProcessor : Autowiring by type from bean name 'org.springframework.security.config.annotation.web.configuration.WebSecurityConfiguration' to bean named 'org.springframework.security.config.annotation.web.configuration.HttpSecurityConfiguration.httpSecurity'
2025-01-07T20:30:50.141+07:00 TRACE 27900 --- [csrf] [    Test worker] o.s.b.f.s.DefaultListableBeanFactory     : Returning cached instance of singleton bean 'objectPostProcessor'
2025-01-07T20:30:50.141+07:00 TRACE 27900 --- [csrf] [    Test worker] f.a.AutowiredAnnotationBeanPostProcessor : Autowiring by type from bean name 'org.springframework.security.config.annotation.web.configuration.WebSecurityConfiguration' to bean named 'objectPostProcessor'
2025-01-07T20:30:50.141+07:00 TRACE 27900 --- [csrf] [    Test worker] f.a.AutowiredAnnotationBeanPostProcessor : Autowiring by type from bean name 'org.springframework.security.config.annotation.web.configuration.WebSecurityConfiguration' to bean named 'org.springframework.beans.factory.support.DefaultListableBeanFactory@345cf395'
2025-01-07T20:30:50.142+07:00 DEBUG 27900 --- [csrf] [    Test worker] o.s.b.f.s.DefaultListableBeanFactory     : Creating shared instance of singleton bean 'filterChainDecoratorPostProcessor'
2025-01-07T20:30:50.142+07:00 TRACE 27900 --- [csrf] [    Test worker] o.s.b.f.s.DefaultListableBeanFactory     : Creating instance of bean 'filterChainDecoratorPostProcessor'
2025-01-07T20:30:50.143+07:00 TRACE 27900 --- [csrf] [    Test worker] o.s.b.f.s.DefaultListableBeanFactory     : Finished creating instance of bean 'filterChainDecoratorPostProcessor'
2025-01-07T20:30:50.143+07:00 DEBUG 27900 --- [csrf] [    Test worker] o.s.b.f.s.DefaultListableBeanFactory     : Creating shared instance of singleton bean 'mvcHandlerMappingIntrospectorRequestTransformer'
2025-01-07T20:30:50.143+07:00 TRACE 27900 --- [csrf] [    Test worker] o.s.b.f.s.DefaultListableBeanFactory     : Creating instance of bean 'mvcHandlerMappingIntrospectorRequestTransformer'
2025-01-07T20:30:50.143+07:00 TRACE 27900 --- [csrf] [    Test worker] o.s.b.f.s.DefaultListableBeanFactory     : Returning cached instance of singleton bean 'mvcHandlerMappingIntrospector'
2025-01-07T20:30:50.143+07:00 TRACE 27900 --- [csrf] [    Test worker] o.s.b.f.s.DefaultListableBeanFactory     : Finished creating instance of bean 'mvcHandlerMappingIntrospectorRequestTransformer'
2025-01-07T20:30:50.144+07:00 TRACE 27900 --- [csrf] [    Test worker] o.s.b.f.s.DefaultListableBeanFactory     : Returning cached instance of singleton bean 'securityFilterChain'
2025-01-07T20:30:50.144+07:00 TRACE 27900 --- [csrf] [    Test worker] f.a.AutowiredAnnotationBeanPostProcessor : Autowiring by type from bean name 'org.springframework.security.config.annotation.web.configuration.WebSecurityConfiguration' to bean named 'securityFilterChain'
2025-01-07T20:30:50.144+07:00 TRACE 27900 --- [csrf] [    Test worker] o.s.b.f.s.DefaultListableBeanFactory     : Returning cached instance of singleton bean 'org.springframework.context.annotation.ConfigurationClassPostProcessor.importRegistry'
2025-01-07T20:30:50.144+07:00 TRACE 27900 --- [csrf] [    Test worker] o.s.b.f.s.DefaultListableBeanFactory     : Finished creating instance of bean 'org.springframework.security.config.annotation.web.configuration.WebSecurityConfiguration'
2025-01-07T20:30:50.144+07:00 DEBUG 27900 --- [csrf] [    Test worker] o.s.b.f.s.DefaultListableBeanFactory     : Creating shared instance of singleton bean 'delegatingApplicationListener'
2025-01-07T20:30:50.144+07:00 TRACE 27900 --- [csrf] [    Test worker] o.s.b.f.s.DefaultListableBeanFactory     : Creating instance of bean 'delegatingApplicationListener'
2025-01-07T20:30:50.144+07:00 TRACE 27900 --- [csrf] [    Test worker] o.s.b.f.s.DefaultListableBeanFactory     : Finished creating instance of bean 'delegatingApplicationListener'
2025-01-07T20:30:50.144+07:00 DEBUG 27900 --- [csrf] [    Test worker] o.s.b.f.s.DefaultListableBeanFactory     : Creating shared instance of singleton bean 'springSecurityFilterChain'
2025-01-07T20:30:50.144+07:00 TRACE 27900 --- [csrf] [    Test worker] o.s.b.f.s.DefaultListableBeanFactory     : Creating instance of bean 'springSecurityFilterChain'
2025-01-07T20:30:50.145+07:00 TRACE 27900 --- [csrf] [    Test worker] o.s.b.f.s.DefaultListableBeanFactory     : Creating instance of bean '(inner bean)#48c5698'
2025-01-07T20:30:50.145+07:00 TRACE 27900 --- [csrf] [    Test worker] o.s.b.f.s.DefaultListableBeanFactory     : Finished creating instance of bean '(inner bean)#48c5698'
2025-01-07T20:30:50.145+07:00 TRACE 27900 --- [csrf] [    Test worker] o.s.b.f.s.DefaultListableBeanFactory     : Returning cached instance of singleton bean 'mvcHandlerMappingIntrospector'
2025-01-07T20:30:50.145+07:00 TRACE 27900 --- [csrf] [    Test worker] o.s.b.f.s.DefaultListableBeanFactory     : Creating instance of bean '(inner bean)#6aad919c'
2025-01-07T20:30:50.145+07:00 TRACE 27900 --- [csrf] [    Test worker] o.s.b.f.s.DefaultListableBeanFactory     : Returning cached instance of singleton bean 'org.springframework.security.config.annotation.web.configuration.WebSecurityConfiguration'
2025-01-07T20:30:50.147+07:00 TRACE 27900 --- [csrf] [    Test worker] o.s.b.f.s.DefaultListableBeanFactory     : Invoking afterPropertiesSet() on bean with name '(inner bean)#6aad919c'
2025-01-07T20:30:50.147+07:00 TRACE 27900 --- [csrf] [    Test worker] o.s.b.f.s.DefaultListableBeanFactory     : Finished creating instance of bean '(inner bean)#6aad919c'
2025-01-07T20:30:50.147+07:00 TRACE 27900 --- [csrf] [    Test worker] o.s.b.f.s.DefaultListableBeanFactory     : Invoking afterPropertiesSet() on bean with name 'springSecurityFilterChain'
2025-01-07T20:30:50.147+07:00 TRACE 27900 --- [csrf] [    Test worker] o.s.b.f.s.DefaultListableBeanFactory     : Finished creating instance of bean 'springSecurityFilterChain'
2025-01-07T20:30:50.147+07:00 DEBUG 27900 --- [csrf] [    Test worker] o.s.b.f.s.DefaultListableBeanFactory     : Creating shared instance of singleton bean 'webSecurityExpressionHandler'
2025-01-07T20:30:50.147+07:00 TRACE 27900 --- [csrf] [    Test worker] o.s.b.f.s.DefaultListableBeanFactory     : Creating instance of bean 'webSecurityExpressionHandler'
2025-01-07T20:30:50.147+07:00 TRACE 27900 --- [csrf] [    Test worker] .a.InfrastructureAdvisorAutoProxyCreator : Did not attempt to auto-proxy infrastructure class [org.springframework.security.access.expression.SecurityExpressionHandler]
2025-01-07T20:30:50.147+07:00 TRACE 27900 --- [csrf] [    Test worker] o.s.b.f.s.DefaultListableBeanFactory     : Returning cached instance of singleton bean 'org.springframework.security.config.annotation.web.configuration.WebSecurityConfiguration'
2025-01-07T20:30:50.148+07:00 TRACE 27900 --- [csrf] [    Test worker] o.s.b.f.s.DefaultListableBeanFactory     : Finished creating instance of bean 'webSecurityExpressionHandler'
2025-01-07T20:30:50.148+07:00 TRACE 27900 --- [csrf] [    Test worker] o.s.b.f.s.DefaultListableBeanFactory     : Returning cached instance of singleton bean 'springSecurityFilterChain'
2025-01-07T20:30:50.148+07:00 DEBUG 27900 --- [csrf] [    Test worker] o.s.b.f.s.DefaultListableBeanFactory     : Creating shared instance of singleton bean 'privilegeEvaluator'
2025-01-07T20:30:50.148+07:00 TRACE 27900 --- [csrf] [    Test worker] o.s.b.f.s.DefaultListableBeanFactory     : Creating instance of bean 'privilegeEvaluator'
2025-01-07T20:30:50.148+07:00 TRACE 27900 --- [csrf] [    Test worker] o.s.b.f.s.DefaultListableBeanFactory     : Returning cached instance of singleton bean 'org.springframework.security.config.annotation.web.configuration.WebSecurityConfiguration'
2025-01-07T20:30:50.148+07:00 TRACE 27900 --- [csrf] [    Test worker] o.s.b.f.s.DefaultListableBeanFactory     : Finished creating instance of bean 'privilegeEvaluator'
2025-01-07T20:30:50.148+07:00 TRACE 27900 --- [csrf] [    Test worker] o.s.b.f.s.DefaultListableBeanFactory     : Returning cached instance of singleton bean 'conversionServicePostProcessor'
2025-01-07T20:30:50.148+07:00 TRACE 27900 --- [csrf] [    Test worker] o.s.b.f.s.DefaultListableBeanFactory     : Returning cached instance of singleton bean 'org.springframework.security.config.annotation.web.configuration.WebMvcSecurityConfiguration'
2025-01-07T20:30:50.148+07:00 DEBUG 27900 --- [csrf] [    Test worker] o.s.b.f.s.DefaultListableBeanFactory     : Creating shared instance of singleton bean 'requestDataValueProcessor'
2025-01-07T20:30:50.148+07:00 TRACE 27900 --- [csrf] [    Test worker] o.s.b.f.s.DefaultListableBeanFactory     : Creating instance of bean 'requestDataValueProcessor'
2025-01-07T20:30:50.148+07:00 TRACE 27900 --- [csrf] [    Test worker] o.s.b.f.s.DefaultListableBeanFactory     : Returning cached instance of singleton bean 'org.springframework.security.config.annotation.web.configuration.WebMvcSecurityConfiguration'
2025-01-07T20:30:50.148+07:00 TRACE 27900 --- [csrf] [    Test worker] o.s.b.f.s.DefaultListableBeanFactory     : Finished creating instance of bean 'requestDataValueProcessor'
2025-01-07T20:30:50.148+07:00 TRACE 27900 --- [csrf] [    Test worker] o.s.b.f.s.DefaultListableBeanFactory     : Returning cached instance of singleton bean 'springSecurityHandlerMappingIntrospectorBeanDefinitionRegistryPostProcessor'
2025-01-07T20:30:50.148+07:00 TRACE 27900 --- [csrf] [    Test worker] o.s.b.f.s.DefaultListableBeanFactory     : Returning cached instance of singleton bean 'org.springframework.security.config.annotation.web.configuration.HttpSecurityConfiguration'
2025-01-07T20:30:50.148+07:00 DEBUG 27900 --- [csrf] [    Test worker] o.s.b.f.s.DefaultListableBeanFactory     : Creating shared instance of singleton bean 'org.springframework.security.config.annotation.web.configuration.ObservationConfiguration'
2025-01-07T20:30:50.148+07:00 TRACE 27900 --- [csrf] [    Test worker] o.s.b.f.s.DefaultListableBeanFactory     : Creating instance of bean 'org.springframework.security.config.annotation.web.configuration.ObservationConfiguration'
2025-01-07T20:30:50.148+07:00 TRACE 27900 --- [csrf] [    Test worker] o.s.b.f.s.DefaultListableBeanFactory     : Finished creating instance of bean 'org.springframework.security.config.annotation.web.configuration.ObservationConfiguration'
2025-01-07T20:30:50.148+07:00 TRACE 27900 --- [csrf] [    Test worker] o.s.b.f.s.DefaultListableBeanFactory     : Returning cached instance of singleton bean 'webAuthorizationManagerPostProcessor'
2025-01-07T20:30:50.148+07:00 TRACE 27900 --- [csrf] [    Test worker] o.s.b.f.s.DefaultListableBeanFactory     : Returning cached instance of singleton bean 'authenticationManagerPostProcessor'
2025-01-07T20:30:50.148+07:00 TRACE 27900 --- [csrf] [    Test worker] o.s.b.f.s.DefaultListableBeanFactory     : Returning cached instance of singleton bean 'filterChainDecoratorPostProcessor'
2025-01-07T20:30:50.148+07:00 TRACE 27900 --- [csrf] [    Test worker] o.s.b.f.s.DefaultListableBeanFactory     : Returning cached instance of singleton bean 'org.springframework.boot.autoconfigure.security.servlet.SpringBootWebSecurityConfiguration$WebSecurityEnablerConfiguration'
2025-01-07T20:30:50.148+07:00 DEBUG 27900 --- [csrf] [    Test worker] o.s.b.f.s.DefaultListableBeanFactory     : Creating shared instance of singleton bean 'org.springframework.boot.autoconfigure.security.servlet.SpringBootWebSecurityConfiguration'
2025-01-07T20:30:50.148+07:00 TRACE 27900 --- [csrf] [    Test worker] o.s.b.f.s.DefaultListableBeanFactory     : Creating instance of bean 'org.springframework.boot.autoconfigure.security.servlet.SpringBootWebSecurityConfiguration'
2025-01-07T20:30:50.148+07:00 TRACE 27900 --- [csrf] [    Test worker] o.s.b.f.s.DefaultListableBeanFactory     : Finished creating instance of bean 'org.springframework.boot.autoconfigure.security.servlet.SpringBootWebSecurityConfiguration'
2025-01-07T20:30:50.148+07:00 TRACE 27900 --- [csrf] [    Test worker] o.s.b.f.s.DefaultListableBeanFactory     : Returning cached instance of singleton bean 'org.springframework.boot.autoconfigure.security.servlet.SecurityAutoConfiguration'
2025-01-07T20:30:50.148+07:00 TRACE 27900 --- [csrf] [    Test worker] o.s.b.f.s.DefaultListableBeanFactory     : Returning cached instance of singleton bean 'authenticationEventPublisher'
2025-01-07T20:30:50.148+07:00 TRACE 27900 --- [csrf] [    Test worker] o.s.b.f.s.DefaultListableBeanFactory     : Returning cached instance of singleton bean 'spring.security-org.springframework.boot.autoconfigure.security.SecurityProperties'
2025-01-07T20:30:50.148+07:00 TRACE 27900 --- [csrf] [    Test worker] o.s.b.f.s.DefaultListableBeanFactory     : Returning cached instance of singleton bean 'org.springframework.boot.autoconfigure.security.oauth2.server.servlet.OAuth2AuthorizationServerJwtAutoConfiguration'
2025-01-07T20:30:50.148+07:00 DEBUG 27900 --- [csrf] [    Test worker] o.s.b.f.s.DefaultListableBeanFactory     : Creating shared instance of singleton bean 'jwtDecoder'
2025-01-07T20:30:50.148+07:00 TRACE 27900 --- [csrf] [    Test worker] o.s.b.f.s.DefaultListableBeanFactory     : Creating instance of bean 'jwtDecoder'
2025-01-07T20:30:50.148+07:00 TRACE 27900 --- [csrf] [    Test worker] o.s.b.f.s.DefaultListableBeanFactory     : Returning cached instance of singleton bean 'org.springframework.boot.autoconfigure.security.oauth2.server.servlet.OAuth2AuthorizationServerJwtAutoConfiguration'
2025-01-07T20:30:50.148+07:00 TRACE 27900 --- [csrf] [    Test worker] o.s.b.f.s.DefaultListableBeanFactory     : Returning cached instance of singleton bean 'jwkSource'
2025-01-07T20:30:50.149+07:00 DEBUG 27900 --- [csrf] [    Test worker] o.s.b.f.s.DefaultListableBeanFactory     : Autowiring by type from bean name 'jwtDecoder' via factory method to bean named 'jwkSource'
2025-01-07T20:30:50.155+07:00 TRACE 27900 --- [csrf] [    Test worker] o.s.b.f.s.DefaultListableBeanFactory     : Finished creating instance of bean 'jwtDecoder'
2025-01-07T20:30:50.155+07:00 TRACE 27900 --- [csrf] [    Test worker] o.s.b.f.s.DefaultListableBeanFactory     : Returning cached instance of singleton bean 'jwkSource'
2025-01-07T20:30:50.155+07:00 TRACE 27900 --- [csrf] [    Test worker] o.s.b.f.s.DefaultListableBeanFactory     : Returning cached instance of singleton bean 'org.springframework.boot.autoconfigure.security.servlet.SecurityFilterAutoConfiguration'
2025-01-07T20:30:50.155+07:00 TRACE 27900 --- [csrf] [    Test worker] o.s.b.f.s.DefaultListableBeanFactory     : Returning cached instance of singleton bean 'securityFilterChainRegistration'
2025-01-07T20:30:50.155+07:00 DEBUG 27900 --- [csrf] [    Test worker] o.s.b.f.s.DefaultListableBeanFactory     : Creating shared instance of singleton bean 'org.springframework.boot.autoconfigure.sql.init.SqlInitializationAutoConfiguration'
2025-01-07T20:30:50.155+07:00 TRACE 27900 --- [csrf] [    Test worker] o.s.b.f.s.DefaultListableBeanFactory     : Creating instance of bean 'org.springframework.boot.autoconfigure.sql.init.SqlInitializationAutoConfiguration'
2025-01-07T20:30:50.156+07:00 TRACE 27900 --- [csrf] [    Test worker] o.s.b.f.s.DefaultListableBeanFactory     : Finished creating instance of bean 'org.springframework.boot.autoconfigure.sql.init.SqlInitializationAutoConfiguration'
2025-01-07T20:30:50.156+07:00 DEBUG 27900 --- [csrf] [    Test worker] o.s.b.f.s.DefaultListableBeanFactory     : Creating shared instance of singleton bean 'spring.sql.init-org.springframework.boot.autoconfigure.sql.init.SqlInitializationProperties'
2025-01-07T20:30:50.156+07:00 TRACE 27900 --- [csrf] [    Test worker] o.s.b.f.s.DefaultListableBeanFactory     : Creating instance of bean 'spring.sql.init-org.springframework.boot.autoconfigure.sql.init.SqlInitializationProperties'
2025-01-07T20:30:50.156+07:00 TRACE 27900 --- [csrf] [    Test worker] o.s.b.f.s.DefaultListableBeanFactory     : Returning cached instance of singleton bean 'org.springframework.boot.context.properties.BoundConfigurationProperties'
2025-01-07T20:30:50.156+07:00 TRACE 27900 --- [csrf] [    Test worker] o.s.b.f.s.DefaultListableBeanFactory     : Finished creating instance of bean 'spring.sql.init-org.springframework.boot.autoconfigure.sql.init.SqlInitializationProperties'
2025-01-07T20:30:50.156+07:00 TRACE 27900 --- [csrf] [    Test worker] o.s.b.f.s.DefaultListableBeanFactory     : Returning cached instance of singleton bean 'org.springframework.boot.sql.init.dependency.DatabaseInitializationDependencyConfigurer$DependsOnDatabaseInitializationPostProcessor'
2025-01-07T20:30:50.156+07:00 DEBUG 27900 --- [csrf] [    Test worker] o.s.b.f.s.DefaultListableBeanFactory     : Creating shared instance of singleton bean 'org.springframework.boot.autoconfigure.task.TaskSchedulingConfigurations$ThreadPoolTaskSchedulerBuilderConfiguration'
2025-01-07T20:30:50.156+07:00 TRACE 27900 --- [csrf] [    Test worker] o.s.b.f.s.DefaultListableBeanFactory     : Creating instance of bean 'org.springframework.boot.autoconfigure.task.TaskSchedulingConfigurations$ThreadPoolTaskSchedulerBuilderConfiguration'
2025-01-07T20:30:50.156+07:00 TRACE 27900 --- [csrf] [    Test worker] o.s.b.f.s.DefaultListableBeanFactory     : Finished creating instance of bean 'org.springframework.boot.autoconfigure.task.TaskSchedulingConfigurations$ThreadPoolTaskSchedulerBuilderConfiguration'
2025-01-07T20:30:50.156+07:00 DEBUG 27900 --- [csrf] [    Test worker] o.s.b.f.s.DefaultListableBeanFactory     : Creating shared instance of singleton bean 'threadPoolTaskSchedulerBuilder'
2025-01-07T20:30:50.157+07:00 TRACE 27900 --- [csrf] [    Test worker] o.s.b.f.s.DefaultListableBeanFactory     : Creating instance of bean 'threadPoolTaskSchedulerBuilder'
2025-01-07T20:30:50.157+07:00 TRACE 27900 --- [csrf] [    Test worker] o.s.b.f.s.DefaultListableBeanFactory     : Returning cached instance of singleton bean 'org.springframework.boot.autoconfigure.task.TaskSchedulingConfigurations$ThreadPoolTaskSchedulerBuilderConfiguration'
2025-01-07T20:30:50.157+07:00 DEBUG 27900 --- [csrf] [    Test worker] o.s.b.f.s.DefaultListableBeanFactory     : Creating shared instance of singleton bean 'spring.task.scheduling-org.springframework.boot.autoconfigure.task.TaskSchedulingProperties'
2025-01-07T20:30:50.157+07:00 TRACE 27900 --- [csrf] [    Test worker] o.s.b.f.s.DefaultListableBeanFactory     : Creating instance of bean 'spring.task.scheduling-org.springframework.boot.autoconfigure.task.TaskSchedulingProperties'
2025-01-07T20:30:50.157+07:00 TRACE 27900 --- [csrf] [    Test worker] o.s.b.f.s.DefaultListableBeanFactory     : Returning cached instance of singleton bean 'org.springframework.boot.context.properties.BoundConfigurationProperties'
2025-01-07T20:30:50.157+07:00 TRACE 27900 --- [csrf] [    Test worker] o.s.b.f.s.DefaultListableBeanFactory     : Finished creating instance of bean 'spring.task.scheduling-org.springframework.boot.autoconfigure.task.TaskSchedulingProperties'
2025-01-07T20:30:50.157+07:00 DEBUG 27900 --- [csrf] [    Test worker] o.s.b.f.s.DefaultListableBeanFactory     : Autowiring by type from bean name 'threadPoolTaskSchedulerBuilder' via factory method to bean named 'spring.task.scheduling-org.springframework.boot.autoconfigure.task.TaskSchedulingProperties'
2025-01-07T20:30:50.158+07:00 TRACE 27900 --- [csrf] [    Test worker] o.s.b.f.s.DefaultListableBeanFactory     : Finished creating instance of bean 'threadPoolTaskSchedulerBuilder'
2025-01-07T20:30:50.158+07:00 DEBUG 27900 --- [csrf] [    Test worker] o.s.b.f.s.DefaultListableBeanFactory     : Creating shared instance of singleton bean 'org.springframework.boot.autoconfigure.task.TaskSchedulingConfigurations$SimpleAsyncTaskSchedulerBuilderConfiguration'
2025-01-07T20:30:50.158+07:00 TRACE 27900 --- [csrf] [    Test worker] o.s.b.f.s.DefaultListableBeanFactory     : Creating instance of bean 'org.springframework.boot.autoconfigure.task.TaskSchedulingConfigurations$SimpleAsyncTaskSchedulerBuilderConfiguration'
2025-01-07T20:30:50.158+07:00 TRACE 27900 --- [csrf] [    Test worker] o.s.b.f.s.DefaultListableBeanFactory     : Returning cached instance of singleton bean 'spring.task.scheduling-org.springframework.boot.autoconfigure.task.TaskSchedulingProperties'
2025-01-07T20:30:50.158+07:00 DEBUG 27900 --- [csrf] [    Test worker] o.s.b.f.s.DefaultListableBeanFactory     : Autowiring by type from bean name 'org.springframework.boot.autoconfigure.task.TaskSchedulingConfigurations$SimpleAsyncTaskSchedulerBuilderConfiguration' via constructor to bean named 'spring.task.scheduling-org.springframework.boot.autoconfigure.task.TaskSchedulingProperties'
2025-01-07T20:30:50.159+07:00 TRACE 27900 --- [csrf] [    Test worker] o.s.b.f.s.DefaultListableBeanFactory     : Finished creating instance of bean 'org.springframework.boot.autoconfigure.task.TaskSchedulingConfigurations$SimpleAsyncTaskSchedulerBuilderConfiguration'
2025-01-07T20:30:50.159+07:00 DEBUG 27900 --- [csrf] [    Test worker] o.s.b.f.s.DefaultListableBeanFactory     : Creating shared instance of singleton bean 'simpleAsyncTaskSchedulerBuilder'
2025-01-07T20:30:50.159+07:00 TRACE 27900 --- [csrf] [    Test worker] o.s.b.f.s.DefaultListableBeanFactory     : Creating instance of bean 'simpleAsyncTaskSchedulerBuilder'
2025-01-07T20:30:50.159+07:00 TRACE 27900 --- [csrf] [    Test worker] o.s.b.f.s.DefaultListableBeanFactory     : Returning cached instance of singleton bean 'org.springframework.boot.autoconfigure.task.TaskSchedulingConfigurations$SimpleAsyncTaskSchedulerBuilderConfiguration'
2025-01-07T20:30:50.159+07:00 TRACE 27900 --- [csrf] [    Test worker] o.s.b.f.s.DefaultListableBeanFactory     : Finished creating instance of bean 'simpleAsyncTaskSchedulerBuilder'
2025-01-07T20:30:50.159+07:00 DEBUG 27900 --- [csrf] [    Test worker] o.s.b.f.s.DefaultListableBeanFactory     : Creating shared instance of singleton bean 'org.springframework.boot.autoconfigure.task.TaskSchedulingAutoConfiguration'
2025-01-07T20:30:50.159+07:00 TRACE 27900 --- [csrf] [    Test worker] o.s.b.f.s.DefaultListableBeanFactory     : Creating instance of bean 'org.springframework.boot.autoconfigure.task.TaskSchedulingAutoConfiguration'
2025-01-07T20:30:50.159+07:00 TRACE 27900 --- [csrf] [    Test worker] o.s.b.f.s.DefaultListableBeanFactory     : Finished creating instance of bean 'org.springframework.boot.autoconfigure.task.TaskSchedulingAutoConfiguration'
2025-01-07T20:30:50.159+07:00 TRACE 27900 --- [csrf] [    Test worker] o.s.b.f.s.DefaultListableBeanFactory     : Returning cached instance of singleton bean 'spring.task.scheduling-org.springframework.boot.autoconfigure.task.TaskSchedulingProperties'
2025-01-07T20:30:50.159+07:00 DEBUG 27900 --- [csrf] [    Test worker] o.s.b.f.s.DefaultListableBeanFactory     : Creating shared instance of singleton bean 'org.springframework.boot.autoconfigure.web.client.RestClientAutoConfiguration'
2025-01-07T20:30:50.159+07:00 TRACE 27900 --- [csrf] [    Test worker] o.s.b.f.s.DefaultListableBeanFactory     : Creating instance of bean 'org.springframework.boot.autoconfigure.web.client.RestClientAutoConfiguration'
2025-01-07T20:30:50.159+07:00 TRACE 27900 --- [csrf] [    Test worker] o.s.b.f.s.DefaultListableBeanFactory     : Finished creating instance of bean 'org.springframework.boot.autoconfigure.web.client.RestClientAutoConfiguration'
2025-01-07T20:30:50.159+07:00 DEBUG 27900 --- [csrf] [    Test worker] o.s.b.f.s.DefaultListableBeanFactory     : Creating shared instance of singleton bean 'httpMessageConvertersRestClientCustomizer'
2025-01-07T20:30:50.160+07:00 TRACE 27900 --- [csrf] [    Test worker] o.s.b.f.s.DefaultListableBeanFactory     : Creating instance of bean 'httpMessageConvertersRestClientCustomizer'
2025-01-07T20:30:50.160+07:00 TRACE 27900 --- [csrf] [    Test worker] o.s.b.f.s.DefaultListableBeanFactory     : Returning cached instance of singleton bean 'org.springframework.boot.autoconfigure.web.client.RestClientAutoConfiguration'
2025-01-07T20:30:50.160+07:00 TRACE 27900 --- [csrf] [    Test worker] o.s.b.f.s.DefaultListableBeanFactory     : Returning cached instance of singleton bean 'messageConverters'
2025-01-07T20:30:50.160+07:00 TRACE 27900 --- [csrf] [    Test worker] o.s.b.f.s.DefaultListableBeanFactory     : Finished creating instance of bean 'httpMessageConvertersRestClientCustomizer'
2025-01-07T20:30:50.160+07:00 DEBUG 27900 --- [csrf] [    Test worker] o.s.b.f.s.DefaultListableBeanFactory     : Creating shared instance of singleton bean 'restClientSsl'
2025-01-07T20:30:50.160+07:00 TRACE 27900 --- [csrf] [    Test worker] o.s.b.f.s.DefaultListableBeanFactory     : Creating instance of bean 'restClientSsl'
2025-01-07T20:30:50.160+07:00 TRACE 27900 --- [csrf] [    Test worker] o.s.b.f.s.DefaultListableBeanFactory     : Returning cached instance of singleton bean 'org.springframework.boot.autoconfigure.web.client.RestClientAutoConfiguration'
2025-01-07T20:30:50.160+07:00 TRACE 27900 --- [csrf] [    Test worker] o.s.b.f.s.DefaultListableBeanFactory     : Returning cached instance of singleton bean 'sslBundleRegistry'
2025-01-07T20:30:50.160+07:00 DEBUG 27900 --- [csrf] [    Test worker] o.s.b.f.s.DefaultListableBeanFactory     : Autowiring by type from bean name 'restClientSsl' via factory method to bean named 'sslBundleRegistry'
2025-01-07T20:30:50.160+07:00 TRACE 27900 --- [csrf] [    Test worker] o.s.b.f.s.DefaultListableBeanFactory     : Returning cached instance of singleton bean 'clientHttpRequestFactoryBuilder'
2025-01-07T20:30:50.160+07:00 TRACE 27900 --- [csrf] [    Test worker] o.s.b.f.s.DefaultListableBeanFactory     : Finished creating instance of bean 'restClientSsl'
2025-01-07T20:30:50.160+07:00 DEBUG 27900 --- [csrf] [    Test worker] o.s.b.f.s.DefaultListableBeanFactory     : Creating shared instance of singleton bean 'restClientBuilderConfigurer'
2025-01-07T20:30:50.160+07:00 TRACE 27900 --- [csrf] [    Test worker] o.s.b.f.s.DefaultListableBeanFactory     : Creating instance of bean 'restClientBuilderConfigurer'
2025-01-07T20:30:50.161+07:00 TRACE 27900 --- [csrf] [    Test worker] o.s.b.f.s.DefaultListableBeanFactory     : Returning cached instance of singleton bean 'org.springframework.boot.autoconfigure.web.client.RestClientAutoConfiguration'
2025-01-07T20:30:50.161+07:00 TRACE 27900 --- [csrf] [    Test worker] o.s.b.f.s.DefaultListableBeanFactory     : Returning cached instance of singleton bean 'clientHttpRequestFactoryBuilder'
2025-01-07T20:30:50.161+07:00 TRACE 27900 --- [csrf] [    Test worker] o.s.b.f.s.DefaultListableBeanFactory     : Returning cached instance of singleton bean 'clientHttpRequestFactorySettings'
2025-01-07T20:30:50.161+07:00 TRACE 27900 --- [csrf] [    Test worker] o.s.b.f.s.DefaultListableBeanFactory     : Returning cached instance of singleton bean 'httpMessageConvertersRestClientCustomizer'
2025-01-07T20:30:50.161+07:00 TRACE 27900 --- [csrf] [    Test worker] o.s.b.f.s.DefaultListableBeanFactory     : Returning cached instance of singleton bean 'httpMessageConvertersRestClientCustomizer'
2025-01-07T20:30:50.161+07:00 TRACE 27900 --- [csrf] [    Test worker] o.s.b.f.s.DefaultListableBeanFactory     : Finished creating instance of bean 'restClientBuilderConfigurer'
2025-01-07T20:30:50.161+07:00 DEBUG 27900 --- [csrf] [    Test worker] o.s.b.f.s.DefaultListableBeanFactory     : Creating shared instance of singleton bean 'org.springframework.boot.autoconfigure.web.client.RestTemplateAutoConfiguration'
2025-01-07T20:30:50.161+07:00 TRACE 27900 --- [csrf] [    Test worker] o.s.b.f.s.DefaultListableBeanFactory     : Creating instance of bean 'org.springframework.boot.autoconfigure.web.client.RestTemplateAutoConfiguration'
2025-01-07T20:30:50.161+07:00 TRACE 27900 --- [csrf] [    Test worker] o.s.b.f.s.DefaultListableBeanFactory     : Finished creating instance of bean 'org.springframework.boot.autoconfigure.web.client.RestTemplateAutoConfiguration'
2025-01-07T20:30:50.161+07:00 TRACE 27900 --- [csrf] [    Test worker] o.s.b.f.s.DefaultListableBeanFactory     : Returning cached instance of singleton bean 'org.springframework.boot.autoconfigure.web.embedded.EmbeddedWebServerFactoryCustomizerAutoConfiguration$TomcatWebServerFactoryCustomizerConfiguration'
2025-01-07T20:30:50.161+07:00 TRACE 27900 --- [csrf] [    Test worker] o.s.b.f.s.DefaultListableBeanFactory     : Returning cached instance of singleton bean 'tomcatWebServerFactoryCustomizer'
2025-01-07T20:30:50.161+07:00 DEBUG 27900 --- [csrf] [    Test worker] o.s.b.f.s.DefaultListableBeanFactory     : Creating shared instance of singleton bean 'org.springframework.boot.autoconfigure.web.embedded.EmbeddedWebServerFactoryCustomizerAutoConfiguration'
2025-01-07T20:30:50.161+07:00 TRACE 27900 --- [csrf] [    Test worker] o.s.b.f.s.DefaultListableBeanFactory     : Creating instance of bean 'org.springframework.boot.autoconfigure.web.embedded.EmbeddedWebServerFactoryCustomizerAutoConfiguration'
2025-01-07T20:30:50.161+07:00 TRACE 27900 --- [csrf] [    Test worker] o.s.b.f.s.DefaultListableBeanFactory     : Finished creating instance of bean 'org.springframework.boot.autoconfigure.web.embedded.EmbeddedWebServerFactoryCustomizerAutoConfiguration'
2025-01-07T20:30:50.161+07:00 TRACE 27900 --- [csrf] [    Test worker] o.s.b.f.s.DefaultListableBeanFactory     : Returning cached instance of singleton bean 'org.springframework.boot.autoconfigure.web.servlet.HttpEncodingAutoConfiguration'
2025-01-07T20:30:50.161+07:00 TRACE 27900 --- [csrf] [    Test worker] o.s.b.f.s.DefaultListableBeanFactory     : Returning cached instance of singleton bean 'characterEncodingFilter'
2025-01-07T20:30:50.161+07:00 TRACE 27900 --- [csrf] [    Test worker] o.s.b.f.s.DefaultListableBeanFactory     : Returning cached instance of singleton bean 'localeCharsetMappingsCustomizer'
2025-01-07T20:30:50.161+07:00 TRACE 27900 --- [csrf] [    Test worker] o.s.b.f.s.DefaultListableBeanFactory     : Returning cached instance of singleton bean 'org.springframework.boot.autoconfigure.web.servlet.MultipartAutoConfiguration'
2025-01-07T20:30:50.161+07:00 TRACE 27900 --- [csrf] [    Test worker] o.s.b.f.s.DefaultListableBeanFactory     : Returning cached instance of singleton bean 'multipartConfigElement'
2025-01-07T20:30:50.161+07:00 DEBUG 27900 --- [csrf] [    Test worker] o.s.b.f.s.DefaultListableBeanFactory     : Creating shared instance of singleton bean 'multipartResolver'
2025-01-07T20:30:50.161+07:00 TRACE 27900 --- [csrf] [    Test worker] o.s.b.f.s.DefaultListableBeanFactory     : Creating instance of bean 'multipartResolver'
2025-01-07T20:30:50.161+07:00 TRACE 27900 --- [csrf] [    Test worker] o.s.b.f.s.DefaultListableBeanFactory     : Returning cached instance of singleton bean 'org.springframework.boot.autoconfigure.web.servlet.MultipartAutoConfiguration'
2025-01-07T20:30:50.163+07:00 TRACE 27900 --- [csrf] [    Test worker] o.s.b.f.s.DefaultListableBeanFactory     : Finished creating instance of bean 'multipartResolver'
2025-01-07T20:30:50.163+07:00 TRACE 27900 --- [csrf] [    Test worker] o.s.b.f.s.DefaultListableBeanFactory     : Returning cached instance of singleton bean 'spring.servlet.multipart-org.springframework.boot.autoconfigure.web.servlet.MultipartProperties'
2025-01-07T20:30:50.163+07:00 DEBUG 27900 --- [csrf] [    Test worker] o.s.b.f.s.DefaultListableBeanFactory     : Creating shared instance of singleton bean 'org.springframework.boot.test.web.client.TestRestTemplate'
2025-01-07T20:30:50.163+07:00 TRACE 27900 --- [csrf] [    Test worker] o.s.b.f.s.DefaultListableBeanFactory     : Creating instance of bean 'org.springframework.boot.test.web.client.TestRestTemplate'
2025-01-07T20:30:50.163+07:00 DEBUG 27900 --- [csrf] [    Test worker] o.s.b.f.s.DefaultListableBeanFactory     : Creating shared instance of singleton bean 'restTemplateBuilder'
2025-01-07T20:30:50.163+07:00 TRACE 27900 --- [csrf] [    Test worker] o.s.b.f.s.DefaultListableBeanFactory     : Creating instance of bean 'restTemplateBuilder'
2025-01-07T20:30:50.163+07:00 TRACE 27900 --- [csrf] [    Test worker] o.s.b.f.s.DefaultListableBeanFactory     : Returning cached instance of singleton bean 'org.springframework.boot.autoconfigure.web.client.RestTemplateAutoConfiguration'
2025-01-07T20:30:50.163+07:00 DEBUG 27900 --- [csrf] [    Test worker] o.s.b.f.s.DefaultListableBeanFactory     : Creating shared instance of singleton bean 'restTemplateBuilderConfigurer'
2025-01-07T20:30:50.163+07:00 TRACE 27900 --- [csrf] [    Test worker] o.s.b.f.s.DefaultListableBeanFactory     : Creating instance of bean 'restTemplateBuilderConfigurer'
2025-01-07T20:30:50.163+07:00 TRACE 27900 --- [csrf] [    Test worker] o.s.b.f.s.DefaultListableBeanFactory     : Returning cached instance of singleton bean 'org.springframework.boot.autoconfigure.web.client.RestTemplateAutoConfiguration'
2025-01-07T20:30:50.164+07:00 TRACE 27900 --- [csrf] [    Test worker] o.s.b.f.s.DefaultListableBeanFactory     : Returning cached instance of singleton bean 'clientHttpRequestFactoryBuilder'
2025-01-07T20:30:50.164+07:00 TRACE 27900 --- [csrf] [    Test worker] o.s.b.f.s.DefaultListableBeanFactory     : Returning cached instance of singleton bean 'clientHttpRequestFactorySettings'
2025-01-07T20:30:50.164+07:00 TRACE 27900 --- [csrf] [    Test worker] o.s.b.f.s.DefaultListableBeanFactory     : Returning cached instance of singleton bean 'messageConverters'
2025-01-07T20:30:50.164+07:00 TRACE 27900 --- [csrf] [    Test worker] o.s.b.f.s.DefaultListableBeanFactory     : Finished creating instance of bean 'restTemplateBuilderConfigurer'
2025-01-07T20:30:50.164+07:00 DEBUG 27900 --- [csrf] [    Test worker] o.s.b.f.s.DefaultListableBeanFactory     : Autowiring by type from bean name 'restTemplateBuilder' via factory method to bean named 'restTemplateBuilderConfigurer'
2025-01-07T20:30:50.165+07:00 TRACE 27900 --- [csrf] [    Test worker] o.s.b.f.s.DefaultListableBeanFactory     : Finished creating instance of bean 'restTemplateBuilder'
2025-01-07T20:30:50.166+07:00 TRACE 27900 --- [csrf] [    Test worker] o.s.b.f.s.DefaultListableBeanFactory     : Returning cached instance of singleton bean 'tomcatServletWebServerFactory'
2025-01-07T20:30:50.192+07:00 DEBUG 27900 --- [csrf] [    Test worker] jdk.event.security                       : X509Certificate: Alg:SHA256withRSA, Serial:5c:33:cb:62:2c:5f:b3:32, Subject:C=DE, O=Atos, CN=Atos TrustedRoot 2011, Issuer:C=DE, O=Atos, CN=Atos TrustedRoot 2011, Key type:RSA, Length:2048, Cert Id:4266438672, Valid from:7/7/11, 9:58 PM, Valid until:1/1/31, 6:59 AM
2025-01-07T20:30:50.193+07:00 DEBUG 27900 --- [csrf] [    Test worker] jdk.event.security                       : X509Certificate: Alg:SHA384withECDSA, Serial:3d:98:3b:a6:66:3d:90:63:f7:7e:26:57:38:04:ef:00, Subject:C=DE, O=Atos, CN=Atos TrustedRoot Root CA ECC TLS 2021, Issuer:C=DE, O=Atos, CN=Atos TrustedRoot Root CA ECC TLS 2021, Key type:EC, Length:384, Cert Id:3147217643, Valid from:4/22/21, 4:26 PM, Valid until:4/17/41, 4:26 PM
2025-01-07T20:30:50.193+07:00 DEBUG 27900 --- [csrf] [    Test worker] jdk.event.security                       : X509Certificate: Alg:SHA384withRSA, Serial:53:d5:cf:e6:19:93:0b:fb:2b:05:12:d8:c2:2a:a2:a4, Subject:C=DE, O=Atos, CN=Atos TrustedRoot Root CA RSA TLS 2021, Issuer:C=DE, O=Atos, CN=Atos TrustedRoot Root CA RSA TLS 2021, Key type:RSA, Length:4096, Cert Id:2972582853, Valid from:4/22/21, 4:21 PM, Valid until:4/17/41, 4:21 PM
2025-01-07T20:30:50.195+07:00 DEBUG 27900 --- [csrf] [    Test worker] jdk.event.security                       : X509Certificate: Alg:SHA1withRSA, Serial:5e:c3:b7:a6:43:7f:a4:e0, Subject:C=ES, O=ACCV, OU=PKIACCV, CN=ACCVRAIZ1, Issuer:C=ES, O=ACCV, OU=PKIACCV, CN=ACCVRAIZ1, Key type:RSA, Length:4096, Cert Id:3702856060, Valid from:5/5/11, 4:37 PM, Valid until:12/31/30, 4:37 PM
2025-01-07T20:30:50.195+07:00 DEBUG 27900 --- [csrf] [    Test worker] jdk.event.security                       : X509Certificate: Alg:SHA1withRSA, Serial:01, Subject:CN=AAA Certificate Services, O=Comodo CA Limited, L=Salford, ST=Greater Manchester, C=GB, Issuer:CN=AAA Certificate Services, O=Comodo CA Limited, L=Salford, ST=Greater Manchester, C=GB, Key type:RSA, Length:2048, Cert Id:3097386402, Valid from:1/1/04, 7:00 AM, Valid until:1/1/29, 6:59 AM
2025-01-07T20:30:50.196+07:00 DEBUG 27900 --- [csrf] [    Test worker] jdk.event.security                       : X509Certificate: Alg:SHA384withECDSA, Serial:62:f6:32:6c:e5:c4:e3:68:5c:1b:62:dd:9c:2e:9d:95, Subject:CN=AC RAIZ FNMT-RCM SERVIDORES SEGUROS, OID.2.5.4.97=VATES-Q2826004J, OU=Ceres, O=FNMT-RCM, C=ES, Issuer:CN=AC RAIZ FNMT-RCM SERVIDORES SEGUROS, OID.2.5.4.97=VATES-Q2826004J, OU=Ceres, O=FNMT-RCM, C=ES, Key type:EC, Length:384, Cert Id:246315697, Valid from:12/20/18, 4:37 PM, Valid until:12/20/43, 4:37 PM
2025-01-07T20:30:50.196+07:00 DEBUG 27900 --- [csrf] [    Test worker] jdk.event.security                       : X509Certificate: Alg:SHA256withRSA, Serial:57:0a:11:97:42:c4:e3:cc, Subject:CN=Actalis Authentication Root CA, O=Actalis S.p.A./03358520967, L=Milan, C=IT, Issuer:CN=Actalis Authentication Root CA, O=Actalis S.p.A./03358520967, L=Milan, C=IT, Key type:RSA, Length:4096, Cert Id:1729119956, Valid from:9/22/11, 6:22 PM, Valid until:9/22/30, 6:22 PM
2025-01-07T20:30:50.197+07:00 DEBUG 27900 --- [csrf] [    Test worker] jdk.event.security                       : X509Certificate: Alg:SHA256withRSA, Serial:77:77:06:27:26:a9:b1:7c, Subject:CN=AffirmTrust Commercial, O=AffirmTrust, C=US, Issuer:CN=AffirmTrust Commercial, O=AffirmTrust, C=US, Key type:RSA, Length:2048, Cert Id:630485644, Valid from:1/29/10, 9:06 PM, Valid until:12/31/30, 9:06 PM
2025-01-07T20:30:50.197+07:00 DEBUG 27900 --- [csrf] [    Test worker] jdk.event.security                       : X509Certificate: Alg:SHA1withRSA, Serial:7c:4f:04:39:1c:d4:99:2d, Subject:CN=AffirmTrust Networking, O=AffirmTrust, C=US, Issuer:CN=AffirmTrust Networking, O=AffirmTrust, C=US, Key type:RSA, Length:2048, Cert Id:651670175, Valid from:1/29/10, 9:08 PM, Valid until:12/31/30, 9:08 PM
2025-01-07T20:30:50.198+07:00 DEBUG 27900 --- [csrf] [    Test worker] jdk.event.security                       : X509Certificate: Alg:SHA384withRSA, Serial:6d:8c:14:46:b1:a6:0a:ee, Subject:CN=AffirmTrust Premium, O=AffirmTrust, C=US, Issuer:CN=AffirmTrust Premium, O=AffirmTrust, C=US, Key type:RSA, Length:4096, Cert Id:2164683341, Valid from:1/29/10, 9:10 PM, Valid until:12/31/40, 9:10 PM
2025-01-07T20:30:50.198+07:00 DEBUG 27900 --- [csrf] [    Test worker] jdk.event.security                       : X509Certificate: Alg:SHA384withECDSA, Serial:74:97:25:8a:c7:3f:7a:54, Subject:CN=AffirmTrust Premium ECC, O=AffirmTrust, C=US, Issuer:CN=AffirmTrust Premium ECC, O=AffirmTrust, C=US, Key type:EC, Length:384, Cert Id:2214603510, Valid from:1/29/10, 9:20 PM, Valid until:12/31/40, 9:20 PM
2025-01-07T20:30:50.199+07:00 DEBUG 27900 --- [csrf] [    Test worker] jdk.event.security                       : X509Certificate: Alg:SHA256withRSA, Serial:06:6c:9f:cf:99:bf:8c:0a:39:e2:f0:78:8a:43:e6:96:36:5b:ca, Subject:CN=Amazon Root CA 1, O=Amazon, C=US, Issuer:CN=Amazon Root CA 1, O=Amazon, C=US, Key type:RSA, Length:2048, Cert Id:2822522334, Valid from:5/26/15, 7:00 AM, Valid until:1/17/38, 7:00 AM
2025-01-07T20:30:50.199+07:00 DEBUG 27900 --- [csrf] [    Test worker] jdk.event.security                       : X509Certificate: Alg:SHA384withRSA, Serial:06:6c:9f:d2:96:35:86:9f:0a:0f:e5:86:78:f8:5b:26:bb:8a:37, Subject:CN=Amazon Root CA 2, O=Amazon, C=US, Issuer:CN=Amazon Root CA 2, O=Amazon, C=US, Key type:RSA, Length:4096, Cert Id:2528834908, Valid from:5/26/15, 7:00 AM, Valid until:5/26/40, 7:00 AM
2025-01-07T20:30:50.200+07:00 DEBUG 27900 --- [csrf] [    Test worker] jdk.event.security                       : X509Certificate: Alg:SHA256withECDSA, Serial:06:6c:9f:d5:74:97:36:66:3f:3b:0b:9a:d9:e8:9e:76:03:f2:4a, Subject:CN=Amazon Root CA 3, O=Amazon, C=US, Issuer:CN=Amazon Root CA 3, O=Amazon, C=US, Key type:EC, Length:256, Cert Id:2732679773, Valid from:5/26/15, 7:00 AM, Valid until:5/26/40, 7:00 AM
2025-01-07T20:30:50.200+07:00 DEBUG 27900 --- [csrf] [    Test worker] jdk.event.security                       : X509Certificate: Alg:SHA384withECDSA, Serial:06:6c:9f:d7:c1:bb:10:4c:29:43:e5:71:7b:7b:2c:c8:1a:c1:0e, Subject:CN=Amazon Root CA 4, O=Amazon, C=US, Issuer:CN=Amazon Root CA 4, O=Amazon, C=US, Key type:EC, Length:384, Cert Id:2640694783, Valid from:5/26/15, 7:00 AM, Valid until:5/26/40, 7:00 AM
2025-01-07T20:30:50.201+07:00 DEBUG 27900 --- [csrf] [    Test worker] jdk.event.security                       : X509Certificate: Alg:SHA256withRSA, Serial:0d:d3:e3:bc:6c:f9:6b:b1, Subject:CN=ANF Secure Server Root CA, OU=ANF CA Raiz, O=ANF Autoridad de Certificacion, C=ES, SERIALNUMBER=G63287510, Issuer:CN=ANF Secure Server Root CA, OU=ANF CA Raiz, O=ANF Autoridad de Certificacion, C=ES, SERIALNUMBER=G63287510, Key type:RSA, Length:4096, Cert Id:3453317601, Valid from:9/4/19, 5:00 PM, Valid until:8/30/39, 5:00 PM
2025-01-07T20:30:50.201+07:00 DEBUG 27900 --- [csrf] [    Test worker] jdk.event.security                       : X509Certificate: Alg:SHA256withRSA, Serial:1b:70:e9:d2:ff:ae:6c:71, Subject:CN=Autoridad de Certificacion Firmaprofesional CIF A62634068, C=ES, Issuer:CN=Autoridad de Certificacion Firmaprofesional CIF A62634068, C=ES, Key type:RSA, Length:4096, Cert Id:2528236982, Valid from:9/23/14, 10:22 PM, Valid until:5/5/36, 10:22 PM
2025-01-07T20:30:50.202+07:00 DEBUG 27900 --- [csrf] [    Test worker] jdk.event.security                       : X509Certificate: Alg:SHA1withRSA, Serial:02:00:00:b9, Subject:CN=Baltimore CyberTrust Root, OU=CyberTrust, O=Baltimore, C=IE, Issuer:CN=Baltimore CyberTrust Root, OU=CyberTrust, O=Baltimore, C=IE, Key type:RSA, Length:2048, Cert Id:1425294543, Valid from:5/13/00, 1:46 AM, Valid until:5/13/25, 6:59 AM
2025-01-07T20:30:50.202+07:00 DEBUG 27900 --- [csrf] [    Test worker] jdk.event.security                       : X509Certificate: Alg:SHA256withRSA, Serial:55:6f:65:e3:b4:d9:90:6a:1b:09:d1:6c:3e:c0:6c:20, Subject:CN=BJCA Global Root CA1, O=BEIJING CERTIFICATE AUTHORITY, C=CN, Issuer:CN=BJCA Global Root CA1, O=BEIJING CERTIFICATE AUTHORITY, C=CN, Key type:RSA, Length:4096, Cert Id:2405703929, Valid from:12/19/19, 10:16 AM, Valid until:12/12/44, 10:16 AM
2025-01-07T20:30:50.203+07:00 DEBUG 27900 --- [csrf] [    Test worker] jdk.event.security                       : X509Certificate: Alg:SHA384withECDSA, Serial:2c:17:08:7d:64:2a:c0:fe:85:18:59:06:cf:b4:4a:eb, Subject:CN=BJCA Global Root CA2, O=BEIJING CERTIFICATE AUTHORITY, C=CN, Issuer:CN=BJCA Global Root CA2, O=BEIJING CERTIFICATE AUTHORITY, C=CN, Key type:EC, Length:384, Cert Id:1781225575, Valid from:12/19/19, 10:18 AM, Valid until:12/12/44, 10:18 AM
2025-01-07T20:30:50.203+07:00 DEBUG 27900 --- [csrf] [    Test worker] jdk.event.security                       : X509Certificate: Alg:SHA256withRSA, Serial:02, Subject:CN=Buypass Class 2 Root CA, O=Buypass AS-983163327, C=NO, Issuer:CN=Buypass Class 2 Root CA, O=Buypass AS-983163327, C=NO, Key type:RSA, Length:4096, Cert Id:969960563, Valid from:10/26/10, 3:38 PM, Valid until:10/26/40, 3:38 PM
2025-01-07T20:30:50.204+07:00 DEBUG 27900 --- [csrf] [    Test worker] jdk.event.security                       : X509Certificate: Alg:SHA256withRSA, Serial:02, Subject:CN=Buypass Class 3 Root CA, O=Buypass AS-983163327, C=NO, Issuer:CN=Buypass Class 3 Root CA, O=Buypass AS-983163327, C=NO, Key type:RSA, Length:4096, Cert Id:1264269967, Valid from:10/26/10, 3:28 PM, Valid until:10/26/40, 3:28 PM
2025-01-07T20:30:50.204+07:00 DEBUG 27900 --- [csrf] [    Test worker] jdk.event.security                       : X509Certificate: Alg:SHA256withRSA, Serial:00:92:b8:88:db:b0:8a:c1:63, Subject:CN=CA Disig Root R2, O=Disig a.s., L=Bratislava, C=SK, Issuer:CN=CA Disig Root R2, O=Disig a.s., L=Bratislava, C=SK, Key type:RSA, Length:4096, Cert Id:747175721, Valid from:7/19/12, 4:15 PM, Valid until:7/19/42, 4:15 PM
2025-01-07T20:30:50.205+07:00 DEBUG 27900 --- [csrf] [    Test worker] jdk.event.security                       : X509Certificate: Alg:SHA384withECDSA, Serial:06:25:33:b1:47:03:33:27:5c:f9:8d:9a:b9:bf:cc:f8, Subject:CN=Certainly Root E1, O=Certainly, C=US, Issuer:CN=Certainly Root E1, O=Certainly, C=US, Key type:EC, Length:384, Cert Id:792571453, Valid from:4/1/21, 7:00 AM, Valid until:4/1/46, 7:00 AM
2025-01-07T20:30:50.205+07:00 DEBUG 27900 --- [csrf] [    Test worker] jdk.event.security                       : X509Certificate: Alg:SHA256withRSA, Serial:00:8e:0f:f9:4b:90:71:68:65:33:54:f4:d4:44:39:b7:e0, Subject:CN=Certainly Root R1, O=Certainly, C=US, Issuer:CN=Certainly Root R1, O=Certainly, C=US, Key type:RSA, Length:4096, Cert Id:2255958535, Valid from:4/1/21, 7:00 AM, Valid until:4/1/46, 7:00 AM
2025-01-07T20:30:50.206+07:00 DEBUG 27900 --- [csrf] [    Test worker] jdk.event.security                       : X509Certificate: Alg:SHA1withRSA, Serial:00:fe:dc:e3:01:0f:c9:48:ff, Subject:CN=Certigna, O=Dhimyotis, C=FR, Issuer:CN=Certigna, O=Dhimyotis, C=FR, Key type:RSA, Length:2048, Cert Id:3506875840, Valid from:6/29/07, 10:13 PM, Valid until:6/29/27, 10:13 PM
2025-01-07T20:30:50.207+07:00 DEBUG 27900 --- [csrf] [    Test worker] jdk.event.security                       : X509Certificate: Alg:SHA256withRSA, Serial:00:ca:e9:1b:89:f1:55:03:0d:a3:e6:41:6d:c4:e3:a6:e1, Subject:CN=Certigna Root CA, OU=0002 48146308100036, O=Dhimyotis, C=FR, Issuer:CN=Certigna Root CA, OU=0002 48146308100036, O=Dhimyotis, C=FR, Key type:RSA, Length:4096, Cert Id:356684591, Valid from:10/1/13, 3:32 PM, Valid until:10/1/33, 3:32 PM
2025-01-07T20:30:50.207+07:00 DEBUG 27900 --- [csrf] [    Test worker] jdk.event.security                       : X509Certificate: Alg:SHA384withECDSA, Serial:78:8f:27:5c:81:12:52:20:a5:04:d0:2d:dd:ba:73:f4, Subject:CN=Certum EC-384 CA, OU=Certum Certification Authority, O=Asseco Data Systems S.A., C=PL, Issuer:CN=Certum EC-384 CA, OU=Certum Certification Authority, O=Asseco Data Systems S.A., C=PL, Key type:EC, Length:384, Cert Id:994586241, Valid from:3/26/18, 2:24 PM, Valid until:3/26/43, 2:24 PM
2025-01-07T20:30:50.207+07:00 DEBUG 27900 --- [csrf] [    Test worker] jdk.event.security                       : X509Certificate: Alg:SHA1withRSA, Serial:04:44:c0, Subject:CN=Certum Trusted Network CA, OU=Certum Certification Authority, O=Unizeto Technologies S.A., C=PL, Issuer:CN=Certum Trusted Network CA, OU=Certum Certification Authority, O=Unizeto Technologies S.A., C=PL, Key type:RSA, Length:2048, Cert Id:2014002193, Valid from:10/22/08, 7:07 PM, Valid until:12/31/29, 7:07 PM
2025-01-07T20:30:50.208+07:00 DEBUG 27900 --- [csrf] [    Test worker] jdk.event.security                       : X509Certificate: Alg:SHA512withRSA, Serial:21:d6:d0:4a:4f:25:0f:c9:32:37:fc:aa:5e:12:8d:e9, Subject:CN=Certum Trusted Network CA 2, OU=Certum Certification Authority, O=Unizeto Technologies S.A., C=PL, Issuer:CN=Certum Trusted Network CA 2, OU=Certum Certification Authority, O=Unizeto Technologies S.A., C=PL, Key type:RSA, Length:4096, Cert Id:1983350452, Valid from:10/6/11, 3:39 PM, Valid until:10/6/46, 3:39 PM
2025-01-07T20:30:50.208+07:00 DEBUG 27900 --- [csrf] [    Test worker] jdk.event.security                       : X509Certificate: Alg:SHA512withRSA, Serial:1e:bf:59:50:b8:c9:80:37:4c:06:f7:eb:55:4f:b5:ed, Subject:CN=Certum Trusted Root CA, OU=Certum Certification Authority, O=Asseco Data Systems S.A., C=PL, Issuer:CN=Certum Trusted Root CA, OU=Certum Certification Authority, O=Asseco Data Systems S.A., C=PL, Key type:RSA, Length:4096, Cert Id:3520640245, Valid from:3/16/18, 7:10 PM, Valid until:3/16/43, 7:10 PM
2025-01-07T20:30:50.209+07:00 DEBUG 27900 --- [csrf] [    Test worker] jdk.event.security                       : X509Certificate: Alg:SHA256withRSA, Serial:18:4a:cc:d6, Subject:CN=CFCA EV ROOT, O=China Financial Certification Authority, C=CN, Issuer:CN=CFCA EV ROOT, O=China Financial Certification Authority, C=CN, Key type:RSA, Length:4096, Cert Id:551407782, Valid from:8/8/12, 10:07 AM, Valid until:12/31/29, 10:07 AM
2025-01-07T20:30:50.209+07:00 DEBUG 27900 --- [csrf] [    Test worker] jdk.event.security                       : X509Certificate: Alg:SHA384withECDSA, Serial:43:70:82:77:cf:4d:5d:34:f1:ca:ae:32:2f:37:f7:f4:7f:75:a0:9e, Subject:CN=CommScope Public Trust ECC Root-01, O=CommScope, C=US, Issuer:CN=CommScope Public Trust ECC Root-01, O=CommScope, C=US, Key type:EC, Length:384, Cert Id:2532379058, Valid from:4/29/21, 12:35 AM, Valid until:4/29/46, 12:35 AM
2025-01-07T20:30:50.209+07:00 DEBUG 27900 --- [csrf] [    Test worker] jdk.event.security                       : X509Certificate: Alg:SHA384withECDSA, Serial:28:fd:99:60:41:47:a6:01:3a:ca:14:7b:1f:ef:f9:68:08:83:5d:7d, Subject:CN=CommScope Public Trust ECC Root-02, O=CommScope, C=US, Issuer:CN=CommScope Public Trust ECC Root-02, O=CommScope, C=US, Key type:EC, Length:384, Cert Id:1468864844, Valid from:4/29/21, 12:44 AM, Valid until:4/29/46, 12:44 AM
2025-01-07T20:30:50.210+07:00 DEBUG 27900 --- [csrf] [    Test worker] jdk.event.security                       : X509Certificate: Alg:SHA256withRSA, Serial:3e:03:49:81:75:16:74:31:8e:4c:ab:d5:c5:90:29:96:c5:39:10:dd, Subject:CN=CommScope Public Trust RSA Root-01, O=CommScope, C=US, Issuer:CN=CommScope Public Trust RSA Root-01, O=CommScope, C=US, Key type:RSA, Length:4096, Cert Id:3274862155, Valid from:4/28/21, 11:45 PM, Valid until:4/28/46, 11:45 PM
2025-01-07T20:30:50.210+07:00 DEBUG 27900 --- [csrf] [    Test worker] jdk.event.security                       : X509Certificate: Alg:SHA256withRSA, Serial:54:16:bf:3b:7e:39:95:71:8d:d1:aa:00:a5:86:0d:2b:8f:7a:05:4e, Subject:CN=CommScope Public Trust RSA Root-02, O=CommScope, C=US, Issuer:CN=CommScope Public Trust RSA Root-02, O=CommScope, C=US, Key type:RSA, Length:4096, Cert Id:1341146455, Valid from:4/29/21, 12:16 AM, Valid until:4/29/46, 12:16 AM
2025-01-07T20:30:50.211+07:00 DEBUG 27900 --- [csrf] [    Test worker] jdk.event.security                       : X509Certificate: Alg:SHA1withRSA, Serial:4e:81:2d:8a:82:65:e0:0b:02:ee:3e:35:02:46:e5:3d, Subject:CN=COMODO Certification Authority, O=COMODO CA Limited, L=Salford, ST=Greater Manchester, C=GB, Issuer:CN=COMODO Certification Authority, O=COMODO CA Limited, L=Salford, ST=Greater Manchester, C=GB, Key type:RSA, Length:2048, Cert Id:904304908, Valid from:12/1/06, 7:00 AM, Valid until:1/1/30, 6:59 AM
2025-01-07T20:30:50.211+07:00 DEBUG 27900 --- [csrf] [    Test worker] jdk.event.security                       : X509Certificate: Alg:SHA384withECDSA, Serial:1f:47:af:aa:62:00:70:50:54:4c:01:9e:9b:63:99:2a, Subject:CN=COMODO ECC Certification Authority, O=COMODO CA Limited, L=Salford, ST=Greater Manchester, C=GB, Issuer:CN=COMODO ECC Certification Authority, O=COMODO CA Limited, L=Salford, ST=Greater Manchester, C=GB, Key type:EC, Length:384, Cert Id:1146488932, Valid from:3/6/08, 7:00 AM, Valid until:1/19/38, 6:59 AM
2025-01-07T20:30:50.211+07:00 DEBUG 27900 --- [csrf] [    Test worker] jdk.event.security                       : X509Certificate: Alg:SHA384withRSA, Serial:4c:aa:f9:ca:db:63:6f:e0:1f:f7:4e:d8:5b:03:86:9d, Subject:CN=COMODO RSA Certification Authority, O=COMODO CA Limited, L=Salford, ST=Greater Manchester, C=GB, Issuer:CN=COMODO RSA Certification Authority, O=COMODO CA Limited, L=Salford, ST=Greater Manchester, C=GB, Key type:RSA, Length:4096, Cert Id:1769425049, Valid from:1/19/10, 7:00 AM, Valid until:1/19/38, 6:59 AM
2025-01-07T20:30:50.212+07:00 DEBUG 27900 --- [csrf] [    Test worker] jdk.event.security                       : X509Certificate: Alg:SHA1withRSA, Serial:0c:e7:e0:e5:17:d8:46:fe:8f:e5:60:fc:1b:f0:30:39, Subject:CN=DigiCert Assured ID Root CA, OU=www.digicert.com, O=DigiCert Inc, C=US, Issuer:CN=DigiCert Assured ID Root CA, OU=www.digicert.com, O=DigiCert Inc, C=US, Key type:RSA, Length:2048, Cert Id:3434562768, Valid from:11/10/06, 7:00 AM, Valid until:11/10/31, 7:00 AM
2025-01-07T20:30:50.212+07:00 DEBUG 27900 --- [csrf] [    Test worker] jdk.event.security                       : X509Certificate: Alg:SHA256withRSA, Serial:0b:93:1c:3a:d6:39:67:ea:67:23:bf:c3:af:9a:f4:4b, Subject:CN=DigiCert Assured ID Root G2, OU=www.digicert.com, O=DigiCert Inc, C=US, Issuer:CN=DigiCert Assured ID Root G2, OU=www.digicert.com, O=DigiCert Inc, C=US, Key type:RSA, Length:2048, Cert Id:3909568913, Valid from:8/1/13, 7:00 PM, Valid until:1/15/38, 7:00 PM
2025-01-07T20:30:50.213+07:00 DEBUG 27900 --- [csrf] [    Test worker] jdk.event.security                       : X509Certificate: Alg:SHA384withECDSA, Serial:0b:a1:5a:fa:1d:df:a0:b5:49:44:af:cd:24:a0:6c:ec, Subject:CN=DigiCert Assured ID Root G3, OU=www.digicert.com, O=DigiCert Inc, C=US, Issuer:CN=DigiCert Assured ID Root G3, OU=www.digicert.com, O=DigiCert Inc, C=US, Key type:EC, Length:384, Cert Id:3649430051, Valid from:8/1/13, 7:00 PM, Valid until:1/15/38, 7:00 PM
2025-01-07T20:30:50.213+07:00 DEBUG 27900 --- [csrf] [    Test worker] jdk.event.security                       : X509Certificate: Alg:SHA1withRSA, Serial:08:3b:e0:56:90:42:46:b1:a1:75:6a:c9:59:91:c7:4a, Subject:CN=DigiCert Global Root CA, OU=www.digicert.com, O=DigiCert Inc, C=US, Issuer:CN=DigiCert Global Root CA, OU=www.digicert.com, O=DigiCert Inc, C=US, Key type:RSA, Length:2048, Cert Id:1341898239, Valid from:11/10/06, 7:00 AM, Valid until:11/10/31, 7:00 AM
2025-01-07T20:30:50.213+07:00 DEBUG 27900 --- [csrf] [    Test worker] jdk.event.security                       : X509Certificate: Alg:SHA256withRSA, Serial:03:3a:f1:e6:a7:11:a9:a0:bb:28:64:b1:1d:09:fa:e5, Subject:CN=DigiCert Global Root G2, OU=www.digicert.com, O=DigiCert Inc, C=US, Issuer:CN=DigiCert Global Root G2, OU=www.digicert.com, O=DigiCert Inc, C=US, Key type:RSA, Length:2048, Cert Id:1136084297, Valid from:8/1/13, 7:00 PM, Valid until:1/15/38, 7:00 PM
2025-01-07T20:30:50.214+07:00 DEBUG 27900 --- [csrf] [    Test worker] jdk.event.security                       : X509Certificate: Alg:SHA384withECDSA, Serial:05:55:56:bc:f2:5e:a4:35:35:c3:a4:0f:d5:ab:45:72, Subject:CN=DigiCert Global Root G3, OU=www.digicert.com, O=DigiCert Inc, C=US, Issuer:CN=DigiCert Global Root G3, OU=www.digicert.com, O=DigiCert Inc, C=US, Key type:EC, Length:384, Cert Id:3498998753, Valid from:8/1/13, 7:00 PM, Valid until:1/15/38, 7:00 PM
2025-01-07T20:30:50.214+07:00 DEBUG 27900 --- [csrf] [    Test worker] jdk.event.security                       : X509Certificate: Alg:SHA1withRSA, Serial:02:ac:5c:26:6a:0b:40:9b:8f:0b:79:f2:ae:46:25:77, Subject:CN=DigiCert High Assurance EV Root CA, OU=www.digicert.com, O=DigiCert Inc, C=US, Issuer:CN=DigiCert High Assurance EV Root CA, OU=www.digicert.com, O=DigiCert Inc, C=US, Key type:RSA, Length:2048, Cert Id:2884286942, Valid from:11/10/06, 7:00 AM, Valid until:11/10/31, 7:00 AM
2025-01-07T20:30:50.214+07:00 DEBUG 27900 --- [csrf] [    Test worker] jdk.event.security                       : X509Certificate: Alg:SHA384withECDSA, Serial:09:e0:93:65:ac:f7:d9:c8:b9:3e:1c:0b:04:2a:2e:f3, Subject:CN=DigiCert TLS ECC P384 Root G5, O="DigiCert, Inc.", C=US, Issuer:CN=DigiCert TLS ECC P384 Root G5, O="DigiCert, Inc.", C=US, Key type:EC, Length:384, Cert Id:3940772018, Valid from:1/15/21, 7:00 AM, Valid until:1/15/46, 6:59 AM
2025-01-07T20:30:50.214+07:00 DEBUG 27900 --- [csrf] [    Test worker] jdk.event.security                       : X509Certificate: Alg:SHA384withRSA, Serial:08:f9:b4:78:a8:fa:7e:da:6a:33:37:89:de:7c:cf:8a, Subject:CN=DigiCert TLS RSA4096 Root G5, O="DigiCert, Inc.", C=US, Issuer:CN=DigiCert TLS RSA4096 Root G5, O="DigiCert, Inc.", C=US, Key type:RSA, Length:4096, Cert Id:165956757, Valid from:1/15/21, 7:00 AM, Valid until:1/15/46, 6:59 AM
2025-01-07T20:30:50.215+07:00 DEBUG 27900 --- [csrf] [    Test worker] jdk.event.security                       : X509Certificate: Alg:SHA384withRSA, Serial:05:9b:1b:57:9e:8e:21:32:e2:39:07:bd:a7:77:75:5c, Subject:CN=DigiCert Trusted Root G4, OU=www.digicert.com, O=DigiCert Inc, C=US, Issuer:CN=DigiCert Trusted Root G4, OU=www.digicert.com, O=DigiCert Inc, C=US, Key type:RSA, Length:4096, Cert Id:1057369358, Valid from:8/1/13, 7:00 PM, Valid until:1/15/38, 7:00 PM
2025-01-07T20:30:50.215+07:00 DEBUG 27900 --- [csrf] [    Test worker] jdk.event.security                       : X509Certificate: Alg:SHA384withECDSA, Serial:7c:c9:8f:2b:84:d7:df:ea:0f:c9:65:9a:d3:4b:4d:96, Subject:CN=D-TRUST BR Root CA 1 2020, O=D-Trust GmbH, C=DE, Issuer:CN=D-TRUST BR Root CA 1 2020, O=D-Trust GmbH, C=DE, Key type:EC, Length:384, Cert Id:4211149558, Valid from:2/11/20, 4:45 PM, Valid until:2/11/35, 4:44 PM
2025-01-07T20:30:50.215+07:00 DEBUG 27900 --- [csrf] [    Test worker] jdk.event.security                       : X509Certificate: Alg:SHA384withECDSA, Serial:5f:02:41:d7:7a:87:7c:4c:03:a3:ac:96:8d:fb:ff:d0, Subject:CN=D-TRUST EV Root CA 1 2020, O=D-Trust GmbH, C=DE, Issuer:CN=D-TRUST EV Root CA 1 2020, O=D-Trust GmbH, C=DE, Key type:EC, Length:384, Cert Id:238735896, Valid from:2/11/20, 5:00 PM, Valid until:2/11/35, 4:59 PM
2025-01-07T20:30:50.216+07:00 DEBUG 27900 --- [csrf] [    Test worker] jdk.event.security                       : X509Certificate: Alg:SHA256withRSA, Serial:09:83:f3, Subject:CN=D-TRUST Root Class 3 CA 2 2009, O=D-Trust GmbH, C=DE, Issuer:CN=D-TRUST Root Class 3 CA 2 2009, O=D-Trust GmbH, C=DE, Key type:RSA, Length:2048, Cert Id:1430153102, Valid from:11/5/09, 3:35 PM, Valid until:11/5/29, 3:35 PM
2025-01-07T20:30:50.216+07:00 DEBUG 27900 --- [csrf] [    Test worker] jdk.event.security                       : X509Certificate: Alg:SHA256withRSA, Serial:09:83:f4, Subject:CN=D-TRUST Root Class 3 CA 2 EV 2009, O=D-Trust GmbH, C=DE, Issuer:CN=D-TRUST Root Class 3 CA 2 EV 2009, O=D-Trust GmbH, C=DE, Key type:RSA, Length:2048, Cert Id:971313728, Valid from:11/5/09, 3:50 PM, Valid until:11/5/29, 3:50 PM
2025-01-07T20:30:50.216+07:00 DEBUG 27900 --- [csrf] [    Test worker] jdk.event.security                       : X509Certificate: Alg:SHA384withECDSA, Serial:7b:71:b6:82:56:b8:12:7c:9c:a8, Subject:CN=emSign ECC Root CA - C3, O=eMudhra Inc, OU=emSign PKI, C=US, Issuer:CN=emSign ECC Root CA - C3, O=eMudhra Inc, OU=emSign PKI, C=US, Key type:EC, Length:384, Cert Id:3346510540, Valid from:2/19/18, 1:30 AM, Valid until:2/19/43, 1:30 AM
2025-01-07T20:30:50.216+07:00 DEBUG 27900 --- [csrf] [    Test worker] jdk.event.security                       : X509Certificate: Alg:SHA384withECDSA, Serial:3c:f6:07:a9:68:70:0e:da:8b:84, Subject:CN=emSign ECC Root CA - G3, O=eMudhra Technologies Limited, OU=emSign PKI, C=IN, Issuer:CN=emSign ECC Root CA - G3, O=eMudhra Technologies Limited, OU=emSign PKI, C=IN, Key type:EC, Length:384, Cert Id:3832035707, Valid from:2/19/18, 1:30 AM, Valid until:2/19/43, 1:30 AM
2025-01-07T20:30:50.217+07:00 DEBUG 27900 --- [csrf] [    Test worker] jdk.event.security                       : X509Certificate: Alg:SHA256withRSA, Serial:00:ae:cf:00:ba:c4:cf:32:f8:43:b2, Subject:CN=emSign Root CA - C1, O=eMudhra Inc, OU=emSign PKI, C=US, Issuer:CN=emSign Root CA - C1, O=eMudhra Inc, OU=emSign PKI, C=US, Key type:RSA, Length:2048, Cert Id:3026103940, Valid from:2/19/18, 1:30 AM, Valid until:2/19/43, 1:30 AM
2025-01-07T20:30:50.217+07:00 DEBUG 27900 --- [csrf] [    Test worker] jdk.event.security                       : X509Certificate: Alg:SHA256withRSA, Serial:31:f5:e4:62:0c:6c:58:ed:d6:d8, Subject:CN=emSign Root CA - G1, O=eMudhra Technologies Limited, OU=emSign PKI, C=IN, Issuer:CN=emSign Root CA - G1, O=eMudhra Technologies Limited, OU=emSign PKI, C=IN, Key type:RSA, Length:2048, Cert Id:392709196, Valid from:2/19/18, 1:30 AM, Valid until:2/19/43, 1:30 AM
2025-01-07T20:30:50.217+07:00 DEBUG 27900 --- [csrf] [    Test worker] jdk.event.security                       : X509Certificate: Alg:SHA1withRSA, Serial:45:6b:50:54, Subject:CN=Entrust Root Certification Authority, OU="(c) 2006 Entrust, Inc.", OU=www.entrust.net/CPS is incorporated by reference, O="Entrust, Inc.", C=US, Issuer:CN=Entrust Root Certification Authority, OU="(c) 2006 Entrust, Inc.", OU=www.entrust.net/CPS is incorporated by reference, O="Entrust, Inc.", C=US, Key type:RSA, Length:2048, Cert Id:3033563200, Valid from:11/28/06, 3:23 AM, Valid until:11/28/26, 3:53 AM
2025-01-07T20:30:50.218+07:00 DEBUG 27900 --- [csrf] [    Test worker] jdk.event.security                       : X509Certificate: Alg:SHA384withECDSA, Serial:00:a6:8b:79:29:00:00:00:00:50:d0:91:f9, Subject:CN=Entrust Root Certification Authority - EC1, OU="(c) 2012 Entrust, Inc. - for authorized use only", OU=See www.entrust.net/legal-terms, O="Entrust, Inc.", C=US, Issuer:CN=Entrust Root Certification Authority - EC1, OU="(c) 2012 Entrust, Inc. - for authorized use only", OU=See www.entrust.net/legal-terms, O="Entrust, Inc.", C=US, Key type:EC, Length:384, Cert Id:924514073, Valid from:12/18/12, 10:25 PM, Valid until:12/18/37, 10:55 PM
2025-01-07T20:30:50.218+07:00 DEBUG 27900 --- [csrf] [    Test worker] jdk.event.security                       : X509Certificate: Alg:SHA256withRSA, Serial:4a:53:8c:28, Subject:CN=Entrust Root Certification Authority - G2, OU="(c) 2009 Entrust, Inc. - for authorized use only", OU=See www.entrust.net/legal-terms, O="Entrust, Inc.", C=US, Issuer:CN=Entrust Root Certification Authority - G2, OU="(c) 2009 Entrust, Inc. - for authorized use only", OU=See www.entrust.net/legal-terms, O="Entrust, Inc.", C=US, Key type:RSA, Length:2048, Cert Id:1936920337, Valid from:7/8/09, 12:25 AM, Valid until:12/8/30, 12:55 AM
2025-01-07T20:30:50.218+07:00 DEBUG 27900 --- [csrf] [    Test worker] jdk.event.security                       : X509Certificate: Alg:SHA256withRSA, Serial:00:d9:b5:43:7f:af:a9:39:0f:00:00:00:00:55:65:ad:58, Subject:CN=Entrust Root Certification Authority - G4, OU="(c) 2015 Entrust, Inc. - for authorized use only", OU=See www.entrust.net/legal-terms, O="Entrust, Inc.", C=US, Issuer:CN=Entrust Root Certification Authority - G4, OU="(c) 2015 Entrust, Inc. - for authorized use only", OU=See www.entrust.net/legal-terms, O="Entrust, Inc.", C=US, Key type:RSA, Length:4096, Cert Id:1368037548, Valid from:5/27/15, 6:11 PM, Valid until:12/27/37, 6:41 PM
2025-01-07T20:30:50.219+07:00 DEBUG 27900 --- [csrf] [    Test worker] jdk.event.security                       : X509Certificate: Alg:SHA1withRSA, Serial:38:63:de:f8, Subject:CN=Entrust.net Certification Authority (2048), OU=(c) 1999 Entrust.net Limited, OU=www.entrust.net/CPS_2048 incorp. by ref. (limits liab.), O=Entrust.net, Issuer:CN=Entrust.net Certification Authority (2048), OU=(c) 1999 Entrust.net Limited, OU=www.entrust.net/CPS_2048 incorp. by ref. (limits liab.), O=Entrust.net, Key type:RSA, Length:2048, Cert Id:3966431214, Valid from:12/25/99, 12:50 AM, Valid until:7/24/29, 9:15 PM
2025-01-07T20:30:50.219+07:00 DEBUG 27900 --- [csrf] [    Test worker] jdk.event.security                       : X509Certificate: Alg:SHA256withECDSA, Serial:01:54:48:ef:21:fd:97:59:0d:f5:04:0a, Subject:CN=e-Szigno Root CA 2017, OID.2.5.4.97=VATHU-23584497, O=Microsec Ltd., L=Budapest, C=HU, Issuer:CN=e-Szigno Root CA 2017, OID.2.5.4.97=VATHU-23584497, O=Microsec Ltd., L=Budapest, C=HU, Key type:EC, Length:256, Cert Id:3303793581, Valid from:8/22/17, 7:07 PM, Valid until:8/22/42, 7:07 PM
2025-01-07T20:30:50.220+07:00 DEBUG 27900 --- [csrf] [    Test worker] jdk.event.security                       : X509Certificate: Alg:SHA384withECDSA, Serial:31:97:21:ed:af:89:42:7f:35:41:87:a1:67:56:4c:6d, Subject:CN=FIRMAPROFESIONAL CA ROOT-A WEB, OID.2.5.4.97=VATES-A62634068, O=Firmaprofesional SA, C=ES, Issuer:CN=FIRMAPROFESIONAL CA ROOT-A WEB, OID.2.5.4.97=VATES-A62634068, O=Firmaprofesional SA, C=ES, Key type:EC, Length:384, Cert Id:1387213785, Valid from:4/6/22, 4:01 PM, Valid until:3/31/47, 4:01 PM
2025-01-07T20:30:50.220+07:00 DEBUG 27900 --- [csrf] [    Test worker] jdk.event.security                       : X509Certificate: Alg:SHA256withRSA, Serial:7d:09:97:fe:f0:47:ea:7a, Subject:CN=GDCA TrustAUTH R5 ROOT, O="GUANG DONG CERTIFICATE AUTHORITY CO.,LTD.", C=CN, Issuer:CN=GDCA TrustAUTH R5 ROOT, O="GUANG DONG CERTIFICATE AUTHORITY CO.,LTD.", C=CN, Key type:RSA, Length:4096, Cert Id:494136981, Valid from:11/26/14, 12:13 PM, Valid until:12/31/40, 10:59 PM
2025-01-07T20:30:50.220+07:00 DEBUG 27900 --- [csrf] [    Test worker] jdk.event.security                       : X509Certificate: Alg:SHA256withECDSA, Serial:02:03:e5:7e:f5:3f:93:fd:a5:09:21:b2:a6, Subject:CN=GlobalSign, O=GlobalSign, OU=GlobalSign ECC Root CA - R4, Issuer:CN=GlobalSign, O=GlobalSign, OU=GlobalSign ECC Root CA - R4, Key type:EC, Length:256, Cert Id:3777996779, Valid from:11/13/12, 7:00 AM, Valid until:1/19/38, 10:14 AM
2025-01-07T20:30:50.221+07:00 DEBUG 27900 --- [csrf] [    Test worker] jdk.event.security                       : X509Certificate: Alg:SHA384withECDSA, Serial:60:59:49:e0:26:2e:bb:55:f9:0a:77:8a:71:f9:4a:d8:6c, Subject:CN=GlobalSign, O=GlobalSign, OU=GlobalSign ECC Root CA - R5, Issuer:CN=GlobalSign, O=GlobalSign, OU=GlobalSign ECC Root CA - R5, Key type:EC, Length:384, Cert Id:1997048439, Valid from:11/13/12, 7:00 AM, Valid until:1/19/38, 10:14 AM
2025-01-07T20:30:50.221+07:00 DEBUG 27900 --- [csrf] [    Test worker] jdk.event.security                       : X509Certificate: Alg:SHA256withRSA, Serial:04:00:00:00:00:01:21:58:53:08:a2, Subject:CN=GlobalSign, O=GlobalSign, OU=GlobalSign Root CA - R3, Issuer:CN=GlobalSign, O=GlobalSign, OU=GlobalSign Root CA - R3, Key type:RSA, Length:2048, Cert Id:733875591, Valid from:3/18/09, 5:00 PM, Valid until:3/18/29, 5:00 PM
2025-01-07T20:30:50.222+07:00 DEBUG 27900 --- [csrf] [    Test worker] jdk.event.security                       : X509Certificate: Alg:SHA384withRSA, Serial:45:e6:bb:03:83:33:c3:85:65:48:e6:ff:45:51, Subject:CN=GlobalSign, O=GlobalSign, OU=GlobalSign Root CA - R6, Issuer:CN=GlobalSign, O=GlobalSign, OU=GlobalSign Root CA - R6, Key type:RSA, Length:4096, Cert Id:3788339543, Valid from:12/10/14, 7:00 AM, Valid until:12/10/34, 7:00 AM
2025-01-07T20:30:50.222+07:00 DEBUG 27900 --- [csrf] [    Test worker] jdk.event.security                       : X509Certificate: Alg:SHA1withRSA, Serial:04:00:00:00:00:01:15:4b:5a:c3:94, Subject:CN=GlobalSign Root CA, OU=Root CA, O=GlobalSign nv-sa, C=BE, Issuer:CN=GlobalSign Root CA, OU=Root CA, O=GlobalSign nv-sa, C=BE, Key type:RSA, Length:2048, Cert Id:536948034, Valid from:9/1/98, 7:00 PM, Valid until:1/28/28, 7:00 PM
2025-01-07T20:30:50.222+07:00 DEBUG 27900 --- [csrf] [    Test worker] jdk.event.security                       : X509Certificate: Alg:SHA384withECDSA, Serial:11:d2:bb:ba:33:6e:d4:bc:e6:24:68:c5:0d:84:1d:98:e8:43, Subject:CN=GlobalSign Root E46, O=GlobalSign nv-sa, C=BE, Issuer:CN=GlobalSign Root E46, O=GlobalSign nv-sa, C=BE, Key type:EC, Length:384, Cert Id:3405603905, Valid from:3/20/19, 7:00 AM, Valid until:3/20/46, 7:00 AM
2025-01-07T20:30:50.222+07:00 DEBUG 27900 --- [csrf] [    Test worker] jdk.event.security                       : X509Certificate: Alg:SHA384withRSA, Serial:11:d2:bb:b9:d7:23:18:9e:40:5f:0a:9d:2d:d0:df:25:67:d1, Subject:CN=GlobalSign Root R46, O=GlobalSign nv-sa, C=BE, Issuer:CN=GlobalSign Root R46, O=GlobalSign nv-sa, C=BE, Key type:RSA, Length:4096, Cert Id:1275948927, Valid from:3/20/19, 7:00 AM, Valid until:3/20/46, 7:00 AM
2025-01-07T20:30:50.223+07:00 DEBUG 27900 --- [csrf] [    Test worker] jdk.event.security                       : X509Certificate: Alg:SHA256withRSA, Serial:5a:4b:bd:5a:fb:4f:8a:5b:fa:65:e5, Subject:CN=GLOBALTRUST 2020, O=e-commerce monitoring GmbH, C=AT, Issuer:CN=GLOBALTRUST 2020, O=e-commerce monitoring GmbH, C=AT, Key type:RSA, Length:4096, Cert Id:3772720413, Valid from:2/10/20, 7:00 AM, Valid until:6/10/40, 7:00 AM
2025-01-07T20:30:50.223+07:00 DEBUG 27900 --- [csrf] [    Test worker] jdk.event.security                       : X509Certificate: Alg:SHA256withRSA, Serial:00, Subject:CN=Go Daddy Root Certificate Authority - G2, O="GoDaddy.com, Inc.", L=Scottsdale, ST=Arizona, C=US, Issuer:CN=Go Daddy Root Certificate Authority - G2, O="GoDaddy.com, Inc.", L=Scottsdale, ST=Arizona, C=US, Key type:RSA, Length:2048, Cert Id:439600313, Valid from:9/1/09, 7:00 AM, Valid until:1/1/38, 6:59 AM
2025-01-07T20:30:50.223+07:00 DEBUG 27900 --- [csrf] [    Test worker] jdk.event.security                       : X509Certificate: Alg:SHA384withRSA, Serial:02:03:e5:93:6f:31:b0:13:49:88:6b:a2:17, Subject:CN=GTS Root R1, O=Google Trust Services LLC, C=US, Issuer:CN=GTS Root R1, O=Google Trust Services LLC, C=US, Key type:RSA, Length:4096, Cert Id:657172038, Valid from:6/22/16, 7:00 AM, Valid until:6/22/36, 7:00 AM
2025-01-07T20:30:50.223+07:00 DEBUG 27900 --- [csrf] [    Test worker] jdk.event.security                       : X509Certificate: Alg:SHA384withRSA, Serial:02:03:e5:ae:c5:8d:04:25:1a:ab:11:25:aa, Subject:CN=GTS Root R2, O=Google Trust Services LLC, C=US, Issuer:CN=GTS Root R2, O=Google Trust Services LLC, C=US, Key type:RSA, Length:4096, Cert Id:948387669, Valid from:6/22/16, 7:00 AM, Valid until:6/22/36, 7:00 AM
2025-01-07T20:30:50.224+07:00 DEBUG 27900 --- [csrf] [    Test worker] jdk.event.security                       : X509Certificate: Alg:SHA384withECDSA, Serial:02:03:e5:b8:82:eb:20:f8:25:27:6d:3d:66, Subject:CN=GTS Root R3, O=Google Trust Services LLC, C=US, Issuer:CN=GTS Root R3, O=Google Trust Services LLC, C=US, Key type:EC, Length:384, Cert Id:1163081155, Valid from:6/22/16, 7:00 AM, Valid until:6/22/36, 7:00 AM
2025-01-07T20:30:50.224+07:00 DEBUG 27900 --- [csrf] [    Test worker] jdk.event.security                       : X509Certificate: Alg:SHA384withECDSA, Serial:02:03:e5:c0:68:ef:63:1a:9c:72:90:50:52, Subject:CN=GTS Root R4, O=Google Trust Services LLC, C=US, Issuer:CN=GTS Root R4, O=Google Trust Services LLC, C=US, Key type:EC, Length:384, Cert Id:1326433111, Valid from:6/22/16, 7:00 AM, Valid until:6/22/36, 7:00 AM
2025-01-07T20:30:50.224+07:00 DEBUG 27900 --- [csrf] [    Test worker] jdk.event.security                       : X509Certificate: Alg:SHA384withECDSA, Serial:67:74:9d:8d:77:d8:3b:6a:db:22:f4:ff:59:e2:bf:ce, Subject:CN=HARICA TLS ECC Root CA 2021, O=Hellenic Academic and Research Institutions CA, C=GR, Issuer:CN=HARICA TLS ECC Root CA 2021, O=Hellenic Academic and Research Institutions CA, C=GR, Key type:EC, Length:384, Cert Id:3601034952, Valid from:2/19/21, 6:01 PM, Valid until:2/13/45, 6:01 PM
2025-01-07T20:30:50.225+07:00 DEBUG 27900 --- [csrf] [    Test worker] jdk.event.security                       : X509Certificate: Alg:SHA256withRSA, Serial:39:ca:93:1c:ef:43:f3:c6:8e:93:c7:f4:64:89:38:7e, Subject:CN=HARICA TLS RSA Root CA 2021, O=Hellenic Academic and Research Institutions CA, C=GR, Issuer:CN=HARICA TLS RSA Root CA 2021, O=Hellenic Academic and Research Institutions CA, C=GR, Key type:RSA, Length:4096, Cert Id:1709624614, Valid from:2/19/21, 5:55 PM, Valid until:2/13/45, 5:55 PM
2025-01-07T20:30:50.225+07:00 DEBUG 27900 --- [csrf] [    Test worker] jdk.event.security                       : X509Certificate: Alg:SHA256withECDSA, Serial:00, Subject:CN=Hellenic Academic and Research Institutions ECC RootCA 2015, O=Hellenic Academic and Research Institutions Cert. Authority, L=Athens, C=GR, Issuer:CN=Hellenic Academic and Research Institutions ECC RootCA 2015, O=Hellenic Academic and Research Institutions Cert. Authority, L=Athens, C=GR, Key type:EC, Length:384, Cert Id:513613456, Valid from:7/7/15, 5:37 PM, Valid until:6/30/40, 5:37 PM
2025-01-07T20:30:50.225+07:00 DEBUG 27900 --- [csrf] [    Test worker] jdk.event.security                       : X509Certificate: Alg:SHA256withRSA, Serial:00, Subject:CN=Hellenic Academic and Research Institutions RootCA 2015, O=Hellenic Academic and Research Institutions Cert. Authority, L=Athens, C=GR, Issuer:CN=Hellenic Academic and Research Institutions RootCA 2015, O=Hellenic Academic and Research Institutions Cert. Authority, L=Athens, C=GR, Key type:RSA, Length:4096, Cert Id:3491990565, Valid from:7/7/15, 5:11 PM, Valid until:6/30/40, 5:11 PM
2025-01-07T20:30:50.225+07:00 DEBUG 27900 --- [csrf] [    Test worker] jdk.event.security                       : X509Certificate: Alg:SHA256withRSA, Serial:2d:dd:ac:ce:62:97:94:a1:43:e8:b0:cd:76:6a:5e:60, Subject:CN=HiPKI Root CA - G1, O="Chunghwa Telecom Co., Ltd.", C=TW, Issuer:CN=HiPKI Root CA - G1, O="Chunghwa Telecom Co., Ltd.", C=TW, Key type:RSA, Length:4096, Cert Id:2278609152, Valid from:2/22/19, 4:46 PM, Valid until:12/31/37, 10:59 PM
2025-01-07T20:30:50.226+07:00 DEBUG 27900 --- [csrf] [    Test worker] jdk.event.security                       : X509Certificate: Alg:SHA256withRSA, Serial:08:16:5f:8a:4c:a5:ec:00:c9:93:40:df:c4:c6:ae:23:b8:1c:5a:a4, Subject:CN=Hongkong Post Root CA 3, O=Hongkong Post, L=Hong Kong, ST=Hong Kong, C=HK, Issuer:CN=Hongkong Post Root CA 3, O=Hongkong Post, L=Hong Kong, ST=Hong Kong, C=HK, Key type:RSA, Length:4096, Cert Id:3393016216, Valid from:6/3/17, 9:29 AM, Valid until:6/3/42, 9:29 AM
2025-01-07T20:30:50.226+07:00 DEBUG 27900 --- [csrf] [    Test worker] jdk.event.security                       : X509Certificate: Alg:SHA256withRSA, Serial:0a:01:42:80:00:00:01:45:23:c8:44:b5:00:00:00:02, Subject:CN=IdenTrust Commercial Root CA 1, O=IdenTrust, C=US, Issuer:CN=IdenTrust Commercial Root CA 1, O=IdenTrust, C=US, Key type:RSA, Length:4096, Cert Id:1232565210, Valid from:1/17/14, 1:12 AM, Valid until:1/17/34, 1:12 AM
2025-01-07T20:30:50.226+07:00 DEBUG 27900 --- [csrf] [    Test worker] jdk.event.security                       : X509Certificate: Alg:SHA256withRSA, Serial:0a:01:42:80:00:00:01:45:23:cf:46:7c:00:00:00:02, Subject:CN=IdenTrust Public Sector Root CA 1, O=IdenTrust, C=US, Issuer:CN=IdenTrust Public Sector Root CA 1, O=IdenTrust, C=US, Key type:RSA, Length:4096, Cert Id:2123370772, Valid from:1/17/14, 12:53 AM, Valid until:1/17/34, 12:53 AM
2025-01-07T20:30:50.226+07:00 DEBUG 27900 --- [csrf] [    Test worker] jdk.event.security                       : X509Certificate: Alg:SHA256withRSA, Serial:00:82:10:cf:b0:d2:40:e3:59:44:63:e0:bb:63:82:8b:00, Subject:CN=ISRG Root X1, O=Internet Security Research Group, C=US, Issuer:CN=ISRG Root X1, O=Internet Security Research Group, C=US, Key type:RSA, Length:4096, Cert Id:1521974916, Valid from:6/4/15, 6:04 PM, Valid until:6/4/35, 6:04 PM
2025-01-07T20:30:50.226+07:00 DEBUG 27900 --- [csrf] [    Test worker] jdk.event.security                       : X509Certificate: Alg:SHA384withECDSA, Serial:41:d2:9d:d1:72:ea:ee:a7:80:c1:2c:6c:e9:2f:87:52, Subject:CN=ISRG Root X2, O=Internet Security Research Group, C=US, Issuer:CN=ISRG Root X2, O=Internet Security Research Group, C=US, Key type:EC, Length:384, Cert Id:3398642244, Valid from:9/4/20, 7:00 AM, Valid until:9/17/40, 11:00 PM
2025-01-07T20:30:50.227+07:00 DEBUG 27900 --- [csrf] [    Test worker] jdk.event.security                       : X509Certificate: Alg:SHA256withRSA, Serial:00:b0:b7:5a:16:48:5f:bf:e1:cb:f5:8b:d7:19:e6:7d, Subject:CN=Izenpe.com, O=IZENPE S.A., C=ES, Issuer:CN=Izenpe.com, O=IZENPE S.A., C=ES, Key type:RSA, Length:4096, Cert Id:2449386312, Valid from:12/13/07, 8:08 PM, Valid until:12/13/37, 3:27 PM
2025-01-07T20:30:50.227+07:00 DEBUG 27900 --- [csrf] [    Test worker] jdk.event.security                       : X509Certificate: Alg:SHA256withRSA, Serial:00:c2:7e:43:04:4e:47:3f:19, Subject:EMAILADDRESS=info@e-szigno.hu, CN=Microsec e-Szigno Root CA 2009, O=Microsec Ltd., L=Budapest, C=HU, Issuer:EMAILADDRESS=info@e-szigno.hu, CN=Microsec e-Szigno Root CA 2009, O=Microsec Ltd., L=Budapest, C=HU, Key type:RSA, Length:2048, Cert Id:2391017284, Valid from:6/16/09, 6:30 PM, Valid until:12/30/29, 6:30 PM
2025-01-07T20:30:50.227+07:00 DEBUG 27900 --- [csrf] [    Test worker] jdk.event.security                       : X509Certificate: Alg:SHA384withECDSA, Serial:66:f2:3d:af:87:de:8b:b1:4a:ea:0c:57:31:01:c2:ec, Subject:CN=Microsoft ECC Root Certificate Authority 2017, O=Microsoft Corporation, C=US, Issuer:CN=Microsoft ECC Root Certificate Authority 2017, O=Microsoft Corporation, C=US, Key type:EC, Length:384, Cert Id:3240761285, Valid from:12/19/19, 6:06 AM, Valid until:7/19/42, 6:16 AM
2025-01-07T20:30:50.227+07:00 DEBUG 27900 --- [csrf] [    Test worker] jdk.event.security                       : X509Certificate: Alg:SHA384withRSA, Serial:1e:d3:97:09:5f:d8:b4:b3:47:70:1e:aa:be:7f:45:b3, Subject:CN=Microsoft RSA Root Certificate Authority 2017, O=Microsoft Corporation, C=US, Issuer:CN=Microsoft RSA Root Certificate Authority 2017, O=Microsoft Corporation, C=US, Key type:RSA, Length:4096, Cert Id:2848349048, Valid from:12/19/19, 5:51 AM, Valid until:7/19/42, 6:00 AM
2025-01-07T20:30:50.228+07:00 DEBUG 27900 --- [csrf] [    Test worker] jdk.event.security                       : X509Certificate: Alg:SHA384withRSA, Serial:01:94:30:1e:a2:0b:dd:f5:c5:33:2a:b1:43:44:71:f8:d6:50:4d:0d, Subject:CN=NAVER Global Root Certification Authority, O=NAVER BUSINESS PLATFORM Corp., C=KR, Issuer:CN=NAVER Global Root Certification Authority, O=NAVER BUSINESS PLATFORM Corp., C=KR, Key type:RSA, Length:4096, Cert Id:1777546867, Valid from:8/18/17, 3:58 PM, Valid until:8/19/37, 6:59 AM
2025-01-07T20:30:50.228+07:00 DEBUG 27900 --- [csrf] [    Test worker] jdk.event.security                       : X509Certificate: Alg:SHA256withRSA, Serial:49:41:2c:e4:00:10, Subject:CN=NetLock Arany (Class Gold) Főtanúsítvány, OU=Tanúsítványkiadók (Certification Services), O=NetLock Kft., L=Budapest, C=HU, Issuer:CN=NetLock Arany (Class Gold) Főtanúsítvány, OU=Tanúsítványkiadók (Certification Services), O=NetLock Kft., L=Budapest, C=HU, Key type:RSA, Length:2048, Cert Id:58541246, Valid from:12/11/08, 10:08 PM, Valid until:12/6/28, 10:08 PM
2025-01-07T20:30:50.228+07:00 DEBUG 27900 --- [csrf] [    Test worker] jdk.event.security                       : X509Certificate: Alg:SHA256withRSA, Serial:76:b1:20:52:74:f0:85:87:46:b3:f8:23:1a:f6:c2:c0, Subject:CN=OISTE WISeKey Global Root GB CA, OU=OISTE Foundation Endorsed, O=WISeKey, C=CH, Issuer:CN=OISTE WISeKey Global Root GB CA, OU=OISTE Foundation Endorsed, O=WISeKey, C=CH, Key type:RSA, Length:2048, Cert Id:3681485780, Valid from:12/1/14, 10:00 PM, Valid until:12/1/39, 10:10 PM
2025-01-07T20:30:50.228+07:00 DEBUG 27900 --- [csrf] [    Test worker] jdk.event.security                       : X509Certificate: Alg:SHA384withECDSA, Serial:21:2a:56:0c:ae:da:0c:ab:40:45:bf:2b:a2:2d:3a:ea, Subject:CN=OISTE WISeKey Global Root GC CA, OU=OISTE Foundation Endorsed, O=WISeKey, C=CH, Issuer:CN=OISTE WISeKey Global Root GC CA, OU=OISTE Foundation Endorsed, O=WISeKey, C=CH, Key type:EC, Length:384, Cert Id:2781801839, Valid from:5/9/17, 4:48 PM, Valid until:5/9/42, 4:58 PM
2025-01-07T20:30:50.228+07:00 DEBUG 27900 --- [csrf] [    Test worker] jdk.event.security                       : X509Certificate: Alg:SHA256withRSA, Serial:78:58:5f:2e:ad:2c:19:4b:e3:37:07:35:34:13:28:b5:96:d4:65:93, Subject:CN=QuoVadis Root CA 1 G3, O=QuoVadis Limited, C=BM, Issuer:CN=QuoVadis Root CA 1 G3, O=QuoVadis Limited, C=BM, Key type:RSA, Length:4096, Cert Id:3532531262, Valid from:1/13/12, 12:27 AM, Valid until:1/13/42, 12:27 AM
2025-01-07T20:30:50.229+07:00 DEBUG 27900 --- [csrf] [    Test worker] jdk.event.security                       : X509Certificate: Alg:SHA1withRSA, Serial:05:09, Subject:CN=QuoVadis Root CA 2, O=QuoVadis Limited, C=BM, Issuer:CN=QuoVadis Root CA 2, O=QuoVadis Limited, C=BM, Key type:RSA, Length:4096, Cert Id:338250116, Valid from:11/25/06, 1:27 AM, Valid until:11/25/31, 1:23 AM
2025-01-07T20:30:50.229+07:00 DEBUG 27900 --- [csrf] [    Test worker] jdk.event.security                       : X509Certificate: Alg:SHA256withRSA, Serial:44:57:34:24:5b:81:89:9b:35:f2:ce:b8:2b:3b:5b:a7:26:f0:75:28, Subject:CN=QuoVadis Root CA 2 G3, O=QuoVadis Limited, C=BM, Issuer:CN=QuoVadis Root CA 2 G3, O=QuoVadis Limited, C=BM, Key type:RSA, Length:4096, Cert Id:696763521, Valid from:1/13/12, 1:59 AM, Valid until:1/13/42, 1:59 AM
2025-01-07T20:30:50.229+07:00 DEBUG 27900 --- [csrf] [    Test worker] jdk.event.security                       : X509Certificate: Alg:SHA1withRSA, Serial:05:c6, Subject:CN=QuoVadis Root CA 3, O=QuoVadis Limited, C=BM, Issuer:CN=QuoVadis Root CA 3, O=QuoVadis Limited, C=BM, Key type:RSA, Length:4096, Cert Id:1470392860, Valid from:11/25/06, 2:11 AM, Valid until:11/25/31, 2:06 AM
2025-01-07T20:30:50.229+07:00 DEBUG 27900 --- [csrf] [    Test worker] jdk.event.security                       : X509Certificate: Alg:SHA256withRSA, Serial:2e:f5:9b:02:28:a7:db:7a:ff:d5:a3:a9:ee:bd:03:a0:cf:12:6a:1d, Subject:CN=QuoVadis Root CA 3 G3, O=QuoVadis Limited, C=BM, Issuer:CN=QuoVadis Root CA 3 G3, O=QuoVadis Limited, C=BM, Key type:RSA, Length:4096, Cert Id:3589344305, Valid from:1/13/12, 3:26 AM, Valid until:1/13/42, 3:26 AM
2025-01-07T20:30:50.229+07:00 DEBUG 27900 --- [csrf] [    Test worker] jdk.event.security                       : X509Certificate: Alg:SHA384withECDSA, Serial:42:f2:cc:da:1b:69:37:44:5f:15:fe:75:28:10:b8:f4, Subject:CN=Sectigo Public Server Authentication Root E46, O=Sectigo Limited, C=GB, Issuer:CN=Sectigo Public Server Authentication Root E46, O=Sectigo Limited, C=GB, Key type:EC, Length:384, Cert Id:3789385269, Valid from:3/22/21, 7:00 AM, Valid until:3/22/46, 6:59 AM
2025-01-07T20:30:50.230+07:00 DEBUG 27900 --- [csrf] [    Test worker] jdk.event.security                       : X509Certificate: Alg:SHA384withRSA, Serial:75:8d:fd:8b:ae:7c:07:00:fa:a9:25:a7:e1:c7:ad:14, Subject:CN=Sectigo Public Server Authentication Root R46, O=Sectigo Limited, C=GB, Issuer:CN=Sectigo Public Server Authentication Root R46, O=Sectigo Limited, C=GB, Key type:RSA, Length:4096, Cert Id:3806652169, Valid from:3/22/21, 7:00 AM, Valid until:3/22/46, 6:59 AM
2025-01-07T20:30:50.230+07:00 DEBUG 27900 --- [csrf] [    Test worker] jdk.event.security                       : X509Certificate: Alg:SHA1withRSA, Serial:07:56:22:a4:e8:d4:8a:89:4d:f4:13:c8:f0:f8:ea:a5, Subject:CN=Secure Global CA, O=SecureTrust Corporation, C=US, Issuer:CN=Secure Global CA, O=SecureTrust Corporation, C=US, Key type:RSA, Length:2048, Cert Id:2818194321, Valid from:11/8/06, 2:42 AM, Valid until:1/1/30, 2:52 AM
2025-01-07T20:30:50.230+07:00 DEBUG 27900 --- [csrf] [    Test worker] jdk.event.security                       : X509Certificate: Alg:SHA1withRSA, Serial:01, Subject:CN=SecureSign RootCA11, O="Japan Certification Services, Inc.", C=JP, Issuer:CN=SecureSign RootCA11, O="Japan Certification Services, Inc.", C=JP, Key type:RSA, Length:2048, Cert Id:2079057034, Valid from:4/8/09, 11:56 AM, Valid until:4/8/29, 11:56 AM
2025-01-07T20:30:50.230+07:00 DEBUG 27900 --- [csrf] [    Test worker] jdk.event.security                       : X509Certificate: Alg:SHA1withRSA, Serial:0c:f0:8e:5c:08:16:a5:ad:42:7f:f0:eb:27:18:59:d0, Subject:CN=SecureTrust CA, O=SecureTrust Corporation, C=US, Issuer:CN=SecureTrust CA, O=SecureTrust Corporation, C=US, Key type:RSA, Length:2048, Cert Id:2034155325, Valid from:11/8/06, 2:31 AM, Valid until:1/1/30, 2:40 AM
2025-01-07T20:30:50.230+07:00 DEBUG 27900 --- [csrf] [    Test worker] jdk.event.security                       : X509Certificate: Alg:SHA384withECDSA, Serial:00:d6:5d:9b:b3:78:81:2e:eb, Subject:CN=Security Communication ECC RootCA1, O="SECOM Trust Systems CO.,LTD.", C=JP, Issuer:CN=Security Communication ECC RootCA1, O="SECOM Trust Systems CO.,LTD.", C=JP, Key type:EC, Length:384, Cert Id:2131361491, Valid from:6/16/16, 12:15 PM, Valid until:1/18/38, 12:15 PM
2025-01-07T20:30:50.231+07:00 DEBUG 27900 --- [csrf] [    Test worker] jdk.event.security                       : X509Certificate: Alg:SHA384withRSA, Serial:00:e1:7c:37:40:fd:1b:fe:67, Subject:CN=Security Communication RootCA3, O="SECOM Trust Systems CO.,LTD.", C=JP, Issuer:CN=Security Communication RootCA3, O="SECOM Trust Systems CO.,LTD.", C=JP, Key type:RSA, Length:4096, Cert Id:3804693758, Valid from:6/16/16, 1:17 PM, Valid until:1/18/38, 1:17 PM
2025-01-07T20:30:50.231+07:00 DEBUG 27900 --- [csrf] [    Test worker] jdk.event.security                       : X509Certificate: Alg:SHA256withECDSA, Serial:2c:29:9c:5b:16:ed:05:95, Subject:CN=SSL.com EV Root Certification Authority ECC, O=SSL Corporation, L=Houston, ST=Texas, C=US, Issuer:CN=SSL.com EV Root Certification Authority ECC, O=SSL Corporation, L=Houston, ST=Texas, C=US, Key type:EC, Length:384, Cert Id:1789254518, Valid from:2/13/16, 1:15 AM, Valid until:2/13/41, 1:15 AM
2025-01-07T20:30:50.231+07:00 DEBUG 27900 --- [csrf] [    Test worker] jdk.event.security                       : X509Certificate: Alg:SHA256withRSA, Serial:56:b6:29:cd:34:bc:78:f6, Subject:CN=SSL.com EV Root Certification Authority RSA R2, O=SSL Corporation, L=Houston, ST=Texas, C=US, Issuer:CN=SSL.com EV Root Certification Authority RSA R2, O=SSL Corporation, L=Houston, ST=Texas, C=US, Key type:RSA, Length:4096, Cert Id:1381862403, Valid from:6/1/17, 1:14 AM, Valid until:5/31/42, 1:14 AM
2025-01-07T20:30:50.231+07:00 DEBUG 27900 --- [csrf] [    Test worker] jdk.event.security                       : X509Certificate: Alg:SHA256withECDSA, Serial:75:e6:df:cb:c1:68:5b:a8, Subject:CN=SSL.com Root Certification Authority ECC, O=SSL Corporation, L=Houston, ST=Texas, C=US, Issuer:CN=SSL.com Root Certification Authority ECC, O=SSL Corporation, L=Houston, ST=Texas, C=US, Key type:EC, Length:384, Cert Id:2926673683, Valid from:2/13/16, 1:14 AM, Valid until:2/13/41, 1:14 AM
2025-01-07T20:30:50.231+07:00 DEBUG 27900 --- [csrf] [    Test worker] jdk.event.security                       : X509Certificate: Alg:SHA256withRSA, Serial:7b:2c:9b:d3:16:80:32:99, Subject:CN=SSL.com Root Certification Authority RSA, O=SSL Corporation, L=Houston, ST=Texas, C=US, Issuer:CN=SSL.com Root Certification Authority RSA, O=SSL Corporation, L=Houston, ST=Texas, C=US, Key type:RSA, Length:4096, Cert Id:156725711, Valid from:2/13/16, 12:39 AM, Valid until:2/13/41, 12:39 AM
2025-01-07T20:30:50.232+07:00 DEBUG 27900 --- [csrf] [    Test worker] jdk.event.security                       : X509Certificate: Alg:SHA384withECDSA, Serial:14:03:f5:ab:fb:37:8b:17:40:5b:e2:43:b2:a5:d1:c4, Subject:CN=SSL.com TLS ECC Root CA 2022, O=SSL Corporation, C=US, Issuer:CN=SSL.com TLS ECC Root CA 2022, O=SSL Corporation, C=US, Key type:EC, Length:384, Cert Id:683561703, Valid from:8/25/22, 11:33 PM, Valid until:8/19/46, 11:33 PM
2025-01-07T20:30:50.232+07:00 DEBUG 27900 --- [csrf] [    Test worker] jdk.event.security                       : X509Certificate: Alg:SHA256withRSA, Serial:6f:be:da:ad:73:bd:08:40:e2:8b:4d:be:d4:f7:5b:91, Subject:CN=SSL.com TLS RSA Root CA 2022, O=SSL Corporation, C=US, Issuer:CN=SSL.com TLS RSA Root CA 2022, O=SSL Corporation, C=US, Key type:RSA, Length:4096, Cert Id:556880013, Valid from:8/25/22, 11:34 PM, Valid until:8/19/46, 11:34 PM
2025-01-07T20:30:50.232+07:00 DEBUG 27900 --- [csrf] [    Test worker] jdk.event.security                       : X509Certificate: Alg:SHA256withRSA, Serial:00, Subject:CN=Starfield Root Certificate Authority - G2, O="Starfield Technologies, Inc.", L=Scottsdale, ST=Arizona, C=US, Issuer:CN=Starfield Root Certificate Authority - G2, O="Starfield Technologies, Inc.", L=Scottsdale, ST=Arizona, C=US, Key type:RSA, Length:2048, Cert Id:3268325709, Valid from:9/1/09, 7:00 AM, Valid until:1/1/38, 6:59 AM
2025-01-07T20:30:50.232+07:00 DEBUG 27900 --- [csrf] [    Test worker] jdk.event.security                       : X509Certificate: Alg:SHA256withRSA, Serial:00, Subject:CN=Starfield Services Root Certificate Authority - G2, O="Starfield Technologies, Inc.", L=Scottsdale, ST=Arizona, C=US, Issuer:CN=Starfield Services Root Certificate Authority - G2, O="Starfield Technologies, Inc.", L=Scottsdale, ST=Arizona, C=US, Key type:RSA, Length:2048, Cert Id:1964785574, Valid from:9/1/09, 7:00 AM, Valid until:1/1/38, 6:59 AM
2025-01-07T20:30:50.232+07:00 DEBUG 27900 --- [csrf] [    Test worker] jdk.event.security                       : X509Certificate: Alg:SHA1withRSA, Serial:00:bb:40:1c:43:f5:5e:4f:b0, Subject:CN=SwissSign Gold CA - G2, O=SwissSign AG, C=CH, Issuer:CN=SwissSign Gold CA - G2, O=SwissSign AG, C=CH, Key type:RSA, Length:4096, Cert Id:1516221943, Valid from:10/25/06, 3:30 PM, Valid until:10/25/36, 3:30 PM
2025-01-07T20:30:50.233+07:00 DEBUG 27900 --- [csrf] [    Test worker] jdk.event.security                       : X509Certificate: Alg:SHA1withRSA, Serial:4f:1b:d4:2f:54:bb:2f:4b, Subject:CN=SwissSign Silver CA - G2, O=SwissSign AG, C=CH, Issuer:CN=SwissSign Silver CA - G2, O=SwissSign AG, C=CH, Key type:RSA, Length:4096, Cert Id:126726124, Valid from:10/25/06, 3:32 PM, Valid until:10/25/36, 3:32 PM
2025-01-07T20:30:50.233+07:00 DEBUG 27900 --- [csrf] [    Test worker] jdk.event.security                       : X509Certificate: Alg:SHA256withRSA, Serial:3e:8a:5d:07:ec:55:d2:32:d5:b7:e3:b6:5f:01:eb:2d:dc:e4:d6:e4, Subject:CN=SZAFIR ROOT CA2, O=Krajowa Izba Rozliczeniowa S.A., C=PL, Issuer:CN=SZAFIR ROOT CA2, O=Krajowa Izba Rozliczeniowa S.A., C=PL, Key type:RSA, Length:2048, Cert Id:381279303, Valid from:10/19/15, 2:43 PM, Valid until:10/19/35, 2:43 PM
2025-01-07T20:30:50.233+07:00 DEBUG 27900 --- [csrf] [    Test worker] jdk.event.security                       : X509Certificate: Alg:SHA384withECDSA, Serial:36:3a:96:8c:c9:5c:b2:58:cd:d0:01:5d:c5:e5:57:00, Subject:CN=Telekom Security TLS ECC Root 2020, O=Deutsche Telekom Security GmbH, C=DE, Issuer:CN=Telekom Security TLS ECC Root 2020, O=Deutsche Telekom Security GmbH, C=DE, Key type:EC, Length:384, Cert Id:771592905, Valid from:8/25/20, 2:48 PM, Valid until:8/26/45, 6:59 AM
2025-01-07T20:30:50.233+07:00 DEBUG 27900 --- [csrf] [    Test worker] jdk.event.security                       : X509Certificate: Alg:SHA384withRSA, Serial:21:9c:54:2d:e8:f6:ec:71:77:fa:4e:e8:c3:70:57:97, Subject:CN=Telekom Security TLS RSA Root 2023, O=Deutsche Telekom Security GmbH, C=DE, Issuer:CN=Telekom Security TLS RSA Root 2023, O=Deutsche Telekom Security GmbH, C=DE, Key type:RSA, Length:4096, Cert Id:2296218035, Valid from:3/28/23, 7:16 PM, Valid until:3/28/48, 6:59 AM
2025-01-07T20:30:50.233+07:00 DEBUG 27900 --- [csrf] [    Test worker] jdk.event.security                       : X509Certificate: Alg:SHA256withRSA, Serial:01:67:5f:27:d6:fe:7a:e3:e4:ac:be:09:5b:05:9e, Subject:CN=Telia Root CA v2, O=Telia Finland Oyj, C=FI, Issuer:CN=Telia Root CA v2, O=Telia Finland Oyj, C=FI, Key type:RSA, Length:4096, Cert Id:3473063976, Valid from:11/29/18, 6:55 PM, Valid until:11/29/43, 6:55 PM
2025-01-07T20:30:50.234+07:00 DEBUG 27900 --- [csrf] [    Test worker] jdk.event.security                       : X509Certificate: Alg:SHA1withRSA, Serial:00:95:be:16:a0:f7:2e:46:f1:7b:39:82:72:fa:8b:cd:96, Subject:CN=TeliaSonera Root CA v1, O=TeliaSonera, Issuer:CN=TeliaSonera Root CA v1, O=TeliaSonera, Key type:RSA, Length:4096, Cert Id:1495358374, Valid from:10/18/07, 7:00 PM, Valid until:10/18/32, 7:00 PM
2025-01-07T20:30:50.234+07:00 DEBUG 27900 --- [csrf] [    Test worker] jdk.event.security                       : X509Certificate: Alg:SHA384withRSA, Serial:64:f6:0e:65:77:61:6a:ab:3b:b4:ea:85:84:bb:b1:89:b8:71:93:0f, Subject:CN=TrustAsia Global Root CA G3, O="TrustAsia Technologies, Inc.", C=CN, Issuer:CN=TrustAsia Global Root CA G3, O="TrustAsia Technologies, Inc.", C=CN, Key type:RSA, Length:4096, Cert Id:3528443285, Valid from:5/20/21, 9:10 AM, Valid until:5/19/46, 9:10 AM
2025-01-07T20:30:50.235+07:00 DEBUG 27900 --- [csrf] [    Test worker] jdk.event.security                       : X509Certificate: Alg:SHA384withECDSA, Serial:4f:23:64:b8:8e:97:63:9e:c6:53:81:c1:76:4e:cb:2a:74:15:d6:d7, Subject:CN=TrustAsia Global Root CA G4, O="TrustAsia Technologies, Inc.", C=CN, Issuer:CN=TrustAsia Global Root CA G4, O="TrustAsia Technologies, Inc.", C=CN, Key type:EC, Length:384, Cert Id:3167719659, Valid from:5/20/21, 9:10 AM, Valid until:5/19/46, 9:10 AM
2025-01-07T20:30:50.235+07:00 DEBUG 27900 --- [csrf] [    Test worker] jdk.event.security                       : X509Certificate: Alg:SHA256withRSA, Serial:05:f7:0e:86:da:49:f3:46:35:2e:ba:b2, Subject:CN=Trustwave Global Certification Authority, O="Trustwave Holdings, Inc.", L=Chicago, ST=Illinois, C=US, Issuer:CN=Trustwave Global Certification Authority, O="Trustwave Holdings, Inc.", L=Chicago, ST=Illinois, C=US, Key type:RSA, Length:4096, Cert Id:416366836, Valid from:8/24/17, 2:34 AM, Valid until:8/24/42, 2:34 AM
2025-01-07T20:30:50.236+07:00 DEBUG 27900 --- [csrf] [    Test worker] jdk.event.security                       : X509Certificate: Alg:SHA256withECDSA, Serial:0d:6a:5f:08:3f:28:5c:3e:51:95:df:5d, Subject:CN=Trustwave Global ECC P256 Certification Authority, O="Trustwave Holdings, Inc.", L=Chicago, ST=Illinois, C=US, Issuer:CN=Trustwave Global ECC P256 Certification Authority, O="Trustwave Holdings, Inc.", L=Chicago, ST=Illinois, C=US, Key type:EC, Length:256, Cert Id:948272517, Valid from:8/24/17, 2:35 AM, Valid until:8/24/42, 2:35 AM
2025-01-07T20:30:50.236+07:00 DEBUG 27900 --- [csrf] [    Test worker] jdk.event.security                       : X509Certificate: Alg:SHA384withECDSA, Serial:08:bd:85:97:6c:99:27:a4:80:68:47:3b, Subject:CN=Trustwave Global ECC P384 Certification Authority, O="Trustwave Holdings, Inc.", L=Chicago, ST=Illinois, C=US, Issuer:CN=Trustwave Global ECC P384 Certification Authority, O="Trustwave Holdings, Inc.", L=Chicago, ST=Illinois, C=US, Key type:EC, Length:384, Cert Id:2301042373, Valid from:8/24/17, 2:36 AM, Valid until:8/24/42, 2:36 AM
2025-01-07T20:30:50.236+07:00 DEBUG 27900 --- [csrf] [    Test worker] jdk.event.security                       : X509Certificate: Alg:SHA256withRSA, Serial:01, Subject:CN=T-TeleSec GlobalRoot Class 2, OU=T-Systems Trust Center, O=T-Systems Enterprise Services GmbH, C=DE, Issuer:CN=T-TeleSec GlobalRoot Class 2, OU=T-Systems Trust Center, O=T-Systems Enterprise Services GmbH, C=DE, Key type:RSA, Length:2048, Cert Id:3056503257, Valid from:10/1/08, 5:40 PM, Valid until:10/2/33, 6:59 AM
2025-01-07T20:30:50.237+07:00 DEBUG 27900 --- [csrf] [    Test worker] jdk.event.security                       : X509Certificate: Alg:SHA256withRSA, Serial:01, Subject:CN=T-TeleSec GlobalRoot Class 3, OU=T-Systems Trust Center, O=T-Systems Enterprise Services GmbH, C=DE, Issuer:CN=T-TeleSec GlobalRoot Class 3, OU=T-Systems Trust Center, O=T-Systems Enterprise Services GmbH, C=DE, Key type:RSA, Length:2048, Cert Id:1894096264, Valid from:10/1/08, 5:29 PM, Valid until:10/2/33, 6:59 AM
2025-01-07T20:30:50.237+07:00 DEBUG 27900 --- [csrf] [    Test worker] jdk.event.security                       : X509Certificate: Alg:SHA256withRSA, Serial:01, Subject:CN=TUBITAK Kamu SM SSL Kok Sertifikasi - Surum 1, OU=Kamu Sertifikasyon Merkezi - Kamu SM, O=Turkiye Bilimsel ve Teknolojik Arastirma Kurumu - TUBITAK, L=Gebze - Kocaeli, C=TR, Issuer:CN=TUBITAK Kamu SM SSL Kok Sertifikasi - Surum 1, OU=Kamu Sertifikasyon Merkezi - Kamu SM, O=Turkiye Bilimsel ve Teknolojik Arastirma Kurumu - TUBITAK, L=Gebze - Kocaeli, C=TR, Key type:RSA, Length:2048, Cert Id:1093603654, Valid from:11/25/13, 3:25 PM, Valid until:10/25/43, 3:25 PM
2025-01-07T20:30:50.237+07:00 DEBUG 27900 --- [csrf] [    Test worker] jdk.event.security                       : X509Certificate: Alg:SHA256withRSA, Serial:13:02:d5:e2:40:4c:92:46:86:16:67:5d:b4:bb:bb:b2:6b:3e:fc:13, Subject:CN=TunTrust Root CA, O=Agence Nationale de Certification Electronique, C=TN, Issuer:CN=TunTrust Root CA, O=Agence Nationale de Certification Electronique, C=TN, Key type:RSA, Length:4096, Cert Id:1973181427, Valid from:4/26/19, 3:57 PM, Valid until:4/26/44, 3:57 PM
2025-01-07T20:30:50.238+07:00 DEBUG 27900 --- [csrf] [    Test worker] jdk.event.security                       : X509Certificate: Alg:SHA256withRSA, Serial:0c:be, Subject:CN=TWCA Global Root CA, OU=Root CA, O=TAIWAN-CA, C=TW, Issuer:CN=TWCA Global Root CA, OU=Root CA, O=TAIWAN-CA, C=TW, Key type:RSA, Length:4096, Cert Id:861175838, Valid from:6/27/12, 1:28 PM, Valid until:12/31/30, 10:59 PM
2025-01-07T20:30:50.238+07:00 DEBUG 27900 --- [csrf] [    Test worker] jdk.event.security                       : X509Certificate: Alg:SHA1withRSA, Serial:01, Subject:CN=TWCA Root Certification Authority, OU=Root CA, O=TAIWAN-CA, C=TW, Issuer:CN=TWCA Root Certification Authority, OU=Root CA, O=TAIWAN-CA, C=TW, Key type:RSA, Length:2048, Cert Id:2652873033, Valid from:8/28/08, 2:24 PM, Valid until:12/31/30, 10:59 PM
2025-01-07T20:30:50.238+07:00 DEBUG 27900 --- [csrf] [    Test worker] jdk.event.security                       : X509Certificate: Alg:SHA256withRSA, Serial:4f:d2:2b:8f:f5:64:c8:33:9e:4f:34:58:66:23:70:60, Subject:CN=UCA Extended Validation Root, O=UniTrust, C=CN, Issuer:CN=UCA Extended Validation Root, O=UniTrust, C=CN, Key type:RSA, Length:4096, Cert Id:649181271, Valid from:3/13/15, 7:00 AM, Valid until:12/31/38, 7:00 AM
2025-01-07T20:30:50.239+07:00 DEBUG 27900 --- [csrf] [    Test worker] jdk.event.security                       : X509Certificate: Alg:SHA256withRSA, Serial:5d:df:b1:da:5a:a3:ed:5d:be:5a:65:20:65:03:90:ef, Subject:CN=UCA Global G2 Root, O=UniTrust, C=CN, Issuer:CN=UCA Global G2 Root, O=UniTrust, C=CN, Key type:RSA, Length:4096, Cert Id:1844967193, Valid from:3/11/16, 7:00 AM, Valid until:12/31/40, 7:00 AM
2025-01-07T20:30:50.239+07:00 DEBUG 27900 --- [csrf] [    Test worker] jdk.event.security                       : X509Certificate: Alg:SHA384withECDSA, Serial:5c:8b:99:c5:5a:94:c5:d2:71:56:de:cd:89:80:cc:26, Subject:CN=USERTrust ECC Certification Authority, O=The USERTRUST Network, L=Jersey City, ST=New Jersey, C=US, Issuer:CN=USERTrust ECC Certification Authority, O=The USERTRUST Network, L=Jersey City, ST=New Jersey, C=US, Key type:EC, Length:384, Cert Id:3329287386, Valid from:2/1/10, 7:00 AM, Valid until:1/19/38, 6:59 AM
2025-01-07T20:30:50.239+07:00 DEBUG 27900 --- [csrf] [    Test worker] jdk.event.security                       : X509Certificate: Alg:SHA384withRSA, Serial:01:fd:6d:30:fc:a3:ca:51:a8:1b:bc:64:0e:35:03:2d, Subject:CN=USERTrust RSA Certification Authority, O=The USERTRUST Network, L=Jersey City, ST=New Jersey, C=US, Issuer:CN=USERTrust RSA Certification Authority, O=The USERTRUST Network, L=Jersey City, ST=New Jersey, C=US, Key type:RSA, Length:4096, Cert Id:3947601401, Valid from:2/1/10, 7:00 AM, Valid until:1/19/38, 6:59 AM
2025-01-07T20:30:50.239+07:00 DEBUG 27900 --- [csrf] [    Test worker] jdk.event.security                       : X509Certificate: Alg:SHA384withECDSA, Serial:6e:6a:bc:59:aa:53:be:98:39:67:a2:d2:6b:a4:3b:e6:6d:1c:d6:da, Subject:CN=vTrus ECC Root CA, O="iTrusChina Co.,Ltd.", C=CN, Issuer:CN=vTrus ECC Root CA, O="iTrusChina Co.,Ltd.", C=CN, Key type:EC, Length:384, Cert Id:268503342, Valid from:7/31/18, 2:26 PM, Valid until:7/31/43, 2:26 PM
2025-01-07T20:30:50.239+07:00 DEBUG 27900 --- [csrf] [    Test worker] jdk.event.security                       : X509Certificate: Alg:SHA256withRSA, Serial:43:e3:71:13:d8:b3:59:14:5d:b7:ce:8c:fd:35:fd:6f:bc:05:8d:45, Subject:CN=vTrus Root CA, O="iTrusChina Co.,Ltd.", C=CN, Issuer:CN=vTrus Root CA, O="iTrusChina Co.,Ltd.", C=CN, Key type:RSA, Length:4096, Cert Id:2469083546, Valid from:7/31/18, 2:24 PM, Valid until:7/31/43, 2:24 PM
2025-01-07T20:30:50.241+07:00 DEBUG 27900 --- [csrf] [    Test worker] jdk.event.security                       : X509Certificate: Alg:SHA1withRSA, Serial:50:94:6c:ec:18:ea:d5:9c:4d:d5:97:ef:75:8f:a0:ad, Subject:CN=XRamp Global Certification Authority, O=XRamp Security Services Inc, OU=www.xrampsecurity.com, C=US, Issuer:CN=XRamp Global Certification Authority, O=XRamp Security Services Inc, OU=www.xrampsecurity.com, C=US, Key type:RSA, Length:2048, Cert Id:3342493210, Valid from:11/2/04, 12:14 AM, Valid until:1/1/35, 12:37 PM
2025-01-07T20:30:50.241+07:00 DEBUG 27900 --- [csrf] [    Test worker] jdk.event.security                       : X509Certificate: Alg:SHA256withRSA, Serial:5d:93:8d:30:67:36:c8:06:1d:1a:c7:54:84:69:07, Subject:OU=AC RAIZ FNMT-RCM, O=FNMT-RCM, C=ES, Issuer:OU=AC RAIZ FNMT-RCM, O=FNMT-RCM, C=ES, Key type:RSA, Length:4096, Cert Id:1555523573, Valid from:10/29/08, 10:59 PM, Valid until:1/1/30, 7:00 AM
2025-01-07T20:30:50.241+07:00 DEBUG 27900 --- [csrf] [    Test worker] jdk.event.security                       : X509Certificate: Alg:SHA1withRSA, Serial:20:06:05:16:70:02, Subject:OU=certSIGN ROOT CA, O=certSIGN, C=RO, Issuer:OU=certSIGN ROOT CA, O=certSIGN, C=RO, Key type:RSA, Length:2048, Cert Id:4005006620, Valid from:7/5/06, 12:20 AM, Valid until:7/5/31, 12:20 AM
2025-01-07T20:30:50.241+07:00 DEBUG 27900 --- [csrf] [    Test worker] jdk.event.security                       : X509Certificate: Alg:SHA256withRSA, Serial:11:00:34:b6:4e:c6:36:2d:36, Subject:OU=certSIGN ROOT CA G2, O=CERTSIGN SA, C=RO, Issuer:OU=certSIGN ROOT CA G2, O=CERTSIGN SA, C=RO, Key type:RSA, Length:4096, Cert Id:2181086866, Valid from:2/6/17, 4:27 PM, Valid until:2/6/42, 4:27 PM
2025-01-07T20:30:50.242+07:00 DEBUG 27900 --- [csrf] [    Test worker] jdk.event.security                       : X509Certificate: Alg:SHA1withRSA, Serial:15:c8:bd:65:47:5c:af:b8:97:00:5e:e4:06:d2:bc:9d, Subject:OU=ePKI Root Certification Authority, O="Chunghwa Telecom Co., Ltd.", C=TW, Issuer:OU=ePKI Root Certification Authority, O="Chunghwa Telecom Co., Ltd.", C=TW, Key type:RSA, Length:4096, Cert Id:3632331159, Valid from:12/20/04, 9:31 AM, Valid until:12/20/34, 9:31 AM
2025-01-07T20:30:50.242+07:00 DEBUG 27900 --- [csrf] [    Test worker] jdk.event.security                       : X509Certificate: Alg:SHA1withRSA, Serial:00, Subject:OU=Go Daddy Class 2 Certification Authority, O="The Go Daddy Group, Inc.", C=US, Issuer:OU=Go Daddy Class 2 Certification Authority, O="The Go Daddy Group, Inc.", C=US, Key type:RSA, Length:2048, Cert Id:4023522997, Valid from:6/30/04, 12:06 AM, Valid until:6/30/34, 12:06 AM
2025-01-07T20:30:50.242+07:00 DEBUG 27900 --- [csrf] [    Test worker] jdk.event.security                       : X509Certificate: Alg:SHA256withRSA, Serial:00, Subject:OU=Security Communication RootCA2, O="SECOM Trust Systems CO.,LTD.", C=JP, Issuer:OU=Security Communication RootCA2, O="SECOM Trust Systems CO.,LTD.", C=JP, Key type:RSA, Length:2048, Cert Id:1521072570, Valid from:5/29/09, 12:00 PM, Valid until:5/29/29, 12:00 PM
2025-01-07T20:30:50.242+07:00 DEBUG 27900 --- [csrf] [    Test worker] jdk.event.security                       : X509Certificate: Alg:SHA1withRSA, Serial:00, Subject:OU=Starfield Class 2 Certification Authority, O="Starfield Technologies, Inc.", C=US, Issuer:OU=Starfield Class 2 Certification Authority, O="Starfield Technologies, Inc.", C=US, Key type:RSA, Length:2048, Cert Id:1825617644, Valid from:6/30/04, 12:39 AM, Valid until:6/30/34, 12:39 AM
2025-01-07T20:30:50.258+07:00 TRACE 27900 --- [csrf] [    Test worker] o.s.b.f.s.DefaultListableBeanFactory     : Finished creating instance of bean 'org.springframework.boot.test.web.client.TestRestTemplate'
2025-01-07T20:30:50.258+07:00 TRACE 27900 --- [csrf] [    Test worker] o.s.b.f.s.DefaultListableBeanFactory     : Returning cached instance of singleton bean 'mvcHandlerMappingIntrospectorRequestTransformer'
2025-01-07T20:30:50.258+07:00 TRACE 27900 --- [csrf] [    Test worker] o.s.b.f.s.DefaultListableBeanFactory     : Returning cached instance of singleton bean 'springSecurityFilterChain'
2025-01-07T20:30:50.258+07:00 TRACE 27900 --- [csrf] [    Test worker] o.s.b.f.s.DefaultListableBeanFactory     : Returning cached instance of singleton bean 'org.springframework.aop.config.internalAutoProxyCreator'
2025-01-07T20:30:50.259+07:00 TRACE 27900 --- [csrf] [    Test worker] o.s.c.e.EventListenerMethodProcessor     : No @EventListener annotations found on bean class: com.example.csrf.CsrfApplication$$SpringCGLIB$$0
2025-01-07T20:30:50.259+07:00 TRACE 27900 --- [csrf] [    Test worker] o.s.c.e.EventListenerMethodProcessor     : No @EventListener annotations found on bean class: com.example.csrf.AuthorizationServerConfig$$SpringCGLIB$$0
2025-01-07T20:30:50.259+07:00 TRACE 27900 --- [csrf] [    Test worker] o.s.c.e.EventListenerMethodProcessor     : No @EventListener annotations found on bean class: com.example.csrf.Endpoint
2025-01-07T20:30:50.259+07:00 TRACE 27900 --- [csrf] [    Test worker] o.s.c.e.EventListenerMethodProcessor     : No @EventListener annotations found on bean class: org.springframework.boot.autoconfigure.context.PropertyPlaceholderAutoConfiguration
2025-01-07T20:30:50.259+07:00 TRACE 27900 --- [csrf] [    Test worker] o.s.c.e.EventListenerMethodProcessor     : No @EventListener annotations found on bean class: org.springframework.boot.autoconfigure.ssl.SslAutoConfiguration
2025-01-07T20:30:50.259+07:00 TRACE 27900 --- [csrf] [    Test worker] o.s.c.e.EventListenerMethodProcessor     : No @EventListener annotations found on bean class: org.springframework.boot.autoconfigure.websocket.servlet.WebSocketServletAutoConfiguration$TomcatWebSocketConfiguration
2025-01-07T20:30:50.259+07:00 TRACE 27900 --- [csrf] [    Test worker] o.s.c.e.EventListenerMethodProcessor     : No @EventListener annotations found on bean class: org.springframework.boot.autoconfigure.websocket.servlet.WebSocketServletAutoConfiguration
2025-01-07T20:30:50.259+07:00 TRACE 27900 --- [csrf] [    Test worker] o.s.c.e.EventListenerMethodProcessor     : No @EventListener annotations found on bean class: org.springframework.boot.autoconfigure.web.servlet.ServletWebServerFactoryConfiguration$EmbeddedTomcat
2025-01-07T20:30:50.259+07:00 TRACE 27900 --- [csrf] [    Test worker] o.s.c.e.EventListenerMethodProcessor     : No @EventListener annotations found on bean class: org.springframework.boot.autoconfigure.web.servlet.ServletWebServerFactoryAutoConfiguration
2025-01-07T20:30:50.259+07:00 TRACE 27900 --- [csrf] [    Test worker] o.s.c.e.EventListenerMethodProcessor     : No @EventListener annotations found on bean class: org.springframework.boot.autoconfigure.web.servlet.DispatcherServletAutoConfiguration$DispatcherServletConfiguration
2025-01-07T20:30:50.259+07:00 TRACE 27900 --- [csrf] [    Test worker] o.s.c.e.EventListenerMethodProcessor     : No @EventListener annotations found on bean class: org.springframework.boot.autoconfigure.web.servlet.DispatcherServletAutoConfiguration$DispatcherServletRegistrationConfiguration
2025-01-07T20:30:50.259+07:00 TRACE 27900 --- [csrf] [    Test worker] o.s.c.e.EventListenerMethodProcessor     : No @EventListener annotations found on bean class: org.springframework.boot.autoconfigure.web.servlet.DispatcherServletAutoConfiguration
2025-01-07T20:30:50.259+07:00 TRACE 27900 --- [csrf] [    Test worker] o.s.c.e.EventListenerMethodProcessor     : No @EventListener annotations found on bean class: org.springframework.boot.autoconfigure.task.TaskExecutorConfigurations$ThreadPoolTaskExecutorBuilderConfiguration
2025-01-07T20:30:50.259+07:00 TRACE 27900 --- [csrf] [    Test worker] o.s.c.e.EventListenerMethodProcessor     : No @EventListener annotations found on bean class: org.springframework.boot.autoconfigure.task.TaskExecutorConfigurations$SimpleAsyncTaskExecutorBuilderConfiguration
2025-01-07T20:30:50.259+07:00 TRACE 27900 --- [csrf] [    Test worker] o.s.c.e.EventListenerMethodProcessor     : No @EventListener annotations found on bean class: org.springframework.boot.autoconfigure.task.TaskExecutorConfigurations$TaskExecutorConfiguration
2025-01-07T20:30:50.259+07:00 TRACE 27900 --- [csrf] [    Test worker] o.s.c.e.EventListenerMethodProcessor     : No @EventListener annotations found on bean class: org.springframework.boot.autoconfigure.task.TaskExecutionAutoConfiguration
2025-01-07T20:30:50.259+07:00 TRACE 27900 --- [csrf] [    Test worker] o.s.c.e.EventListenerMethodProcessor     : No @EventListener annotations found on bean class: org.springframework.boot.autoconfigure.web.servlet.error.ErrorMvcAutoConfiguration$WhitelabelErrorViewConfiguration
2025-01-07T20:30:50.259+07:00 TRACE 27900 --- [csrf] [    Test worker] o.s.c.e.EventListenerMethodProcessor     : No @EventListener annotations found on bean class: org.springframework.boot.autoconfigure.web.servlet.error.ErrorMvcAutoConfiguration$DefaultErrorViewResolverConfiguration
2025-01-07T20:30:50.259+07:00 TRACE 27900 --- [csrf] [    Test worker] o.s.c.e.EventListenerMethodProcessor     : No @EventListener annotations found on bean class: org.springframework.boot.autoconfigure.web.servlet.error.ErrorMvcAutoConfiguration
2025-01-07T20:30:50.259+07:00 TRACE 27900 --- [csrf] [    Test worker] o.s.c.e.EventListenerMethodProcessor     : No @EventListener annotations found on bean class: org.springframework.boot.autoconfigure.web.servlet.error.BasicErrorController
2025-01-07T20:30:50.260+07:00 TRACE 27900 --- [csrf] [    Test worker] o.s.c.e.EventListenerMethodProcessor     : No @EventListener annotations found on bean class: org.springframework.boot.autoconfigure.web.servlet.WebMvcAutoConfiguration$EnableWebMvcConfiguration
2025-01-07T20:30:50.260+07:00 TRACE 27900 --- [csrf] [    Test worker] o.s.c.e.EventListenerMethodProcessor     : No @EventListener annotations found on bean class: org.springframework.boot.autoconfigure.web.servlet.WebMvcAutoConfiguration$WebMvcAutoConfigurationAdapter
2025-01-07T20:30:50.260+07:00 TRACE 27900 --- [csrf] [    Test worker] o.s.c.e.EventListenerMethodProcessor     : No @EventListener annotations found on bean class: org.springframework.boot.autoconfigure.web.servlet.WebMvcAutoConfiguration
2025-01-07T20:30:50.260+07:00 TRACE 27900 --- [csrf] [    Test worker] o.s.c.e.EventListenerMethodProcessor     : No @EventListener annotations found on bean class: org.springframework.boot.autoconfigure.aop.AopAutoConfiguration$ClassProxyingConfiguration
2025-01-07T20:30:50.260+07:00 TRACE 27900 --- [csrf] [    Test worker] o.s.c.e.EventListenerMethodProcessor     : No @EventListener annotations found on bean class: org.springframework.boot.autoconfigure.aop.AopAutoConfiguration
2025-01-07T20:30:50.260+07:00 TRACE 27900 --- [csrf] [    Test worker] o.s.c.e.EventListenerMethodProcessor     : No @EventListener annotations found on bean class: org.springframework.boot.autoconfigure.availability.ApplicationAvailabilityAutoConfiguration
2025-01-07T20:30:50.260+07:00 TRACE 27900 --- [csrf] [    Test worker] o.s.c.e.EventListenerMethodProcessor     : No @EventListener annotations found on bean class: org.springframework.boot.autoconfigure.jackson.JacksonAutoConfiguration$Jackson2ObjectMapperBuilderCustomizerConfiguration
2025-01-07T20:30:50.260+07:00 TRACE 27900 --- [csrf] [    Test worker] o.s.c.e.EventListenerMethodProcessor     : No @EventListener annotations found on bean class: org.springframework.boot.autoconfigure.jackson.JacksonAutoConfiguration$JacksonObjectMapperBuilderConfiguration
2025-01-07T20:30:50.260+07:00 TRACE 27900 --- [csrf] [    Test worker] o.s.c.e.EventListenerMethodProcessor     : No @EventListener annotations found on bean class: org.springframework.boot.autoconfigure.jackson.JacksonAutoConfiguration$ParameterNamesModuleConfiguration
2025-01-07T20:30:50.260+07:00 TRACE 27900 --- [csrf] [    Test worker] o.s.c.e.EventListenerMethodProcessor     : No @EventListener annotations found on bean class: com.fasterxml.jackson.module.paramnames.ParameterNamesModule
2025-01-07T20:30:50.260+07:00 TRACE 27900 --- [csrf] [    Test worker] o.s.c.e.EventListenerMethodProcessor     : No @EventListener annotations found on bean class: org.springframework.boot.autoconfigure.jackson.JacksonAutoConfiguration$JacksonObjectMapperConfiguration
2025-01-07T20:30:50.261+07:00 TRACE 27900 --- [csrf] [    Test worker] o.s.c.e.EventListenerMethodProcessor     : No @EventListener annotations found on bean class: com.fasterxml.jackson.databind.ObjectMapper
2025-01-07T20:30:50.261+07:00 TRACE 27900 --- [csrf] [    Test worker] o.s.c.e.EventListenerMethodProcessor     : No @EventListener annotations found on bean class: org.springframework.boot.autoconfigure.jackson.JacksonAutoConfiguration$JacksonMixinConfiguration
2025-01-07T20:30:50.261+07:00 TRACE 27900 --- [csrf] [    Test worker] o.s.c.e.EventListenerMethodProcessor     : No @EventListener annotations found on bean class: org.springframework.boot.autoconfigure.jackson.JacksonAutoConfiguration
2025-01-07T20:30:50.261+07:00 TRACE 27900 --- [csrf] [    Test worker] o.s.c.e.EventListenerMethodProcessor     : No @EventListener annotations found on bean class: org.springframework.boot.autoconfigure.context.ConfigurationPropertiesAutoConfiguration
2025-01-07T20:30:50.261+07:00 TRACE 27900 --- [csrf] [    Test worker] o.s.c.e.EventListenerMethodProcessor     : No @EventListener annotations found on bean class: org.springframework.boot.autoconfigure.context.LifecycleAutoConfiguration
2025-01-07T20:30:50.261+07:00 TRACE 27900 --- [csrf] [    Test worker] o.s.c.e.EventListenerMethodProcessor     : No @EventListener annotations found on bean class: org.springframework.boot.autoconfigure.http.HttpMessageConvertersAutoConfiguration$StringHttpMessageConverterConfiguration
2025-01-07T20:30:50.261+07:00 TRACE 27900 --- [csrf] [    Test worker] o.s.c.e.EventListenerMethodProcessor     : No @EventListener annotations found on bean class: org.springframework.boot.autoconfigure.http.JacksonHttpMessageConvertersConfiguration$MappingJackson2HttpMessageConverterConfiguration
2025-01-07T20:30:50.261+07:00 TRACE 27900 --- [csrf] [    Test worker] o.s.c.e.EventListenerMethodProcessor     : No @EventListener annotations found on bean class: org.springframework.boot.autoconfigure.http.JacksonHttpMessageConvertersConfiguration
2025-01-07T20:30:50.261+07:00 TRACE 27900 --- [csrf] [    Test worker] o.s.c.e.EventListenerMethodProcessor     : No @EventListener annotations found on bean class: org.springframework.boot.autoconfigure.http.HttpMessageConvertersAutoConfiguration
2025-01-07T20:30:50.261+07:00 TRACE 27900 --- [csrf] [    Test worker] o.s.c.e.EventListenerMethodProcessor     : No @EventListener annotations found on bean class: org.springframework.boot.autoconfigure.http.client.HttpClientAutoConfiguration
2025-01-07T20:30:50.261+07:00 TRACE 27900 --- [csrf] [    Test worker] o.s.c.e.EventListenerMethodProcessor     : No @EventListener annotations found on bean class: org.springframework.boot.autoconfigure.info.ProjectInfoAutoConfiguration
2025-01-07T20:30:50.261+07:00 TRACE 27900 --- [csrf] [    Test worker] o.s.c.e.EventListenerMethodProcessor     : No @EventListener annotations found on bean class: org.springframework.boot.autoconfigure.security.oauth2.server.servlet.OAuth2AuthorizationServerConfiguration
2025-01-07T20:30:50.261+07:00 TRACE 27900 --- [csrf] [    Test worker] o.s.c.e.EventListenerMethodProcessor     : No @EventListener annotations found on bean class: org.springframework.boot.autoconfigure.security.oauth2.server.servlet.OAuth2AuthorizationServerAutoConfiguration
2025-01-07T20:30:50.261+07:00 TRACE 27900 --- [csrf] [    Test worker] o.s.c.e.EventListenerMethodProcessor     : No @EventListener annotations found on bean class: org.springframework.boot.autoconfigure.security.oauth2.resource.servlet.OAuth2ResourceServerJwtConfiguration$JwtDecoderConfiguration
2025-01-07T20:30:50.261+07:00 TRACE 27900 --- [csrf] [    Test worker] o.s.c.e.EventListenerMethodProcessor     : No @EventListener annotations found on bean class: org.springframework.boot.autoconfigure.security.oauth2.resource.servlet.Oauth2ResourceServerConfiguration$JwtConfiguration
2025-01-07T20:30:50.261+07:00 TRACE 27900 --- [csrf] [    Test worker] o.s.c.e.EventListenerMethodProcessor     : No @EventListener annotations found on bean class: org.springframework.boot.autoconfigure.security.oauth2.resource.servlet.OAuth2ResourceServerOpaqueTokenConfiguration$OpaqueTokenIntrospectionClientConfiguration
2025-01-07T20:30:50.261+07:00 TRACE 27900 --- [csrf] [    Test worker] o.s.c.e.EventListenerMethodProcessor     : No @EventListener annotations found on bean class: org.springframework.boot.autoconfigure.security.oauth2.resource.servlet.Oauth2ResourceServerConfiguration$OpaqueTokenConfiguration
2025-01-07T20:30:50.261+07:00 TRACE 27900 --- [csrf] [    Test worker] o.s.c.e.EventListenerMethodProcessor     : No @EventListener annotations found on bean class: org.springframework.boot.autoconfigure.security.oauth2.resource.servlet.OAuth2ResourceServerAutoConfiguration
2025-01-07T20:30:50.261+07:00 TRACE 27900 --- [csrf] [    Test worker] o.s.c.e.EventListenerMethodProcessor     : No @EventListener annotations found on bean class: org.springframework.security.config.annotation.configuration.ObjectPostProcessorConfiguration
2025-01-07T20:30:50.261+07:00 TRACE 27900 --- [csrf] [    Test worker] o.s.c.e.EventListenerMethodProcessor     : No @EventListener annotations found on bean class: org.springframework.security.config.annotation.authentication.configuration.AuthenticationConfiguration
2025-01-07T20:30:50.261+07:00 TRACE 27900 --- [csrf] [    Test worker] o.s.c.e.EventListenerMethodProcessor     : No @EventListener annotations found on bean class: org.springframework.security.config.annotation.web.configuration.WebSecurityConfiguration
2025-01-07T20:30:50.261+07:00 TRACE 27900 --- [csrf] [    Test worker] o.s.c.e.EventListenerMethodProcessor     : No @EventListener annotations found on bean class: org.springframework.security.config.annotation.web.configuration.HttpSecurityConfiguration
2025-01-07T20:30:50.261+07:00 TRACE 27900 --- [csrf] [    Test worker] o.s.c.e.EventListenerMethodProcessor     : No @EventListener annotations found on bean class: org.springframework.security.config.annotation.web.configuration.ObservationConfiguration
2025-01-07T20:30:50.261+07:00 TRACE 27900 --- [csrf] [    Test worker] o.s.c.e.EventListenerMethodProcessor     : No @EventListener annotations found on bean class: org.springframework.boot.autoconfigure.security.servlet.SpringBootWebSecurityConfiguration$WebSecurityEnablerConfiguration
2025-01-07T20:30:50.261+07:00 TRACE 27900 --- [csrf] [    Test worker] o.s.c.e.EventListenerMethodProcessor     : No @EventListener annotations found on bean class: org.springframework.boot.autoconfigure.security.servlet.SpringBootWebSecurityConfiguration
2025-01-07T20:30:50.261+07:00 TRACE 27900 --- [csrf] [    Test worker] o.s.c.e.EventListenerMethodProcessor     : No @EventListener annotations found on bean class: org.springframework.boot.autoconfigure.security.servlet.SecurityAutoConfiguration
2025-01-07T20:30:50.261+07:00 TRACE 27900 --- [csrf] [    Test worker] o.s.c.e.EventListenerMethodProcessor     : No @EventListener annotations found on bean class: org.springframework.boot.autoconfigure.security.oauth2.server.servlet.OAuth2AuthorizationServerJwtAutoConfiguration
2025-01-07T20:30:50.261+07:00 TRACE 27900 --- [csrf] [    Test worker] o.s.c.e.EventListenerMethodProcessor     : No @EventListener annotations found on bean class: com.nimbusds.jose.jwk.source.ImmutableJWKSet
2025-01-07T20:30:50.261+07:00 TRACE 27900 --- [csrf] [    Test worker] o.s.c.e.EventListenerMethodProcessor     : No @EventListener annotations found on bean class: org.springframework.boot.autoconfigure.security.servlet.SecurityFilterAutoConfiguration
2025-01-07T20:30:50.261+07:00 TRACE 27900 --- [csrf] [    Test worker] o.s.c.e.EventListenerMethodProcessor     : No @EventListener annotations found on bean class: org.springframework.boot.autoconfigure.sql.init.SqlInitializationAutoConfiguration
2025-01-07T20:30:50.261+07:00 TRACE 27900 --- [csrf] [    Test worker] o.s.c.e.EventListenerMethodProcessor     : No @EventListener annotations found on bean class: org.springframework.boot.autoconfigure.task.TaskSchedulingConfigurations$ThreadPoolTaskSchedulerBuilderConfiguration
2025-01-07T20:30:50.261+07:00 TRACE 27900 --- [csrf] [    Test worker] o.s.c.e.EventListenerMethodProcessor     : No @EventListener annotations found on bean class: org.springframework.boot.autoconfigure.task.TaskSchedulingConfigurations$SimpleAsyncTaskSchedulerBuilderConfiguration
2025-01-07T20:30:50.262+07:00 TRACE 27900 --- [csrf] [    Test worker] o.s.c.e.EventListenerMethodProcessor     : No @EventListener annotations found on bean class: org.springframework.boot.autoconfigure.task.TaskSchedulingAutoConfiguration
2025-01-07T20:30:50.262+07:00 TRACE 27900 --- [csrf] [    Test worker] o.s.c.e.EventListenerMethodProcessor     : No @EventListener annotations found on bean class: org.springframework.boot.autoconfigure.web.client.RestClientAutoConfiguration
2025-01-07T20:30:50.262+07:00 TRACE 27900 --- [csrf] [    Test worker] o.s.c.e.EventListenerMethodProcessor     : No @EventListener annotations found on bean class: org.springframework.boot.autoconfigure.web.client.RestTemplateAutoConfiguration
2025-01-07T20:30:50.262+07:00 TRACE 27900 --- [csrf] [    Test worker] o.s.c.e.EventListenerMethodProcessor     : No @EventListener annotations found on bean class: org.springframework.boot.autoconfigure.web.embedded.EmbeddedWebServerFactoryCustomizerAutoConfiguration$TomcatWebServerFactoryCustomizerConfiguration
2025-01-07T20:30:50.262+07:00 TRACE 27900 --- [csrf] [    Test worker] o.s.c.e.EventListenerMethodProcessor     : No @EventListener annotations found on bean class: org.springframework.boot.autoconfigure.web.embedded.EmbeddedWebServerFactoryCustomizerAutoConfiguration
2025-01-07T20:30:50.262+07:00 TRACE 27900 --- [csrf] [    Test worker] o.s.c.e.EventListenerMethodProcessor     : No @EventListener annotations found on bean class: org.springframework.boot.autoconfigure.web.servlet.HttpEncodingAutoConfiguration
2025-01-07T20:30:50.262+07:00 TRACE 27900 --- [csrf] [    Test worker] o.s.c.e.EventListenerMethodProcessor     : No @EventListener annotations found on bean class: org.springframework.boot.autoconfigure.web.servlet.MultipartAutoConfiguration
2025-01-07T20:30:50.262+07:00 TRACE 27900 --- [csrf] [    Test worker] o.s.c.e.EventListenerMethodProcessor     : No @EventListener annotations found on bean class: jakarta.servlet.MultipartConfigElement
2025-01-07T20:30:50.262+07:00 TRACE 27900 --- [csrf] [    Test worker] o.s.c.e.EventListenerMethodProcessor     : No @EventListener annotations found on bean class: org.apache.catalina.core.ApplicationContextFacade
2025-01-07T20:30:50.263+07:00 TRACE 27900 --- [csrf] [    Test worker] o.s.b.f.s.DefaultListableBeanFactory     : Returning cached instance of singleton bean 'lifecycleProcessor'
2025-01-07T20:30:50.263+07:00 TRACE 27900 --- [csrf] [    Test worker] ConfigServletWebServerApplicationContext : Using LifecycleProcessor [org.springframework.context.support.DefaultLifecycleProcessor@6c5ae8fd]
2025-01-07T20:30:50.263+07:00 TRACE 27900 --- [csrf] [    Test worker] o.s.b.f.s.DefaultListableBeanFactory     : Returning cached instance of singleton bean 'applicationTaskExecutor'
2025-01-07T20:30:50.263+07:00 TRACE 27900 --- [csrf] [    Test worker] o.s.b.f.s.DefaultListableBeanFactory     : Returning cached instance of singleton bean 'lifecycleProcessor'
2025-01-07T20:30:50.263+07:00 TRACE 27900 --- [csrf] [    Test worker] o.s.b.f.s.DefaultListableBeanFactory     : Returning cached instance of singleton bean 'springBootLoggingLifecycle'
2025-01-07T20:30:50.263+07:00 TRACE 27900 --- [csrf] [    Test worker] o.s.b.f.s.DefaultListableBeanFactory     : Returning cached instance of singleton bean 'webServerGracefulShutdown'
2025-01-07T20:30:50.263+07:00 TRACE 27900 --- [csrf] [    Test worker] o.s.b.f.s.DefaultListableBeanFactory     : Returning cached instance of singleton bean 'webServerStartStop'
2025-01-07T20:30:50.264+07:00 DEBUG 27900 --- [csrf] [    Test worker] o.s.c.support.DefaultLifecycleProcessor  : Starting beans in phase -2147483647
2025-01-07T20:30:50.264+07:00 TRACE 27900 --- [csrf] [    Test worker] o.s.c.support.DefaultLifecycleProcessor  : Starting bean 'springBootLoggingLifecycle' of type [org.springframework.boot.context.logging.LoggingApplicationListener$Lifecycle]
2025-01-07T20:30:50.265+07:00 DEBUG 27900 --- [csrf] [    Test worker] o.s.c.support.DefaultLifecycleProcessor  : Successfully started bean 'springBootLoggingLifecycle'
2025-01-07T20:30:50.265+07:00 DEBUG 27900 --- [csrf] [    Test worker] o.s.c.support.DefaultLifecycleProcessor  : Starting beans in phase 1073741823
2025-01-07T20:30:50.265+07:00 DEBUG 27900 --- [csrf] [    Test worker] o.s.c.support.DefaultLifecycleProcessor  : Starting beans in phase 2147481599
2025-01-07T20:30:50.265+07:00 TRACE 27900 --- [csrf] [    Test worker] o.s.c.support.DefaultLifecycleProcessor  : Starting bean 'webServerStartStop' of type [org.springframework.boot.web.servlet.context.WebServerStartStopLifecycle]
2025-01-07T20:30:50.269+07:00 DEBUG 27900 --- [csrf] [auto-1-Acceptor] o.apache.tomcat.util.threads.LimitLatch  : Counting up[http-nio-auto-1-Acceptor] latch=0
2025-01-07T20:30:50.269+07:00  INFO 27900 --- [csrf] [    Test worker] o.s.b.w.embedded.tomcat.TomcatWebServer  : Tomcat started on port 51961 (http) with context path '/'
2025-01-07T20:30:50.270+07:00 TRACE 27900 --- [csrf] [    Test worker] o.s.b.f.s.DefaultListableBeanFactory     : Returning cached instance of singleton bean 'delegatingApplicationListener'
2025-01-07T20:30:50.270+07:00 DEBUG 27900 --- [csrf] [    Test worker] o.s.c.support.DefaultLifecycleProcessor  : Successfully started bean 'webServerStartStop'
2025-01-07T20:30:50.270+07:00 DEBUG 27900 --- [csrf] [    Test worker] o.s.c.support.DefaultLifecycleProcessor  : Starting beans in phase 2147482623
2025-01-07T20:30:50.270+07:00 TRACE 27900 --- [csrf] [    Test worker] o.s.c.support.DefaultLifecycleProcessor  : Starting bean 'webServerGracefulShutdown' of type [org.springframework.boot.web.context.WebServerGracefulShutdownLifecycle]
2025-01-07T20:30:50.270+07:00 DEBUG 27900 --- [csrf] [    Test worker] o.s.c.support.DefaultLifecycleProcessor  : Successfully started bean 'webServerGracefulShutdown'
2025-01-07T20:30:50.270+07:00 TRACE 27900 --- [csrf] [    Test worker] o.s.b.f.s.DefaultListableBeanFactory     : Returning cached instance of singleton bean 'org.springframework.boot.autoconfigure.internalCachingMetadataReaderFactory'
2025-01-07T20:30:50.270+07:00 TRACE 27900 --- [csrf] [    Test worker] o.s.b.f.s.DefaultListableBeanFactory     : Returning cached instance of singleton bean 'mvcResourceUrlProvider'
2025-01-07T20:30:50.270+07:00 TRACE 27900 --- [csrf] [    Test worker] o.s.b.f.s.DefaultListableBeanFactory     : Returning cached instance of singleton bean 'delegatingApplicationListener'
2025-01-07T20:30:50.275+07:00 DEBUG 27900 --- [csrf] [    Test worker] .s.b.a.l.ConditionEvaluationReportLogger : 


============================
CONDITIONS EVALUATION REPORT
============================


Positive matches:
-----------------

   AopAutoConfiguration matched:
      - @ConditionalOnProperty (spring.aop.auto=true) matched (OnPropertyCondition)

   AopAutoConfiguration.ClassProxyingConfiguration matched:
      - @ConditionalOnMissingClass did not find unwanted class 'org.aspectj.weaver.Advice' (OnClassCondition)
      - @ConditionalOnProperty (spring.aop.proxy-target-class=true) matched (OnPropertyCondition)

   ApplicationAvailabilityAutoConfiguration#applicationAvailability matched:
      - @ConditionalOnMissingBean (types: org.springframework.boot.availability.ApplicationAvailability; SearchStrategy: all) did not find any beans (OnBeanCondition)

   DispatcherServletAutoConfiguration matched:
      - @ConditionalOnClass found required class 'org.springframework.web.servlet.DispatcherServlet' (OnClassCondition)
      - found 'session' scope (OnWebApplicationCondition)

   DispatcherServletAutoConfiguration.DispatcherServletConfiguration matched:
      - @ConditionalOnClass found required class 'jakarta.servlet.ServletRegistration' (OnClassCondition)
      - Default DispatcherServlet did not find dispatcher servlet beans (DispatcherServletAutoConfiguration.DefaultDispatcherServletCondition)

   DispatcherServletAutoConfiguration.DispatcherServletRegistrationConfiguration matched:
      - @ConditionalOnClass found required class 'jakarta.servlet.ServletRegistration' (OnClassCondition)
      - DispatcherServlet Registration did not find servlet registration bean (DispatcherServletAutoConfiguration.DispatcherServletRegistrationCondition)

   DispatcherServletAutoConfiguration.DispatcherServletRegistrationConfiguration#dispatcherServletRegistration matched:
      - @ConditionalOnBean (names: dispatcherServlet types: org.springframework.web.servlet.DispatcherServlet; SearchStrategy: all) found bean 'dispatcherServlet' (OnBeanCondition)

   EmbeddedWebServerFactoryCustomizerAutoConfiguration matched:
      - @ConditionalOnWebApplication (required) found 'session' scope (OnWebApplicationCondition)
      - @ConditionalOnWarDeployment the application is not deployed as a WAR file. (OnWarDeploymentCondition)

   EmbeddedWebServerFactoryCustomizerAutoConfiguration.TomcatWebServerFactoryCustomizerConfiguration matched:
      - @ConditionalOnClass found required classes 'org.apache.catalina.startup.Tomcat', 'org.apache.coyote.UpgradeProtocol' (OnClassCondition)

   ErrorMvcAutoConfiguration matched:
      - @ConditionalOnClass found required classes 'jakarta.servlet.Servlet', 'org.springframework.web.servlet.DispatcherServlet' (OnClassCondition)
      - found 'session' scope (OnWebApplicationCondition)

   ErrorMvcAutoConfiguration#basicErrorController matched:
      - @ConditionalOnMissingBean (types: org.springframework.boot.web.servlet.error.ErrorController; SearchStrategy: current) did not find any beans (OnBeanCondition)

   ErrorMvcAutoConfiguration#errorAttributes matched:
      - @ConditionalOnMissingBean (types: org.springframework.boot.web.servlet.error.ErrorAttributes; SearchStrategy: current) did not find any beans (OnBeanCondition)

   ErrorMvcAutoConfiguration.DefaultErrorViewResolverConfiguration#conventionErrorViewResolver matched:
      - @ConditionalOnBean (types: org.springframework.web.servlet.DispatcherServlet; SearchStrategy: all) found bean 'dispatcherServlet'; @ConditionalOnMissingBean (types: org.springframework.boot.autoconfigure.web.servlet.error.ErrorViewResolver; SearchStrategy: all) did not find any beans (OnBeanCondition)

   ErrorMvcAutoConfiguration.WhitelabelErrorViewConfiguration matched:
      - @ConditionalOnProperty (server.error.whitelabel.enabled) matched (OnPropertyCondition)
      - ErrorTemplate Missing did not find error template view (ErrorMvcAutoConfiguration.ErrorTemplateMissingCondition)

   ErrorMvcAutoConfiguration.WhitelabelErrorViewConfiguration#beanNameViewResolver matched:
      - @ConditionalOnMissingBean (types: org.springframework.web.servlet.view.BeanNameViewResolver; SearchStrategy: all) did not find any beans (OnBeanCondition)

   ErrorMvcAutoConfiguration.WhitelabelErrorViewConfiguration#defaultErrorView matched:
      - @ConditionalOnMissingBean (names: error; SearchStrategy: all) did not find any beans (OnBeanCondition)

   GenericCacheConfiguration matched:
      - Cache org.springframework.boot.autoconfigure.cache.GenericCacheConfiguration automatic cache type (CacheCondition)

   HttpClientAutoConfiguration matched:
      - @ConditionalOnClass found required class 'org.springframework.http.client.ClientHttpRequestFactory' (OnClassCondition)
      - NoneNestedConditions 0 matched 1 did not; NestedCondition on NotReactiveWebApplicationCondition.ReactiveWebApplication did not find reactive web application classes (NotReactiveWebApplicationCondition)

   HttpClientAutoConfiguration#clientHttpRequestFactoryBuilder matched:
      - @ConditionalOnMissingBean (types: org.springframework.boot.http.client.ClientHttpRequestFactoryBuilder; SearchStrategy: all) did not find any beans (OnBeanCondition)

   HttpClientAutoConfiguration#clientHttpRequestFactorySettings matched:
      - @ConditionalOnMissingBean (types: org.springframework.boot.http.client.ClientHttpRequestFactorySettings; SearchStrategy: all) did not find any beans (OnBeanCondition)

   HttpEncodingAutoConfiguration matched:
      - @ConditionalOnClass found required class 'org.springframework.web.filter.CharacterEncodingFilter' (OnClassCondition)
      - found 'session' scope (OnWebApplicationCondition)
      - @ConditionalOnProperty (server.servlet.encoding.enabled) matched (OnPropertyCondition)

   HttpEncodingAutoConfiguration#characterEncodingFilter matched:
      - @ConditionalOnMissingBean (types: org.springframework.web.filter.CharacterEncodingFilter; SearchStrategy: all) did not find any beans (OnBeanCondition)

   HttpMessageConvertersAutoConfiguration matched:
      - @ConditionalOnClass found required class 'org.springframework.http.converter.HttpMessageConverter' (OnClassCondition)
      - NoneNestedConditions 0 matched 1 did not; NestedCondition on HttpMessageConvertersAutoConfiguration.NotReactiveWebApplicationCondition.ReactiveWebApplication did not find reactive web application classes (HttpMessageConvertersAutoConfiguration.NotReactiveWebApplicationCondition)

   HttpMessageConvertersAutoConfiguration#messageConverters matched:
      - @ConditionalOnMissingBean (types: org.springframework.boot.autoconfigure.http.HttpMessageConverters; SearchStrategy: all) did not find any beans (OnBeanCondition)

   HttpMessageConvertersAutoConfiguration.StringHttpMessageConverterConfiguration matched:
      - @ConditionalOnClass found required class 'org.springframework.http.converter.StringHttpMessageConverter' (OnClassCondition)

   HttpMessageConvertersAutoConfiguration.StringHttpMessageConverterConfiguration#stringHttpMessageConverter matched:
      - @ConditionalOnMissingBean (types: org.springframework.http.converter.StringHttpMessageConverter; SearchStrategy: all) did not find any beans (OnBeanCondition)

   JacksonAutoConfiguration matched:
      - @ConditionalOnClass found required class 'com.fasterxml.jackson.databind.ObjectMapper' (OnClassCondition)

   JacksonAutoConfiguration.Jackson2ObjectMapperBuilderCustomizerConfiguration matched:
      - @ConditionalOnClass found required class 'org.springframework.http.converter.json.Jackson2ObjectMapperBuilder' (OnClassCondition)

   JacksonAutoConfiguration.JacksonObjectMapperBuilderConfiguration matched:
      - @ConditionalOnClass found required class 'org.springframework.http.converter.json.Jackson2ObjectMapperBuilder' (OnClassCondition)

   JacksonAutoConfiguration.JacksonObjectMapperBuilderConfiguration#jacksonObjectMapperBuilder matched:
      - @ConditionalOnMissingBean (types: org.springframework.http.converter.json.Jackson2ObjectMapperBuilder; SearchStrategy: all) did not find any beans (OnBeanCondition)

   JacksonAutoConfiguration.JacksonObjectMapperConfiguration matched:
      - @ConditionalOnClass found required class 'org.springframework.http.converter.json.Jackson2ObjectMapperBuilder' (OnClassCondition)

   JacksonAutoConfiguration.JacksonObjectMapperConfiguration#jacksonObjectMapper matched:
      - @ConditionalOnMissingBean (types: com.fasterxml.jackson.databind.ObjectMapper; SearchStrategy: all) did not find any beans (OnBeanCondition)

   JacksonAutoConfiguration.ParameterNamesModuleConfiguration matched:
      - @ConditionalOnClass found required class 'com.fasterxml.jackson.module.paramnames.ParameterNamesModule' (OnClassCondition)

   JacksonAutoConfiguration.ParameterNamesModuleConfiguration#parameterNamesModule matched:
      - @ConditionalOnMissingBean (types: com.fasterxml.jackson.module.paramnames.ParameterNamesModule; SearchStrategy: all) did not find any beans (OnBeanCondition)

   JacksonHttpMessageConvertersConfiguration.MappingJackson2HttpMessageConverterConfiguration matched:
      - @ConditionalOnClass found required class 'com.fasterxml.jackson.databind.ObjectMapper' (OnClassCondition)
      - @ConditionalOnProperty (spring.mvc.converters.preferred-json-mapper=jackson) matched (OnPropertyCondition)
      - @ConditionalOnBean (types: com.fasterxml.jackson.databind.ObjectMapper; SearchStrategy: all) found bean 'jacksonObjectMapper' (OnBeanCondition)

   JacksonHttpMessageConvertersConfiguration.MappingJackson2HttpMessageConverterConfiguration#mappingJackson2HttpMessageConverter matched:
      - @ConditionalOnMissingBean (types: org.springframework.http.converter.json.MappingJackson2HttpMessageConverter ignored: org.springframework.hateoas.server.mvc.TypeConstrainedMappingJackson2HttpMessageConverter,org.springframework.data.rest.webmvc.alps.AlpsJsonHttpMessageConverter; SearchStrategy: all) did not find any beans (OnBeanCondition)

   LifecycleAutoConfiguration#defaultLifecycleProcessor matched:
      - @ConditionalOnMissingBean (names: lifecycleProcessor; SearchStrategy: current) did not find any beans (OnBeanCondition)

   MultipartAutoConfiguration matched:
      - @ConditionalOnClass found required classes 'jakarta.servlet.Servlet', 'org.springframework.web.multipart.support.StandardServletMultipartResolver', 'jakarta.servlet.MultipartConfigElement' (OnClassCondition)
      - found 'session' scope (OnWebApplicationCondition)
      - @ConditionalOnProperty (spring.servlet.multipart.enabled) matched (OnPropertyCondition)

   MultipartAutoConfiguration#multipartConfigElement matched:
      - @ConditionalOnMissingBean (types: jakarta.servlet.MultipartConfigElement; SearchStrategy: all) did not find any beans (OnBeanCondition)

   MultipartAutoConfiguration#multipartResolver matched:
      - @ConditionalOnMissingBean (types: org.springframework.web.multipart.MultipartResolver; SearchStrategy: all) did not find any beans (OnBeanCondition)

   NoOpCacheConfiguration matched:
      - Cache org.springframework.boot.autoconfigure.cache.NoOpCacheConfiguration automatic cache type (CacheCondition)

   OAuth2AuthorizationServerAutoConfiguration matched:
      - @ConditionalOnClass found required class 'org.springframework.security.oauth2.server.authorization.OAuth2Authorization' (OnClassCondition)
      - found 'session' scope (OnWebApplicationCondition)

   OAuth2AuthorizationServerConfiguration#authorizationServerSettings matched:
      - @ConditionalOnMissingBean (types: org.springframework.security.oauth2.server.authorization.settings.AuthorizationServerSettings; SearchStrategy: all) did not find any beans (OnBeanCondition)

   OAuth2AuthorizationServerJwtAutoConfiguration matched:
      - @ConditionalOnClass found required class 'org.springframework.security.oauth2.server.authorization.OAuth2Authorization' (OnClassCondition)
      - found 'session' scope (OnWebApplicationCondition)

   OAuth2AuthorizationServerJwtAutoConfiguration#jwkSource matched:
      - @ConditionalOnMissingBean (types: com.nimbusds.jose.jwk.source.JWKSource; SearchStrategy: all) did not find any beans (OnBeanCondition)

   OAuth2AuthorizationServerJwtAutoConfiguration#jwtDecoder matched:
      - @ConditionalOnClass found required class 'org.springframework.security.oauth2.jwt.JwtDecoder' (OnClassCondition)
      - @ConditionalOnMissingBean (types: org.springframework.security.oauth2.jwt.JwtDecoder; SearchStrategy: all) did not find any beans (OnBeanCondition)

   OAuth2ResourceServerAutoConfiguration matched:
      - @ConditionalOnClass found required class 'org.springframework.security.oauth2.server.resource.authentication.BearerTokenAuthenticationToken' (OnClassCondition)
      - found 'session' scope (OnWebApplicationCondition)

   OAuth2ResourceServerJwtConfiguration.JwtDecoderConfiguration matched:
      - @ConditionalOnMissingBean (types: org.springframework.security.oauth2.jwt.JwtDecoder; SearchStrategy: all) did not find any beans (OnBeanCondition)

   OAuth2ResourceServerOpaqueTokenConfiguration.OpaqueTokenIntrospectionClientConfiguration matched:
      - @ConditionalOnMissingBean (types: org.springframework.security.oauth2.server.resource.introspection.OpaqueTokenIntrospector; SearchStrategy: all) did not find any beans (OnBeanCondition)

   Oauth2ResourceServerConfiguration.JwtConfiguration matched:
      - @ConditionalOnClass found required class 'org.springframework.security.oauth2.jwt.JwtDecoder' (OnClassCondition)

   PropertyPlaceholderAutoConfiguration#propertySourcesPlaceholderConfigurer matched:
      - @ConditionalOnMissingBean (types: org.springframework.context.support.PropertySourcesPlaceholderConfigurer; SearchStrategy: current) did not find any beans (OnBeanCondition)

   RestClientAutoConfiguration matched:
      - @ConditionalOnClass found required class 'org.springframework.web.client.RestClient' (OnClassCondition)
      - NoneNestedConditions 0 matched 1 did not; NestedCondition on NotReactiveWebApplicationCondition.ReactiveWebApplication did not find reactive web application classes (NotReactiveWebApplicationCondition)

   RestClientAutoConfiguration#httpMessageConvertersRestClientCustomizer matched:
      - @ConditionalOnMissingBean (types: org.springframework.boot.autoconfigure.web.client.HttpMessageConvertersRestClientCustomizer; SearchStrategy: all) did not find any beans (OnBeanCondition)

   RestClientAutoConfiguration#restClientBuilder matched:
      - @ConditionalOnMissingBean (types: org.springframework.web.client.RestClient$Builder; SearchStrategy: all) did not find any beans (OnBeanCondition)

   RestClientAutoConfiguration#restClientBuilderConfigurer matched:
      - @ConditionalOnMissingBean (types: org.springframework.boot.autoconfigure.web.client.RestClientBuilderConfigurer; SearchStrategy: all) did not find any beans (OnBeanCondition)

   RestClientAutoConfiguration#restClientSsl matched:
      - @ConditionalOnBean (types: org.springframework.boot.ssl.SslBundles; SearchStrategy: all) found bean 'sslBundleRegistry'; @ConditionalOnMissingBean (types: org.springframework.boot.autoconfigure.web.client.RestClientSsl; SearchStrategy: all) did not find any beans (OnBeanCondition)

   RestTemplateAutoConfiguration matched:
      - @ConditionalOnClass found required class 'org.springframework.web.client.RestTemplate' (OnClassCondition)
      - NoneNestedConditions 0 matched 1 did not; NestedCondition on NotReactiveWebApplicationCondition.ReactiveWebApplication did not find reactive web application classes (NotReactiveWebApplicationCondition)

   RestTemplateAutoConfiguration#restTemplateBuilder matched:
      - @ConditionalOnMissingBean (types: org.springframework.boot.web.client.RestTemplateBuilder; SearchStrategy: all) did not find any beans (OnBeanCondition)

   SecurityAutoConfiguration matched:
      - @ConditionalOnClass found required class 'org.springframework.security.authentication.DefaultAuthenticationEventPublisher' (OnClassCondition)

   SecurityAutoConfiguration#authenticationEventPublisher matched:
      - @ConditionalOnMissingBean (types: org.springframework.security.authentication.AuthenticationEventPublisher; SearchStrategy: all) did not find any beans (OnBeanCondition)

   SecurityFilterAutoConfiguration matched:
      - @ConditionalOnClass found required classes 'org.springframework.security.web.context.AbstractSecurityWebApplicationInitializer', 'org.springframework.security.config.http.SessionCreationPolicy' (OnClassCondition)
      - found 'session' scope (OnWebApplicationCondition)

   SecurityFilterAutoConfiguration#securityFilterChainRegistration matched:
      - @ConditionalOnBean (names: springSecurityFilterChain; SearchStrategy: all) found bean 'springSecurityFilterChain' (OnBeanCondition)

   ServletWebServerFactoryAutoConfiguration matched:
      - @ConditionalOnClass found required class 'jakarta.servlet.ServletRequest' (OnClassCondition)
      - found 'session' scope (OnWebApplicationCondition)

   ServletWebServerFactoryAutoConfiguration#tomcatServletWebServerFactoryCustomizer matched:
      - @ConditionalOnClass found required class 'org.apache.catalina.startup.Tomcat' (OnClassCondition)

   ServletWebServerFactoryConfiguration.EmbeddedTomcat matched:
      - @ConditionalOnClass found required classes 'jakarta.servlet.Servlet', 'org.apache.catalina.startup.Tomcat', 'org.apache.coyote.UpgradeProtocol' (OnClassCondition)
      - @ConditionalOnMissingBean (types: org.springframework.boot.web.servlet.server.ServletWebServerFactory; SearchStrategy: current) did not find any beans (OnBeanCondition)

   SimpleCacheConfiguration matched:
      - Cache org.springframework.boot.autoconfigure.cache.SimpleCacheConfiguration automatic cache type (CacheCondition)

   SpringBootWebSecurityConfiguration matched:
      - found 'session' scope (OnWebApplicationCondition)

   SpringBootWebSecurityConfiguration.WebSecurityEnablerConfiguration matched:
      - @ConditionalOnClass found required class 'org.springframework.security.config.annotation.web.configuration.EnableWebSecurity' (OnClassCondition)
      - @ConditionalOnMissingBean (names: springSecurityFilterChain; SearchStrategy: all) did not find any beans (OnBeanCondition)

   SqlInitializationAutoConfiguration matched:
      - @ConditionalOnProperty (spring.sql.init.enabled) matched (OnPropertyCondition)
      - NoneNestedConditions 0 matched 1 did not; NestedCondition on SqlInitializationAutoConfiguration.SqlInitializationModeCondition.ModeIsNever @ConditionalOnProperty (spring.sql.init.mode=never) did not find property 'mode' (SqlInitializationAutoConfiguration.SqlInitializationModeCondition)

   SslAutoConfiguration#sslBundleRegistry matched:
      - @ConditionalOnMissingBean (types: org.springframework.boot.ssl.SslBundleRegistry,org.springframework.boot.ssl.SslBundles; SearchStrategy: all) did not find any beans (OnBeanCondition)

   TaskExecutionAutoConfiguration matched:
      - @ConditionalOnClass found required class 'org.springframework.scheduling.concurrent.ThreadPoolTaskExecutor' (OnClassCondition)

   TaskExecutorConfigurations.SimpleAsyncTaskExecutorBuilderConfiguration#simpleAsyncTaskExecutorBuilder matched:
      - @ConditionalOnMissingBean (types: org.springframework.boot.task.SimpleAsyncTaskExecutorBuilder; SearchStrategy: all) did not find any beans (OnBeanCondition)
      - @ConditionalOnThreading found PLATFORM (OnThreadingCondition)

   TaskExecutorConfigurations.TaskExecutorConfiguration matched:
      - @ConditionalOnMissingBean (types: java.util.concurrent.Executor; SearchStrategy: all) did not find any beans (OnBeanCondition)

   TaskExecutorConfigurations.TaskExecutorConfiguration#applicationTaskExecutor matched:
      - @ConditionalOnThreading found PLATFORM (OnThreadingCondition)

   TaskExecutorConfigurations.ThreadPoolTaskExecutorBuilderConfiguration#threadPoolTaskExecutorBuilder matched:
      - @ConditionalOnMissingBean (types: org.springframework.boot.task.ThreadPoolTaskExecutorBuilder; SearchStrategy: all) did not find any beans (OnBeanCondition)

   TaskSchedulingAutoConfiguration matched:
      - @ConditionalOnClass found required class 'org.springframework.scheduling.concurrent.ThreadPoolTaskScheduler' (OnClassCondition)

   TaskSchedulingConfigurations.SimpleAsyncTaskSchedulerBuilderConfiguration#simpleAsyncTaskSchedulerBuilder matched:
      - @ConditionalOnMissingBean (types: org.springframework.boot.task.SimpleAsyncTaskSchedulerBuilder; SearchStrategy: all) did not find any beans (OnBeanCondition)
      - @ConditionalOnThreading found PLATFORM (OnThreadingCondition)

   TaskSchedulingConfigurations.ThreadPoolTaskSchedulerBuilderConfiguration#threadPoolTaskSchedulerBuilder matched:
      - @ConditionalOnMissingBean (types: org.springframework.boot.task.ThreadPoolTaskSchedulerBuilder; SearchStrategy: all) did not find any beans (OnBeanCondition)

   WebMvcAutoConfiguration matched:
      - @ConditionalOnClass found required classes 'jakarta.servlet.Servlet', 'org.springframework.web.servlet.DispatcherServlet', 'org.springframework.web.servlet.config.annotation.WebMvcConfigurer' (OnClassCondition)
      - found 'session' scope (OnWebApplicationCondition)
      - @ConditionalOnMissingBean (types: org.springframework.web.servlet.config.annotation.WebMvcConfigurationSupport; SearchStrategy: all) did not find any beans (OnBeanCondition)

   WebMvcAutoConfiguration#formContentFilter matched:
      - @ConditionalOnProperty (spring.mvc.formcontent.filter.enabled) matched (OnPropertyCondition)
      - @ConditionalOnMissingBean (types: org.springframework.web.filter.FormContentFilter; SearchStrategy: all) did not find any beans (OnBeanCondition)

   WebMvcAutoConfiguration.EnableWebMvcConfiguration#flashMapManager matched:
      - @ConditionalOnMissingBean (names: flashMapManager; SearchStrategy: all) did not find any beans (OnBeanCondition)

   WebMvcAutoConfiguration.EnableWebMvcConfiguration#localeResolver matched:
      - @ConditionalOnMissingBean (names: localeResolver; SearchStrategy: all) did not find any beans (OnBeanCondition)

   WebMvcAutoConfiguration.EnableWebMvcConfiguration#themeResolver matched:
      - @ConditionalOnMissingBean (names: themeResolver; SearchStrategy: all) did not find any beans (OnBeanCondition)

   WebMvcAutoConfiguration.EnableWebMvcConfiguration#viewNameTranslator matched:
      - @ConditionalOnMissingBean (names: viewNameTranslator; SearchStrategy: all) did not find any beans (OnBeanCondition)

   WebMvcAutoConfiguration.WebMvcAutoConfigurationAdapter#defaultViewResolver matched:
      - @ConditionalOnMissingBean (types: org.springframework.web.servlet.view.InternalResourceViewResolver; SearchStrategy: all) did not find any beans (OnBeanCondition)

   WebMvcAutoConfiguration.WebMvcAutoConfigurationAdapter#requestContextFilter matched:
      - @ConditionalOnMissingBean (types: org.springframework.web.context.request.RequestContextListener,org.springframework.web.filter.RequestContextFilter; SearchStrategy: all) did not find any beans (OnBeanCondition)

   WebMvcAutoConfiguration.WebMvcAutoConfigurationAdapter#viewResolver matched:
      - @ConditionalOnBean (types: org.springframework.web.servlet.ViewResolver; SearchStrategy: all) found beans 'defaultViewResolver', 'beanNameViewResolver', 'mvcViewResolver'; @ConditionalOnMissingBean (names: viewResolver types: org.springframework.web.servlet.view.ContentNegotiatingViewResolver; SearchStrategy: all) did not find any beans (OnBeanCondition)

   WebSocketServletAutoConfiguration matched:
      - @ConditionalOnClass found required classes 'jakarta.servlet.Servlet', 'jakarta.websocket.server.ServerContainer' (OnClassCondition)
      - found 'session' scope (OnWebApplicationCondition)

   WebSocketServletAutoConfiguration.TomcatWebSocketConfiguration matched:
      - @ConditionalOnClass found required classes 'org.apache.catalina.startup.Tomcat', 'org.apache.tomcat.websocket.server.WsSci' (OnClassCondition)

   WebSocketServletAutoConfiguration.TomcatWebSocketConfiguration#websocketServletWebServerCustomizer matched:
      - @ConditionalOnMissingBean (names: websocketServletWebServerCustomizer; SearchStrategy: all) did not find any beans (OnBeanCondition)


Negative matches:
-----------------

   ActiveMQAutoConfiguration:
      Did not match:
         - @ConditionalOnClass did not find required class 'jakarta.jms.ConnectionFactory' (OnClassCondition)

   AopAutoConfiguration.AspectJAutoProxyingConfiguration:
      Did not match:
         - @ConditionalOnClass did not find required class 'org.aspectj.weaver.Advice' (OnClassCondition)

   ArtemisAutoConfiguration:
      Did not match:
         - @ConditionalOnClass did not find required class 'jakarta.jms.ConnectionFactory' (OnClassCondition)

   BatchAutoConfiguration:
      Did not match:
         - @ConditionalOnClass did not find required class 'org.springframework.batch.core.launch.JobLauncher' (OnClassCondition)

   Cache2kCacheConfiguration:
      Did not match:
         - @ConditionalOnClass did not find required class 'org.cache2k.Cache2kBuilder' (OnClassCondition)

   CacheAutoConfiguration:
      Did not match:
         - @ConditionalOnBean (types: org.springframework.cache.interceptor.CacheAspectSupport; SearchStrategy: all) did not find any beans of type org.springframework.cache.interceptor.CacheAspectSupport (OnBeanCondition)
      Matched:
         - @ConditionalOnClass found required class 'org.springframework.cache.CacheManager' (OnClassCondition)

   CacheAutoConfiguration.CacheManagerEntityManagerFactoryDependsOnPostProcessor:
      Did not match:
         - @ConditionalOnClass did not find required class 'org.springframework.orm.jpa.LocalContainerEntityManagerFactoryBean' (OnClassCondition)
         - Ancestor org.springframework.boot.autoconfigure.cache.CacheAutoConfiguration did not match (ConditionEvaluationReport.AncestorsMatchedCondition)

   CaffeineCacheConfiguration:
      Did not match:
         - @ConditionalOnClass did not find required class 'com.github.benmanes.caffeine.cache.Caffeine' (OnClassCondition)

   CassandraAutoConfiguration:
      Did not match:
         - @ConditionalOnClass did not find required class 'com.datastax.oss.driver.api.core.CqlSession' (OnClassCondition)

   CassandraDataAutoConfiguration:
      Did not match:
         - @ConditionalOnClass did not find required class 'com.datastax.oss.driver.api.core.CqlSession' (OnClassCondition)

   CassandraReactiveDataAutoConfiguration:
      Did not match:
         - @ConditionalOnClass did not find required class 'com.datastax.oss.driver.api.core.CqlSession' (OnClassCondition)

   CassandraReactiveRepositoriesAutoConfiguration:
      Did not match:
         - @ConditionalOnClass did not find required class 'org.springframework.data.cassandra.ReactiveSession' (OnClassCondition)

   CassandraRepositoriesAutoConfiguration:
      Did not match:
         - @ConditionalOnClass did not find required class 'com.datastax.oss.driver.api.core.CqlSession' (OnClassCondition)

   ClientHttpConnectorAutoConfiguration:
      Did not match:
         - @ConditionalOnClass did not find required class 'org.springframework.web.reactive.function.client.WebClient' (OnClassCondition)

   CodecsAutoConfiguration:
      Did not match:
         - @ConditionalOnClass did not find required class 'org.springframework.web.reactive.function.client.WebClient' (OnClassCondition)

   CouchbaseAutoConfiguration:
      Did not match:
         - @ConditionalOnClass did not find required class 'com.couchbase.client.java.Cluster' (OnClassCondition)

   CouchbaseCacheConfiguration:
      Did not match:
         - @ConditionalOnClass did not find required class 'com.couchbase.client.java.Cluster' (OnClassCondition)

   CouchbaseDataAutoConfiguration:
      Did not match:
         - @ConditionalOnClass did not find required class 'com.couchbase.client.java.Bucket' (OnClassCondition)

   CouchbaseReactiveDataAutoConfiguration:
      Did not match:
         - @ConditionalOnClass did not find required class 'com.couchbase.client.java.Cluster' (OnClassCondition)

   CouchbaseReactiveRepositoriesAutoConfiguration:
      Did not match:
         - @ConditionalOnClass did not find required class 'com.couchbase.client.java.Cluster' (OnClassCondition)

   CouchbaseRepositoriesAutoConfiguration:
      Did not match:
         - @ConditionalOnClass did not find required class 'com.couchbase.client.java.Bucket' (OnClassCondition)

   DataSourceAutoConfiguration:
      Did not match:
         - @ConditionalOnClass did not find required class 'org.springframework.jdbc.datasource.embedded.EmbeddedDatabaseType' (OnClassCondition)

   DataSourceInitializationConfiguration:
      Did not match:
         - @ConditionalOnClass did not find required class 'org.springframework.jdbc.datasource.init.DatabasePopulator' (OnClassCondition)

   DataSourceTransactionManagerAutoConfiguration:
      Did not match:
         - @ConditionalOnClass did not find required class 'org.springframework.jdbc.core.JdbcTemplate' (OnClassCondition)

   DispatcherServletAutoConfiguration.DispatcherServletConfiguration#multipartResolver:
      Did not match:
         - @ConditionalOnBean (types: org.springframework.web.multipart.MultipartResolver; SearchStrategy: all) did not find any beans of type org.springframework.web.multipart.MultipartResolver (OnBeanCondition)

   ElasticsearchClientAutoConfiguration:
      Did not match:
         - @ConditionalOnClass did not find required class 'co.elastic.clients.elasticsearch.ElasticsearchClient' (OnClassCondition)

   ElasticsearchDataAutoConfiguration:
      Did not match:
         - @ConditionalOnClass did not find required class 'org.springframework.data.elasticsearch.client.elc.ElasticsearchTemplate' (OnClassCondition)

   ElasticsearchRepositoriesAutoConfiguration:
      Did not match:
         - @ConditionalOnClass did not find required class 'org.springframework.data.elasticsearch.repository.ElasticsearchRepository' (OnClassCondition)

   ElasticsearchRestClientAutoConfiguration:
      Did not match:
         - @ConditionalOnClass did not find required class 'org.elasticsearch.client.RestClientBuilder' (OnClassCondition)

   EmbeddedLdapAutoConfiguration:
      Did not match:
         - @ConditionalOnClass did not find required class 'com.unboundid.ldap.listener.InMemoryDirectoryServer' (OnClassCondition)

   EmbeddedWebServerFactoryCustomizerAutoConfiguration.JettyWebServerFactoryCustomizerConfiguration:
      Did not match:
         - @ConditionalOnClass did not find required classes 'org.eclipse.jetty.server.Server', 'org.eclipse.jetty.util.Loader', 'org.eclipse.jetty.ee10.webapp.WebAppContext' (OnClassCondition)

   EmbeddedWebServerFactoryCustomizerAutoConfiguration.NettyWebServerFactoryCustomizerConfiguration:
      Did not match:
         - @ConditionalOnClass did not find required class 'reactor.netty.http.server.HttpServer' (OnClassCondition)

   EmbeddedWebServerFactoryCustomizerAutoConfiguration.TomcatWebServerFactoryCustomizerConfiguration#tomcatVirtualThreadsProtocolHandlerCustomizer:
      Did not match:
         - @ConditionalOnThreading did not find VIRTUAL (OnThreadingCondition)

   EmbeddedWebServerFactoryCustomizerAutoConfiguration.UndertowWebServerFactoryCustomizerConfiguration:
      Did not match:
         - @ConditionalOnClass did not find required classes 'io.undertow.Undertow', 'org.xnio.SslClientAuthMode' (OnClassCondition)

   ErrorWebFluxAutoConfiguration:
      Did not match:
         - @ConditionalOnClass did not find required class 'org.springframework.web.reactive.config.WebFluxConfigurer' (OnClassCondition)

   FlywayAutoConfiguration:
      Did not match:
         - @ConditionalOnClass did not find required class 'org.flywaydb.core.Flyway' (OnClassCondition)

   FreeMarkerAutoConfiguration:
      Did not match:
         - @ConditionalOnClass did not find required class 'freemarker.template.Configuration' (OnClassCondition)

   GraphQlAutoConfiguration:
      Did not match:
         - @ConditionalOnClass did not find required class 'graphql.GraphQL' (OnClassCondition)

   GraphQlQueryByExampleAutoConfiguration:
      Did not match:
         - @ConditionalOnClass did not find required class 'graphql.GraphQL' (OnClassCondition)

   GraphQlQuerydslAutoConfiguration:
      Did not match:
         - @ConditionalOnClass did not find required class 'com.querydsl.core.Query' (OnClassCondition)

   GraphQlRSocketAutoConfiguration:
      Did not match:
         - @ConditionalOnClass did not find required class 'graphql.GraphQL' (OnClassCondition)

   GraphQlReactiveQueryByExampleAutoConfiguration:
      Did not match:
         - @ConditionalOnClass did not find required class 'graphql.GraphQL' (OnClassCondition)

   GraphQlReactiveQuerydslAutoConfiguration:
      Did not match:
         - @ConditionalOnClass did not find required class 'com.querydsl.core.Query' (OnClassCondition)

   GraphQlWebFluxAutoConfiguration:
      Did not match:
         - @ConditionalOnClass did not find required class 'graphql.GraphQL' (OnClassCondition)

   GraphQlWebFluxSecurityAutoConfiguration:
      Did not match:
         - @ConditionalOnClass did not find required class 'graphql.GraphQL' (OnClassCondition)

   GraphQlWebMvcAutoConfiguration:
      Did not match:
         - @ConditionalOnClass did not find required class 'graphql.GraphQL' (OnClassCondition)

   GraphQlWebMvcSecurityAutoConfiguration:
      Did not match:
         - @ConditionalOnClass did not find required class 'graphql.GraphQL' (OnClassCondition)

   GroovyTemplateAutoConfiguration:
      Did not match:
         - @ConditionalOnClass did not find required class 'groovy.text.markup.MarkupTemplateEngine' (OnClassCondition)

   GsonAutoConfiguration:
      Did not match:
         - @ConditionalOnClass did not find required class 'com.google.gson.Gson' (OnClassCondition)

   GsonHttpMessageConvertersConfiguration:
      Did not match:
         - @ConditionalOnClass did not find required class 'com.google.gson.Gson' (OnClassCondition)

   H2ConsoleAutoConfiguration:
      Did not match:
         - @ConditionalOnClass did not find required class 'org.h2.server.web.JakartaWebServlet' (OnClassCondition)

   HazelcastAutoConfiguration:
      Did not match:
         - @ConditionalOnClass did not find required class 'com.hazelcast.core.HazelcastInstance' (OnClassCondition)

   HazelcastCacheConfiguration:
      Did not match:
         - @ConditionalOnClass did not find required class 'com.hazelcast.core.HazelcastInstance' (OnClassCondition)

   HazelcastJpaDependencyAutoConfiguration:
      Did not match:
         - @ConditionalOnClass did not find required class 'com.hazelcast.core.HazelcastInstance' (OnClassCondition)

   HibernateJpaAutoConfiguration:
      Did not match:
         - @ConditionalOnClass did not find required class 'jakarta.persistence.EntityManager' (OnClassCondition)

   HttpHandlerAutoConfiguration:
      Did not match:
         - @ConditionalOnClass did not find required class 'org.springframework.web.reactive.DispatcherHandler' (OnClassCondition)

   HypermediaAutoConfiguration:
      Did not match:
         - @ConditionalOnClass did not find required class 'org.springframework.hateoas.EntityModel' (OnClassCondition)

   InfinispanCacheConfiguration:
      Did not match:
         - @ConditionalOnClass did not find required class 'org.infinispan.spring.embedded.provider.SpringEmbeddedCacheManager' (OnClassCondition)

   IntegrationAutoConfiguration:
      Did not match:
         - @ConditionalOnClass did not find required class 'org.springframework.integration.config.EnableIntegration' (OnClassCondition)

   JCacheCacheConfiguration:
      Did not match:
         - @ConditionalOnClass did not find required class 'javax.cache.Caching' (OnClassCondition)

   JacksonHttpMessageConvertersConfiguration.MappingJackson2XmlHttpMessageConverterConfiguration:
      Did not match:
         - @ConditionalOnClass did not find required class 'com.fasterxml.jackson.dataformat.xml.XmlMapper' (OnClassCondition)

   JdbcClientAutoConfiguration:
      Did not match:
         - @ConditionalOnSingleCandidate did not find required type 'org.springframework.jdbc.core.namedparam.NamedParameterJdbcTemplate' (OnBeanCondition)

   JdbcRepositoriesAutoConfiguration:
      Did not match:
         - @ConditionalOnClass did not find required class 'org.springframework.data.jdbc.repository.config.AbstractJdbcConfiguration' (OnClassCondition)

   JdbcTemplateAutoConfiguration:
      Did not match:
         - @ConditionalOnClass did not find required class 'org.springframework.jdbc.core.JdbcTemplate' (OnClassCondition)

   JerseyAutoConfiguration:
      Did not match:
         - @ConditionalOnClass did not find required class 'org.glassfish.jersey.server.spring.SpringComponentProvider' (OnClassCondition)

   JmsAutoConfiguration:
      Did not match:
         - @ConditionalOnClass did not find required class 'jakarta.jms.Message' (OnClassCondition)

   JmxAutoConfiguration:
      Did not match:
         - @ConditionalOnProperty (spring.jmx.enabled=true) found different value in property 'enabled' (OnPropertyCondition)
      Matched:
         - @ConditionalOnClass found required class 'org.springframework.jmx.export.MBeanExporter' (OnClassCondition)

   JndiConnectionFactoryAutoConfiguration:
      Did not match:
         - @ConditionalOnClass did not find required class 'org.springframework.jms.core.JmsTemplate' (OnClassCondition)

   JndiDataSourceAutoConfiguration:
      Did not match:
         - @ConditionalOnClass did not find required class 'org.springframework.jdbc.datasource.embedded.EmbeddedDatabaseType' (OnClassCondition)

   JooqAutoConfiguration:
      Did not match:
         - @ConditionalOnClass did not find required class 'org.jooq.DSLContext' (OnClassCondition)

   JpaRepositoriesAutoConfiguration:
      Did not match:
         - @ConditionalOnClass did not find required class 'org.springframework.data.jpa.repository.JpaRepository' (OnClassCondition)

   JsonbAutoConfiguration:
      Did not match:
         - @ConditionalOnClass did not find required class 'jakarta.json.bind.Jsonb' (OnClassCondition)

   JsonbHttpMessageConvertersConfiguration:
      Did not match:
         - @ConditionalOnClass did not find required class 'jakarta.json.bind.Jsonb' (OnClassCondition)

   JtaAutoConfiguration:
      Did not match:
         - @ConditionalOnClass did not find required class 'jakarta.transaction.Transaction' (OnClassCondition)

   KafkaAutoConfiguration:
      Did not match:
         - @ConditionalOnClass did not find required class 'org.springframework.kafka.core.KafkaTemplate' (OnClassCondition)

   LdapAutoConfiguration:
      Did not match:
         - @ConditionalOnClass did not find required class 'org.springframework.ldap.core.ContextSource' (OnClassCondition)

   LdapRepositoriesAutoConfiguration:
      Did not match:
         - @ConditionalOnClass did not find required class 'org.springframework.data.ldap.repository.LdapRepository' (OnClassCondition)

   LiquibaseAutoConfiguration:
      Did not match:
         - @ConditionalOnClass did not find required class 'liquibase.change.DatabaseChange' (OnClassCondition)

   MailSenderAutoConfiguration:
      Did not match:
         - @ConditionalOnClass did not find required class 'jakarta.mail.internet.MimeMessage' (OnClassCondition)

   MailSenderValidatorAutoConfiguration:
      Did not match:
         - @ConditionalOnSingleCandidate did not find required type 'org.springframework.mail.javamail.JavaMailSenderImpl' (OnBeanCondition)

   MessageSourceAutoConfiguration:
      Did not match:
         - ResourceBundle did not find bundle with basename messages (MessageSourceAutoConfiguration.ResourceBundleCondition)

   MongoAutoConfiguration:
      Did not match:
         - @ConditionalOnClass did not find required class 'com.mongodb.client.MongoClient' (OnClassCondition)

   MongoDataAutoConfiguration:
      Did not match:
         - @ConditionalOnClass did not find required class 'com.mongodb.client.MongoClient' (OnClassCondition)

   MongoReactiveAutoConfiguration:
      Did not match:
         - @ConditionalOnClass did not find required class 'com.mongodb.reactivestreams.client.MongoClient' (OnClassCondition)

   MongoReactiveDataAutoConfiguration:
      Did not match:
         - @ConditionalOnClass did not find required class 'com.mongodb.reactivestreams.client.MongoClient' (OnClassCondition)

   MongoReactiveRepositoriesAutoConfiguration:
      Did not match:
         - @ConditionalOnClass did not find required class 'com.mongodb.reactivestreams.client.MongoClient' (OnClassCondition)

   MongoRepositoriesAutoConfiguration:
      Did not match:
         - @ConditionalOnClass did not find required class 'com.mongodb.client.MongoClient' (OnClassCondition)

   MustacheAutoConfiguration:
      Did not match:
         - @ConditionalOnClass did not find required class 'com.samskivert.mustache.Mustache' (OnClassCondition)

   Neo4jAutoConfiguration:
      Did not match:
         - @ConditionalOnClass did not find required class 'org.neo4j.driver.Driver' (OnClassCondition)

   Neo4jDataAutoConfiguration:
      Did not match:
         - @ConditionalOnClass did not find required class 'org.neo4j.driver.Driver' (OnClassCondition)

   Neo4jReactiveDataAutoConfiguration:
      Did not match:
         - @ConditionalOnClass did not find required class 'org.neo4j.driver.Driver' (OnClassCondition)

   Neo4jReactiveRepositoriesAutoConfiguration:
      Did not match:
         - @ConditionalOnClass did not find required class 'org.neo4j.driver.Driver' (OnClassCondition)

   Neo4jRepositoriesAutoConfiguration:
      Did not match:
         - @ConditionalOnClass did not find required class 'org.neo4j.driver.Driver' (OnClassCondition)

   NettyAutoConfiguration:
      Did not match:
         - @ConditionalOnClass did not find required class 'io.netty.util.NettyRuntime' (OnClassCondition)

   OAuth2AuthorizationServerConfiguration#registeredClientRepository:
      Did not match:
         - OAuth2 Registered Clients Configured Condition registered clients is not available (RegisteredClientsConfiguredCondition)

   OAuth2AuthorizationServerWebSecurityConfiguration:
      Did not match:
         - AllNestedConditions 1 matched 1 did not; NestedCondition on DefaultWebSecurityCondition.Beans @ConditionalOnMissingBean (types: org.springframework.security.web.SecurityFilterChain; SearchStrategy: all) found beans of type 'org.springframework.security.web.SecurityFilterChain' securityFilterChain; NestedCondition on DefaultWebSecurityCondition.Classes @ConditionalOnClass found required classes 'org.springframework.security.web.SecurityFilterChain', 'org.springframework.security.config.annotation.web.builders.HttpSecurity' (DefaultWebSecurityCondition)

   OAuth2ClientAutoConfiguration:
      Did not match:
         - @ConditionalOnClass did not find required class 'org.springframework.security.oauth2.client.registration.ClientRegistration' (OnClassCondition)

   OAuth2ResourceServerJwtConfiguration.JwtConverterConfiguration:
      Did not match:
         - AnyNestedCondition 0 matched 3 did not; NestedCondition on OAuth2ResourceServerJwtConfiguration.JwtConverterPropertiesCondition.OnAuthoritiesClaimName @ConditionalOnProperty (spring.security.oauth2.resourceserver.jwt.authorities-claim-name) did not find property 'authorities-claim-name'; NestedCondition on OAuth2ResourceServerJwtConfiguration.JwtConverterPropertiesCondition.OnPrincipalClaimName @ConditionalOnProperty (spring.security.oauth2.resourceserver.jwt.principal-claim-name) did not find property 'principal-claim-name'; NestedCondition on OAuth2ResourceServerJwtConfiguration.JwtConverterPropertiesCondition.OnAuthorityPrefix @ConditionalOnProperty (spring.security.oauth2.resourceserver.jwt.authority-prefix) did not find property 'authority-prefix' (OAuth2ResourceServerJwtConfiguration.JwtConverterPropertiesCondition)

   OAuth2ResourceServerJwtConfiguration.JwtDecoderConfiguration#jwtDecoderByIssuerUri:
      Did not match:
         - OpenID Connect Issuer URI Condition did not find issuer-uri property (IssuerUriCondition)

   OAuth2ResourceServerJwtConfiguration.JwtDecoderConfiguration#jwtDecoderByJwkKeySetUri:
      Did not match:
         - @ConditionalOnProperty (spring.security.oauth2.resourceserver.jwt.jwk-set-uri) did not find property 'spring.security.oauth2.resourceserver.jwt.jwk-set-uri' (OnPropertyCondition)

   OAuth2ResourceServerJwtConfiguration.JwtDecoderConfiguration#jwtDecoderByPublicKeyValue:
      Did not match:
         - Public Key Value Condition did not find public-key-location property (KeyValueCondition)

   OAuth2ResourceServerJwtConfiguration.OAuth2SecurityFilterChainConfiguration:
      Did not match:
         - AllNestedConditions 1 matched 1 did not; NestedCondition on DefaultWebSecurityCondition.Beans @ConditionalOnMissingBean (types: org.springframework.security.web.SecurityFilterChain; SearchStrategy: all) found beans of type 'org.springframework.security.web.SecurityFilterChain' securityFilterChain; NestedCondition on DefaultWebSecurityCondition.Classes @ConditionalOnClass found required classes 'org.springframework.security.web.SecurityFilterChain', 'org.springframework.security.config.annotation.web.builders.HttpSecurity' (DefaultWebSecurityCondition)

   OAuth2ResourceServerOpaqueTokenConfiguration.OAuth2SecurityFilterChainConfiguration:
      Did not match:
         - AllNestedConditions 1 matched 1 did not; NestedCondition on DefaultWebSecurityCondition.Beans @ConditionalOnMissingBean (types: org.springframework.security.web.SecurityFilterChain; SearchStrategy: all) found beans of type 'org.springframework.security.web.SecurityFilterChain' securityFilterChain; NestedCondition on DefaultWebSecurityCondition.Classes @ConditionalOnClass found required classes 'org.springframework.security.web.SecurityFilterChain', 'org.springframework.security.config.annotation.web.builders.HttpSecurity' (DefaultWebSecurityCondition)

   OAuth2ResourceServerOpaqueTokenConfiguration.OpaqueTokenIntrospectionClientConfiguration#opaqueTokenIntrospector:
      Did not match:
         - @ConditionalOnProperty (spring.security.oauth2.resourceserver.opaquetoken.introspection-uri) did not find property 'spring.security.oauth2.resourceserver.opaquetoken.introspection-uri' (OnPropertyCondition)

   PersistenceExceptionTranslationAutoConfiguration:
      Did not match:
         - @ConditionalOnClass did not find required class 'org.springframework.dao.annotation.PersistenceExceptionTranslationPostProcessor' (OnClassCondition)

   ProjectInfoAutoConfiguration#buildProperties:
      Did not match:
         - @ConditionalOnResource did not find resource '${spring.info.build.location:classpath:META-INF/build-info.properties}' (OnResourceCondition)

   ProjectInfoAutoConfiguration#gitProperties:
      Did not match:
         - GitResource did not find git info at classpath:git.properties (ProjectInfoAutoConfiguration.GitResourceAvailableCondition)

   PulsarAutoConfiguration:
      Did not match:
         - @ConditionalOnClass did not find required class 'org.apache.pulsar.client.api.PulsarClient' (OnClassCondition)

   PulsarReactiveAutoConfiguration:
      Did not match:
         - @ConditionalOnClass did not find required class 'org.apache.pulsar.client.api.PulsarClient' (OnClassCondition)

   QuartzAutoConfiguration:
      Did not match:
         - @ConditionalOnClass did not find required class 'org.quartz.Scheduler' (OnClassCondition)

   R2dbcAutoConfiguration:
      Did not match:
         - @ConditionalOnClass did not find required class 'io.r2dbc.spi.ConnectionFactory' (OnClassCondition)

   R2dbcDataAutoConfiguration:
      Did not match:
         - @ConditionalOnClass did not find required class 'org.springframework.data.r2dbc.core.R2dbcEntityTemplate' (OnClassCondition)

   R2dbcInitializationConfiguration:
      Did not match:
         - @ConditionalOnClass did not find required classes 'io.r2dbc.spi.ConnectionFactory', 'org.springframework.r2dbc.connection.init.DatabasePopulator' (OnClassCondition)

   R2dbcProxyAutoConfiguration:
      Did not match:
         - @ConditionalOnClass did not find required class 'io.r2dbc.proxy.ProxyConnectionFactory' (OnClassCondition)

   R2dbcRepositoriesAutoConfiguration:
      Did not match:
         - @ConditionalOnClass did not find required class 'io.r2dbc.spi.ConnectionFactory' (OnClassCondition)

   R2dbcTransactionManagerAutoConfiguration:
      Did not match:
         - @ConditionalOnClass did not find required class 'org.springframework.r2dbc.connection.R2dbcTransactionManager' (OnClassCondition)

   RSocketGraphQlClientAutoConfiguration:
      Did not match:
         - @ConditionalOnClass did not find required class 'graphql.GraphQL' (OnClassCondition)

   RSocketMessagingAutoConfiguration:
      Did not match:
         - @ConditionalOnClass did not find required class 'io.rsocket.RSocket' (OnClassCondition)

   RSocketRequesterAutoConfiguration:
      Did not match:
         - @ConditionalOnClass did not find required class 'io.rsocket.RSocket' (OnClassCondition)

   RSocketSecurityAutoConfiguration:
      Did not match:
         - @ConditionalOnClass did not find required class 'org.springframework.security.rsocket.core.SecuritySocketAcceptorInterceptor' (OnClassCondition)

   RSocketServerAutoConfiguration:
      Did not match:
         - @ConditionalOnClass did not find required class 'io.rsocket.core.RSocketServer' (OnClassCondition)

   RSocketStrategiesAutoConfiguration:
      Did not match:
         - @ConditionalOnClass did not find required class 'io.netty.buffer.PooledByteBufAllocator' (OnClassCondition)

   RabbitAutoConfiguration:
      Did not match:
         - @ConditionalOnClass did not find required class 'com.rabbitmq.client.Channel' (OnClassCondition)

   ReactiveElasticsearchClientAutoConfiguration:
      Did not match:
         - @ConditionalOnClass did not find required class 'co.elastic.clients.transport.ElasticsearchTransport' (OnClassCondition)

   ReactiveElasticsearchRepositoriesAutoConfiguration:
      Did not match:
         - @ConditionalOnClass did not find required class 'reactor.core.publisher.Mono' (OnClassCondition)

   ReactiveMultipartAutoConfiguration:
      Did not match:
         - @ConditionalOnClass did not find required class 'org.springframework.web.reactive.config.WebFluxConfigurer' (OnClassCondition)

   ReactiveOAuth2ClientAutoConfiguration:
      Did not match:
         - @ConditionalOnClass did not find required class 'reactor.core.publisher.Flux' (OnClassCondition)

   ReactiveOAuth2ResourceServerAutoConfiguration:
      Did not match:
         - @ConditionalOnWebApplication did not find reactive web application classes (OnWebApplicationCondition)

   ReactiveSecurityAutoConfiguration:
      Did not match:
         - @ConditionalOnClass did not find required class 'reactor.core.publisher.Flux' (OnClassCondition)

   ReactiveUserDetailsServiceAutoConfiguration:
      Did not match:
         - AnyNestedCondition 0 matched 3 did not; NestedCondition on ReactiveUserDetailsServiceAutoConfiguration.MissingAlternativeOrUserPropertiesConfigured.PasswordConfigured @ConditionalOnProperty (spring.security.user.password) did not find property 'password'; NestedCondition on ReactiveUserDetailsServiceAutoConfiguration.MissingAlternativeOrUserPropertiesConfigured.NameConfigured @ConditionalOnProperty (spring.security.user.name) did not find property 'name'; NestedCondition on ReactiveUserDetailsServiceAutoConfiguration.MissingAlternativeOrUserPropertiesConfigured.MissingAlternative @ConditionalOnMissingClass found unwanted class 'org.springframework.security.oauth2.server.resource.introspection.ReactiveOpaqueTokenIntrospector' (ReactiveUserDetailsServiceAutoConfiguration.MissingAlternativeOrUserPropertiesConfigured)
      Matched:
         - @ConditionalOnClass found required class 'org.springframework.security.authentication.ReactiveAuthenticationManager' (OnClassCondition)

   ReactiveWebServerFactoryAutoConfiguration:
      Did not match:
         - @ConditionalOnWebApplication did not find reactive web application classes (OnWebApplicationCondition)

   ReactorAutoConfiguration:
      Did not match:
         - @ConditionalOnClass did not find required class 'reactor.core.publisher.Hooks' (OnClassCondition)

   RedisAutoConfiguration:
      Did not match:
         - @ConditionalOnClass did not find required class 'org.springframework.data.redis.core.RedisOperations' (OnClassCondition)

   RedisCacheConfiguration:
      Did not match:
         - @ConditionalOnClass did not find required class 'org.springframework.data.redis.connection.RedisConnectionFactory' (OnClassCondition)

   RedisReactiveAutoConfiguration:
      Did not match:
         - @ConditionalOnClass did not find required class 'reactor.core.publisher.Flux' (OnClassCondition)

   RedisRepositoriesAutoConfiguration:
      Did not match:
         - @ConditionalOnClass did not find required class 'org.springframework.data.redis.repository.configuration.EnableRedisRepositories' (OnClassCondition)

   RepositoryRestMvcAutoConfiguration:
      Did not match:
         - @ConditionalOnClass did not find required class 'org.springframework.data.rest.webmvc.config.RepositoryRestMvcConfiguration' (OnClassCondition)

   Saml2RelyingPartyAutoConfiguration:
      Did not match:
         - @ConditionalOnClass did not find required class 'org.springframework.security.saml2.provider.service.registration.RelyingPartyRegistrationRepository' (OnClassCondition)

   SecurityDataConfiguration:
      Did not match:
         - @ConditionalOnClass did not find required class 'org.springframework.security.data.repository.query.SecurityEvaluationContextExtension' (OnClassCondition)

   SendGridAutoConfiguration:
      Did not match:
         - @ConditionalOnClass did not find required class 'com.sendgrid.SendGrid' (OnClassCondition)

   ServletWebServerFactoryAutoConfiguration.ForwardedHeaderFilterConfiguration:
      Did not match:
         - @ConditionalOnProperty (server.forward-headers-strategy=framework) did not find property 'server.forward-headers-strategy' (OnPropertyCondition)

   ServletWebServerFactoryConfiguration.EmbeddedJetty:
      Did not match:
         - @ConditionalOnClass did not find required classes 'org.eclipse.jetty.server.Server', 'org.eclipse.jetty.util.Loader', 'org.eclipse.jetty.ee10.webapp.WebAppContext' (OnClassCondition)

   ServletWebServerFactoryConfiguration.EmbeddedUndertow:
      Did not match:
         - @ConditionalOnClass did not find required classes 'io.undertow.Undertow', 'org.xnio.SslClientAuthMode' (OnClassCondition)

   SessionAutoConfiguration:
      Did not match:
         - @ConditionalOnClass did not find required class 'org.springframework.session.Session' (OnClassCondition)

   SpringApplicationAdminJmxAutoConfiguration:
      Did not match:
         - @ConditionalOnProperty (spring.application.admin.enabled=true) did not find property 'enabled' (OnPropertyCondition)

   SpringBootWebSecurityConfiguration.SecurityFilterChainConfiguration:
      Did not match:
         - AllNestedConditions 1 matched 1 did not; NestedCondition on DefaultWebSecurityCondition.Beans @ConditionalOnMissingBean (types: org.springframework.security.web.SecurityFilterChain; SearchStrategy: all) found beans of type 'org.springframework.security.web.SecurityFilterChain' securityFilterChain; NestedCondition on DefaultWebSecurityCondition.Classes @ConditionalOnClass found required classes 'org.springframework.security.web.SecurityFilterChain', 'org.springframework.security.config.annotation.web.builders.HttpSecurity' (DefaultWebSecurityCondition)

   SpringDataWebAutoConfiguration:
      Did not match:
         - @ConditionalOnClass did not find required class 'org.springframework.data.web.PageableHandlerMethodArgumentResolver' (OnClassCondition)

   TaskExecutorConfigurations.SimpleAsyncTaskExecutorBuilderConfiguration#simpleAsyncTaskExecutorBuilderVirtualThreads:
      Did not match:
         - @ConditionalOnMissingBean (types: org.springframework.boot.task.SimpleAsyncTaskExecutorBuilder; SearchStrategy: all) found beans of type 'org.springframework.boot.task.SimpleAsyncTaskExecutorBuilder' simpleAsyncTaskExecutorBuilder (OnBeanCondition)

   TaskExecutorConfigurations.TaskExecutorConfiguration#applicationTaskExecutorVirtualThreads:
      Did not match:
         - @ConditionalOnThreading did not find VIRTUAL (OnThreadingCondition)

   TaskSchedulingAutoConfiguration#scheduledBeanLazyInitializationExcludeFilter:
      Did not match:
         - @ConditionalOnBean (names: org.springframework.context.annotation.internalScheduledAnnotationProcessor; SearchStrategy: all) did not find any beans named org.springframework.context.annotation.internalScheduledAnnotationProcessor (OnBeanCondition)

   TaskSchedulingConfigurations.SimpleAsyncTaskSchedulerBuilderConfiguration#simpleAsyncTaskSchedulerBuilderVirtualThreads:
      Did not match:
         - @ConditionalOnMissingBean (types: org.springframework.boot.task.SimpleAsyncTaskSchedulerBuilder; SearchStrategy: all) found beans of type 'org.springframework.boot.task.SimpleAsyncTaskSchedulerBuilder' simpleAsyncTaskSchedulerBuilder (OnBeanCondition)

   TaskSchedulingConfigurations.TaskSchedulerConfiguration:
      Did not match:
         - @ConditionalOnBean (names: org.springframework.context.annotation.internalScheduledAnnotationProcessor; SearchStrategy: all) did not find any beans named org.springframework.context.annotation.internalScheduledAnnotationProcessor (OnBeanCondition)

   ThymeleafAutoConfiguration:
      Did not match:
         - @ConditionalOnClass did not find required class 'org.thymeleaf.spring6.SpringTemplateEngine' (OnClassCondition)

   TransactionAutoConfiguration:
      Did not match:
         - @ConditionalOnClass did not find required class 'org.springframework.transaction.PlatformTransactionManager' (OnClassCondition)

   TransactionManagerCustomizationAutoConfiguration:
      Did not match:
         - @ConditionalOnClass did not find required class 'org.springframework.transaction.PlatformTransactionManager' (OnClassCondition)

   UserDetailsServiceAutoConfiguration:
      Did not match:
         - AnyNestedCondition 0 matched 3 did not; NestedCondition on UserDetailsServiceAutoConfiguration.MissingAlternativeOrUserPropertiesConfigured.PasswordConfigured @ConditionalOnProperty (spring.security.user.password) did not find property 'password'; NestedCondition on UserDetailsServiceAutoConfiguration.MissingAlternativeOrUserPropertiesConfigured.NameConfigured @ConditionalOnProperty (spring.security.user.name) did not find property 'name'; NestedCondition on UserDetailsServiceAutoConfiguration.MissingAlternativeOrUserPropertiesConfigured.MissingAlternative @ConditionalOnMissingClass found unwanted class 'org.springframework.security.oauth2.server.resource.introspection.OpaqueTokenIntrospector' (UserDetailsServiceAutoConfiguration.MissingAlternativeOrUserPropertiesConfigured)
      Matched:
         - @ConditionalOnClass found required class 'org.springframework.security.authentication.AuthenticationManager' (OnClassCondition)
         - found 'session' scope (OnWebApplicationCondition)

   ValidationAutoConfiguration:
      Did not match:
         - @ConditionalOnClass did not find required class 'jakarta.validation.executable.ExecutableValidator' (OnClassCondition)

   WebClientAutoConfiguration:
      Did not match:
         - @ConditionalOnClass did not find required class 'org.springframework.web.reactive.function.client.WebClient' (OnClassCondition)

   WebFluxAutoConfiguration:
      Did not match:
         - @ConditionalOnClass did not find required class 'org.springframework.web.reactive.config.WebFluxConfigurer' (OnClassCondition)

   WebMvcAutoConfiguration#hiddenHttpMethodFilter:
      Did not match:
         - @ConditionalOnProperty (spring.mvc.hiddenmethod.filter.enabled) did not find property 'enabled' (OnPropertyCondition)

   WebMvcAutoConfiguration.ProblemDetailsErrorHandlingConfiguration:
      Did not match:
         - @ConditionalOnProperty (spring.mvc.problemdetails.enabled=true) did not find property 'enabled' (OnPropertyCondition)

   WebMvcAutoConfiguration.ResourceChainCustomizerConfiguration:
      Did not match:
         - @ConditionalOnEnabledResourceChain did not find class org.webjars.WebJarVersionLocator (OnEnabledResourceChainCondition)

   WebMvcAutoConfiguration.WebMvcAutoConfigurationAdapter#beanNameViewResolver:
      Did not match:
         - @ConditionalOnMissingBean (types: org.springframework.web.servlet.view.BeanNameViewResolver; SearchStrategy: all) found beans of type 'org.springframework.web.servlet.view.BeanNameViewResolver' beanNameViewResolver (OnBeanCondition)

   WebServiceTemplateAutoConfiguration:
      Did not match:
         - @ConditionalOnClass did not find required class 'org.springframework.oxm.Marshaller' (OnClassCondition)

   WebServicesAutoConfiguration:
      Did not match:
         - @ConditionalOnClass did not find required class 'org.springframework.ws.transport.http.MessageDispatcherServlet' (OnClassCondition)

   WebSessionIdResolverAutoConfiguration:
      Did not match:
         - @ConditionalOnClass did not find required class 'reactor.core.publisher.Mono' (OnClassCondition)

   WebSocketMessagingAutoConfiguration:
      Did not match:
         - @ConditionalOnClass did not find required class 'org.springframework.web.socket.config.annotation.WebSocketMessageBrokerConfigurer' (OnClassCondition)

   WebSocketReactiveAutoConfiguration:
      Did not match:
         - @ConditionalOnWebApplication did not find reactive web application classes (OnWebApplicationCondition)

   WebSocketServletAutoConfiguration.JettyWebSocketConfiguration:
      Did not match:
         - @ConditionalOnClass did not find required class 'org.eclipse.jetty.ee10.websocket.jakarta.server.config.JakartaWebSocketServletContainerInitializer' (OnClassCondition)

   WebSocketServletAutoConfiguration.UndertowWebSocketConfiguration:
      Did not match:
         - @ConditionalOnClass did not find required class 'io.undertow.websockets.jsr.Bootstrap' (OnClassCondition)

   XADataSourceAutoConfiguration:
      Did not match:
         - @ConditionalOnClass did not find required class 'jakarta.transaction.TransactionManager' (OnClassCondition)


Exclusions:
-----------

    None


Unconditional classes:
----------------------

    org.springframework.boot.autoconfigure.context.ConfigurationPropertiesAutoConfiguration

    org.springframework.boot.autoconfigure.ssl.SslAutoConfiguration

    org.springframework.boot.autoconfigure.context.LifecycleAutoConfiguration

    org.springframework.boot.autoconfigure.context.PropertyPlaceholderAutoConfiguration

    org.springframework.boot.autoconfigure.availability.ApplicationAvailabilityAutoConfiguration

    org.springframework.boot.autoconfigure.info.ProjectInfoAutoConfiguration



2025-01-07T20:30:50.276+07:00 TRACE 27900 --- [csrf] [    Test worker] o.s.b.f.s.DefaultListableBeanFactory     : Returning cached instance of singleton bean 'welcomePageHandlerMapping'
2025-01-07T20:30:50.276+07:00 TRACE 27900 --- [csrf] [    Test worker] o.s.b.f.s.DefaultListableBeanFactory     : Returning cached instance of singleton bean 'welcomePageNotAcceptableHandlerMapping'
2025-01-07T20:30:50.276+07:00 TRACE 27900 --- [csrf] [    Test worker] o.s.b.f.s.DefaultListableBeanFactory     : Returning cached instance of singleton bean 'requestMappingHandlerMapping'
2025-01-07T20:30:50.276+07:00 TRACE 27900 --- [csrf] [    Test worker] o.s.b.f.s.DefaultListableBeanFactory     : Returning cached instance of singleton bean 'viewControllerHandlerMapping'
2025-01-07T20:30:50.276+07:00 TRACE 27900 --- [csrf] [    Test worker] o.s.b.f.s.DefaultListableBeanFactory     : Returning cached instance of singleton bean 'beanNameHandlerMapping'
2025-01-07T20:30:50.276+07:00 TRACE 27900 --- [csrf] [    Test worker] o.s.b.f.s.DefaultListableBeanFactory     : Returning cached instance of singleton bean 'routerFunctionMapping'
2025-01-07T20:30:50.276+07:00 TRACE 27900 --- [csrf] [    Test worker] o.s.b.f.s.DefaultListableBeanFactory     : Returning cached instance of singleton bean 'resourceHandlerMapping'
2025-01-07T20:30:50.276+07:00 TRACE 27900 --- [csrf] [    Test worker] o.s.b.f.s.DefaultListableBeanFactory     : Returning cached instance of singleton bean 'defaultServletHandlerMapping'
2025-01-07T20:30:50.277+07:00  INFO 27900 --- [csrf] [    Test worker] com.example.csrf.CsrfApplicationTests    : Started CsrfApplicationTests in 1.033 seconds (process running for 1.489)
2025-01-07T20:30:50.277+07:00 TRACE 27900 --- [csrf] [    Test worker] o.s.b.f.s.DefaultListableBeanFactory     : Returning cached instance of singleton bean 'delegatingApplicationListener'
2025-01-07T20:30:50.278+07:00 TRACE 27900 --- [csrf] [    Test worker] o.s.b.f.s.DefaultListableBeanFactory     : Returning cached instance of singleton bean 'applicationAvailability'
2025-01-07T20:30:50.278+07:00 TRACE 27900 --- [csrf] [    Test worker] o.s.b.f.s.DefaultListableBeanFactory     : Returning cached instance of singleton bean 'delegatingApplicationListener'
2025-01-07T20:30:50.278+07:00 DEBUG 27900 --- [csrf] [    Test worker] o.s.b.a.ApplicationAvailabilityBean      : Application availability state LivenessState changed to CORRECT
2025-01-07T20:30:50.279+07:00 TRACE 27900 --- [csrf] [    Test worker] o.s.b.f.s.DefaultListableBeanFactory     : Returning cached instance of singleton bean 'delegatingApplicationListener'
2025-01-07T20:30:50.279+07:00 TRACE 27900 --- [csrf] [    Test worker] o.s.b.f.s.DefaultListableBeanFactory     : Returning cached instance of singleton bean 'applicationAvailability'
2025-01-07T20:30:50.279+07:00 TRACE 27900 --- [csrf] [    Test worker] o.s.b.f.s.DefaultListableBeanFactory     : Returning cached instance of singleton bean 'delegatingApplicationListener'
2025-01-07T20:30:50.279+07:00 DEBUG 27900 --- [csrf] [    Test worker] o.s.b.a.ApplicationAvailabilityBean      : Application availability state ReadinessState changed to ACCEPTING_TRAFFIC
2025-01-07T20:30:50.279+07:00 TRACE 27900 --- [csrf] [    Test worker] c.DefaultCacheAwareContextLoaderDelegate : Storing ApplicationContext [1114525788] in cache under key [WebMergedContextConfiguration@17d76ebb testClass = com.example.csrf.CsrfApplicationTests, locations = [], classes = [com.example.csrf.CsrfApplication], contextInitializerClasses = [], activeProfiles = [], propertySourceDescriptors = [], propertySourceProperties = ["org.springframework.boot.test.context.SpringBootTestContextBootstrapper=true", "server.port=0"], contextCustomizers = [org.springframework.boot.test.autoconfigure.OnFailureConditionReportContextCustomizerFactory$OnFailureConditionReportContextCustomizer@3016fd5e, org.springframework.boot.test.autoconfigure.actuate.observability.ObservabilityContextCustomizerFactory$DisableObservabilityContextCustomizer@1f, org.springframework.boot.test.autoconfigure.properties.PropertyMappingContextCustomizer@0, org.springframework.boot.test.autoconfigure.web.servlet.WebDriverContextCustomizer@2072acb2, org.springframework.boot.test.context.filter.ExcludeFilterContextCustomizer@732f29af, org.springframework.boot.test.json.DuplicateJsonObjectContextCustomizerFactory$DuplicateJsonObjectContextCustomizer@64ba3208, org.springframework.boot.test.mock.mockito.MockitoContextCustomizer@0, org.springframework.boot.test.web.client.TestRestTemplateContextCustomizer@8692d67, org.springframework.boot.test.web.reactor.netty.DisableReactorResourceFactoryGlobalResourcesContextCustomizerFactory$DisableReactorResourceFactoryGlobalResourcesContextCustomizerCustomizer@37052337, org.springframework.test.context.support.DynamicPropertiesContextCustomizer@0, org.springframework.boot.test.context.SpringBootTestAnnotation@3d5c2d0e], resourceBasePath = "src/main/webapp", contextLoader = org.springframework.boot.test.context.SpringBootContextLoader, parent = null]
2025-01-07T20:30:50.279+07:00 DEBUG 27900 --- [csrf] [    Test worker] org.springframework.test.context.cache   : Spring test ApplicationContext cache statistics: [DefaultContextCache@40b31a16 size = 1, maxSize = 32, parentContextCount = 0, hitCount = 0, missCount = 1, failureCount = 0]
2025-01-07T20:30:50.280+07:00 TRACE 27900 --- [csrf] [    Test worker] o.s.b.f.s.DefaultListableBeanFactory     : Returning cached instance of singleton bean 'org.springframework.boot.test.web.client.TestRestTemplate'
2025-01-07T20:30:50.280+07:00 TRACE 27900 --- [csrf] [    Test worker] f.a.AutowiredAnnotationBeanPostProcessor : Autowiring by type from bean name 'com.example.csrf.CsrfApplicationTests' to bean named 'org.springframework.boot.test.web.client.TestRestTemplate'
2025-01-07T20:30:50.280+07:00 TRACE 27900 --- [csrf] [    Test worker] c.DefaultCacheAwareContextLoaderDelegate : Retrieved ApplicationContext [1114525788] from cache with key [WebMergedContextConfiguration@17d76ebb testClass = com.example.csrf.CsrfApplicationTests, locations = [], classes = [com.example.csrf.CsrfApplication], contextInitializerClasses = [], activeProfiles = [], propertySourceDescriptors = [], propertySourceProperties = ["org.springframework.boot.test.context.SpringBootTestContextBootstrapper=true", "server.port=0"], contextCustomizers = [org.springframework.boot.test.autoconfigure.OnFailureConditionReportContextCustomizerFactory$OnFailureConditionReportContextCustomizer@3016fd5e, org.springframework.boot.test.autoconfigure.actuate.observability.ObservabilityContextCustomizerFactory$DisableObservabilityContextCustomizer@1f, org.springframework.boot.test.autoconfigure.properties.PropertyMappingContextCustomizer@0, org.springframework.boot.test.autoconfigure.web.servlet.WebDriverContextCustomizer@2072acb2, org.springframework.boot.test.context.filter.ExcludeFilterContextCustomizer@732f29af, org.springframework.boot.test.json.DuplicateJsonObjectContextCustomizerFactory$DuplicateJsonObjectContextCustomizer@64ba3208, org.springframework.boot.test.mock.mockito.MockitoContextCustomizer@0, org.springframework.boot.test.web.client.TestRestTemplateContextCustomizer@8692d67, org.springframework.boot.test.web.reactor.netty.DisableReactorResourceFactoryGlobalResourcesContextCustomizerFactory$DisableReactorResourceFactoryGlobalResourcesContextCustomizerCustomizer@37052337, org.springframework.test.context.support.DynamicPropertiesContextCustomizer@0, org.springframework.boot.test.context.SpringBootTestAnnotation@3d5c2d0e], resourceBasePath = "src/main/webapp", contextLoader = org.springframework.boot.test.context.SpringBootContextLoader, parent = null]
2025-01-07T20:30:50.280+07:00 DEBUG 27900 --- [csrf] [    Test worker] org.springframework.test.context.cache   : Spring test ApplicationContext cache statistics: [DefaultContextCache@40b31a16 size = 1, maxSize = 32, parentContextCount = 0, hitCount = 1, missCount = 1, failureCount = 0]
2025-01-07T20:30:50.280+07:00 TRACE 27900 --- [csrf] [    Test worker] o.s.b.f.s.DefaultListableBeanFactory     : Returning cached instance of singleton bean 'delegatingApplicationListener'
2025-01-07T20:30:50.281+07:00 DEBUG 27900 --- [csrf] [    Test worker] o.j.j.e.execution.ConditionEvaluator     : Evaluation of condition [org.junit.jupiter.engine.extension.DisabledCondition] on [void com.example.csrf.CsrfApplicationTests.test_Custom_Endpoint()] resulted in: ConditionEvaluationResult [enabled = true, reason = '@Disabled is not present']
2025-01-07T20:30:50.282+07:00 TRACE 27900 --- [csrf] [    Test worker] o.s.test.context.TestContextManager      : beforeTestMethod(): instance [com.example.csrf.CsrfApplicationTests@68d8eb4f], method [void com.example.csrf.CsrfApplicationTests.test_Custom_Endpoint()]
2025-01-07T20:30:50.282+07:00 TRACE 27900 --- [csrf] [    Test worker] sContextBeforeModesTestExecutionListener : Before test method: context [DefaultTestContext@5f0d8937 testClass = com.example.csrf.CsrfApplicationTests, testInstance = com.example.csrf.CsrfApplicationTests@68d8eb4f, testMethod = test_Custom_Endpoint(), testException = null, mergedContextConfiguration = [WebMergedContextConfiguration@17d76ebb testClass = com.example.csrf.CsrfApplicationTests, locations = [], classes = [com.example.csrf.CsrfApplication], contextInitializerClasses = [], activeProfiles = [], propertySourceDescriptors = [], propertySourceProperties = ["org.springframework.boot.test.context.SpringBootTestContextBootstrapper=true", "server.port=0"], contextCustomizers = [org.springframework.boot.test.autoconfigure.OnFailureConditionReportContextCustomizerFactory$OnFailureConditionReportContextCustomizer@3016fd5e, org.springframework.boot.test.autoconfigure.actuate.observability.ObservabilityContextCustomizerFactory$DisableObservabilityContextCustomizer@1f, org.springframework.boot.test.autoconfigure.properties.PropertyMappingContextCustomizer@0, org.springframework.boot.test.autoconfigure.web.servlet.WebDriverContextCustomizer@2072acb2, org.springframework.boot.test.context.filter.ExcludeFilterContextCustomizer@732f29af, org.springframework.boot.test.json.DuplicateJsonObjectContextCustomizerFactory$DuplicateJsonObjectContextCustomizer@64ba3208, org.springframework.boot.test.mock.mockito.MockitoContextCustomizer@0, org.springframework.boot.test.web.client.TestRestTemplateContextCustomizer@8692d67, org.springframework.boot.test.web.reactor.netty.DisableReactorResourceFactoryGlobalResourcesContextCustomizerFactory$DisableReactorResourceFactoryGlobalResourcesContextCustomizerCustomizer@37052337, org.springframework.test.context.support.DynamicPropertiesContextCustomizer@0, org.springframework.boot.test.context.SpringBootTestAnnotation@3d5c2d0e], resourceBasePath = "src/main/webapp", contextLoader = org.springframework.boot.test.context.SpringBootContextLoader, parent = null], attributes = {"org.springframework.test.context.web.ServletTestExecutionListener.activateListener" -> false, "org.springframework.test.context.event.ApplicationEventsTestExecutionListener.recordApplicationEvents" -> false}], class annotated with @DirtiesContext [false] with mode [null], method annotated with @DirtiesContext [false] with mode [null]
2025-01-07T20:30:50.283+07:00 TRACE 27900 --- [csrf] [    Test worker] c.DefaultCacheAwareContextLoaderDelegate : Retrieved ApplicationContext [1114525788] from cache with key [WebMergedContextConfiguration@17d76ebb testClass = com.example.csrf.CsrfApplicationTests, locations = [], classes = [com.example.csrf.CsrfApplication], contextInitializerClasses = [], activeProfiles = [], propertySourceDescriptors = [], propertySourceProperties = ["org.springframework.boot.test.context.SpringBootTestContextBootstrapper=true", "server.port=0"], contextCustomizers = [org.springframework.boot.test.autoconfigure.OnFailureConditionReportContextCustomizerFactory$OnFailureConditionReportContextCustomizer@3016fd5e, org.springframework.boot.test.autoconfigure.actuate.observability.ObservabilityContextCustomizerFactory$DisableObservabilityContextCustomizer@1f, org.springframework.boot.test.autoconfigure.properties.PropertyMappingContextCustomizer@0, org.springframework.boot.test.autoconfigure.web.servlet.WebDriverContextCustomizer@2072acb2, org.springframework.boot.test.context.filter.ExcludeFilterContextCustomizer@732f29af, org.springframework.boot.test.json.DuplicateJsonObjectContextCustomizerFactory$DuplicateJsonObjectContextCustomizer@64ba3208, org.springframework.boot.test.mock.mockito.MockitoContextCustomizer@0, org.springframework.boot.test.web.client.TestRestTemplateContextCustomizer@8692d67, org.springframework.boot.test.web.reactor.netty.DisableReactorResourceFactoryGlobalResourcesContextCustomizerFactory$DisableReactorResourceFactoryGlobalResourcesContextCustomizerCustomizer@37052337, org.springframework.test.context.support.DynamicPropertiesContextCustomizer@0, org.springframework.boot.test.context.SpringBootTestAnnotation@3d5c2d0e], resourceBasePath = "src/main/webapp", contextLoader = org.springframework.boot.test.context.SpringBootContextLoader, parent = null]
2025-01-07T20:30:50.283+07:00 DEBUG 27900 --- [csrf] [    Test worker] org.springframework.test.context.cache   : Spring test ApplicationContext cache statistics: [DefaultContextCache@40b31a16 size = 1, maxSize = 32, parentContextCount = 0, hitCount = 2, missCount = 1, failureCount = 0]
2025-01-07T20:30:50.283+07:00 TRACE 27900 --- [csrf] [    Test worker] o.s.b.f.s.DefaultListableBeanFactory     : Returning cached instance of singleton bean 'delegatingApplicationListener'
2025-01-07T20:30:50.283+07:00 TRACE 27900 --- [csrf] [    Test worker] c.DefaultCacheAwareContextLoaderDelegate : Retrieved ApplicationContext [1114525788] from cache with key [WebMergedContextConfiguration@17d76ebb testClass = com.example.csrf.CsrfApplicationTests, locations = [], classes = [com.example.csrf.CsrfApplication], contextInitializerClasses = [], activeProfiles = [], propertySourceDescriptors = [], propertySourceProperties = ["org.springframework.boot.test.context.SpringBootTestContextBootstrapper=true", "server.port=0"], contextCustomizers = [org.springframework.boot.test.autoconfigure.OnFailureConditionReportContextCustomizerFactory$OnFailureConditionReportContextCustomizer@3016fd5e, org.springframework.boot.test.autoconfigure.actuate.observability.ObservabilityContextCustomizerFactory$DisableObservabilityContextCustomizer@1f, org.springframework.boot.test.autoconfigure.properties.PropertyMappingContextCustomizer@0, org.springframework.boot.test.autoconfigure.web.servlet.WebDriverContextCustomizer@2072acb2, org.springframework.boot.test.context.filter.ExcludeFilterContextCustomizer@732f29af, org.springframework.boot.test.json.DuplicateJsonObjectContextCustomizerFactory$DuplicateJsonObjectContextCustomizer@64ba3208, org.springframework.boot.test.mock.mockito.MockitoContextCustomizer@0, org.springframework.boot.test.web.client.TestRestTemplateContextCustomizer@8692d67, org.springframework.boot.test.web.reactor.netty.DisableReactorResourceFactoryGlobalResourcesContextCustomizerFactory$DisableReactorResourceFactoryGlobalResourcesContextCustomizerCustomizer@37052337, org.springframework.test.context.support.DynamicPropertiesContextCustomizer@0, org.springframework.boot.test.context.SpringBootTestAnnotation@3d5c2d0e], resourceBasePath = "src/main/webapp", contextLoader = org.springframework.boot.test.context.SpringBootContextLoader, parent = null]
2025-01-07T20:30:50.283+07:00 DEBUG 27900 --- [csrf] [    Test worker] org.springframework.test.context.cache   : Spring test ApplicationContext cache statistics: [DefaultContextCache@40b31a16 size = 1, maxSize = 32, parentContextCount = 0, hitCount = 3, missCount = 1, failureCount = 0]
2025-01-07T20:30:50.283+07:00 TRACE 27900 --- [csrf] [    Test worker] o.s.b.f.s.DefaultListableBeanFactory     : Returning cached instance of singleton bean 'org.springframework.context.annotation.internalConfigurationAnnotationProcessor'
2025-01-07T20:30:50.295+07:00 DEBUG 27900 --- [csrf] [    Test worker] java.lang.ProcessBuilder                 : ProcessBuilder.start(): pid: 27901, dir: null, cmd: "/Library/Java/JavaVirtualMachines/temurin-23.jdk/Contents/Home/bin/java" "-Dnet.bytebuddy.agent.attacher.dump=" "-cp" "/Users/mario/.gradle/caches/modules-2/files-2.1/net.bytebuddy/byte-buddy-agent/1.15.11/a38b16385e867f59a641330f0362ebe742788ed8/byte-buddy-agent-1.15.11.jar" "net.bytebuddy.agent.Attacher" "com.sun.tools.attach.VirtualMachine" "27900" "/Users/mario/.gradle/caches/modules-2/files-2.1/net.bytebuddy/byte-buddy-agent/1.15.11/a38b16385e867f59a641330f0362ebe742788ed8/byte-buddy-agent-1.15.11.jar" "false" ""

java.lang.RuntimeException: ProcessBuilder.start() debug
	at java.base/java.lang.ProcessBuilder.start(ProcessBuilder.java:1147) ~[na:na]
	at java.base/java.lang.ProcessBuilder.start(ProcessBuilder.java:1089) ~[na:na]
	at net.bytebuddy.agent.ByteBuddyAgent.installExternal(ByteBuddyAgent.java:673) ~[byte-buddy-agent-1.15.11.jar:na]
	at net.bytebuddy.agent.ByteBuddyAgent.install(ByteBuddyAgent.java:604) ~[byte-buddy-agent-1.15.11.jar:na]
	at net.bytebuddy.agent.ByteBuddyAgent.install(ByteBuddyAgent.java:584) ~[byte-buddy-agent-1.15.11.jar:na]
	at net.bytebuddy.agent.ByteBuddyAgent.install(ByteBuddyAgent.java:536) ~[byte-buddy-agent-1.15.11.jar:na]
	at net.bytebuddy.agent.ByteBuddyAgent.install(ByteBuddyAgent.java:513) ~[byte-buddy-agent-1.15.11.jar:na]
	at org.mockito.internal.PremainAttachAccess.getInstrumentation(PremainAttachAccess.java:49) ~[mockito-core-5.14.2.jar:na]
	at org.mockito.internal.creation.bytebuddy.InlineDelegateByteBuddyMockMaker.<clinit>(InlineDelegateByteBuddyMockMaker.java:138) ~[mockito-core-5.14.2.jar:na]
	at org.mockito.internal.creation.bytebuddy.InlineByteBuddyMockMaker.<init>(InlineByteBuddyMockMaker.java:23) ~[mockito-core-5.14.2.jar:na]
	at java.base/jdk.internal.reflect.DirectConstructorHandleAccessor.newInstance(DirectConstructorHandleAccessor.java:62) ~[na:na]
	at java.base/java.lang.reflect.Constructor.newInstanceWithCaller(Constructor.java:501) ~[na:na]
	at java.base/java.lang.reflect.Constructor.newInstance(Constructor.java:485) ~[na:na]
	at org.mockito.internal.configuration.plugins.DefaultMockitoPlugins.create(DefaultMockitoPlugins.java:103) ~[mockito-core-5.14.2.jar:na]
	at org.mockito.internal.configuration.plugins.DefaultMockitoPlugins.getDefaultPlugin(DefaultMockitoPlugins.java:79) ~[mockito-core-5.14.2.jar:na]
	at org.mockito.internal.configuration.plugins.PluginLoader.loadPlugin(PluginLoader.java:75) ~[mockito-core-5.14.2.jar:na]
	at org.mockito.internal.configuration.plugins.PluginLoader.loadPlugin(PluginLoader.java:49) ~[mockito-core-5.14.2.jar:na]
	at org.mockito.internal.configuration.plugins.PluginRegistry.<init>(PluginRegistry.java:29) ~[mockito-core-5.14.2.jar:na]
	at org.mockito.internal.configuration.plugins.Plugins.<clinit>(Plugins.java:26) ~[mockito-core-5.14.2.jar:na]
	at org.mockito.internal.MockitoCore.<clinit>(MockitoCore.java:71) ~[mockito-core-5.14.2.jar:na]
	at org.mockito.Mockito.<clinit>(Mockito.java:1741) ~[mockito-core-5.14.2.jar:na]
	at org.springframework.boot.test.mock.mockito.MockReset.get(MockReset.java:109) ~[spring-boot-test-3.4.1.jar:3.4.1]
	at org.springframework.boot.test.mock.mockito.ResetMocksTestExecutionListener.resetMocks(ResetMocksTestExecutionListener.java:89) ~[spring-boot-test-3.4.1.jar:3.4.1]
	at org.springframework.boot.test.mock.mockito.ResetMocksTestExecutionListener.resetMocks(ResetMocksTestExecutionListener.java:77) ~[spring-boot-test-3.4.1.jar:3.4.1]
	at org.springframework.boot.test.mock.mockito.ResetMocksTestExecutionListener.beforeTestMethod(ResetMocksTestExecutionListener.java:64) ~[spring-boot-test-3.4.1.jar:3.4.1]
	at org.springframework.test.context.TestContextManager.beforeTestMethod(TestContextManager.java:320) ~[spring-test-6.2.1.jar:6.2.1]
	at org.springframework.test.context.junit.jupiter.SpringExtension.beforeEach(SpringExtension.java:237) ~[spring-test-6.2.1.jar:6.2.1]
	at org.junit.jupiter.engine.descriptor.TestMethodTestDescriptor.lambda$invokeBeforeEachCallbacks$3(TestMethodTestDescriptor.java:166) ~[junit-jupiter-engine-5.11.4.jar:5.11.4]
	at org.junit.jupiter.engine.descriptor.TestMethodTestDescriptor.lambda$invokeBeforeMethodsOrCallbacksUntilExceptionOccurs$7(TestMethodTestDescriptor.java:202) ~[junit-jupiter-engine-5.11.4.jar:5.11.4]
	at org.junit.platform.engine.support.hierarchical.ThrowableCollector.execute(ThrowableCollector.java:73) ~[junit-platform-engine-1.11.4.jar:1.11.4]
	at org.junit.jupiter.engine.descriptor.TestMethodTestDescriptor.invokeBeforeMethodsOrCallbacksUntilExceptionOccurs(TestMethodTestDescriptor.java:202) ~[junit-jupiter-engine-5.11.4.jar:5.11.4]
	at org.junit.jupiter.engine.descriptor.TestMethodTestDescriptor.invokeBeforeEachCallbacks(TestMethodTestDescriptor.java:165) ~[junit-jupiter-engine-5.11.4.jar:5.11.4]
	at org.junit.jupiter.engine.descriptor.TestMethodTestDescriptor.execute(TestMethodTestDescriptor.java:132) ~[junit-jupiter-engine-5.11.4.jar:5.11.4]
	at org.junit.jupiter.engine.descriptor.TestMethodTestDescriptor.execute(TestMethodTestDescriptor.java:68) ~[junit-jupiter-engine-5.11.4.jar:5.11.4]
	at org.junit.platform.engine.support.hierarchical.NodeTestTask.lambda$executeRecursively$6(NodeTestTask.java:156) ~[junit-platform-engine-1.11.4.jar:1.11.4]
	at org.junit.platform.engine.support.hierarchical.ThrowableCollector.execute(ThrowableCollector.java:73) ~[junit-platform-engine-1.11.4.jar:1.11.4]
	at org.junit.platform.engine.support.hierarchical.NodeTestTask.lambda$executeRecursively$8(NodeTestTask.java:146) ~[junit-platform-engine-1.11.4.jar:1.11.4]
	at org.junit.platform.engine.support.hierarchical.Node.around(Node.java:137) ~[junit-platform-engine-1.11.4.jar:1.11.4]
	at org.junit.platform.engine.support.hierarchical.NodeTestTask.lambda$executeRecursively$9(NodeTestTask.java:144) ~[junit-platform-engine-1.11.4.jar:1.11.4]
	at org.junit.platform.engine.support.hierarchical.ThrowableCollector.execute(ThrowableCollector.java:73) ~[junit-platform-engine-1.11.4.jar:1.11.4]
	at org.junit.platform.engine.support.hierarchical.NodeTestTask.executeRecursively(NodeTestTask.java:143) ~[junit-platform-engine-1.11.4.jar:1.11.4]
	at org.junit.platform.engine.support.hierarchical.NodeTestTask.execute(NodeTestTask.java:100) ~[junit-platform-engine-1.11.4.jar:1.11.4]
	at java.base/java.util.ArrayList.forEach(ArrayList.java:1597) ~[na:na]
	at org.junit.platform.engine.support.hierarchical.SameThreadHierarchicalTestExecutorService.invokeAll(SameThreadHierarchicalTestExecutorService.java:41) ~[junit-platform-engine-1.11.4.jar:1.11.4]
	at org.junit.platform.engine.support.hierarchical.NodeTestTask.lambda$executeRecursively$6(NodeTestTask.java:160) ~[junit-platform-engine-1.11.4.jar:1.11.4]
	at org.junit.platform.engine.support.hierarchical.ThrowableCollector.execute(ThrowableCollector.java:73) ~[junit-platform-engine-1.11.4.jar:1.11.4]
	at org.junit.platform.engine.support.hierarchical.NodeTestTask.lambda$executeRecursively$8(NodeTestTask.java:146) ~[junit-platform-engine-1.11.4.jar:1.11.4]
	at org.junit.platform.engine.support.hierarchical.Node.around(Node.java:137) ~[junit-platform-engine-1.11.4.jar:1.11.4]
	at org.junit.platform.engine.support.hierarchical.NodeTestTask.lambda$executeRecursively$9(NodeTestTask.java:144) ~[junit-platform-engine-1.11.4.jar:1.11.4]
	at org.junit.platform.engine.support.hierarchical.ThrowableCollector.execute(ThrowableCollector.java:73) ~[junit-platform-engine-1.11.4.jar:1.11.4]
	at org.junit.platform.engine.support.hierarchical.NodeTestTask.executeRecursively(NodeTestTask.java:143) ~[junit-platform-engine-1.11.4.jar:1.11.4]
	at org.junit.platform.engine.support.hierarchical.NodeTestTask.execute(NodeTestTask.java:100) ~[junit-platform-engine-1.11.4.jar:1.11.4]
	at java.base/java.util.ArrayList.forEach(ArrayList.java:1597) ~[na:na]
	at org.junit.platform.engine.support.hierarchical.SameThreadHierarchicalTestExecutorService.invokeAll(SameThreadHierarchicalTestExecutorService.java:41) ~[junit-platform-engine-1.11.4.jar:1.11.4]
	at org.junit.platform.engine.support.hierarchical.NodeTestTask.lambda$executeRecursively$6(NodeTestTask.java:160) ~[junit-platform-engine-1.11.4.jar:1.11.4]
	at org.junit.platform.engine.support.hierarchical.ThrowableCollector.execute(ThrowableCollector.java:73) ~[junit-platform-engine-1.11.4.jar:1.11.4]
	at org.junit.platform.engine.support.hierarchical.NodeTestTask.lambda$executeRecursively$8(NodeTestTask.java:146) ~[junit-platform-engine-1.11.4.jar:1.11.4]
	at org.junit.platform.engine.support.hierarchical.Node.around(Node.java:137) ~[junit-platform-engine-1.11.4.jar:1.11.4]
	at org.junit.platform.engine.support.hierarchical.NodeTestTask.lambda$executeRecursively$9(NodeTestTask.java:144) ~[junit-platform-engine-1.11.4.jar:1.11.4]
	at org.junit.platform.engine.support.hierarchical.ThrowableCollector.execute(ThrowableCollector.java:73) ~[junit-platform-engine-1.11.4.jar:1.11.4]
	at org.junit.platform.engine.support.hierarchical.NodeTestTask.executeRecursively(NodeTestTask.java:143) ~[junit-platform-engine-1.11.4.jar:1.11.4]
	at org.junit.platform.engine.support.hierarchical.NodeTestTask.execute(NodeTestTask.java:100) ~[junit-platform-engine-1.11.4.jar:1.11.4]
	at org.junit.platform.engine.support.hierarchical.SameThreadHierarchicalTestExecutorService.submit(SameThreadHierarchicalTestExecutorService.java:35) ~[junit-platform-engine-1.11.4.jar:1.11.4]
	at org.junit.platform.engine.support.hierarchical.HierarchicalTestExecutor.execute(HierarchicalTestExecutor.java:57) ~[junit-platform-engine-1.11.4.jar:1.11.4]
	at org.junit.platform.engine.support.hierarchical.HierarchicalTestEngine.execute(HierarchicalTestEngine.java:54) ~[junit-platform-engine-1.11.4.jar:1.11.4]
	at org.junit.platform.launcher.core.EngineExecutionOrchestrator.execute(EngineExecutionOrchestrator.java:198) ~[junit-platform-launcher-1.11.4.jar:1.11.4]
	at org.junit.platform.launcher.core.EngineExecutionOrchestrator.execute(EngineExecutionOrchestrator.java:169) ~[junit-platform-launcher-1.11.4.jar:1.11.4]
	at org.junit.platform.launcher.core.EngineExecutionOrchestrator.execute(EngineExecutionOrchestrator.java:93) ~[junit-platform-launcher-1.11.4.jar:1.11.4]
	at org.junit.platform.launcher.core.EngineExecutionOrchestrator.lambda$execute$0(EngineExecutionOrchestrator.java:58) ~[junit-platform-launcher-1.11.4.jar:1.11.4]
	at org.junit.platform.launcher.core.EngineExecutionOrchestrator.withInterceptedStreams(EngineExecutionOrchestrator.java:141) ~[junit-platform-launcher-1.11.4.jar:1.11.4]
	at org.junit.platform.launcher.core.EngineExecutionOrchestrator.execute(EngineExecutionOrchestrator.java:57) ~[junit-platform-launcher-1.11.4.jar:1.11.4]
	at org.junit.platform.launcher.core.DefaultLauncher.execute(DefaultLauncher.java:103) ~[junit-platform-launcher-1.11.4.jar:1.11.4]
	at org.junit.platform.launcher.core.DefaultLauncher.execute(DefaultLauncher.java:85) ~[junit-platform-launcher-1.11.4.jar:1.11.4]
	at org.junit.platform.launcher.core.DelegatingLauncher.execute(DelegatingLauncher.java:47) ~[junit-platform-launcher-1.11.4.jar:1.11.4]
	at org.gradle.api.internal.tasks.testing.junitplatform.JUnitPlatformTestClassProcessor$CollectAllTestClassesExecutor.processAllTestClasses(JUnitPlatformTestClassProcessor.java:124) ~[na:na]
	at org.gradle.api.internal.tasks.testing.junitplatform.JUnitPlatformTestClassProcessor$CollectAllTestClassesExecutor.access$000(JUnitPlatformTestClassProcessor.java:99) ~[na:na]
	at org.gradle.api.internal.tasks.testing.junitplatform.JUnitPlatformTestClassProcessor.stop(JUnitPlatformTestClassProcessor.java:94) ~[na:na]
	at org.gradle.api.internal.tasks.testing.SuiteTestClassProcessor.stop(SuiteTestClassProcessor.java:63) ~[na:na]
	at java.base/jdk.internal.reflect.DirectMethodHandleAccessor.invoke(DirectMethodHandleAccessor.java:103) ~[na:na]
	at java.base/java.lang.reflect.Method.invoke(Method.java:580) ~[na:na]
	at org.gradle.internal.dispatch.ReflectionDispatch.dispatch(ReflectionDispatch.java:36) ~[na:na]
	at org.gradle.internal.dispatch.ReflectionDispatch.dispatch(ReflectionDispatch.java:24) ~[na:na]
	at org.gradle.internal.dispatch.ContextClassLoaderDispatch.dispatch(ContextClassLoaderDispatch.java:33) ~[na:na]
	at org.gradle.internal.dispatch.ProxyDispatchAdapter$DispatchingInvocationHandler.invoke(ProxyDispatchAdapter.java:92) ~[na:na]
	at jdk.proxy1/jdk.proxy1.$Proxy4.stop(Unknown Source) ~[na:na]
	at org.gradle.api.internal.tasks.testing.worker.TestWorker$3.run(TestWorker.java:200) ~[na:na]
	at org.gradle.api.internal.tasks.testing.worker.TestWorker.executeAndMaintainThreadName(TestWorker.java:132) ~[na:na]
	at org.gradle.api.internal.tasks.testing.worker.TestWorker.execute(TestWorker.java:103) ~[na:na]
	at org.gradle.api.internal.tasks.testing.worker.TestWorker.execute(TestWorker.java:63) ~[na:na]
	at org.gradle.process.internal.worker.child.ActionExecutionWorker.execute(ActionExecutionWorker.java:56) ~[na:na]
	at org.gradle.process.internal.worker.child.SystemApplicationClassLoaderWorker.call(SystemApplicationClassLoaderWorker.java:121) ~[na:na]
	at org.gradle.process.internal.worker.child.SystemApplicationClassLoaderWorker.call(SystemApplicationClassLoaderWorker.java:71) ~[na:na]
	at worker.org.gradle.process.internal.worker.GradleWorkerMain.run(GradleWorkerMain.java:69) ~[gradle-worker.jar:na]
	at worker.org.gradle.process.internal.worker.GradleWorkerMain.main(GradleWorkerMain.java:74) ~[gradle-worker.jar:na]

2025-01-07T20:30:50.626+07:00 TRACE 27900 --- [csrf] [    Test worker] o.s.b.f.s.DefaultListableBeanFactory     : Returning cached instance of singleton bean 'org.springframework.context.annotation.internalAutowiredAnnotationProcessor'
2025-01-07T20:30:50.626+07:00 TRACE 27900 --- [csrf] [    Test worker] o.s.b.f.s.DefaultListableBeanFactory     : Returning cached instance of singleton bean 'org.springframework.context.annotation.internalCommonAnnotationProcessor'
2025-01-07T20:30:50.626+07:00 TRACE 27900 --- [csrf] [    Test worker] o.s.b.f.s.DefaultListableBeanFactory     : Returning cached instance of singleton bean 'org.springframework.context.event.internalEventListenerProcessor'
2025-01-07T20:30:50.626+07:00 TRACE 27900 --- [csrf] [    Test worker] o.s.b.f.s.DefaultListableBeanFactory     : Returning cached instance of singleton bean 'org.springframework.context.event.internalEventListenerFactory'
2025-01-07T20:30:50.626+07:00 TRACE 27900 --- [csrf] [    Test worker] o.s.b.f.s.DefaultListableBeanFactory     : Returning cached instance of singleton bean 'org.springframework.boot.test.mock.mockito.MockitoPostProcessor$SpyPostProcessor'
2025-01-07T20:30:50.626+07:00 TRACE 27900 --- [csrf] [    Test worker] o.s.b.f.s.DefaultListableBeanFactory     : Returning cached instance of singleton bean 'org.springframework.boot.test.mock.mockito.MockitoPostProcessor'
2025-01-07T20:30:50.626+07:00 TRACE 27900 --- [csrf] [    Test worker] o.s.b.f.s.DefaultListableBeanFactory     : Returning cached instance of singleton bean 'org.springframework.boot.test.web.client.TestRestTemplateContextCustomizer$TestRestTemplateRegistrar'
2025-01-07T20:30:50.626+07:00 TRACE 27900 --- [csrf] [    Test worker] o.s.b.f.s.DefaultListableBeanFactory     : Returning cached instance of singleton bean 'org.springframework.test.context.support.internalDynamicPropertyRegistrarBeanInitializer'
2025-01-07T20:30:50.626+07:00 TRACE 27900 --- [csrf] [    Test worker] o.s.b.f.s.DefaultListableBeanFactory     : Returning cached instance of singleton bean 'csrfApplication'
2025-01-07T20:30:50.626+07:00 TRACE 27900 --- [csrf] [    Test worker] o.s.b.f.s.DefaultListableBeanFactory     : Returning cached instance of singleton bean 'org.springframework.boot.autoconfigure.internalCachingMetadataReaderFactory'
2025-01-07T20:30:50.626+07:00 TRACE 27900 --- [csrf] [    Test worker] o.s.b.f.s.DefaultListableBeanFactory     : Returning cached instance of singleton bean 'org.springframework.boot.autoconfigure.internalCachingMetadataReaderFactory'
2025-01-07T20:30:50.626+07:00 TRACE 27900 --- [csrf] [    Test worker] o.s.b.f.s.DefaultListableBeanFactory     : Returning cached instance of singleton bean 'authorizationServerConfig'
2025-01-07T20:30:50.626+07:00 TRACE 27900 --- [csrf] [    Test worker] o.s.b.f.s.DefaultListableBeanFactory     : Returning cached instance of singleton bean 'endpoint'
2025-01-07T20:30:50.626+07:00 TRACE 27900 --- [csrf] [    Test worker] o.s.b.f.s.DefaultListableBeanFactory     : Returning cached instance of singleton bean 'securityFilterChain'
2025-01-07T20:30:50.626+07:00 TRACE 27900 --- [csrf] [    Test worker] o.s.b.f.s.DefaultListableBeanFactory     : Returning cached instance of singleton bean 'org.springframework.boot.autoconfigure.AutoConfigurationPackages'
2025-01-07T20:30:50.626+07:00 TRACE 27900 --- [csrf] [    Test worker] o.s.b.f.s.DefaultListableBeanFactory     : Returning cached instance of singleton bean 'org.springframework.boot.autoconfigure.context.PropertyPlaceholderAutoConfiguration'
2025-01-07T20:30:50.626+07:00 TRACE 27900 --- [csrf] [    Test worker] o.s.b.f.s.DefaultListableBeanFactory     : Returning cached instance of singleton bean 'propertySourcesPlaceholderConfigurer'
2025-01-07T20:30:50.626+07:00 TRACE 27900 --- [csrf] [    Test worker] o.s.b.f.s.DefaultListableBeanFactory     : Returning cached instance of singleton bean 'org.springframework.boot.autoconfigure.ssl.SslAutoConfiguration'
2025-01-07T20:30:50.626+07:00 TRACE 27900 --- [csrf] [    Test worker] o.s.b.f.s.DefaultListableBeanFactory     : Returning cached instance of singleton bean 'fileWatcher'
2025-01-07T20:30:50.626+07:00 TRACE 27900 --- [csrf] [    Test worker] o.s.b.f.s.DefaultListableBeanFactory     : Returning cached instance of singleton bean 'sslPropertiesSslBundleRegistrar'
2025-01-07T20:30:50.626+07:00 TRACE 27900 --- [csrf] [    Test worker] o.s.b.f.s.DefaultListableBeanFactory     : Returning cached instance of singleton bean 'sslBundleRegistry'
2025-01-07T20:30:50.626+07:00 TRACE 27900 --- [csrf] [    Test worker] o.s.b.f.s.DefaultListableBeanFactory     : Returning cached instance of singleton bean 'org.springframework.boot.context.properties.ConfigurationPropertiesBindingPostProcessor'
2025-01-07T20:30:50.626+07:00 TRACE 27900 --- [csrf] [    Test worker] o.s.b.f.s.DefaultListableBeanFactory     : Returning cached instance of singleton bean 'org.springframework.boot.context.internalConfigurationPropertiesBinder'
2025-01-07T20:30:50.626+07:00 TRACE 27900 --- [csrf] [    Test worker] o.s.b.f.s.DefaultListableBeanFactory     : Returning cached instance of singleton bean 'org.springframework.boot.context.internalConfigurationPropertiesBinder'
2025-01-07T20:30:50.626+07:00 TRACE 27900 --- [csrf] [    Test worker] o.s.b.f.s.DefaultListableBeanFactory     : Returning cached instance of singleton bean 'org.springframework.boot.context.properties.BoundConfigurationProperties'
2025-01-07T20:30:50.626+07:00 TRACE 27900 --- [csrf] [    Test worker] o.s.b.f.s.DefaultListableBeanFactory     : Returning cached instance of singleton bean 'org.springframework.boot.context.properties.EnableConfigurationPropertiesRegistrar.methodValidationExcludeFilter'
2025-01-07T20:30:50.626+07:00 TRACE 27900 --- [csrf] [    Test worker] o.s.b.f.s.DefaultListableBeanFactory     : Returning cached instance of singleton bean 'spring.ssl-org.springframework.boot.autoconfigure.ssl.SslProperties'
2025-01-07T20:30:50.626+07:00 TRACE 27900 --- [csrf] [    Test worker] o.s.b.f.s.DefaultListableBeanFactory     : Returning cached instance of singleton bean 'org.springframework.boot.autoconfigure.websocket.servlet.WebSocketServletAutoConfiguration$TomcatWebSocketConfiguration'
2025-01-07T20:30:50.626+07:00 TRACE 27900 --- [csrf] [    Test worker] o.s.b.f.s.DefaultListableBeanFactory     : Returning cached instance of singleton bean 'websocketServletWebServerCustomizer'
2025-01-07T20:30:50.626+07:00 TRACE 27900 --- [csrf] [    Test worker] o.s.b.f.s.DefaultListableBeanFactory     : Returning cached instance of singleton bean 'org.springframework.boot.autoconfigure.websocket.servlet.WebSocketServletAutoConfiguration'
2025-01-07T20:30:50.626+07:00 TRACE 27900 --- [csrf] [    Test worker] o.s.b.f.s.DefaultListableBeanFactory     : Returning cached instance of singleton bean 'org.springframework.boot.autoconfigure.web.servlet.ServletWebServerFactoryConfiguration$EmbeddedTomcat'
2025-01-07T20:30:50.626+07:00 TRACE 27900 --- [csrf] [    Test worker] o.s.b.f.s.DefaultListableBeanFactory     : Returning cached instance of singleton bean 'tomcatServletWebServerFactory'
2025-01-07T20:30:50.626+07:00 TRACE 27900 --- [csrf] [    Test worker] o.s.b.f.s.DefaultListableBeanFactory     : Returning cached instance of singleton bean 'org.springframework.boot.autoconfigure.web.servlet.ServletWebServerFactoryAutoConfiguration'
2025-01-07T20:30:50.626+07:00 TRACE 27900 --- [csrf] [    Test worker] o.s.b.f.s.DefaultListableBeanFactory     : Returning cached instance of singleton bean 'servletWebServerFactoryCustomizer'
2025-01-07T20:30:50.626+07:00 TRACE 27900 --- [csrf] [    Test worker] o.s.b.f.s.DefaultListableBeanFactory     : Returning cached instance of singleton bean 'tomcatServletWebServerFactoryCustomizer'
2025-01-07T20:30:50.626+07:00 TRACE 27900 --- [csrf] [    Test worker] o.s.b.f.s.DefaultListableBeanFactory     : Returning cached instance of singleton bean 'server-org.springframework.boot.autoconfigure.web.ServerProperties'
2025-01-07T20:30:50.626+07:00 TRACE 27900 --- [csrf] [    Test worker] o.s.b.f.s.DefaultListableBeanFactory     : Returning cached instance of singleton bean 'webServerFactoryCustomizerBeanPostProcessor'
2025-01-07T20:30:50.626+07:00 TRACE 27900 --- [csrf] [    Test worker] o.s.b.f.s.DefaultListableBeanFactory     : Returning cached instance of singleton bean 'errorPageRegistrarBeanPostProcessor'
2025-01-07T20:30:50.626+07:00 TRACE 27900 --- [csrf] [    Test worker] o.s.b.f.s.DefaultListableBeanFactory     : Returning cached instance of singleton bean 'org.springframework.boot.autoconfigure.web.servlet.DispatcherServletAutoConfiguration$DispatcherServletConfiguration'
2025-01-07T20:30:50.626+07:00 TRACE 27900 --- [csrf] [    Test worker] o.s.b.f.s.DefaultListableBeanFactory     : Returning cached instance of singleton bean 'dispatcherServlet'
2025-01-07T20:30:50.626+07:00 TRACE 27900 --- [csrf] [    Test worker] o.s.b.f.s.DefaultListableBeanFactory     : Returning cached instance of singleton bean 'spring.mvc-org.springframework.boot.autoconfigure.web.servlet.WebMvcProperties'
2025-01-07T20:30:50.626+07:00 TRACE 27900 --- [csrf] [    Test worker] o.s.b.f.s.DefaultListableBeanFactory     : Returning cached instance of singleton bean 'org.springframework.boot.autoconfigure.web.servlet.DispatcherServletAutoConfiguration$DispatcherServletRegistrationConfiguration'
2025-01-07T20:30:50.626+07:00 TRACE 27900 --- [csrf] [    Test worker] o.s.b.f.s.DefaultListableBeanFactory     : Returning cached instance of singleton bean 'dispatcherServletRegistration'
2025-01-07T20:30:50.626+07:00 TRACE 27900 --- [csrf] [    Test worker] o.s.b.f.s.DefaultListableBeanFactory     : Returning cached instance of singleton bean 'org.springframework.boot.autoconfigure.web.servlet.DispatcherServletAutoConfiguration'
2025-01-07T20:30:50.626+07:00 TRACE 27900 --- [csrf] [    Test worker] o.s.b.f.s.DefaultListableBeanFactory     : Returning cached instance of singleton bean 'org.springframework.boot.autoconfigure.task.TaskExecutorConfigurations$ThreadPoolTaskExecutorBuilderConfiguration'
2025-01-07T20:30:50.626+07:00 TRACE 27900 --- [csrf] [    Test worker] o.s.b.f.s.DefaultListableBeanFactory     : Returning cached instance of singleton bean 'threadPoolTaskExecutorBuilder'
2025-01-07T20:30:50.626+07:00 TRACE 27900 --- [csrf] [    Test worker] o.s.b.f.s.DefaultListableBeanFactory     : Returning cached instance of singleton bean 'org.springframework.boot.autoconfigure.task.TaskExecutorConfigurations$SimpleAsyncTaskExecutorBuilderConfiguration'
2025-01-07T20:30:50.626+07:00 TRACE 27900 --- [csrf] [    Test worker] o.s.b.f.s.DefaultListableBeanFactory     : Returning cached instance of singleton bean 'simpleAsyncTaskExecutorBuilder'
2025-01-07T20:30:50.626+07:00 TRACE 27900 --- [csrf] [    Test worker] o.s.b.f.s.DefaultListableBeanFactory     : Returning cached instance of singleton bean 'org.springframework.boot.autoconfigure.task.TaskExecutorConfigurations$TaskExecutorConfiguration'
2025-01-07T20:30:50.626+07:00 TRACE 27900 --- [csrf] [    Test worker] o.s.b.f.s.DefaultListableBeanFactory     : Returning cached instance of singleton bean 'applicationTaskExecutor'
2025-01-07T20:30:50.626+07:00 TRACE 27900 --- [csrf] [    Test worker] o.s.b.f.s.DefaultListableBeanFactory     : Returning cached instance of singleton bean 'org.springframework.boot.autoconfigure.task.TaskExecutionAutoConfiguration'
2025-01-07T20:30:50.626+07:00 TRACE 27900 --- [csrf] [    Test worker] o.s.b.f.s.DefaultListableBeanFactory     : Returning cached instance of singleton bean 'spring.task.execution-org.springframework.boot.autoconfigure.task.TaskExecutionProperties'
2025-01-07T20:30:50.626+07:00 TRACE 27900 --- [csrf] [    Test worker] o.s.b.f.s.DefaultListableBeanFactory     : Returning cached instance of singleton bean 'org.springframework.boot.autoconfigure.web.servlet.error.ErrorMvcAutoConfiguration$WhitelabelErrorViewConfiguration'
2025-01-07T20:30:50.626+07:00 TRACE 27900 --- [csrf] [    Test worker] o.s.b.f.s.DefaultListableBeanFactory     : Returning cached instance of singleton bean 'error'
2025-01-07T20:30:50.627+07:00 TRACE 27900 --- [csrf] [    Test worker] o.s.b.f.s.DefaultListableBeanFactory     : Returning cached instance of singleton bean 'beanNameViewResolver'
2025-01-07T20:30:50.627+07:00 TRACE 27900 --- [csrf] [    Test worker] o.s.b.f.s.DefaultListableBeanFactory     : Returning cached instance of singleton bean 'org.springframework.boot.autoconfigure.web.servlet.error.ErrorMvcAutoConfiguration$DefaultErrorViewResolverConfiguration'
2025-01-07T20:30:50.627+07:00 TRACE 27900 --- [csrf] [    Test worker] o.s.b.f.s.DefaultListableBeanFactory     : Returning cached instance of singleton bean 'conventionErrorViewResolver'
2025-01-07T20:30:50.627+07:00 TRACE 27900 --- [csrf] [    Test worker] o.s.b.f.s.DefaultListableBeanFactory     : Returning cached instance of singleton bean 'spring.web-org.springframework.boot.autoconfigure.web.WebProperties'
2025-01-07T20:30:50.627+07:00 TRACE 27900 --- [csrf] [    Test worker] o.s.b.f.s.DefaultListableBeanFactory     : Returning cached instance of singleton bean 'org.springframework.boot.autoconfigure.web.servlet.error.ErrorMvcAutoConfiguration'
2025-01-07T20:30:50.627+07:00 TRACE 27900 --- [csrf] [    Test worker] o.s.b.f.s.DefaultListableBeanFactory     : Returning cached instance of singleton bean 'errorAttributes'
2025-01-07T20:30:50.627+07:00 TRACE 27900 --- [csrf] [    Test worker] o.s.b.f.s.DefaultListableBeanFactory     : Returning cached instance of singleton bean 'basicErrorController'
2025-01-07T20:30:50.627+07:00 TRACE 27900 --- [csrf] [    Test worker] o.s.b.f.s.DefaultListableBeanFactory     : Returning cached instance of singleton bean 'errorPageCustomizer'
2025-01-07T20:30:50.627+07:00 TRACE 27900 --- [csrf] [    Test worker] o.s.b.f.s.DefaultListableBeanFactory     : Returning cached instance of singleton bean 'preserveErrorControllerTargetClassPostProcessor'
2025-01-07T20:30:50.627+07:00 TRACE 27900 --- [csrf] [    Test worker] o.s.b.f.s.DefaultListableBeanFactory     : Returning cached instance of singleton bean 'org.springframework.boot.autoconfigure.web.servlet.WebMvcAutoConfiguration$EnableWebMvcConfiguration'
2025-01-07T20:30:50.627+07:00 TRACE 27900 --- [csrf] [    Test worker] o.s.b.f.s.DefaultListableBeanFactory     : Returning cached instance of singleton bean 'welcomePageHandlerMapping'
2025-01-07T20:30:50.627+07:00 TRACE 27900 --- [csrf] [    Test worker] o.s.b.f.s.DefaultListableBeanFactory     : Returning cached instance of singleton bean 'welcomePageNotAcceptableHandlerMapping'
2025-01-07T20:30:50.627+07:00 TRACE 27900 --- [csrf] [    Test worker] o.s.b.f.s.DefaultListableBeanFactory     : Returning cached instance of singleton bean 'localeResolver'
2025-01-07T20:30:50.627+07:00 TRACE 27900 --- [csrf] [    Test worker] o.s.b.f.s.DefaultListableBeanFactory     : Returning cached instance of singleton bean 'themeResolver'
2025-01-07T20:30:50.627+07:00 TRACE 27900 --- [csrf] [    Test worker] o.s.b.f.s.DefaultListableBeanFactory     : Returning cached instance of singleton bean 'flashMapManager'
2025-01-07T20:30:50.627+07:00 TRACE 27900 --- [csrf] [    Test worker] o.s.b.f.s.DefaultListableBeanFactory     : Returning cached instance of singleton bean 'viewNameTranslator'
2025-01-07T20:30:50.627+07:00 TRACE 27900 --- [csrf] [    Test worker] o.s.b.f.s.DefaultListableBeanFactory     : Returning cached instance of singleton bean 'mvcConversionService'
2025-01-07T20:30:50.627+07:00 TRACE 27900 --- [csrf] [    Test worker] o.s.b.f.s.DefaultListableBeanFactory     : Returning cached instance of singleton bean 'mvcValidator'
2025-01-07T20:30:50.627+07:00 TRACE 27900 --- [csrf] [    Test worker] o.s.b.f.s.DefaultListableBeanFactory     : Returning cached instance of singleton bean 'mvcContentNegotiationManager'
2025-01-07T20:30:50.627+07:00 TRACE 27900 --- [csrf] [    Test worker] o.s.b.f.s.DefaultListableBeanFactory     : Returning cached instance of singleton bean 'requestMappingHandlerMapping'
2025-01-07T20:30:50.627+07:00 TRACE 27900 --- [csrf] [    Test worker] o.s.b.f.s.DefaultListableBeanFactory     : Returning cached instance of singleton bean 'mvcPatternParser'
2025-01-07T20:30:50.627+07:00 TRACE 27900 --- [csrf] [    Test worker] o.s.b.f.s.DefaultListableBeanFactory     : Returning cached instance of singleton bean 'mvcUrlPathHelper'
2025-01-07T20:30:50.627+07:00 TRACE 27900 --- [csrf] [    Test worker] o.s.b.f.s.DefaultListableBeanFactory     : Returning cached instance of singleton bean 'mvcPathMatcher'
2025-01-07T20:30:50.627+07:00 TRACE 27900 --- [csrf] [    Test worker] o.s.b.f.s.DefaultListableBeanFactory     : Returning cached instance of singleton bean 'viewControllerHandlerMapping'
2025-01-07T20:30:50.627+07:00 TRACE 27900 --- [csrf] [    Test worker] o.s.b.f.s.DefaultListableBeanFactory     : Returning cached instance of singleton bean 'beanNameHandlerMapping'
2025-01-07T20:30:50.627+07:00 TRACE 27900 --- [csrf] [    Test worker] o.s.b.f.s.DefaultListableBeanFactory     : Returning cached instance of singleton bean 'routerFunctionMapping'
2025-01-07T20:30:50.627+07:00 TRACE 27900 --- [csrf] [    Test worker] o.s.b.f.s.DefaultListableBeanFactory     : Returning cached instance of singleton bean 'resourceHandlerMapping'
2025-01-07T20:30:50.627+07:00 TRACE 27900 --- [csrf] [    Test worker] o.s.b.f.s.DefaultListableBeanFactory     : Returning cached instance of singleton bean 'mvcResourceUrlProvider'
2025-01-07T20:30:50.627+07:00 TRACE 27900 --- [csrf] [    Test worker] o.s.b.f.s.DefaultListableBeanFactory     : Returning cached instance of singleton bean 'defaultServletHandlerMapping'
2025-01-07T20:30:50.627+07:00 TRACE 27900 --- [csrf] [    Test worker] o.s.b.f.s.DefaultListableBeanFactory     : Returning cached instance of singleton bean 'requestMappingHandlerAdapter'
2025-01-07T20:30:50.627+07:00 TRACE 27900 --- [csrf] [    Test worker] o.s.b.f.s.DefaultListableBeanFactory     : Returning cached instance of singleton bean 'handlerFunctionAdapter'
2025-01-07T20:30:50.627+07:00 TRACE 27900 --- [csrf] [    Test worker] o.s.b.f.s.DefaultListableBeanFactory     : Returning cached instance of singleton bean 'mvcUriComponentsContributor'
2025-01-07T20:30:50.627+07:00 TRACE 27900 --- [csrf] [    Test worker] o.s.b.f.s.DefaultListableBeanFactory     : Returning cached instance of singleton bean 'httpRequestHandlerAdapter'
2025-01-07T20:30:50.627+07:00 TRACE 27900 --- [csrf] [    Test worker] o.s.b.f.s.DefaultListableBeanFactory     : Returning cached instance of singleton bean 'simpleControllerHandlerAdapter'
2025-01-07T20:30:50.627+07:00 TRACE 27900 --- [csrf] [    Test worker] o.s.b.f.s.DefaultListableBeanFactory     : Returning cached instance of singleton bean 'handlerExceptionResolver'
2025-01-07T20:30:50.627+07:00 TRACE 27900 --- [csrf] [    Test worker] o.s.b.f.s.DefaultListableBeanFactory     : Returning cached instance of singleton bean 'mvcViewResolver'
2025-01-07T20:30:50.627+07:00 TRACE 27900 --- [csrf] [    Test worker] o.s.b.f.s.DefaultListableBeanFactory     : Returning cached instance of singleton bean 'mvcHandlerMappingIntrospector'
2025-01-07T20:30:50.627+07:00 TRACE 27900 --- [csrf] [    Test worker] o.s.b.f.s.DefaultListableBeanFactory     : Returning cached instance of singleton bean 'org.springframework.boot.autoconfigure.web.servlet.WebMvcAutoConfiguration$WebMvcAutoConfigurationAdapter'
2025-01-07T20:30:50.627+07:00 TRACE 27900 --- [csrf] [    Test worker] o.s.b.f.s.DefaultListableBeanFactory     : Returning cached instance of singleton bean 'defaultViewResolver'
2025-01-07T20:30:50.627+07:00 TRACE 27900 --- [csrf] [    Test worker] o.s.b.f.s.DefaultListableBeanFactory     : Returning cached instance of singleton bean 'viewResolver'
2025-01-07T20:30:50.627+07:00 TRACE 27900 --- [csrf] [    Test worker] o.s.b.f.s.DefaultListableBeanFactory     : Returning cached instance of singleton bean 'requestContextFilter'
2025-01-07T20:30:50.627+07:00 TRACE 27900 --- [csrf] [    Test worker] o.s.b.f.s.DefaultListableBeanFactory     : Returning cached instance of singleton bean 'org.springframework.boot.autoconfigure.web.servlet.WebMvcAutoConfiguration'
2025-01-07T20:30:50.627+07:00 TRACE 27900 --- [csrf] [    Test worker] o.s.b.f.s.DefaultListableBeanFactory     : Returning cached instance of singleton bean 'formContentFilter'
2025-01-07T20:30:50.627+07:00 TRACE 27900 --- [csrf] [    Test worker] o.s.b.f.s.DefaultListableBeanFactory     : Returning cached instance of singleton bean 'org.springframework.boot.autoconfigure.aop.AopAutoConfiguration$ClassProxyingConfiguration'
2025-01-07T20:30:50.627+07:00 TRACE 27900 --- [csrf] [    Test worker] o.s.b.f.s.DefaultListableBeanFactory     : Returning cached instance of singleton bean 'forceAutoProxyCreatorToUseClassProxying'
2025-01-07T20:30:50.627+07:00 TRACE 27900 --- [csrf] [    Test worker] o.s.b.f.s.DefaultListableBeanFactory     : Returning cached instance of singleton bean 'org.springframework.boot.autoconfigure.aop.AopAutoConfiguration'
2025-01-07T20:30:50.627+07:00 TRACE 27900 --- [csrf] [    Test worker] o.s.b.f.s.DefaultListableBeanFactory     : Returning cached instance of singleton bean 'org.springframework.boot.autoconfigure.availability.ApplicationAvailabilityAutoConfiguration'
2025-01-07T20:30:50.627+07:00 TRACE 27900 --- [csrf] [    Test worker] o.s.b.f.s.DefaultListableBeanFactory     : Returning cached instance of singleton bean 'applicationAvailability'
2025-01-07T20:30:50.627+07:00 TRACE 27900 --- [csrf] [    Test worker] o.s.b.f.s.DefaultListableBeanFactory     : Returning cached instance of singleton bean 'org.springframework.boot.autoconfigure.jackson.JacksonAutoConfiguration$Jackson2ObjectMapperBuilderCustomizerConfiguration'
2025-01-07T20:30:50.627+07:00 TRACE 27900 --- [csrf] [    Test worker] o.s.b.f.s.DefaultListableBeanFactory     : Returning cached instance of singleton bean 'standardJacksonObjectMapperBuilderCustomizer'
2025-01-07T20:30:50.627+07:00 TRACE 27900 --- [csrf] [    Test worker] o.s.b.f.s.DefaultListableBeanFactory     : Returning cached instance of singleton bean 'spring.jackson-org.springframework.boot.autoconfigure.jackson.JacksonProperties'
2025-01-07T20:30:50.627+07:00 TRACE 27900 --- [csrf] [    Test worker] o.s.b.f.s.DefaultListableBeanFactory     : Returning cached instance of singleton bean 'org.springframework.boot.autoconfigure.jackson.JacksonAutoConfiguration$JacksonObjectMapperBuilderConfiguration'
2025-01-07T20:30:50.627+07:00 TRACE 27900 --- [csrf] [    Test worker] o.s.b.f.s.DefaultListableBeanFactory     : Returning cached instance of singleton bean 'org.springframework.boot.autoconfigure.jackson.JacksonAutoConfiguration$ParameterNamesModuleConfiguration'
2025-01-07T20:30:50.627+07:00 TRACE 27900 --- [csrf] [    Test worker] o.s.b.f.s.DefaultListableBeanFactory     : Returning cached instance of singleton bean 'parameterNamesModule'
2025-01-07T20:30:50.627+07:00 TRACE 27900 --- [csrf] [    Test worker] o.s.b.f.s.DefaultListableBeanFactory     : Returning cached instance of singleton bean 'org.springframework.boot.autoconfigure.jackson.JacksonAutoConfiguration$JacksonObjectMapperConfiguration'
2025-01-07T20:30:50.627+07:00 TRACE 27900 --- [csrf] [    Test worker] o.s.b.f.s.DefaultListableBeanFactory     : Returning cached instance of singleton bean 'jacksonObjectMapper'
2025-01-07T20:30:50.627+07:00 TRACE 27900 --- [csrf] [    Test worker] o.s.b.f.s.DefaultListableBeanFactory     : Returning cached instance of singleton bean 'org.springframework.boot.autoconfigure.jackson.JacksonAutoConfiguration$JacksonMixinConfiguration'
2025-01-07T20:30:50.627+07:00 TRACE 27900 --- [csrf] [    Test worker] o.s.b.f.s.DefaultListableBeanFactory     : Returning cached instance of singleton bean 'jsonMixinModuleEntries'
2025-01-07T20:30:50.627+07:00 TRACE 27900 --- [csrf] [    Test worker] o.s.b.f.s.DefaultListableBeanFactory     : Returning cached instance of singleton bean 'jsonMixinModule'
2025-01-07T20:30:50.627+07:00 TRACE 27900 --- [csrf] [    Test worker] o.s.b.f.s.DefaultListableBeanFactory     : Returning cached instance of singleton bean 'org.springframework.boot.autoconfigure.jackson.JacksonAutoConfiguration'
2025-01-07T20:30:50.627+07:00 TRACE 27900 --- [csrf] [    Test worker] o.s.b.f.s.DefaultListableBeanFactory     : Returning cached instance of singleton bean 'jsonComponentModule'
2025-01-07T20:30:50.627+07:00 TRACE 27900 --- [csrf] [    Test worker] o.s.b.f.s.DefaultListableBeanFactory     : Returning cached instance of singleton bean 'org.springframework.boot.autoconfigure.context.ConfigurationPropertiesAutoConfiguration'
2025-01-07T20:30:50.627+07:00 TRACE 27900 --- [csrf] [    Test worker] o.s.b.f.s.DefaultListableBeanFactory     : Returning cached instance of singleton bean 'org.springframework.boot.autoconfigure.context.LifecycleAutoConfiguration'
2025-01-07T20:30:50.627+07:00 TRACE 27900 --- [csrf] [    Test worker] o.s.b.f.s.DefaultListableBeanFactory     : Returning cached instance of singleton bean 'lifecycleProcessor'
2025-01-07T20:30:50.627+07:00 TRACE 27900 --- [csrf] [    Test worker] o.s.b.f.s.DefaultListableBeanFactory     : Returning cached instance of singleton bean 'spring.lifecycle-org.springframework.boot.autoconfigure.context.LifecycleProperties'
2025-01-07T20:30:50.627+07:00 TRACE 27900 --- [csrf] [    Test worker] o.s.b.f.s.DefaultListableBeanFactory     : Returning cached instance of singleton bean 'org.springframework.boot.autoconfigure.http.HttpMessageConvertersAutoConfiguration$StringHttpMessageConverterConfiguration'
2025-01-07T20:30:50.627+07:00 TRACE 27900 --- [csrf] [    Test worker] o.s.b.f.s.DefaultListableBeanFactory     : Returning cached instance of singleton bean 'stringHttpMessageConverter'
2025-01-07T20:30:50.627+07:00 TRACE 27900 --- [csrf] [    Test worker] o.s.b.f.s.DefaultListableBeanFactory     : Returning cached instance of singleton bean 'org.springframework.boot.autoconfigure.http.JacksonHttpMessageConvertersConfiguration$MappingJackson2HttpMessageConverterConfiguration'
2025-01-07T20:30:50.627+07:00 TRACE 27900 --- [csrf] [    Test worker] o.s.b.f.s.DefaultListableBeanFactory     : Returning cached instance of singleton bean 'mappingJackson2HttpMessageConverter'
2025-01-07T20:30:50.627+07:00 TRACE 27900 --- [csrf] [    Test worker] o.s.b.f.s.DefaultListableBeanFactory     : Returning cached instance of singleton bean 'org.springframework.boot.autoconfigure.http.JacksonHttpMessageConvertersConfiguration'
2025-01-07T20:30:50.627+07:00 TRACE 27900 --- [csrf] [    Test worker] o.s.b.f.s.DefaultListableBeanFactory     : Returning cached instance of singleton bean 'org.springframework.boot.autoconfigure.http.HttpMessageConvertersAutoConfiguration'
2025-01-07T20:30:50.627+07:00 TRACE 27900 --- [csrf] [    Test worker] o.s.b.f.s.DefaultListableBeanFactory     : Returning cached instance of singleton bean 'messageConverters'
2025-01-07T20:30:50.627+07:00 TRACE 27900 --- [csrf] [    Test worker] o.s.b.f.s.DefaultListableBeanFactory     : Returning cached instance of singleton bean 'org.springframework.boot.autoconfigure.http.client.HttpClientAutoConfiguration'
2025-01-07T20:30:50.627+07:00 TRACE 27900 --- [csrf] [    Test worker] o.s.b.f.s.DefaultListableBeanFactory     : Returning cached instance of singleton bean 'clientHttpRequestFactoryBuilder'
2025-01-07T20:30:50.627+07:00 TRACE 27900 --- [csrf] [    Test worker] o.s.b.f.s.DefaultListableBeanFactory     : Returning cached instance of singleton bean 'clientHttpRequestFactorySettings'
2025-01-07T20:30:50.627+07:00 TRACE 27900 --- [csrf] [    Test worker] o.s.b.f.s.DefaultListableBeanFactory     : Returning cached instance of singleton bean 'spring.http.client-org.springframework.boot.autoconfigure.http.client.HttpClientProperties'
2025-01-07T20:30:50.627+07:00 TRACE 27900 --- [csrf] [    Test worker] o.s.b.f.s.DefaultListableBeanFactory     : Returning cached instance of singleton bean 'org.springframework.boot.autoconfigure.info.ProjectInfoAutoConfiguration'
2025-01-07T20:30:50.627+07:00 TRACE 27900 --- [csrf] [    Test worker] o.s.b.f.s.DefaultListableBeanFactory     : Returning cached instance of singleton bean 'spring.info-org.springframework.boot.autoconfigure.info.ProjectInfoProperties'
2025-01-07T20:30:50.627+07:00 TRACE 27900 --- [csrf] [    Test worker] o.s.b.f.s.DefaultListableBeanFactory     : Returning cached instance of singleton bean 'org.springframework.boot.autoconfigure.security.oauth2.server.servlet.OAuth2AuthorizationServerConfiguration'
2025-01-07T20:30:50.627+07:00 TRACE 27900 --- [csrf] [    Test worker] o.s.b.f.s.DefaultListableBeanFactory     : Returning cached instance of singleton bean 'authorizationServerSettings'
2025-01-07T20:30:50.627+07:00 TRACE 27900 --- [csrf] [    Test worker] o.s.b.f.s.DefaultListableBeanFactory     : Returning cached instance of singleton bean 'spring.security.oauth2.authorizationserver-org.springframework.boot.autoconfigure.security.oauth2.server.servlet.OAuth2AuthorizationServerProperties'
2025-01-07T20:30:50.627+07:00 TRACE 27900 --- [csrf] [    Test worker] o.s.b.f.s.DefaultListableBeanFactory     : Returning cached instance of singleton bean 'org.springframework.boot.autoconfigure.security.oauth2.server.servlet.OAuth2AuthorizationServerAutoConfiguration'
2025-01-07T20:30:50.627+07:00 TRACE 27900 --- [csrf] [    Test worker] o.s.b.f.s.DefaultListableBeanFactory     : Returning cached instance of singleton bean 'org.springframework.boot.autoconfigure.security.oauth2.resource.servlet.OAuth2ResourceServerJwtConfiguration$JwtDecoderConfiguration'
2025-01-07T20:30:50.627+07:00 TRACE 27900 --- [csrf] [    Test worker] o.s.b.f.s.DefaultListableBeanFactory     : Returning cached instance of singleton bean 'org.springframework.boot.autoconfigure.security.oauth2.resource.servlet.Oauth2ResourceServerConfiguration$JwtConfiguration'
2025-01-07T20:30:50.627+07:00 TRACE 27900 --- [csrf] [    Test worker] o.s.b.f.s.DefaultListableBeanFactory     : Returning cached instance of singleton bean 'org.springframework.boot.autoconfigure.security.oauth2.resource.servlet.OAuth2ResourceServerOpaqueTokenConfiguration$OpaqueTokenIntrospectionClientConfiguration'
2025-01-07T20:30:50.627+07:00 TRACE 27900 --- [csrf] [    Test worker] o.s.b.f.s.DefaultListableBeanFactory     : Returning cached instance of singleton bean 'org.springframework.boot.autoconfigure.security.oauth2.resource.servlet.Oauth2ResourceServerConfiguration$OpaqueTokenConfiguration'
2025-01-07T20:30:50.627+07:00 TRACE 27900 --- [csrf] [    Test worker] o.s.b.f.s.DefaultListableBeanFactory     : Returning cached instance of singleton bean 'org.springframework.boot.autoconfigure.security.oauth2.resource.servlet.OAuth2ResourceServerAutoConfiguration'
2025-01-07T20:30:50.627+07:00 TRACE 27900 --- [csrf] [    Test worker] o.s.b.f.s.DefaultListableBeanFactory     : Returning cached instance of singleton bean 'spring.security.oauth2.resourceserver-org.springframework.boot.autoconfigure.security.oauth2.resource.OAuth2ResourceServerProperties'
2025-01-07T20:30:50.627+07:00 TRACE 27900 --- [csrf] [    Test worker] o.s.b.f.s.DefaultListableBeanFactory     : Returning cached instance of singleton bean 'org.springframework.security.config.annotation.configuration.ObjectPostProcessorConfiguration'
2025-01-07T20:30:50.627+07:00 TRACE 27900 --- [csrf] [    Test worker] o.s.b.f.s.DefaultListableBeanFactory     : Returning cached instance of singleton bean 'objectPostProcessor'
2025-01-07T20:30:50.627+07:00 TRACE 27900 --- [csrf] [    Test worker] o.s.b.f.s.DefaultListableBeanFactory     : Returning cached instance of singleton bean 'org.springframework.security.config.annotation.authentication.configuration.AuthenticationConfiguration'
2025-01-07T20:30:50.627+07:00 TRACE 27900 --- [csrf] [    Test worker] o.s.b.f.s.DefaultListableBeanFactory     : Returning cached instance of singleton bean 'authenticationManagerBuilder'
2025-01-07T20:30:50.627+07:00 TRACE 27900 --- [csrf] [    Test worker] o.s.b.f.s.DefaultListableBeanFactory     : Returning cached instance of singleton bean 'enableGlobalAuthenticationAutowiredConfigurer'
2025-01-07T20:30:50.627+07:00 TRACE 27900 --- [csrf] [    Test worker] o.s.b.f.s.DefaultListableBeanFactory     : Returning cached instance of singleton bean 'initializeUserDetailsBeanManagerConfigurer'
2025-01-07T20:30:50.627+07:00 TRACE 27900 --- [csrf] [    Test worker] o.s.b.f.s.DefaultListableBeanFactory     : Returning cached instance of singleton bean 'initializeAuthenticationProviderBeanManagerConfigurer'
2025-01-07T20:30:50.627+07:00 TRACE 27900 --- [csrf] [    Test worker] o.s.b.f.s.DefaultListableBeanFactory     : Returning cached instance of singleton bean 'org.springframework.security.config.annotation.web.configuration.WebSecurityConfiguration'
2025-01-07T20:30:50.627+07:00 TRACE 27900 --- [csrf] [    Test worker] o.s.b.f.s.DefaultListableBeanFactory     : Returning cached instance of singleton bean 'delegatingApplicationListener'
2025-01-07T20:30:50.627+07:00 TRACE 27900 --- [csrf] [    Test worker] o.s.b.f.s.DefaultListableBeanFactory     : Returning cached instance of singleton bean 'webSecurityExpressionHandler'
2025-01-07T20:30:50.627+07:00 TRACE 27900 --- [csrf] [    Test worker] o.s.b.f.s.DefaultListableBeanFactory     : Returning cached instance of singleton bean 'privilegeEvaluator'
2025-01-07T20:30:50.627+07:00 TRACE 27900 --- [csrf] [    Test worker] o.s.b.f.s.DefaultListableBeanFactory     : Returning cached instance of singleton bean 'conversionServicePostProcessor'
2025-01-07T20:30:50.627+07:00 TRACE 27900 --- [csrf] [    Test worker] o.s.b.f.s.DefaultListableBeanFactory     : Returning cached instance of singleton bean 'org.springframework.security.config.annotation.web.configuration.WebMvcSecurityConfiguration'
2025-01-07T20:30:50.627+07:00 TRACE 27900 --- [csrf] [    Test worker] o.s.b.f.s.DefaultListableBeanFactory     : Returning cached instance of singleton bean 'requestDataValueProcessor'
2025-01-07T20:30:50.627+07:00 TRACE 27900 --- [csrf] [    Test worker] o.s.b.f.s.DefaultListableBeanFactory     : Returning cached instance of singleton bean 'springSecurityHandlerMappingIntrospectorBeanDefinitionRegistryPostProcessor'
2025-01-07T20:30:50.627+07:00 TRACE 27900 --- [csrf] [    Test worker] o.s.b.f.s.DefaultListableBeanFactory     : Returning cached instance of singleton bean 'org.springframework.security.config.annotation.web.configuration.HttpSecurityConfiguration'
2025-01-07T20:30:50.627+07:00 TRACE 27900 --- [csrf] [    Test worker] o.s.b.f.s.DefaultListableBeanFactory     : Returning cached instance of singleton bean 'org.springframework.security.config.annotation.web.configuration.ObservationConfiguration'
2025-01-07T20:30:50.627+07:00 TRACE 27900 --- [csrf] [    Test worker] o.s.b.f.s.DefaultListableBeanFactory     : Returning cached instance of singleton bean 'webAuthorizationManagerPostProcessor'
2025-01-07T20:30:50.627+07:00 TRACE 27900 --- [csrf] [    Test worker] o.s.b.f.s.DefaultListableBeanFactory     : Returning cached instance of singleton bean 'authenticationManagerPostProcessor'
2025-01-07T20:30:50.627+07:00 TRACE 27900 --- [csrf] [    Test worker] o.s.b.f.s.DefaultListableBeanFactory     : Returning cached instance of singleton bean 'filterChainDecoratorPostProcessor'
2025-01-07T20:30:50.627+07:00 TRACE 27900 --- [csrf] [    Test worker] o.s.b.f.s.DefaultListableBeanFactory     : Returning cached instance of singleton bean 'org.springframework.boot.autoconfigure.security.servlet.SpringBootWebSecurityConfiguration$WebSecurityEnablerConfiguration'
2025-01-07T20:30:50.627+07:00 TRACE 27900 --- [csrf] [    Test worker] o.s.b.f.s.DefaultListableBeanFactory     : Returning cached instance of singleton bean 'org.springframework.boot.autoconfigure.security.servlet.SpringBootWebSecurityConfiguration'
2025-01-07T20:30:50.627+07:00 TRACE 27900 --- [csrf] [    Test worker] o.s.b.f.s.DefaultListableBeanFactory     : Returning cached instance of singleton bean 'org.springframework.boot.autoconfigure.security.servlet.SecurityAutoConfiguration'
2025-01-07T20:30:50.627+07:00 TRACE 27900 --- [csrf] [    Test worker] o.s.b.f.s.DefaultListableBeanFactory     : Returning cached instance of singleton bean 'authenticationEventPublisher'
2025-01-07T20:30:50.627+07:00 TRACE 27900 --- [csrf] [    Test worker] o.s.b.f.s.DefaultListableBeanFactory     : Returning cached instance of singleton bean 'spring.security-org.springframework.boot.autoconfigure.security.SecurityProperties'
2025-01-07T20:30:50.627+07:00 TRACE 27900 --- [csrf] [    Test worker] o.s.b.f.s.DefaultListableBeanFactory     : Returning cached instance of singleton bean 'org.springframework.boot.autoconfigure.security.oauth2.server.servlet.OAuth2AuthorizationServerJwtAutoConfiguration'
2025-01-07T20:30:50.627+07:00 TRACE 27900 --- [csrf] [    Test worker] o.s.b.f.s.DefaultListableBeanFactory     : Returning cached instance of singleton bean 'jwtDecoder'
2025-01-07T20:30:50.627+07:00 TRACE 27900 --- [csrf] [    Test worker] o.s.b.f.s.DefaultListableBeanFactory     : Returning cached instance of singleton bean 'jwkSource'
2025-01-07T20:30:50.627+07:00 TRACE 27900 --- [csrf] [    Test worker] o.s.b.f.s.DefaultListableBeanFactory     : Returning cached instance of singleton bean 'org.springframework.boot.autoconfigure.security.servlet.SecurityFilterAutoConfiguration'
2025-01-07T20:30:50.627+07:00 TRACE 27900 --- [csrf] [    Test worker] o.s.b.f.s.DefaultListableBeanFactory     : Returning cached instance of singleton bean 'securityFilterChainRegistration'
2025-01-07T20:30:50.627+07:00 TRACE 27900 --- [csrf] [    Test worker] o.s.b.f.s.DefaultListableBeanFactory     : Returning cached instance of singleton bean 'org.springframework.boot.autoconfigure.sql.init.SqlInitializationAutoConfiguration'
2025-01-07T20:30:50.627+07:00 TRACE 27900 --- [csrf] [    Test worker] o.s.b.f.s.DefaultListableBeanFactory     : Returning cached instance of singleton bean 'spring.sql.init-org.springframework.boot.autoconfigure.sql.init.SqlInitializationProperties'
2025-01-07T20:30:50.627+07:00 TRACE 27900 --- [csrf] [    Test worker] o.s.b.f.s.DefaultListableBeanFactory     : Returning cached instance of singleton bean 'org.springframework.boot.sql.init.dependency.DatabaseInitializationDependencyConfigurer$DependsOnDatabaseInitializationPostProcessor'
2025-01-07T20:30:50.627+07:00 TRACE 27900 --- [csrf] [    Test worker] o.s.b.f.s.DefaultListableBeanFactory     : Returning cached instance of singleton bean 'org.springframework.boot.autoconfigure.task.TaskSchedulingConfigurations$ThreadPoolTaskSchedulerBuilderConfiguration'
2025-01-07T20:30:50.627+07:00 TRACE 27900 --- [csrf] [    Test worker] o.s.b.f.s.DefaultListableBeanFactory     : Returning cached instance of singleton bean 'threadPoolTaskSchedulerBuilder'
2025-01-07T20:30:50.627+07:00 TRACE 27900 --- [csrf] [    Test worker] o.s.b.f.s.DefaultListableBeanFactory     : Returning cached instance of singleton bean 'org.springframework.boot.autoconfigure.task.TaskSchedulingConfigurations$SimpleAsyncTaskSchedulerBuilderConfiguration'
2025-01-07T20:30:50.627+07:00 TRACE 27900 --- [csrf] [    Test worker] o.s.b.f.s.DefaultListableBeanFactory     : Returning cached instance of singleton bean 'simpleAsyncTaskSchedulerBuilder'
2025-01-07T20:30:50.627+07:00 TRACE 27900 --- [csrf] [    Test worker] o.s.b.f.s.DefaultListableBeanFactory     : Returning cached instance of singleton bean 'org.springframework.boot.autoconfigure.task.TaskSchedulingAutoConfiguration'
2025-01-07T20:30:50.628+07:00 TRACE 27900 --- [csrf] [    Test worker] o.s.b.f.s.DefaultListableBeanFactory     : Returning cached instance of singleton bean 'spring.task.scheduling-org.springframework.boot.autoconfigure.task.TaskSchedulingProperties'
2025-01-07T20:30:50.628+07:00 TRACE 27900 --- [csrf] [    Test worker] o.s.b.f.s.DefaultListableBeanFactory     : Returning cached instance of singleton bean 'org.springframework.boot.autoconfigure.web.client.RestClientAutoConfiguration'
2025-01-07T20:30:50.628+07:00 TRACE 27900 --- [csrf] [    Test worker] o.s.b.f.s.DefaultListableBeanFactory     : Returning cached instance of singleton bean 'httpMessageConvertersRestClientCustomizer'
2025-01-07T20:30:50.628+07:00 TRACE 27900 --- [csrf] [    Test worker] o.s.b.f.s.DefaultListableBeanFactory     : Returning cached instance of singleton bean 'restClientSsl'
2025-01-07T20:30:50.628+07:00 TRACE 27900 --- [csrf] [    Test worker] o.s.b.f.s.DefaultListableBeanFactory     : Returning cached instance of singleton bean 'restClientBuilderConfigurer'
2025-01-07T20:30:50.628+07:00 TRACE 27900 --- [csrf] [    Test worker] o.s.b.f.s.DefaultListableBeanFactory     : Returning cached instance of singleton bean 'org.springframework.boot.autoconfigure.web.client.RestTemplateAutoConfiguration'
2025-01-07T20:30:50.628+07:00 TRACE 27900 --- [csrf] [    Test worker] o.s.b.f.s.DefaultListableBeanFactory     : Returning cached instance of singleton bean 'restTemplateBuilderConfigurer'
2025-01-07T20:30:50.628+07:00 TRACE 27900 --- [csrf] [    Test worker] o.s.b.f.s.DefaultListableBeanFactory     : Returning cached instance of singleton bean 'restTemplateBuilder'
2025-01-07T20:30:50.628+07:00 TRACE 27900 --- [csrf] [    Test worker] o.s.b.f.s.DefaultListableBeanFactory     : Returning cached instance of singleton bean 'org.springframework.boot.autoconfigure.web.embedded.EmbeddedWebServerFactoryCustomizerAutoConfiguration$TomcatWebServerFactoryCustomizerConfiguration'
2025-01-07T20:30:50.628+07:00 TRACE 27900 --- [csrf] [    Test worker] o.s.b.f.s.DefaultListableBeanFactory     : Returning cached instance of singleton bean 'tomcatWebServerFactoryCustomizer'
2025-01-07T20:30:50.628+07:00 TRACE 27900 --- [csrf] [    Test worker] o.s.b.f.s.DefaultListableBeanFactory     : Returning cached instance of singleton bean 'org.springframework.boot.autoconfigure.web.embedded.EmbeddedWebServerFactoryCustomizerAutoConfiguration'
2025-01-07T20:30:50.628+07:00 TRACE 27900 --- [csrf] [    Test worker] o.s.b.f.s.DefaultListableBeanFactory     : Returning cached instance of singleton bean 'org.springframework.boot.autoconfigure.web.servlet.HttpEncodingAutoConfiguration'
2025-01-07T20:30:50.628+07:00 TRACE 27900 --- [csrf] [    Test worker] o.s.b.f.s.DefaultListableBeanFactory     : Returning cached instance of singleton bean 'characterEncodingFilter'
2025-01-07T20:30:50.628+07:00 TRACE 27900 --- [csrf] [    Test worker] o.s.b.f.s.DefaultListableBeanFactory     : Returning cached instance of singleton bean 'localeCharsetMappingsCustomizer'
2025-01-07T20:30:50.628+07:00 TRACE 27900 --- [csrf] [    Test worker] o.s.b.f.s.DefaultListableBeanFactory     : Returning cached instance of singleton bean 'org.springframework.boot.autoconfigure.web.servlet.MultipartAutoConfiguration'
2025-01-07T20:30:50.628+07:00 TRACE 27900 --- [csrf] [    Test worker] o.s.b.f.s.DefaultListableBeanFactory     : Returning cached instance of singleton bean 'multipartConfigElement'
2025-01-07T20:30:50.628+07:00 TRACE 27900 --- [csrf] [    Test worker] o.s.b.f.s.DefaultListableBeanFactory     : Returning cached instance of singleton bean 'multipartResolver'
2025-01-07T20:30:50.628+07:00 TRACE 27900 --- [csrf] [    Test worker] o.s.b.f.s.DefaultListableBeanFactory     : Returning cached instance of singleton bean 'spring.servlet.multipart-org.springframework.boot.autoconfigure.web.servlet.MultipartProperties'
2025-01-07T20:30:50.628+07:00 TRACE 27900 --- [csrf] [    Test worker] o.s.b.f.s.DefaultListableBeanFactory     : Returning cached instance of singleton bean 'org.springframework.boot.test.web.client.TestRestTemplate'
2025-01-07T20:30:50.628+07:00 TRACE 27900 --- [csrf] [    Test worker] o.s.b.f.s.DefaultListableBeanFactory     : Returning cached instance of singleton bean 'org.springframework.boot.test.web.client.TestRestTemplate'
2025-01-07T20:30:50.628+07:00 TRACE 27900 --- [csrf] [    Test worker] o.s.b.f.s.DefaultListableBeanFactory     : Returning cached instance of singleton bean 'mvcHandlerMappingIntrospectorRequestTransformer'
2025-01-07T20:30:50.628+07:00 TRACE 27900 --- [csrf] [    Test worker] o.s.b.f.s.DefaultListableBeanFactory     : Returning cached instance of singleton bean 'springSecurityFilterChain'
2025-01-07T20:30:50.628+07:00 TRACE 27900 --- [csrf] [    Test worker] o.s.b.f.s.DefaultListableBeanFactory     : Returning cached instance of singleton bean 'org.springframework.aop.config.internalAutoProxyCreator'
2025-01-07T20:30:50.628+07:00 TRACE 27900 --- [csrf] [    Test worker] o.s.b.f.s.DefaultListableBeanFactory     : Returning cached instance of singleton bean 'org.springframework.boot.test.mock.mockito.MockitoBeans'
2025-01-07T20:30:50.628+07:00 TRACE 27900 --- [csrf] [    Test worker] c.DefaultCacheAwareContextLoaderDelegate : Retrieved ApplicationContext [1114525788] from cache with key [WebMergedContextConfiguration@17d76ebb testClass = com.example.csrf.CsrfApplicationTests, locations = [], classes = [com.example.csrf.CsrfApplication], contextInitializerClasses = [], activeProfiles = [], propertySourceDescriptors = [], propertySourceProperties = ["org.springframework.boot.test.context.SpringBootTestContextBootstrapper=true", "server.port=0"], contextCustomizers = [org.springframework.boot.test.autoconfigure.OnFailureConditionReportContextCustomizerFactory$OnFailureConditionReportContextCustomizer@3016fd5e, org.springframework.boot.test.autoconfigure.actuate.observability.ObservabilityContextCustomizerFactory$DisableObservabilityContextCustomizer@1f, org.springframework.boot.test.autoconfigure.properties.PropertyMappingContextCustomizer@0, org.springframework.boot.test.autoconfigure.web.servlet.WebDriverContextCustomizer@2072acb2, org.springframework.boot.test.context.filter.ExcludeFilterContextCustomizer@732f29af, org.springframework.boot.test.json.DuplicateJsonObjectContextCustomizerFactory$DuplicateJsonObjectContextCustomizer@64ba3208, org.springframework.boot.test.mock.mockito.MockitoContextCustomizer@0, org.springframework.boot.test.web.client.TestRestTemplateContextCustomizer@8692d67, org.springframework.boot.test.web.reactor.netty.DisableReactorResourceFactoryGlobalResourcesContextCustomizerFactory$DisableReactorResourceFactoryGlobalResourcesContextCustomizerCustomizer@37052337, org.springframework.test.context.support.DynamicPropertiesContextCustomizer@0, org.springframework.boot.test.context.SpringBootTestAnnotation@3d5c2d0e], resourceBasePath = "src/main/webapp", contextLoader = org.springframework.boot.test.context.SpringBootContextLoader, parent = null]
2025-01-07T20:30:50.628+07:00 DEBUG 27900 --- [csrf] [    Test worker] org.springframework.test.context.cache   : Spring test ApplicationContext cache statistics: [DefaultContextCache@40b31a16 size = 1, maxSize = 32, parentContextCount = 0, hitCount = 4, missCount = 1, failureCount = 0]
2025-01-07T20:30:50.628+07:00 TRACE 27900 --- [csrf] [    Test worker] o.s.b.f.s.DefaultListableBeanFactory     : Returning cached instance of singleton bean 'org.springframework.context.annotation.internalConfigurationAnnotationProcessor'
2025-01-07T20:30:50.628+07:00 TRACE 27900 --- [csrf] [    Test worker] o.s.b.f.s.DefaultListableBeanFactory     : Returning cached instance of singleton bean 'org.springframework.context.annotation.internalAutowiredAnnotationProcessor'
2025-01-07T20:30:50.628+07:00 TRACE 27900 --- [csrf] [    Test worker] o.s.b.f.s.DefaultListableBeanFactory     : Returning cached instance of singleton bean 'org.springframework.context.annotation.internalCommonAnnotationProcessor'
2025-01-07T20:30:50.628+07:00 TRACE 27900 --- [csrf] [    Test worker] o.s.b.f.s.DefaultListableBeanFactory     : Returning cached instance of singleton bean 'org.springframework.context.event.internalEventListenerProcessor'
2025-01-07T20:30:50.628+07:00 TRACE 27900 --- [csrf] [    Test worker] o.s.b.f.s.DefaultListableBeanFactory     : Returning cached instance of singleton bean 'org.springframework.context.event.internalEventListenerFactory'
2025-01-07T20:30:50.628+07:00 TRACE 27900 --- [csrf] [    Test worker] o.s.b.f.s.DefaultListableBeanFactory     : Returning cached instance of singleton bean 'org.springframework.boot.test.mock.mockito.MockitoPostProcessor$SpyPostProcessor'
2025-01-07T20:30:50.628+07:00 TRACE 27900 --- [csrf] [    Test worker] o.s.b.f.s.DefaultListableBeanFactory     : Returning cached instance of singleton bean 'org.springframework.boot.test.mock.mockito.MockitoPostProcessor'
2025-01-07T20:30:50.628+07:00 TRACE 27900 --- [csrf] [    Test worker] o.s.b.f.s.DefaultListableBeanFactory     : Returning cached instance of singleton bean 'org.springframework.boot.test.web.client.TestRestTemplateContextCustomizer$TestRestTemplateRegistrar'
2025-01-07T20:30:50.628+07:00 TRACE 27900 --- [csrf] [    Test worker] o.s.b.f.s.DefaultListableBeanFactory     : Returning cached instance of singleton bean 'org.springframework.test.context.support.internalDynamicPropertyRegistrarBeanInitializer'
2025-01-07T20:30:50.628+07:00 TRACE 27900 --- [csrf] [    Test worker] o.s.b.f.s.DefaultListableBeanFactory     : Returning cached instance of singleton bean 'csrfApplication'
2025-01-07T20:30:50.628+07:00 TRACE 27900 --- [csrf] [    Test worker] o.s.b.f.s.DefaultListableBeanFactory     : Returning cached instance of singleton bean 'org.springframework.boot.autoconfigure.internalCachingMetadataReaderFactory'
2025-01-07T20:30:50.628+07:00 TRACE 27900 --- [csrf] [    Test worker] o.s.b.f.s.DefaultListableBeanFactory     : Returning cached instance of singleton bean 'org.springframework.boot.autoconfigure.internalCachingMetadataReaderFactory'
2025-01-07T20:30:50.628+07:00 TRACE 27900 --- [csrf] [    Test worker] o.s.b.f.s.DefaultListableBeanFactory     : Returning cached instance of singleton bean 'authorizationServerConfig'
2025-01-07T20:30:50.628+07:00 TRACE 27900 --- [csrf] [    Test worker] o.s.b.f.s.DefaultListableBeanFactory     : Returning cached instance of singleton bean 'endpoint'
2025-01-07T20:30:50.628+07:00 TRACE 27900 --- [csrf] [    Test worker] o.s.b.f.s.DefaultListableBeanFactory     : Returning cached instance of singleton bean 'securityFilterChain'
2025-01-07T20:30:50.628+07:00 TRACE 27900 --- [csrf] [    Test worker] o.s.b.f.s.DefaultListableBeanFactory     : Returning cached instance of singleton bean 'org.springframework.boot.autoconfigure.AutoConfigurationPackages'
2025-01-07T20:30:50.628+07:00 TRACE 27900 --- [csrf] [    Test worker] o.s.b.f.s.DefaultListableBeanFactory     : Returning cached instance of singleton bean 'org.springframework.boot.autoconfigure.context.PropertyPlaceholderAutoConfiguration'
2025-01-07T20:30:50.628+07:00 TRACE 27900 --- [csrf] [    Test worker] o.s.b.f.s.DefaultListableBeanFactory     : Returning cached instance of singleton bean 'propertySourcesPlaceholderConfigurer'
2025-01-07T20:30:50.628+07:00 TRACE 27900 --- [csrf] [    Test worker] o.s.b.f.s.DefaultListableBeanFactory     : Returning cached instance of singleton bean 'org.springframework.boot.autoconfigure.ssl.SslAutoConfiguration'
2025-01-07T20:30:50.628+07:00 TRACE 27900 --- [csrf] [    Test worker] o.s.b.f.s.DefaultListableBeanFactory     : Returning cached instance of singleton bean 'fileWatcher'
2025-01-07T20:30:50.628+07:00 TRACE 27900 --- [csrf] [    Test worker] o.s.b.f.s.DefaultListableBeanFactory     : Returning cached instance of singleton bean 'sslPropertiesSslBundleRegistrar'
2025-01-07T20:30:50.628+07:00 TRACE 27900 --- [csrf] [    Test worker] o.s.b.f.s.DefaultListableBeanFactory     : Returning cached instance of singleton bean 'sslBundleRegistry'
2025-01-07T20:30:50.628+07:00 TRACE 27900 --- [csrf] [    Test worker] o.s.b.f.s.DefaultListableBeanFactory     : Returning cached instance of singleton bean 'org.springframework.boot.context.properties.ConfigurationPropertiesBindingPostProcessor'
2025-01-07T20:30:50.628+07:00 TRACE 27900 --- [csrf] [    Test worker] o.s.b.f.s.DefaultListableBeanFactory     : Returning cached instance of singleton bean 'org.springframework.boot.context.internalConfigurationPropertiesBinder'
2025-01-07T20:30:50.628+07:00 TRACE 27900 --- [csrf] [    Test worker] o.s.b.f.s.DefaultListableBeanFactory     : Returning cached instance of singleton bean 'org.springframework.boot.context.internalConfigurationPropertiesBinder'
2025-01-07T20:30:50.628+07:00 TRACE 27900 --- [csrf] [    Test worker] o.s.b.f.s.DefaultListableBeanFactory     : Returning cached instance of singleton bean 'org.springframework.boot.context.properties.BoundConfigurationProperties'
2025-01-07T20:30:50.628+07:00 TRACE 27900 --- [csrf] [    Test worker] o.s.b.f.s.DefaultListableBeanFactory     : Returning cached instance of singleton bean 'org.springframework.boot.context.properties.EnableConfigurationPropertiesRegistrar.methodValidationExcludeFilter'
2025-01-07T20:30:50.628+07:00 TRACE 27900 --- [csrf] [    Test worker] o.s.b.f.s.DefaultListableBeanFactory     : Returning cached instance of singleton bean 'spring.ssl-org.springframework.boot.autoconfigure.ssl.SslProperties'
2025-01-07T20:30:50.628+07:00 TRACE 27900 --- [csrf] [    Test worker] o.s.b.f.s.DefaultListableBeanFactory     : Returning cached instance of singleton bean 'org.springframework.boot.autoconfigure.websocket.servlet.WebSocketServletAutoConfiguration$TomcatWebSocketConfiguration'
2025-01-07T20:30:50.628+07:00 TRACE 27900 --- [csrf] [    Test worker] o.s.b.f.s.DefaultListableBeanFactory     : Returning cached instance of singleton bean 'websocketServletWebServerCustomizer'
2025-01-07T20:30:50.628+07:00 TRACE 27900 --- [csrf] [    Test worker] o.s.b.f.s.DefaultListableBeanFactory     : Returning cached instance of singleton bean 'org.springframework.boot.autoconfigure.websocket.servlet.WebSocketServletAutoConfiguration'
2025-01-07T20:30:50.628+07:00 TRACE 27900 --- [csrf] [    Test worker] o.s.b.f.s.DefaultListableBeanFactory     : Returning cached instance of singleton bean 'org.springframework.boot.autoconfigure.web.servlet.ServletWebServerFactoryConfiguration$EmbeddedTomcat'
2025-01-07T20:30:50.628+07:00 TRACE 27900 --- [csrf] [    Test worker] o.s.b.f.s.DefaultListableBeanFactory     : Returning cached instance of singleton bean 'tomcatServletWebServerFactory'
2025-01-07T20:30:50.628+07:00 TRACE 27900 --- [csrf] [    Test worker] o.s.b.f.s.DefaultListableBeanFactory     : Returning cached instance of singleton bean 'org.springframework.boot.autoconfigure.web.servlet.ServletWebServerFactoryAutoConfiguration'
2025-01-07T20:30:50.628+07:00 TRACE 27900 --- [csrf] [    Test worker] o.s.b.f.s.DefaultListableBeanFactory     : Returning cached instance of singleton bean 'servletWebServerFactoryCustomizer'
2025-01-07T20:30:50.628+07:00 TRACE 27900 --- [csrf] [    Test worker] o.s.b.f.s.DefaultListableBeanFactory     : Returning cached instance of singleton bean 'tomcatServletWebServerFactoryCustomizer'
2025-01-07T20:30:50.629+07:00 TRACE 27900 --- [csrf] [    Test worker] o.s.b.f.s.DefaultListableBeanFactory     : Returning cached instance of singleton bean 'server-org.springframework.boot.autoconfigure.web.ServerProperties'
2025-01-07T20:30:50.629+07:00 TRACE 27900 --- [csrf] [    Test worker] o.s.b.f.s.DefaultListableBeanFactory     : Returning cached instance of singleton bean 'webServerFactoryCustomizerBeanPostProcessor'
2025-01-07T20:30:50.629+07:00 TRACE 27900 --- [csrf] [    Test worker] o.s.b.f.s.DefaultListableBeanFactory     : Returning cached instance of singleton bean 'errorPageRegistrarBeanPostProcessor'
2025-01-07T20:30:50.629+07:00 TRACE 27900 --- [csrf] [    Test worker] o.s.b.f.s.DefaultListableBeanFactory     : Returning cached instance of singleton bean 'org.springframework.boot.autoconfigure.web.servlet.DispatcherServletAutoConfiguration$DispatcherServletConfiguration'
2025-01-07T20:30:50.629+07:00 TRACE 27900 --- [csrf] [    Test worker] o.s.b.f.s.DefaultListableBeanFactory     : Returning cached instance of singleton bean 'dispatcherServlet'
2025-01-07T20:30:50.629+07:00 TRACE 27900 --- [csrf] [    Test worker] o.s.b.f.s.DefaultListableBeanFactory     : Returning cached instance of singleton bean 'spring.mvc-org.springframework.boot.autoconfigure.web.servlet.WebMvcProperties'
2025-01-07T20:30:50.629+07:00 TRACE 27900 --- [csrf] [    Test worker] o.s.b.f.s.DefaultListableBeanFactory     : Returning cached instance of singleton bean 'org.springframework.boot.autoconfigure.web.servlet.DispatcherServletAutoConfiguration$DispatcherServletRegistrationConfiguration'
2025-01-07T20:30:50.629+07:00 TRACE 27900 --- [csrf] [    Test worker] o.s.b.f.s.DefaultListableBeanFactory     : Returning cached instance of singleton bean 'dispatcherServletRegistration'
2025-01-07T20:30:50.629+07:00 TRACE 27900 --- [csrf] [    Test worker] o.s.b.f.s.DefaultListableBeanFactory     : Returning cached instance of singleton bean 'org.springframework.boot.autoconfigure.web.servlet.DispatcherServletAutoConfiguration'
2025-01-07T20:30:50.629+07:00 TRACE 27900 --- [csrf] [    Test worker] o.s.b.f.s.DefaultListableBeanFactory     : Returning cached instance of singleton bean 'org.springframework.boot.autoconfigure.task.TaskExecutorConfigurations$ThreadPoolTaskExecutorBuilderConfiguration'
2025-01-07T20:30:50.629+07:00 TRACE 27900 --- [csrf] [    Test worker] o.s.b.f.s.DefaultListableBeanFactory     : Returning cached instance of singleton bean 'threadPoolTaskExecutorBuilder'
2025-01-07T20:30:50.629+07:00 TRACE 27900 --- [csrf] [    Test worker] o.s.b.f.s.DefaultListableBeanFactory     : Returning cached instance of singleton bean 'org.springframework.boot.autoconfigure.task.TaskExecutorConfigurations$SimpleAsyncTaskExecutorBuilderConfiguration'
2025-01-07T20:30:50.629+07:00 TRACE 27900 --- [csrf] [    Test worker] o.s.b.f.s.DefaultListableBeanFactory     : Returning cached instance of singleton bean 'simpleAsyncTaskExecutorBuilder'
2025-01-07T20:30:50.629+07:00 TRACE 27900 --- [csrf] [    Test worker] o.s.b.f.s.DefaultListableBeanFactory     : Returning cached instance of singleton bean 'org.springframework.boot.autoconfigure.task.TaskExecutorConfigurations$TaskExecutorConfiguration'
2025-01-07T20:30:50.629+07:00 TRACE 27900 --- [csrf] [    Test worker] o.s.b.f.s.DefaultListableBeanFactory     : Returning cached instance of singleton bean 'applicationTaskExecutor'
2025-01-07T20:30:50.629+07:00 TRACE 27900 --- [csrf] [    Test worker] o.s.b.f.s.DefaultListableBeanFactory     : Returning cached instance of singleton bean 'org.springframework.boot.autoconfigure.task.TaskExecutionAutoConfiguration'
2025-01-07T20:30:50.629+07:00 TRACE 27900 --- [csrf] [    Test worker] o.s.b.f.s.DefaultListableBeanFactory     : Returning cached instance of singleton bean 'spring.task.execution-org.springframework.boot.autoconfigure.task.TaskExecutionProperties'
2025-01-07T20:30:50.629+07:00 TRACE 27900 --- [csrf] [    Test worker] o.s.b.f.s.DefaultListableBeanFactory     : Returning cached instance of singleton bean 'org.springframework.boot.autoconfigure.web.servlet.error.ErrorMvcAutoConfiguration$WhitelabelErrorViewConfiguration'
2025-01-07T20:30:50.629+07:00 TRACE 27900 --- [csrf] [    Test worker] o.s.b.f.s.DefaultListableBeanFactory     : Returning cached instance of singleton bean 'error'
2025-01-07T20:30:50.629+07:00 TRACE 27900 --- [csrf] [    Test worker] o.s.b.f.s.DefaultListableBeanFactory     : Returning cached instance of singleton bean 'beanNameViewResolver'
2025-01-07T20:30:50.629+07:00 TRACE 27900 --- [csrf] [    Test worker] o.s.b.f.s.DefaultListableBeanFactory     : Returning cached instance of singleton bean 'org.springframework.boot.autoconfigure.web.servlet.error.ErrorMvcAutoConfiguration$DefaultErrorViewResolverConfiguration'
2025-01-07T20:30:50.629+07:00 TRACE 27900 --- [csrf] [    Test worker] o.s.b.f.s.DefaultListableBeanFactory     : Returning cached instance of singleton bean 'conventionErrorViewResolver'
2025-01-07T20:30:50.629+07:00 TRACE 27900 --- [csrf] [    Test worker] o.s.b.f.s.DefaultListableBeanFactory     : Returning cached instance of singleton bean 'spring.web-org.springframework.boot.autoconfigure.web.WebProperties'
2025-01-07T20:30:50.629+07:00 TRACE 27900 --- [csrf] [    Test worker] o.s.b.f.s.DefaultListableBeanFactory     : Returning cached instance of singleton bean 'org.springframework.boot.autoconfigure.web.servlet.error.ErrorMvcAutoConfiguration'
2025-01-07T20:30:50.629+07:00 TRACE 27900 --- [csrf] [    Test worker] o.s.b.f.s.DefaultListableBeanFactory     : Returning cached instance of singleton bean 'errorAttributes'
2025-01-07T20:30:50.629+07:00 TRACE 27900 --- [csrf] [    Test worker] o.s.b.f.s.DefaultListableBeanFactory     : Returning cached instance of singleton bean 'basicErrorController'
2025-01-07T20:30:50.629+07:00 TRACE 27900 --- [csrf] [    Test worker] o.s.b.f.s.DefaultListableBeanFactory     : Returning cached instance of singleton bean 'errorPageCustomizer'
2025-01-07T20:30:50.629+07:00 TRACE 27900 --- [csrf] [    Test worker] o.s.b.f.s.DefaultListableBeanFactory     : Returning cached instance of singleton bean 'preserveErrorControllerTargetClassPostProcessor'
2025-01-07T20:30:50.629+07:00 TRACE 27900 --- [csrf] [    Test worker] o.s.b.f.s.DefaultListableBeanFactory     : Returning cached instance of singleton bean 'org.springframework.boot.autoconfigure.web.servlet.WebMvcAutoConfiguration$EnableWebMvcConfiguration'
2025-01-07T20:30:50.629+07:00 TRACE 27900 --- [csrf] [    Test worker] o.s.b.f.s.DefaultListableBeanFactory     : Returning cached instance of singleton bean 'welcomePageHandlerMapping'
2025-01-07T20:30:50.629+07:00 TRACE 27900 --- [csrf] [    Test worker] o.s.b.f.s.DefaultListableBeanFactory     : Returning cached instance of singleton bean 'welcomePageNotAcceptableHandlerMapping'
2025-01-07T20:30:50.629+07:00 TRACE 27900 --- [csrf] [    Test worker] o.s.b.f.s.DefaultListableBeanFactory     : Returning cached instance of singleton bean 'localeResolver'
2025-01-07T20:30:50.629+07:00 TRACE 27900 --- [csrf] [    Test worker] o.s.b.f.s.DefaultListableBeanFactory     : Returning cached instance of singleton bean 'themeResolver'
2025-01-07T20:30:50.629+07:00 TRACE 27900 --- [csrf] [    Test worker] o.s.b.f.s.DefaultListableBeanFactory     : Returning cached instance of singleton bean 'flashMapManager'
2025-01-07T20:30:50.629+07:00 TRACE 27900 --- [csrf] [    Test worker] o.s.b.f.s.DefaultListableBeanFactory     : Returning cached instance of singleton bean 'viewNameTranslator'
2025-01-07T20:30:50.629+07:00 TRACE 27900 --- [csrf] [    Test worker] o.s.b.f.s.DefaultListableBeanFactory     : Returning cached instance of singleton bean 'mvcConversionService'
2025-01-07T20:30:50.629+07:00 TRACE 27900 --- [csrf] [    Test worker] o.s.b.f.s.DefaultListableBeanFactory     : Returning cached instance of singleton bean 'mvcValidator'
2025-01-07T20:30:50.629+07:00 TRACE 27900 --- [csrf] [    Test worker] o.s.b.f.s.DefaultListableBeanFactory     : Returning cached instance of singleton bean 'mvcContentNegotiationManager'
2025-01-07T20:30:50.629+07:00 TRACE 27900 --- [csrf] [    Test worker] o.s.b.f.s.DefaultListableBeanFactory     : Returning cached instance of singleton bean 'requestMappingHandlerMapping'
2025-01-07T20:30:50.629+07:00 TRACE 27900 --- [csrf] [    Test worker] o.s.b.f.s.DefaultListableBeanFactory     : Returning cached instance of singleton bean 'mvcPatternParser'
2025-01-07T20:30:50.629+07:00 TRACE 27900 --- [csrf] [    Test worker] o.s.b.f.s.DefaultListableBeanFactory     : Returning cached instance of singleton bean 'mvcUrlPathHelper'
2025-01-07T20:30:50.629+07:00 TRACE 27900 --- [csrf] [    Test worker] o.s.b.f.s.DefaultListableBeanFactory     : Returning cached instance of singleton bean 'mvcPathMatcher'
2025-01-07T20:30:50.629+07:00 TRACE 27900 --- [csrf] [    Test worker] o.s.b.f.s.DefaultListableBeanFactory     : Returning cached instance of singleton bean 'viewControllerHandlerMapping'
2025-01-07T20:30:50.629+07:00 TRACE 27900 --- [csrf] [    Test worker] o.s.b.f.s.DefaultListableBeanFactory     : Returning cached instance of singleton bean 'beanNameHandlerMapping'
2025-01-07T20:30:50.629+07:00 TRACE 27900 --- [csrf] [    Test worker] o.s.b.f.s.DefaultListableBeanFactory     : Returning cached instance of singleton bean 'routerFunctionMapping'
2025-01-07T20:30:50.629+07:00 TRACE 27900 --- [csrf] [    Test worker] o.s.b.f.s.DefaultListableBeanFactory     : Returning cached instance of singleton bean 'resourceHandlerMapping'
2025-01-07T20:30:50.629+07:00 TRACE 27900 --- [csrf] [    Test worker] o.s.b.f.s.DefaultListableBeanFactory     : Returning cached instance of singleton bean 'mvcResourceUrlProvider'
2025-01-07T20:30:50.629+07:00 TRACE 27900 --- [csrf] [    Test worker] o.s.b.f.s.DefaultListableBeanFactory     : Returning cached instance of singleton bean 'defaultServletHandlerMapping'
2025-01-07T20:30:50.629+07:00 TRACE 27900 --- [csrf] [    Test worker] o.s.b.f.s.DefaultListableBeanFactory     : Returning cached instance of singleton bean 'requestMappingHandlerAdapter'
2025-01-07T20:30:50.629+07:00 TRACE 27900 --- [csrf] [    Test worker] o.s.b.f.s.DefaultListableBeanFactory     : Returning cached instance of singleton bean 'handlerFunctionAdapter'
2025-01-07T20:30:50.629+07:00 TRACE 27900 --- [csrf] [    Test worker] o.s.b.f.s.DefaultListableBeanFactory     : Returning cached instance of singleton bean 'mvcUriComponentsContributor'
2025-01-07T20:30:50.629+07:00 TRACE 27900 --- [csrf] [    Test worker] o.s.b.f.s.DefaultListableBeanFactory     : Returning cached instance of singleton bean 'httpRequestHandlerAdapter'
2025-01-07T20:30:50.629+07:00 TRACE 27900 --- [csrf] [    Test worker] o.s.b.f.s.DefaultListableBeanFactory     : Returning cached instance of singleton bean 'simpleControllerHandlerAdapter'
2025-01-07T20:30:50.629+07:00 TRACE 27900 --- [csrf] [    Test worker] o.s.b.f.s.DefaultListableBeanFactory     : Returning cached instance of singleton bean 'handlerExceptionResolver'
2025-01-07T20:30:50.629+07:00 TRACE 27900 --- [csrf] [    Test worker] o.s.b.f.s.DefaultListableBeanFactory     : Returning cached instance of singleton bean 'mvcViewResolver'
2025-01-07T20:30:50.629+07:00 TRACE 27900 --- [csrf] [    Test worker] o.s.b.f.s.DefaultListableBeanFactory     : Returning cached instance of singleton bean 'mvcHandlerMappingIntrospector'
2025-01-07T20:30:50.629+07:00 TRACE 27900 --- [csrf] [    Test worker] o.s.b.f.s.DefaultListableBeanFactory     : Returning cached instance of singleton bean 'org.springframework.boot.autoconfigure.web.servlet.WebMvcAutoConfiguration$WebMvcAutoConfigurationAdapter'
2025-01-07T20:30:50.629+07:00 TRACE 27900 --- [csrf] [    Test worker] o.s.b.f.s.DefaultListableBeanFactory     : Returning cached instance of singleton bean 'defaultViewResolver'
2025-01-07T20:30:50.629+07:00 TRACE 27900 --- [csrf] [    Test worker] o.s.b.f.s.DefaultListableBeanFactory     : Returning cached instance of singleton bean 'viewResolver'
2025-01-07T20:30:50.629+07:00 TRACE 27900 --- [csrf] [    Test worker] o.s.b.f.s.DefaultListableBeanFactory     : Returning cached instance of singleton bean 'requestContextFilter'
2025-01-07T20:30:50.629+07:00 TRACE 27900 --- [csrf] [    Test worker] o.s.b.f.s.DefaultListableBeanFactory     : Returning cached instance of singleton bean 'org.springframework.boot.autoconfigure.web.servlet.WebMvcAutoConfiguration'
2025-01-07T20:30:50.629+07:00 TRACE 27900 --- [csrf] [    Test worker] o.s.b.f.s.DefaultListableBeanFactory     : Returning cached instance of singleton bean 'formContentFilter'
2025-01-07T20:30:50.629+07:00 TRACE 27900 --- [csrf] [    Test worker] o.s.b.f.s.DefaultListableBeanFactory     : Returning cached instance of singleton bean 'org.springframework.boot.autoconfigure.aop.AopAutoConfiguration$ClassProxyingConfiguration'
2025-01-07T20:30:50.629+07:00 TRACE 27900 --- [csrf] [    Test worker] o.s.b.f.s.DefaultListableBeanFactory     : Returning cached instance of singleton bean 'forceAutoProxyCreatorToUseClassProxying'
2025-01-07T20:30:50.629+07:00 TRACE 27900 --- [csrf] [    Test worker] o.s.b.f.s.DefaultListableBeanFactory     : Returning cached instance of singleton bean 'org.springframework.boot.autoconfigure.aop.AopAutoConfiguration'
2025-01-07T20:30:50.629+07:00 TRACE 27900 --- [csrf] [    Test worker] o.s.b.f.s.DefaultListableBeanFactory     : Returning cached instance of singleton bean 'org.springframework.boot.autoconfigure.availability.ApplicationAvailabilityAutoConfiguration'
2025-01-07T20:30:50.629+07:00 TRACE 27900 --- [csrf] [    Test worker] o.s.b.f.s.DefaultListableBeanFactory     : Returning cached instance of singleton bean 'applicationAvailability'
2025-01-07T20:30:50.629+07:00 TRACE 27900 --- [csrf] [    Test worker] o.s.b.f.s.DefaultListableBeanFactory     : Returning cached instance of singleton bean 'org.springframework.boot.autoconfigure.jackson.JacksonAutoConfiguration$Jackson2ObjectMapperBuilderCustomizerConfiguration'
2025-01-07T20:30:50.629+07:00 TRACE 27900 --- [csrf] [    Test worker] o.s.b.f.s.DefaultListableBeanFactory     : Returning cached instance of singleton bean 'standardJacksonObjectMapperBuilderCustomizer'
2025-01-07T20:30:50.629+07:00 TRACE 27900 --- [csrf] [    Test worker] o.s.b.f.s.DefaultListableBeanFactory     : Returning cached instance of singleton bean 'spring.jackson-org.springframework.boot.autoconfigure.jackson.JacksonProperties'
2025-01-07T20:30:50.629+07:00 TRACE 27900 --- [csrf] [    Test worker] o.s.b.f.s.DefaultListableBeanFactory     : Returning cached instance of singleton bean 'org.springframework.boot.autoconfigure.jackson.JacksonAutoConfiguration$JacksonObjectMapperBuilderConfiguration'
2025-01-07T20:30:50.629+07:00 TRACE 27900 --- [csrf] [    Test worker] o.s.b.f.s.DefaultListableBeanFactory     : Returning cached instance of singleton bean 'org.springframework.boot.autoconfigure.jackson.JacksonAutoConfiguration$ParameterNamesModuleConfiguration'
2025-01-07T20:30:50.629+07:00 TRACE 27900 --- [csrf] [    Test worker] o.s.b.f.s.DefaultListableBeanFactory     : Returning cached instance of singleton bean 'parameterNamesModule'
2025-01-07T20:30:50.629+07:00 TRACE 27900 --- [csrf] [    Test worker] o.s.b.f.s.DefaultListableBeanFactory     : Returning cached instance of singleton bean 'org.springframework.boot.autoconfigure.jackson.JacksonAutoConfiguration$JacksonObjectMapperConfiguration'
2025-01-07T20:30:50.629+07:00 TRACE 27900 --- [csrf] [    Test worker] o.s.b.f.s.DefaultListableBeanFactory     : Returning cached instance of singleton bean 'jacksonObjectMapper'
2025-01-07T20:30:50.629+07:00 TRACE 27900 --- [csrf] [    Test worker] o.s.b.f.s.DefaultListableBeanFactory     : Returning cached instance of singleton bean 'org.springframework.boot.autoconfigure.jackson.JacksonAutoConfiguration$JacksonMixinConfiguration'
2025-01-07T20:30:50.629+07:00 TRACE 27900 --- [csrf] [    Test worker] o.s.b.f.s.DefaultListableBeanFactory     : Returning cached instance of singleton bean 'jsonMixinModuleEntries'
2025-01-07T20:30:50.629+07:00 TRACE 27900 --- [csrf] [    Test worker] o.s.b.f.s.DefaultListableBeanFactory     : Returning cached instance of singleton bean 'jsonMixinModule'
2025-01-07T20:30:50.629+07:00 TRACE 27900 --- [csrf] [    Test worker] o.s.b.f.s.DefaultListableBeanFactory     : Returning cached instance of singleton bean 'org.springframework.boot.autoconfigure.jackson.JacksonAutoConfiguration'
2025-01-07T20:30:50.629+07:00 TRACE 27900 --- [csrf] [    Test worker] o.s.b.f.s.DefaultListableBeanFactory     : Returning cached instance of singleton bean 'jsonComponentModule'
2025-01-07T20:30:50.629+07:00 TRACE 27900 --- [csrf] [    Test worker] o.s.b.f.s.DefaultListableBeanFactory     : Returning cached instance of singleton bean 'org.springframework.boot.autoconfigure.context.ConfigurationPropertiesAutoConfiguration'
2025-01-07T20:30:50.629+07:00 TRACE 27900 --- [csrf] [    Test worker] o.s.b.f.s.DefaultListableBeanFactory     : Returning cached instance of singleton bean 'org.springframework.boot.autoconfigure.context.LifecycleAutoConfiguration'
2025-01-07T20:30:50.629+07:00 TRACE 27900 --- [csrf] [    Test worker] o.s.b.f.s.DefaultListableBeanFactory     : Returning cached instance of singleton bean 'lifecycleProcessor'
2025-01-07T20:30:50.629+07:00 TRACE 27900 --- [csrf] [    Test worker] o.s.b.f.s.DefaultListableBeanFactory     : Returning cached instance of singleton bean 'spring.lifecycle-org.springframework.boot.autoconfigure.context.LifecycleProperties'
2025-01-07T20:30:50.629+07:00 TRACE 27900 --- [csrf] [    Test worker] o.s.b.f.s.DefaultListableBeanFactory     : Returning cached instance of singleton bean 'org.springframework.boot.autoconfigure.http.HttpMessageConvertersAutoConfiguration$StringHttpMessageConverterConfiguration'
2025-01-07T20:30:50.629+07:00 TRACE 27900 --- [csrf] [    Test worker] o.s.b.f.s.DefaultListableBeanFactory     : Returning cached instance of singleton bean 'stringHttpMessageConverter'
2025-01-07T20:30:50.629+07:00 TRACE 27900 --- [csrf] [    Test worker] o.s.b.f.s.DefaultListableBeanFactory     : Returning cached instance of singleton bean 'org.springframework.boot.autoconfigure.http.JacksonHttpMessageConvertersConfiguration$MappingJackson2HttpMessageConverterConfiguration'
2025-01-07T20:30:50.629+07:00 TRACE 27900 --- [csrf] [    Test worker] o.s.b.f.s.DefaultListableBeanFactory     : Returning cached instance of singleton bean 'mappingJackson2HttpMessageConverter'
2025-01-07T20:30:50.629+07:00 TRACE 27900 --- [csrf] [    Test worker] o.s.b.f.s.DefaultListableBeanFactory     : Returning cached instance of singleton bean 'org.springframework.boot.autoconfigure.http.JacksonHttpMessageConvertersConfiguration'
2025-01-07T20:30:50.629+07:00 TRACE 27900 --- [csrf] [    Test worker] o.s.b.f.s.DefaultListableBeanFactory     : Returning cached instance of singleton bean 'org.springframework.boot.autoconfigure.http.HttpMessageConvertersAutoConfiguration'
2025-01-07T20:30:50.629+07:00 TRACE 27900 --- [csrf] [    Test worker] o.s.b.f.s.DefaultListableBeanFactory     : Returning cached instance of singleton bean 'messageConverters'
2025-01-07T20:30:50.629+07:00 TRACE 27900 --- [csrf] [    Test worker] o.s.b.f.s.DefaultListableBeanFactory     : Returning cached instance of singleton bean 'org.springframework.boot.autoconfigure.http.client.HttpClientAutoConfiguration'
2025-01-07T20:30:50.629+07:00 TRACE 27900 --- [csrf] [    Test worker] o.s.b.f.s.DefaultListableBeanFactory     : Returning cached instance of singleton bean 'clientHttpRequestFactoryBuilder'
2025-01-07T20:30:50.629+07:00 TRACE 27900 --- [csrf] [    Test worker] o.s.b.f.s.DefaultListableBeanFactory     : Returning cached instance of singleton bean 'clientHttpRequestFactorySettings'
2025-01-07T20:30:50.629+07:00 TRACE 27900 --- [csrf] [    Test worker] o.s.b.f.s.DefaultListableBeanFactory     : Returning cached instance of singleton bean 'spring.http.client-org.springframework.boot.autoconfigure.http.client.HttpClientProperties'
2025-01-07T20:30:50.629+07:00 TRACE 27900 --- [csrf] [    Test worker] o.s.b.f.s.DefaultListableBeanFactory     : Returning cached instance of singleton bean 'org.springframework.boot.autoconfigure.info.ProjectInfoAutoConfiguration'
2025-01-07T20:30:50.629+07:00 TRACE 27900 --- [csrf] [    Test worker] o.s.b.f.s.DefaultListableBeanFactory     : Returning cached instance of singleton bean 'spring.info-org.springframework.boot.autoconfigure.info.ProjectInfoProperties'
2025-01-07T20:30:50.629+07:00 TRACE 27900 --- [csrf] [    Test worker] o.s.b.f.s.DefaultListableBeanFactory     : Returning cached instance of singleton bean 'org.springframework.boot.autoconfigure.security.oauth2.server.servlet.OAuth2AuthorizationServerConfiguration'
2025-01-07T20:30:50.629+07:00 TRACE 27900 --- [csrf] [    Test worker] o.s.b.f.s.DefaultListableBeanFactory     : Returning cached instance of singleton bean 'authorizationServerSettings'
2025-01-07T20:30:50.629+07:00 TRACE 27900 --- [csrf] [    Test worker] o.s.b.f.s.DefaultListableBeanFactory     : Returning cached instance of singleton bean 'spring.security.oauth2.authorizationserver-org.springframework.boot.autoconfigure.security.oauth2.server.servlet.OAuth2AuthorizationServerProperties'
2025-01-07T20:30:50.629+07:00 TRACE 27900 --- [csrf] [    Test worker] o.s.b.f.s.DefaultListableBeanFactory     : Returning cached instance of singleton bean 'org.springframework.boot.autoconfigure.security.oauth2.server.servlet.OAuth2AuthorizationServerAutoConfiguration'
2025-01-07T20:30:50.629+07:00 TRACE 27900 --- [csrf] [    Test worker] o.s.b.f.s.DefaultListableBeanFactory     : Returning cached instance of singleton bean 'org.springframework.boot.autoconfigure.security.oauth2.resource.servlet.OAuth2ResourceServerJwtConfiguration$JwtDecoderConfiguration'
2025-01-07T20:30:50.629+07:00 TRACE 27900 --- [csrf] [    Test worker] o.s.b.f.s.DefaultListableBeanFactory     : Returning cached instance of singleton bean 'org.springframework.boot.autoconfigure.security.oauth2.resource.servlet.Oauth2ResourceServerConfiguration$JwtConfiguration'
2025-01-07T20:30:50.629+07:00 TRACE 27900 --- [csrf] [    Test worker] o.s.b.f.s.DefaultListableBeanFactory     : Returning cached instance of singleton bean 'org.springframework.boot.autoconfigure.security.oauth2.resource.servlet.OAuth2ResourceServerOpaqueTokenConfiguration$OpaqueTokenIntrospectionClientConfiguration'
2025-01-07T20:30:50.629+07:00 TRACE 27900 --- [csrf] [    Test worker] o.s.b.f.s.DefaultListableBeanFactory     : Returning cached instance of singleton bean 'org.springframework.boot.autoconfigure.security.oauth2.resource.servlet.Oauth2ResourceServerConfiguration$OpaqueTokenConfiguration'
2025-01-07T20:30:50.629+07:00 TRACE 27900 --- [csrf] [    Test worker] o.s.b.f.s.DefaultListableBeanFactory     : Returning cached instance of singleton bean 'org.springframework.boot.autoconfigure.security.oauth2.resource.servlet.OAuth2ResourceServerAutoConfiguration'
2025-01-07T20:30:50.629+07:00 TRACE 27900 --- [csrf] [    Test worker] o.s.b.f.s.DefaultListableBeanFactory     : Returning cached instance of singleton bean 'spring.security.oauth2.resourceserver-org.springframework.boot.autoconfigure.security.oauth2.resource.OAuth2ResourceServerProperties'
2025-01-07T20:30:50.629+07:00 TRACE 27900 --- [csrf] [    Test worker] o.s.b.f.s.DefaultListableBeanFactory     : Returning cached instance of singleton bean 'org.springframework.security.config.annotation.configuration.ObjectPostProcessorConfiguration'
2025-01-07T20:30:50.629+07:00 TRACE 27900 --- [csrf] [    Test worker] o.s.b.f.s.DefaultListableBeanFactory     : Returning cached instance of singleton bean 'objectPostProcessor'
2025-01-07T20:30:50.629+07:00 TRACE 27900 --- [csrf] [    Test worker] o.s.b.f.s.DefaultListableBeanFactory     : Returning cached instance of singleton bean 'org.springframework.security.config.annotation.authentication.configuration.AuthenticationConfiguration'
2025-01-07T20:30:50.629+07:00 TRACE 27900 --- [csrf] [    Test worker] o.s.b.f.s.DefaultListableBeanFactory     : Returning cached instance of singleton bean 'authenticationManagerBuilder'
2025-01-07T20:30:50.629+07:00 TRACE 27900 --- [csrf] [    Test worker] o.s.b.f.s.DefaultListableBeanFactory     : Returning cached instance of singleton bean 'enableGlobalAuthenticationAutowiredConfigurer'
2025-01-07T20:30:50.629+07:00 TRACE 27900 --- [csrf] [    Test worker] o.s.b.f.s.DefaultListableBeanFactory     : Returning cached instance of singleton bean 'initializeUserDetailsBeanManagerConfigurer'
2025-01-07T20:30:50.629+07:00 TRACE 27900 --- [csrf] [    Test worker] o.s.b.f.s.DefaultListableBeanFactory     : Returning cached instance of singleton bean 'initializeAuthenticationProviderBeanManagerConfigurer'
2025-01-07T20:30:50.629+07:00 TRACE 27900 --- [csrf] [    Test worker] o.s.b.f.s.DefaultListableBeanFactory     : Returning cached instance of singleton bean 'org.springframework.security.config.annotation.web.configuration.WebSecurityConfiguration'
2025-01-07T20:30:50.629+07:00 TRACE 27900 --- [csrf] [    Test worker] o.s.b.f.s.DefaultListableBeanFactory     : Returning cached instance of singleton bean 'delegatingApplicationListener'
2025-01-07T20:30:50.629+07:00 TRACE 27900 --- [csrf] [    Test worker] o.s.b.f.s.DefaultListableBeanFactory     : Returning cached instance of singleton bean 'webSecurityExpressionHandler'
2025-01-07T20:30:50.629+07:00 TRACE 27900 --- [csrf] [    Test worker] o.s.b.f.s.DefaultListableBeanFactory     : Returning cached instance of singleton bean 'privilegeEvaluator'
2025-01-07T20:30:50.629+07:00 TRACE 27900 --- [csrf] [    Test worker] o.s.b.f.s.DefaultListableBeanFactory     : Returning cached instance of singleton bean 'conversionServicePostProcessor'
2025-01-07T20:30:50.629+07:00 TRACE 27900 --- [csrf] [    Test worker] o.s.b.f.s.DefaultListableBeanFactory     : Returning cached instance of singleton bean 'org.springframework.security.config.annotation.web.configuration.WebMvcSecurityConfiguration'
2025-01-07T20:30:50.629+07:00 TRACE 27900 --- [csrf] [    Test worker] o.s.b.f.s.DefaultListableBeanFactory     : Returning cached instance of singleton bean 'requestDataValueProcessor'
2025-01-07T20:30:50.629+07:00 TRACE 27900 --- [csrf] [    Test worker] o.s.b.f.s.DefaultListableBeanFactory     : Returning cached instance of singleton bean 'springSecurityHandlerMappingIntrospectorBeanDefinitionRegistryPostProcessor'
2025-01-07T20:30:50.629+07:00 TRACE 27900 --- [csrf] [    Test worker] o.s.b.f.s.DefaultListableBeanFactory     : Returning cached instance of singleton bean 'org.springframework.security.config.annotation.web.configuration.HttpSecurityConfiguration'
2025-01-07T20:30:50.629+07:00 TRACE 27900 --- [csrf] [    Test worker] o.s.b.f.s.DefaultListableBeanFactory     : Returning cached instance of singleton bean 'org.springframework.security.config.annotation.web.configuration.ObservationConfiguration'
2025-01-07T20:30:50.629+07:00 TRACE 27900 --- [csrf] [    Test worker] o.s.b.f.s.DefaultListableBeanFactory     : Returning cached instance of singleton bean 'webAuthorizationManagerPostProcessor'
2025-01-07T20:30:50.629+07:00 TRACE 27900 --- [csrf] [    Test worker] o.s.b.f.s.DefaultListableBeanFactory     : Returning cached instance of singleton bean 'authenticationManagerPostProcessor'
2025-01-07T20:30:50.629+07:00 TRACE 27900 --- [csrf] [    Test worker] o.s.b.f.s.DefaultListableBeanFactory     : Returning cached instance of singleton bean 'filterChainDecoratorPostProcessor'
2025-01-07T20:30:50.629+07:00 TRACE 27900 --- [csrf] [    Test worker] o.s.b.f.s.DefaultListableBeanFactory     : Returning cached instance of singleton bean 'org.springframework.boot.autoconfigure.security.servlet.SpringBootWebSecurityConfiguration$WebSecurityEnablerConfiguration'
2025-01-07T20:30:50.629+07:00 TRACE 27900 --- [csrf] [    Test worker] o.s.b.f.s.DefaultListableBeanFactory     : Returning cached instance of singleton bean 'org.springframework.boot.autoconfigure.security.servlet.SpringBootWebSecurityConfiguration'
2025-01-07T20:30:50.629+07:00 TRACE 27900 --- [csrf] [    Test worker] o.s.b.f.s.DefaultListableBeanFactory     : Returning cached instance of singleton bean 'org.springframework.boot.autoconfigure.security.servlet.SecurityAutoConfiguration'
2025-01-07T20:30:50.629+07:00 TRACE 27900 --- [csrf] [    Test worker] o.s.b.f.s.DefaultListableBeanFactory     : Returning cached instance of singleton bean 'authenticationEventPublisher'
2025-01-07T20:30:50.629+07:00 TRACE 27900 --- [csrf] [    Test worker] o.s.b.f.s.DefaultListableBeanFactory     : Returning cached instance of singleton bean 'spring.security-org.springframework.boot.autoconfigure.security.SecurityProperties'
2025-01-07T20:30:50.629+07:00 TRACE 27900 --- [csrf] [    Test worker] o.s.b.f.s.DefaultListableBeanFactory     : Returning cached instance of singleton bean 'org.springframework.boot.autoconfigure.security.oauth2.server.servlet.OAuth2AuthorizationServerJwtAutoConfiguration'
2025-01-07T20:30:50.629+07:00 TRACE 27900 --- [csrf] [    Test worker] o.s.b.f.s.DefaultListableBeanFactory     : Returning cached instance of singleton bean 'jwtDecoder'
2025-01-07T20:30:50.629+07:00 TRACE 27900 --- [csrf] [    Test worker] o.s.b.f.s.DefaultListableBeanFactory     : Returning cached instance of singleton bean 'jwkSource'
2025-01-07T20:30:50.629+07:00 TRACE 27900 --- [csrf] [    Test worker] o.s.b.f.s.DefaultListableBeanFactory     : Returning cached instance of singleton bean 'org.springframework.boot.autoconfigure.security.servlet.SecurityFilterAutoConfiguration'
2025-01-07T20:30:50.629+07:00 TRACE 27900 --- [csrf] [    Test worker] o.s.b.f.s.DefaultListableBeanFactory     : Returning cached instance of singleton bean 'securityFilterChainRegistration'
2025-01-07T20:30:50.629+07:00 TRACE 27900 --- [csrf] [    Test worker] o.s.b.f.s.DefaultListableBeanFactory     : Returning cached instance of singleton bean 'org.springframework.boot.autoconfigure.sql.init.SqlInitializationAutoConfiguration'
2025-01-07T20:30:50.629+07:00 TRACE 27900 --- [csrf] [    Test worker] o.s.b.f.s.DefaultListableBeanFactory     : Returning cached instance of singleton bean 'spring.sql.init-org.springframework.boot.autoconfigure.sql.init.SqlInitializationProperties'
2025-01-07T20:30:50.629+07:00 TRACE 27900 --- [csrf] [    Test worker] o.s.b.f.s.DefaultListableBeanFactory     : Returning cached instance of singleton bean 'org.springframework.boot.sql.init.dependency.DatabaseInitializationDependencyConfigurer$DependsOnDatabaseInitializationPostProcessor'
2025-01-07T20:30:50.629+07:00 TRACE 27900 --- [csrf] [    Test worker] o.s.b.f.s.DefaultListableBeanFactory     : Returning cached instance of singleton bean 'org.springframework.boot.autoconfigure.task.TaskSchedulingConfigurations$ThreadPoolTaskSchedulerBuilderConfiguration'
2025-01-07T20:30:50.629+07:00 TRACE 27900 --- [csrf] [    Test worker] o.s.b.f.s.DefaultListableBeanFactory     : Returning cached instance of singleton bean 'threadPoolTaskSchedulerBuilder'
2025-01-07T20:30:50.629+07:00 TRACE 27900 --- [csrf] [    Test worker] o.s.b.f.s.DefaultListableBeanFactory     : Returning cached instance of singleton bean 'org.springframework.boot.autoconfigure.task.TaskSchedulingConfigurations$SimpleAsyncTaskSchedulerBuilderConfiguration'
2025-01-07T20:30:50.629+07:00 TRACE 27900 --- [csrf] [    Test worker] o.s.b.f.s.DefaultListableBeanFactory     : Returning cached instance of singleton bean 'simpleAsyncTaskSchedulerBuilder'
2025-01-07T20:30:50.629+07:00 TRACE 27900 --- [csrf] [    Test worker] o.s.b.f.s.DefaultListableBeanFactory     : Returning cached instance of singleton bean 'org.springframework.boot.autoconfigure.task.TaskSchedulingAutoConfiguration'
2025-01-07T20:30:50.629+07:00 TRACE 27900 --- [csrf] [    Test worker] o.s.b.f.s.DefaultListableBeanFactory     : Returning cached instance of singleton bean 'spring.task.scheduling-org.springframework.boot.autoconfigure.task.TaskSchedulingProperties'
2025-01-07T20:30:50.629+07:00 TRACE 27900 --- [csrf] [    Test worker] o.s.b.f.s.DefaultListableBeanFactory     : Returning cached instance of singleton bean 'org.springframework.boot.autoconfigure.web.client.RestClientAutoConfiguration'
2025-01-07T20:30:50.629+07:00 TRACE 27900 --- [csrf] [    Test worker] o.s.b.f.s.DefaultListableBeanFactory     : Returning cached instance of singleton bean 'httpMessageConvertersRestClientCustomizer'
2025-01-07T20:30:50.629+07:00 TRACE 27900 --- [csrf] [    Test worker] o.s.b.f.s.DefaultListableBeanFactory     : Returning cached instance of singleton bean 'restClientSsl'
2025-01-07T20:30:50.629+07:00 TRACE 27900 --- [csrf] [    Test worker] o.s.b.f.s.DefaultListableBeanFactory     : Returning cached instance of singleton bean 'restClientBuilderConfigurer'
2025-01-07T20:30:50.629+07:00 TRACE 27900 --- [csrf] [    Test worker] o.s.b.f.s.DefaultListableBeanFactory     : Returning cached instance of singleton bean 'org.springframework.boot.autoconfigure.web.client.RestTemplateAutoConfiguration'
2025-01-07T20:30:50.630+07:00 TRACE 27900 --- [csrf] [    Test worker] o.s.b.f.s.DefaultListableBeanFactory     : Returning cached instance of singleton bean 'restTemplateBuilderConfigurer'
2025-01-07T20:30:50.630+07:00 TRACE 27900 --- [csrf] [    Test worker] o.s.b.f.s.DefaultListableBeanFactory     : Returning cached instance of singleton bean 'restTemplateBuilder'
2025-01-07T20:30:50.630+07:00 TRACE 27900 --- [csrf] [    Test worker] o.s.b.f.s.DefaultListableBeanFactory     : Returning cached instance of singleton bean 'org.springframework.boot.autoconfigure.web.embedded.EmbeddedWebServerFactoryCustomizerAutoConfiguration$TomcatWebServerFactoryCustomizerConfiguration'
2025-01-07T20:30:50.630+07:00 TRACE 27900 --- [csrf] [    Test worker] o.s.b.f.s.DefaultListableBeanFactory     : Returning cached instance of singleton bean 'tomcatWebServerFactoryCustomizer'
2025-01-07T20:30:50.630+07:00 TRACE 27900 --- [csrf] [    Test worker] o.s.b.f.s.DefaultListableBeanFactory     : Returning cached instance of singleton bean 'org.springframework.boot.autoconfigure.web.embedded.EmbeddedWebServerFactoryCustomizerAutoConfiguration'
2025-01-07T20:30:50.630+07:00 TRACE 27900 --- [csrf] [    Test worker] o.s.b.f.s.DefaultListableBeanFactory     : Returning cached instance of singleton bean 'org.springframework.boot.autoconfigure.web.servlet.HttpEncodingAutoConfiguration'
2025-01-07T20:30:50.630+07:00 TRACE 27900 --- [csrf] [    Test worker] o.s.b.f.s.DefaultListableBeanFactory     : Returning cached instance of singleton bean 'characterEncodingFilter'
2025-01-07T20:30:50.630+07:00 TRACE 27900 --- [csrf] [    Test worker] o.s.b.f.s.DefaultListableBeanFactory     : Returning cached instance of singleton bean 'localeCharsetMappingsCustomizer'
2025-01-07T20:30:50.630+07:00 TRACE 27900 --- [csrf] [    Test worker] o.s.b.f.s.DefaultListableBeanFactory     : Returning cached instance of singleton bean 'org.springframework.boot.autoconfigure.web.servlet.MultipartAutoConfiguration'
2025-01-07T20:30:50.630+07:00 TRACE 27900 --- [csrf] [    Test worker] o.s.b.f.s.DefaultListableBeanFactory     : Returning cached instance of singleton bean 'multipartConfigElement'
2025-01-07T20:30:50.630+07:00 TRACE 27900 --- [csrf] [    Test worker] o.s.b.f.s.DefaultListableBeanFactory     : Returning cached instance of singleton bean 'multipartResolver'
2025-01-07T20:30:50.630+07:00 TRACE 27900 --- [csrf] [    Test worker] o.s.b.f.s.DefaultListableBeanFactory     : Returning cached instance of singleton bean 'spring.servlet.multipart-org.springframework.boot.autoconfigure.web.servlet.MultipartProperties'
2025-01-07T20:30:50.630+07:00 TRACE 27900 --- [csrf] [    Test worker] o.s.b.f.s.DefaultListableBeanFactory     : Returning cached instance of singleton bean 'org.springframework.boot.test.web.client.TestRestTemplate'
2025-01-07T20:30:50.630+07:00 TRACE 27900 --- [csrf] [    Test worker] o.s.b.f.s.DefaultListableBeanFactory     : Returning cached instance of singleton bean 'org.springframework.boot.test.web.client.TestRestTemplate'
2025-01-07T20:30:50.630+07:00 TRACE 27900 --- [csrf] [    Test worker] o.s.b.f.s.DefaultListableBeanFactory     : Returning cached instance of singleton bean 'mvcHandlerMappingIntrospectorRequestTransformer'
2025-01-07T20:30:50.630+07:00 TRACE 27900 --- [csrf] [    Test worker] o.s.b.f.s.DefaultListableBeanFactory     : Returning cached instance of singleton bean 'springSecurityFilterChain'
2025-01-07T20:30:50.630+07:00 TRACE 27900 --- [csrf] [    Test worker] o.s.b.f.s.DefaultListableBeanFactory     : Returning cached instance of singleton bean 'org.springframework.aop.config.internalAutoProxyCreator'
2025-01-07T20:30:50.630+07:00 TRACE 27900 --- [csrf] [    Test worker] o.s.test.context.TestContextManager      : beforeTestExecution(): instance [com.example.csrf.CsrfApplicationTests@68d8eb4f], method [void com.example.csrf.CsrfApplicationTests.test_Custom_Endpoint()]
2025-01-07T20:30:50.630+07:00 TRACE 27900 --- [csrf] [    Test worker] c.DefaultCacheAwareContextLoaderDelegate : Retrieved ApplicationContext [1114525788] from cache with key [WebMergedContextConfiguration@17d76ebb testClass = com.example.csrf.CsrfApplicationTests, locations = [], classes = [com.example.csrf.CsrfApplication], contextInitializerClasses = [], activeProfiles = [], propertySourceDescriptors = [], propertySourceProperties = ["org.springframework.boot.test.context.SpringBootTestContextBootstrapper=true", "server.port=0"], contextCustomizers = [org.springframework.boot.test.autoconfigure.OnFailureConditionReportContextCustomizerFactory$OnFailureConditionReportContextCustomizer@3016fd5e, org.springframework.boot.test.autoconfigure.actuate.observability.ObservabilityContextCustomizerFactory$DisableObservabilityContextCustomizer@1f, org.springframework.boot.test.autoconfigure.properties.PropertyMappingContextCustomizer@0, org.springframework.boot.test.autoconfigure.web.servlet.WebDriverContextCustomizer@2072acb2, org.springframework.boot.test.context.filter.ExcludeFilterContextCustomizer@732f29af, org.springframework.boot.test.json.DuplicateJsonObjectContextCustomizerFactory$DuplicateJsonObjectContextCustomizer@64ba3208, org.springframework.boot.test.mock.mockito.MockitoContextCustomizer@0, org.springframework.boot.test.web.client.TestRestTemplateContextCustomizer@8692d67, org.springframework.boot.test.web.reactor.netty.DisableReactorResourceFactoryGlobalResourcesContextCustomizerFactory$DisableReactorResourceFactoryGlobalResourcesContextCustomizerCustomizer@37052337, org.springframework.test.context.support.DynamicPropertiesContextCustomizer@0, org.springframework.boot.test.context.SpringBootTestAnnotation@3d5c2d0e], resourceBasePath = "src/main/webapp", contextLoader = org.springframework.boot.test.context.SpringBootContextLoader, parent = null]
2025-01-07T20:30:50.630+07:00 DEBUG 27900 --- [csrf] [    Test worker] org.springframework.test.context.cache   : Spring test ApplicationContext cache statistics: [DefaultContextCache@40b31a16 size = 1, maxSize = 32, parentContextCount = 0, hitCount = 5, missCount = 1, failureCount = 0]
2025-01-07T20:30:50.630+07:00 TRACE 27900 --- [csrf] [    Test worker] o.s.b.f.s.DefaultListableBeanFactory     : Returning cached instance of singleton bean 'delegatingApplicationListener'
2025-01-07T20:30:50.638+07:00 TRACE 27900 --- [csrf] [    Test worker] _.springframework.web.util.RfcUriParser  : START -> SCHEME_OR_PATH, index=0, componentIndex=0
2025-01-07T20:30:50.638+07:00 TRACE 27900 --- [csrf] [    Test worker] _.springframework.web.util.RfcUriParser  : scheme set to 'http'
2025-01-07T20:30:50.638+07:00 TRACE 27900 --- [csrf] [    Test worker] _.springframework.web.util.RfcUriParser  : SCHEME_OR_PATH -> START, index=4, componentIndex=0
2025-01-07T20:30:50.638+07:00 TRACE 27900 --- [csrf] [    Test worker] _.springframework.web.util.RfcUriParser  : START -> HOST_OR_PATH, index=5, componentIndex=5
2025-01-07T20:30:50.638+07:00 TRACE 27900 --- [csrf] [    Test worker] _.springframework.web.util.RfcUriParser  : host set to ''
2025-01-07T20:30:50.638+07:00 TRACE 27900 --- [csrf] [    Test worker] _.springframework.web.util.RfcUriParser  : HOST_OR_PATH -> HOST, index=6, componentIndex=7
2025-01-07T20:30:50.638+07:00 TRACE 27900 --- [csrf] [    Test worker] _.springframework.web.util.RfcUriParser  : host set to 'localhost'
2025-01-07T20:30:50.638+07:00 TRACE 27900 --- [csrf] [    Test worker] _.springframework.web.util.RfcUriParser  : HOST -> PORT, index=16, componentIndex=17
2025-01-07T20:30:50.638+07:00 TRACE 27900 --- [csrf] [    Test worker] _.springframework.web.util.RfcUriParser  : port set to '51961'
2025-01-07T20:30:50.638+07:00 TRACE 27900 --- [csrf] [    Test worker] _.springframework.web.util.RfcUriParser  : PORT -> PATH, index=22, componentIndex=22
2025-01-07T20:30:50.638+07:00 TRACE 27900 --- [csrf] [    Test worker] _.springframework.web.util.RfcUriParser  : path set to '/custom-endpoint'
2025-01-07T20:30:50.641+07:00 DEBUG 27900 --- [csrf] [    Test worker] o.s.web.client.RestTemplate              : HTTP POST http://localhost:51961/custom-endpoint
2025-01-07T20:30:50.643+07:00 DEBUG 27900 --- [csrf] [    Test worker] i.m.c.u.i.logging.InternalLoggerFactory  : Using SLF4J as the default logging framework
2025-01-07T20:30:50.645+07:00 DEBUG 27900 --- [csrf] [    Test worker] o.s.web.client.RestTemplate              : Accept=[text/plain, application/json, application/*+json, */*]
2025-01-07T20:30:50.646+07:00 DEBUG 27900 --- [csrf] [    Test worker] o.s.web.client.RestTemplate              : Writing [{whatever=[whatever]}] as "application/x-www-form-urlencoded"
2025-01-07T20:30:50.663+07:00 DEBUG 27900 --- [csrf] [auto-1-Acceptor] o.apache.tomcat.util.threads.LimitLatch  : Counting up[http-nio-auto-1-Acceptor] latch=1
2025-01-07T20:30:50.664+07:00 DEBUG 27900 --- [csrf] [o-auto-1-Poller] org.apache.tomcat.util.net.NioEndpoint   : timeout completed: keys processed=1; now=1736256650663; nextExpiration=0; keyCount=0; hasEvents=true; eval=false
2025-01-07T20:30:50.676+07:00 DEBUG 27900 --- [csrf] [o-auto-1-exec-1] o.a.coyote.http11.Http11InputBuffer      : Before fill(): parsingHeader: [true], parsingRequestLine: [true], parsingRequestLinePhase: [0], parsingRequestLineStart: [0], byteBuffer.position(): [0], byteBuffer.limit(): [0], end: [0]
2025-01-07T20:30:50.676+07:00 DEBUG 27900 --- [csrf] [o-auto-1-exec-1] o.a.tomcat.util.net.SocketWrapperBase    : Socket: [org.apache.tomcat.util.net.NioEndpoint$NioSocketWrapper@2806a861:org.apache.tomcat.util.net.NioChannel@529bc30:java.nio.channels.SocketChannel[connected local=/127.0.0.1:51961 remote=/127.0.0.1:51962]], Read from buffer: [0]
2025-01-07T20:30:50.676+07:00 DEBUG 27900 --- [csrf] [o-auto-1-exec-1] org.apache.tomcat.util.net.NioEndpoint   : Socket: [org.apache.tomcat.util.net.NioEndpoint$NioSocketWrapper@2806a861:org.apache.tomcat.util.net.NioChannel@529bc30:java.nio.channels.SocketChannel[connected local=/127.0.0.1:51961 remote=/127.0.0.1:51962]], Read direct from socket: [348]
2025-01-07T20:30:50.676+07:00 DEBUG 27900 --- [csrf] [o-auto-1-exec-1] o.a.coyote.http11.Http11InputBuffer      : Received [POST /custom-endpoint HTTP/1.1
Connection: Upgrade, HTTP2-Settings
Content-Length: 17
Host: localhost:51961
HTTP2-Settings: AAEAAEAAAAIAAAABAAMAAABkAAQBAAAAAAUAAEAA
Upgrade: h2c
User-Agent: Java-http-client/23
Accept: text/plain, application/json, application/*+json, */*
Content-Type: application/x-www-form-urlencoded

whatever=whatever]
2025-01-07T20:30:50.682+07:00 DEBUG 27900 --- [csrf] [o-auto-1-exec-1] org.apache.tomcat.util.http.Parameters   : Set query string encoding to UTF-8
2025-01-07T20:30:50.683+07:00 DEBUG 27900 --- [csrf] [o-auto-1-exec-1] o.a.c.authenticator.AuthenticatorBase    : Security checking request POST /custom-endpoint
2025-01-07T20:30:50.683+07:00 DEBUG 27900 --- [csrf] [o-auto-1-exec-1] org.apache.catalina.realm.RealmBase      :   No applicable constraints defined
2025-01-07T20:30:50.684+07:00 DEBUG 27900 --- [csrf] [o-auto-1-exec-1] o.a.c.a.jaspic.AuthConfigFactoryImpl     : Loading persistent provider registrations from [/private/var/folders/sj/140thxms19g18xf0898_bfs00000gn/T/tomcat.0.8606572634826388283/conf/jaspic-providers.xml]
2025-01-07T20:30:50.684+07:00 DEBUG 27900 --- [csrf] [o-auto-1-exec-1] o.a.c.authenticator.AuthenticatorBase    : Not subject to any constraint
2025-01-07T20:30:50.685+07:00  INFO 27900 --- [csrf] [o-auto-1-exec-1] o.a.c.c.C.[Tomcat].[localhost].[/]       : Initializing Spring DispatcherServlet 'dispatcherServlet'
2025-01-07T20:30:50.685+07:00  INFO 27900 --- [csrf] [o-auto-1-exec-1] o.s.web.servlet.DispatcherServlet        : Initializing Servlet 'dispatcherServlet'
2025-01-07T20:30:50.685+07:00 TRACE 27900 --- [csrf] [o-auto-1-exec-1] o.s.b.f.s.DefaultListableBeanFactory     : Returning cached instance of singleton bean 'multipartResolver'
2025-01-07T20:30:50.685+07:00 TRACE 27900 --- [csrf] [o-auto-1-exec-1] o.s.web.servlet.DispatcherServlet        : Detected org.springframework.web.multipart.support.StandardServletMultipartResolver@745cf754
2025-01-07T20:30:50.685+07:00 TRACE 27900 --- [csrf] [o-auto-1-exec-1] o.s.b.f.s.DefaultListableBeanFactory     : Returning cached instance of singleton bean 'localeResolver'
2025-01-07T20:30:50.685+07:00 TRACE 27900 --- [csrf] [o-auto-1-exec-1] o.s.web.servlet.DispatcherServlet        : Detected org.springframework.web.servlet.i18n.AcceptHeaderLocaleResolver@9d2af36
2025-01-07T20:30:50.685+07:00 TRACE 27900 --- [csrf] [o-auto-1-exec-1] o.s.b.f.s.DefaultListableBeanFactory     : Returning cached instance of singleton bean 'themeResolver'
2025-01-07T20:30:50.685+07:00 TRACE 27900 --- [csrf] [o-auto-1-exec-1] o.s.web.servlet.DispatcherServlet        : Detected org.springframework.web.servlet.theme.FixedThemeResolver@740ad32e
2025-01-07T20:30:50.685+07:00 TRACE 27900 --- [csrf] [o-auto-1-exec-1] o.s.b.f.s.DefaultListableBeanFactory     : Returning cached instance of singleton bean 'welcomePageHandlerMapping'
2025-01-07T20:30:50.685+07:00 TRACE 27900 --- [csrf] [o-auto-1-exec-1] o.s.b.f.s.DefaultListableBeanFactory     : Returning cached instance of singleton bean 'welcomePageNotAcceptableHandlerMapping'
2025-01-07T20:30:50.685+07:00 TRACE 27900 --- [csrf] [o-auto-1-exec-1] o.s.b.f.s.DefaultListableBeanFactory     : Returning cached instance of singleton bean 'requestMappingHandlerMapping'
2025-01-07T20:30:50.685+07:00 TRACE 27900 --- [csrf] [o-auto-1-exec-1] o.s.b.f.s.DefaultListableBeanFactory     : Returning cached instance of singleton bean 'viewControllerHandlerMapping'
2025-01-07T20:30:50.685+07:00 TRACE 27900 --- [csrf] [o-auto-1-exec-1] o.s.b.f.s.DefaultListableBeanFactory     : Returning cached instance of singleton bean 'beanNameHandlerMapping'
2025-01-07T20:30:50.685+07:00 TRACE 27900 --- [csrf] [o-auto-1-exec-1] o.s.b.f.s.DefaultListableBeanFactory     : Returning cached instance of singleton bean 'routerFunctionMapping'
2025-01-07T20:30:50.685+07:00 TRACE 27900 --- [csrf] [o-auto-1-exec-1] o.s.b.f.s.DefaultListableBeanFactory     : Returning cached instance of singleton bean 'resourceHandlerMapping'
2025-01-07T20:30:50.685+07:00 TRACE 27900 --- [csrf] [o-auto-1-exec-1] o.s.b.f.s.DefaultListableBeanFactory     : Returning cached instance of singleton bean 'defaultServletHandlerMapping'
2025-01-07T20:30:50.685+07:00 TRACE 27900 --- [csrf] [o-auto-1-exec-1] o.s.b.f.s.DefaultListableBeanFactory     : Returning cached instance of singleton bean 'requestMappingHandlerAdapter'
2025-01-07T20:30:50.685+07:00 TRACE 27900 --- [csrf] [o-auto-1-exec-1] o.s.b.f.s.DefaultListableBeanFactory     : Returning cached instance of singleton bean 'handlerFunctionAdapter'
2025-01-07T20:30:50.685+07:00 TRACE 27900 --- [csrf] [o-auto-1-exec-1] o.s.b.f.s.DefaultListableBeanFactory     : Returning cached instance of singleton bean 'httpRequestHandlerAdapter'
2025-01-07T20:30:50.685+07:00 TRACE 27900 --- [csrf] [o-auto-1-exec-1] o.s.b.f.s.DefaultListableBeanFactory     : Returning cached instance of singleton bean 'simpleControllerHandlerAdapter'
2025-01-07T20:30:50.685+07:00 TRACE 27900 --- [csrf] [o-auto-1-exec-1] o.s.b.f.s.DefaultListableBeanFactory     : Returning cached instance of singleton bean 'errorAttributes'
2025-01-07T20:30:50.685+07:00 TRACE 27900 --- [csrf] [o-auto-1-exec-1] o.s.b.f.s.DefaultListableBeanFactory     : Returning cached instance of singleton bean 'handlerExceptionResolver'
2025-01-07T20:30:50.685+07:00 TRACE 27900 --- [csrf] [o-auto-1-exec-1] o.s.b.f.s.DefaultListableBeanFactory     : Returning cached instance of singleton bean 'viewNameTranslator'
2025-01-07T20:30:50.685+07:00 TRACE 27900 --- [csrf] [o-auto-1-exec-1] o.s.web.servlet.DispatcherServlet        : Detected DefaultRequestToViewNameTranslator
2025-01-07T20:30:50.685+07:00 TRACE 27900 --- [csrf] [o-auto-1-exec-1] o.s.b.f.s.DefaultListableBeanFactory     : Returning cached instance of singleton bean 'beanNameViewResolver'
2025-01-07T20:30:50.685+07:00 TRACE 27900 --- [csrf] [o-auto-1-exec-1] o.s.b.f.s.DefaultListableBeanFactory     : Returning cached instance of singleton bean 'mvcViewResolver'
2025-01-07T20:30:50.685+07:00 TRACE 27900 --- [csrf] [o-auto-1-exec-1] o.s.b.f.s.DefaultListableBeanFactory     : Returning cached instance of singleton bean 'defaultViewResolver'
2025-01-07T20:30:50.685+07:00 TRACE 27900 --- [csrf] [o-auto-1-exec-1] o.s.b.f.s.DefaultListableBeanFactory     : Returning cached instance of singleton bean 'viewResolver'
2025-01-07T20:30:50.685+07:00 TRACE 27900 --- [csrf] [o-auto-1-exec-1] o.s.b.f.s.DefaultListableBeanFactory     : Returning cached instance of singleton bean 'flashMapManager'
2025-01-07T20:30:50.685+07:00 TRACE 27900 --- [csrf] [o-auto-1-exec-1] o.s.web.servlet.DispatcherServlet        : Detected SessionFlashMapManager
2025-01-07T20:30:50.685+07:00 DEBUG 27900 --- [csrf] [o-auto-1-exec-1] o.s.web.servlet.DispatcherServlet        : enableLoggingRequestDetails='false': request parameters and headers will be masked to prevent unsafe logging of potentially sensitive data
2025-01-07T20:30:50.685+07:00  INFO 27900 --- [csrf] [o-auto-1-exec-1] o.s.web.servlet.DispatcherServlet        : Completed initialization in 0 ms
2025-01-07T20:30:50.686+07:00 DEBUG 27900 --- [csrf] [o-auto-1-exec-1] o.apache.catalina.core.StandardWrapper   :   Returning instance
2025-01-07T20:30:50.687+07:00 TRACE 27900 --- [csrf] [o-auto-1-exec-1] o.s.b.w.s.f.OrderedRequestContextFilter  : Bound request context to thread: org.apache.catalina.connector.RequestFacade@2c9cb956
2025-01-07T20:30:50.687+07:00 TRACE 27900 --- [csrf] [o-auto-1-exec-1] o.s.b.f.s.DefaultListableBeanFactory     : Returning cached instance of singleton bean 'springSecurityFilterChain'
2025-01-07T20:30:50.690+07:00 TRACE 27900 --- [csrf] [o-auto-1-exec-1] o.s.b.f.s.DefaultListableBeanFactory     : Returning cached instance of singleton bean 'endpoint'
2025-01-07T20:30:50.690+07:00 TRACE 27900 --- [csrf] [o-auto-1-exec-1] o.s.security.web.FilterChainProxy        : Trying to match request against DefaultSecurityFilterChain defined as 'securityFilterChain' in [class path resource [com/example/csrf/AuthorizationServerConfig.class]] matching [Or [Mvc [pattern='/**']]] and having filters [DisableEncodeUrl, WebAsyncManagerIntegration, SecurityContextHolder, AuthorizationServerContext, HeaderWriter, Csrf, Logout, OAuth2AuthorizationServerMetadataEndpoint, OAuth2AuthorizationEndpoint, OAuth2DeviceVerificationEndpoint, NimbusJwkSetEndpoint, OAuth2ClientAuthentication, SecurityContextHolderAwareRequest, AnonymousAuthentication, ExceptionTranslation, Authorization, OAuth2TokenEndpoint, OAuth2TokenIntrospectionEndpoint, OAuth2TokenRevocationEndpoint, OAuth2DeviceAuthorizationEndpoint] (1/1)
2025-01-07T20:30:50.691+07:00 DEBUG 27900 --- [csrf] [o-auto-1-exec-1] o.s.security.web.FilterChainProxy        : Securing POST /custom-endpoint
2025-01-07T20:30:50.691+07:00 TRACE 27900 --- [csrf] [o-auto-1-exec-1] o.s.security.web.FilterChainProxy        : Invoking DisableEncodeUrlFilter (1/20)
2025-01-07T20:30:50.691+07:00 TRACE 27900 --- [csrf] [o-auto-1-exec-1] o.s.security.web.FilterChainProxy        : Invoking WebAsyncManagerIntegrationFilter (2/20)
2025-01-07T20:30:50.691+07:00 TRACE 27900 --- [csrf] [o-auto-1-exec-1] o.s.security.web.FilterChainProxy        : Invoking SecurityContextHolderFilter (3/20)
2025-01-07T20:30:50.692+07:00 TRACE 27900 --- [csrf] [o-auto-1-exec-1] o.s.security.web.FilterChainProxy        : Invoking AuthorizationServerContextFilter (4/20)
2025-01-07T20:30:50.692+07:00 TRACE 27900 --- [csrf] [o-auto-1-exec-1] _.springframework.web.util.RfcUriParser  : START -> SCHEME_OR_PATH, index=0, componentIndex=0
2025-01-07T20:30:50.692+07:00 TRACE 27900 --- [csrf] [o-auto-1-exec-1] _.springframework.web.util.RfcUriParser  : scheme set to 'http'
2025-01-07T20:30:50.692+07:00 TRACE 27900 --- [csrf] [o-auto-1-exec-1] _.springframework.web.util.RfcUriParser  : SCHEME_OR_PATH -> START, index=4, componentIndex=0
2025-01-07T20:30:50.692+07:00 TRACE 27900 --- [csrf] [o-auto-1-exec-1] _.springframework.web.util.RfcUriParser  : START -> HOST_OR_PATH, index=5, componentIndex=5
2025-01-07T20:30:50.692+07:00 TRACE 27900 --- [csrf] [o-auto-1-exec-1] _.springframework.web.util.RfcUriParser  : host set to ''
2025-01-07T20:30:50.692+07:00 TRACE 27900 --- [csrf] [o-auto-1-exec-1] _.springframework.web.util.RfcUriParser  : HOST_OR_PATH -> HOST, index=6, componentIndex=7
2025-01-07T20:30:50.692+07:00 TRACE 27900 --- [csrf] [o-auto-1-exec-1] _.springframework.web.util.RfcUriParser  : host set to 'localhost'
2025-01-07T20:30:50.692+07:00 TRACE 27900 --- [csrf] [o-auto-1-exec-1] _.springframework.web.util.RfcUriParser  : HOST -> PORT, index=16, componentIndex=17
2025-01-07T20:30:50.692+07:00 TRACE 27900 --- [csrf] [o-auto-1-exec-1] _.springframework.web.util.RfcUriParser  : port set to '51961'
2025-01-07T20:30:50.692+07:00 TRACE 27900 --- [csrf] [o-auto-1-exec-1] _.springframework.web.util.RfcUriParser  : PORT -> PATH, index=22, componentIndex=22
2025-01-07T20:30:50.692+07:00 TRACE 27900 --- [csrf] [o-auto-1-exec-1] _.springframework.web.util.RfcUriParser  : path set to '/custom-endpoint'
2025-01-07T20:30:50.692+07:00 TRACE 27900 --- [csrf] [o-auto-1-exec-1] o.s.security.web.FilterChainProxy        : Invoking HeaderWriterFilter (5/20)
2025-01-07T20:30:50.692+07:00 TRACE 27900 --- [csrf] [o-auto-1-exec-1] o.s.security.web.FilterChainProxy        : Invoking CsrfFilter (6/20)
2025-01-07T20:30:50.699+07:00 DEBUG 27900 --- [csrf] [o-auto-1-exec-1] org.apache.tomcat.util.http.Parameters   : Set encoding to UTF-8
2025-01-07T20:30:50.700+07:00 DEBUG 27900 --- [csrf] [o-auto-1-exec-1] org.apache.tomcat.util.http.Parameters   : Start processing with input [whatever=whatever]
2025-01-07T20:30:50.700+07:00 DEBUG 27900 --- [csrf] [o-auto-1-exec-1] o.s.security.web.csrf.CsrfFilter         : Invalid CSRF token found for http://localhost:51961/custom-endpoint
2025-01-07T20:30:50.700+07:00 DEBUG 27900 --- [csrf] [o-auto-1-exec-1] o.s.s.w.access.AccessDeniedHandlerImpl   : Responding with 403 status code
2025-01-07T20:30:50.700+07:00 TRACE 27900 --- [csrf] [o-auto-1-exec-1] o.s.s.w.header.writers.HstsHeaderWriter  : Not injecting HSTS header since it did not match request to [Is Secure]
2025-01-07T20:30:50.700+07:00 TRACE 27900 --- [csrf] [o-auto-1-exec-1] o.s.b.w.s.f.OrderedRequestContextFilter  : Cleared thread-bound request context: org.apache.catalina.connector.RequestFacade@2c9cb956
2025-01-07T20:30:50.701+07:00 DEBUG 27900 --- [csrf] [o-auto-1-exec-1] o.a.c.c.C.[Tomcat].[localhost]           : Processing ErrorPage[errorCode=0, location=/error]
2025-01-07T20:30:50.702+07:00 DEBUG 27900 --- [csrf] [o-auto-1-exec-1] o.apache.catalina.core.StandardWrapper   :   Returning instance
2025-01-07T20:30:50.702+07:00 TRACE 27900 --- [csrf] [o-auto-1-exec-1] o.s.b.w.s.f.OrderedRequestContextFilter  : Bound request context to thread: org.apache.catalina.core.ApplicationHttpRequest@cb63af9
2025-01-07T20:30:50.704+07:00 TRACE 27900 --- [csrf] [o-auto-1-exec-1] s.w.s.m.m.a.RequestMappingHandlerMapping : 2 matching mappings: [{ [/error]}, { [/error], produces [text/html]}]
2025-01-07T20:30:50.704+07:00 TRACE 27900 --- [csrf] [o-auto-1-exec-1] o.s.b.f.s.DefaultListableBeanFactory     : Returning cached instance of singleton bean 'basicErrorController'
2025-01-07T20:30:50.704+07:00 TRACE 27900 --- [csrf] [o-auto-1-exec-1] o.s.security.web.FilterChainProxy        : Trying to match request against DefaultSecurityFilterChain defined as 'securityFilterChain' in [class path resource [com/example/csrf/AuthorizationServerConfig.class]] matching [Or [Mvc [pattern='/**']]] and having filters [DisableEncodeUrl, WebAsyncManagerIntegration, SecurityContextHolder, AuthorizationServerContext, HeaderWriter, Csrf, Logout, OAuth2AuthorizationServerMetadataEndpoint, OAuth2AuthorizationEndpoint, OAuth2DeviceVerificationEndpoint, NimbusJwkSetEndpoint, OAuth2ClientAuthentication, SecurityContextHolderAwareRequest, AnonymousAuthentication, ExceptionTranslation, Authorization, OAuth2TokenEndpoint, OAuth2TokenIntrospectionEndpoint, OAuth2TokenRevocationEndpoint, OAuth2DeviceAuthorizationEndpoint] (1/1)
2025-01-07T20:30:50.704+07:00 DEBUG 27900 --- [csrf] [o-auto-1-exec-1] o.s.security.web.FilterChainProxy        : Securing POST /error
2025-01-07T20:30:50.704+07:00 TRACE 27900 --- [csrf] [o-auto-1-exec-1] o.s.security.web.FilterChainProxy        : Invoking DisableEncodeUrlFilter (1/20)
2025-01-07T20:30:50.704+07:00 TRACE 27900 --- [csrf] [o-auto-1-exec-1] o.s.security.web.FilterChainProxy        : Invoking WebAsyncManagerIntegrationFilter (2/20)
2025-01-07T20:30:50.704+07:00 TRACE 27900 --- [csrf] [o-auto-1-exec-1] o.s.security.web.FilterChainProxy        : Invoking SecurityContextHolderFilter (3/20)
2025-01-07T20:30:50.704+07:00 TRACE 27900 --- [csrf] [o-auto-1-exec-1] o.s.security.web.FilterChainProxy        : Invoking AuthorizationServerContextFilter (4/20)
2025-01-07T20:30:50.704+07:00 TRACE 27900 --- [csrf] [o-auto-1-exec-1] o.s.security.web.FilterChainProxy        : Invoking HeaderWriterFilter (5/20)
2025-01-07T20:30:50.704+07:00 TRACE 27900 --- [csrf] [o-auto-1-exec-1] o.s.security.web.FilterChainProxy        : Invoking CsrfFilter (6/20)
2025-01-07T20:30:50.704+07:00 TRACE 27900 --- [csrf] [o-auto-1-exec-1] o.s.security.web.FilterChainProxy        : Invoking LogoutFilter (7/20)
2025-01-07T20:30:50.704+07:00 TRACE 27900 --- [csrf] [o-auto-1-exec-1] o.s.s.w.a.logout.LogoutFilter            : Did not match request to Ant [pattern='/logout', POST]
2025-01-07T20:30:50.704+07:00 TRACE 27900 --- [csrf] [o-auto-1-exec-1] o.s.security.web.FilterChainProxy        : Invoking OAuth2AuthorizationServerMetadataEndpointFilter (8/20)
2025-01-07T20:30:50.704+07:00 TRACE 27900 --- [csrf] [o-auto-1-exec-1] o.s.security.web.FilterChainProxy        : Invoking OAuth2AuthorizationEndpointFilter (9/20)
2025-01-07T20:30:50.704+07:00 TRACE 27900 --- [csrf] [o-auto-1-exec-1] o.s.security.web.FilterChainProxy        : Invoking OAuth2DeviceVerificationEndpointFilter (10/20)
2025-01-07T20:30:50.704+07:00 TRACE 27900 --- [csrf] [o-auto-1-exec-1] o.s.security.web.FilterChainProxy        : Invoking NimbusJwkSetEndpointFilter (11/20)
2025-01-07T20:30:50.704+07:00 TRACE 27900 --- [csrf] [o-auto-1-exec-1] o.s.security.web.FilterChainProxy        : Invoking OAuth2ClientAuthenticationFilter (12/20)
2025-01-07T20:30:50.704+07:00 TRACE 27900 --- [csrf] [o-auto-1-exec-1] o.s.security.web.FilterChainProxy        : Invoking SecurityContextHolderAwareRequestFilter (13/20)
2025-01-07T20:30:50.705+07:00 TRACE 27900 --- [csrf] [o-auto-1-exec-1] o.s.security.web.FilterChainProxy        : Invoking AnonymousAuthenticationFilter (14/20)
2025-01-07T20:30:50.705+07:00 TRACE 27900 --- [csrf] [o-auto-1-exec-1] o.s.security.web.FilterChainProxy        : Invoking ExceptionTranslationFilter (15/20)
2025-01-07T20:30:50.705+07:00 TRACE 27900 --- [csrf] [o-auto-1-exec-1] o.s.security.web.FilterChainProxy        : Invoking AuthorizationFilter (16/20)
2025-01-07T20:30:50.705+07:00 TRACE 27900 --- [csrf] [o-auto-1-exec-1] estMatcherDelegatingAuthorizationManager : Authorizing POST /error
2025-01-07T20:30:50.705+07:00 TRACE 27900 --- [csrf] [o-auto-1-exec-1] estMatcherDelegatingAuthorizationManager : Checking authorization on POST /error using org.springframework.security.authorization.AuthenticatedAuthorizationManager@6ac69344
2025-01-07T20:30:50.705+07:00 TRACE 27900 --- [csrf] [o-auto-1-exec-1] w.c.HttpSessionSecurityContextRepository : Did not find SecurityContext in HttpSession 8344125115375593FC70F90469CE35AA using the SPRING_SECURITY_CONTEXT session attribute
2025-01-07T20:30:50.705+07:00 TRACE 27900 --- [csrf] [o-auto-1-exec-1] .s.s.w.c.SupplierDeferredSecurityContext : Created SecurityContextImpl [Null authentication]
2025-01-07T20:30:50.705+07:00 TRACE 27900 --- [csrf] [o-auto-1-exec-1] .s.s.w.c.SupplierDeferredSecurityContext : Created SecurityContextImpl [Null authentication]
2025-01-07T20:30:50.706+07:00 TRACE 27900 --- [csrf] [o-auto-1-exec-1] o.s.s.w.a.AnonymousAuthenticationFilter  : Set SecurityContextHolder to AnonymousAuthenticationToken [Principal=anonymousUser, Credentials=[PROTECTED], Authenticated=true, Details=WebAuthenticationDetails [RemoteIpAddress=127.0.0.1, SessionId=8344125115375593FC70F90469CE35AA], Granted Authorities=[ROLE_ANONYMOUS]]
2025-01-07T20:30:50.706+07:00 TRACE 27900 --- [csrf] [o-auto-1-exec-1] o.s.b.f.s.DefaultListableBeanFactory     : Returning cached instance of singleton bean 'delegatingApplicationListener'
2025-01-07T20:30:50.706+07:00 TRACE 27900 --- [csrf] [o-auto-1-exec-1] o.s.s.w.a.ExceptionTranslationFilter     : Sending AnonymousAuthenticationToken [Principal=anonymousUser, Credentials=[PROTECTED], Authenticated=true, Details=WebAuthenticationDetails [RemoteIpAddress=127.0.0.1, SessionId=8344125115375593FC70F90469CE35AA], Granted Authorities=[ROLE_ANONYMOUS]] to authentication entry point since access is denied

org.springframework.security.authorization.AuthorizationDeniedException: Access Denied
	at org.springframework.security.web.access.intercept.AuthorizationFilter.doFilter(AuthorizationFilter.java:99) ~[spring-security-web-6.4.2.jar:6.4.2]
	at org.springframework.security.web.FilterChainProxy$VirtualFilterChain.doFilter(FilterChainProxy.java:374) ~[spring-security-web-6.4.2.jar:6.4.2]
	at org.springframework.security.web.access.ExceptionTranslationFilter.doFilter(ExceptionTranslationFilter.java:126) ~[spring-security-web-6.4.2.jar:6.4.2]
	at org.springframework.security.web.access.ExceptionTranslationFilter.doFilter(ExceptionTranslationFilter.java:120) ~[spring-security-web-6.4.2.jar:6.4.2]
	at org.springframework.security.web.FilterChainProxy$VirtualFilterChain.doFilter(FilterChainProxy.java:374) ~[spring-security-web-6.4.2.jar:6.4.2]
	at org.springframework.security.web.authentication.AnonymousAuthenticationFilter.doFilter(AnonymousAuthenticationFilter.java:100) ~[spring-security-web-6.4.2.jar:6.4.2]
	at org.springframework.security.web.FilterChainProxy$VirtualFilterChain.doFilter(FilterChainProxy.java:374) ~[spring-security-web-6.4.2.jar:6.4.2]
	at org.springframework.security.web.servletapi.SecurityContextHolderAwareRequestFilter.doFilter(SecurityContextHolderAwareRequestFilter.java:179) ~[spring-security-web-6.4.2.jar:6.4.2]
	at org.springframework.security.web.FilterChainProxy$VirtualFilterChain.doFilter(FilterChainProxy.java:374) ~[spring-security-web-6.4.2.jar:6.4.2]
	at org.springframework.web.filter.OncePerRequestFilter.doFilter(OncePerRequestFilter.java:101) ~[spring-web-6.2.1.jar:6.2.1]
	at org.springframework.security.web.FilterChainProxy$VirtualFilterChain.doFilter(FilterChainProxy.java:374) ~[spring-security-web-6.4.2.jar:6.4.2]
	at org.springframework.web.filter.OncePerRequestFilter.doFilter(OncePerRequestFilter.java:101) ~[spring-web-6.2.1.jar:6.2.1]
	at org.springframework.security.web.FilterChainProxy$VirtualFilterChain.doFilter(FilterChainProxy.java:374) ~[spring-security-web-6.4.2.jar:6.4.2]
	at org.springframework.web.filter.OncePerRequestFilter.doFilter(OncePerRequestFilter.java:101) ~[spring-web-6.2.1.jar:6.2.1]
	at org.springframework.security.web.FilterChainProxy$VirtualFilterChain.doFilter(FilterChainProxy.java:374) ~[spring-security-web-6.4.2.jar:6.4.2]
	at org.springframework.web.filter.OncePerRequestFilter.doFilter(OncePerRequestFilter.java:101) ~[spring-web-6.2.1.jar:6.2.1]
	at org.springframework.security.web.FilterChainProxy$VirtualFilterChain.doFilter(FilterChainProxy.java:374) ~[spring-security-web-6.4.2.jar:6.4.2]
	at org.springframework.web.filter.OncePerRequestFilter.doFilter(OncePerRequestFilter.java:101) ~[spring-web-6.2.1.jar:6.2.1]
	at org.springframework.security.web.FilterChainProxy$VirtualFilterChain.doFilter(FilterChainProxy.java:374) ~[spring-security-web-6.4.2.jar:6.4.2]
	at org.springframework.security.web.authentication.logout.LogoutFilter.doFilter(LogoutFilter.java:107) ~[spring-security-web-6.4.2.jar:6.4.2]
	at org.springframework.security.web.authentication.logout.LogoutFilter.doFilter(LogoutFilter.java:93) ~[spring-security-web-6.4.2.jar:6.4.2]
	at org.springframework.security.web.FilterChainProxy$VirtualFilterChain.doFilter(FilterChainProxy.java:374) ~[spring-security-web-6.4.2.jar:6.4.2]
	at org.springframework.web.filter.OncePerRequestFilter.doFilter(OncePerRequestFilter.java:101) ~[spring-web-6.2.1.jar:6.2.1]
	at org.springframework.security.web.FilterChainProxy$VirtualFilterChain.doFilter(FilterChainProxy.java:374) ~[spring-security-web-6.4.2.jar:6.4.2]
	at org.springframework.web.filter.OncePerRequestFilter.doFilter(OncePerRequestFilter.java:101) ~[spring-web-6.2.1.jar:6.2.1]
	at org.springframework.security.web.FilterChainProxy$VirtualFilterChain.doFilter(FilterChainProxy.java:374) ~[spring-security-web-6.4.2.jar:6.4.2]
	at org.springframework.web.filter.OncePerRequestFilter.doFilter(OncePerRequestFilter.java:101) ~[spring-web-6.2.1.jar:6.2.1]
	at org.springframework.security.web.FilterChainProxy$VirtualFilterChain.doFilter(FilterChainProxy.java:374) ~[spring-security-web-6.4.2.jar:6.4.2]
	at org.springframework.security.web.context.SecurityContextHolderFilter.doFilter(SecurityContextHolderFilter.java:82) ~[spring-security-web-6.4.2.jar:6.4.2]
	at org.springframework.security.web.context.SecurityContextHolderFilter.doFilter(SecurityContextHolderFilter.java:69) ~[spring-security-web-6.4.2.jar:6.4.2]
	at org.springframework.security.web.FilterChainProxy$VirtualFilterChain.doFilter(FilterChainProxy.java:374) ~[spring-security-web-6.4.2.jar:6.4.2]
	at org.springframework.web.filter.OncePerRequestFilter.doFilter(OncePerRequestFilter.java:101) ~[spring-web-6.2.1.jar:6.2.1]
	at org.springframework.security.web.FilterChainProxy$VirtualFilterChain.doFilter(FilterChainProxy.java:374) ~[spring-security-web-6.4.2.jar:6.4.2]
	at org.springframework.web.filter.OncePerRequestFilter.doFilter(OncePerRequestFilter.java:101) ~[spring-web-6.2.1.jar:6.2.1]
	at org.springframework.security.web.FilterChainProxy$VirtualFilterChain.doFilter(FilterChainProxy.java:374) ~[spring-security-web-6.4.2.jar:6.4.2]
	at org.springframework.security.web.FilterChainProxy.doFilterInternal(FilterChainProxy.java:233) ~[spring-security-web-6.4.2.jar:6.4.2]
	at org.springframework.security.web.FilterChainProxy.doFilter(FilterChainProxy.java:191) ~[spring-security-web-6.4.2.jar:6.4.2]
	at org.springframework.web.filter.CompositeFilter$VirtualFilterChain.doFilter(CompositeFilter.java:113) ~[spring-web-6.2.1.jar:6.2.1]
	at org.springframework.web.servlet.handler.HandlerMappingIntrospector.lambda$createCacheFilter$3(HandlerMappingIntrospector.java:243) ~[spring-webmvc-6.2.1.jar:6.2.1]
	at org.springframework.web.filter.CompositeFilter$VirtualFilterChain.doFilter(CompositeFilter.java:113) ~[spring-web-6.2.1.jar:6.2.1]
	at org.springframework.web.filter.CompositeFilter.doFilter(CompositeFilter.java:74) ~[spring-web-6.2.1.jar:6.2.1]
	at org.springframework.security.config.annotation.web.configuration.WebMvcSecurityConfiguration$CompositeFilterChainProxy.doFilter(WebMvcSecurityConfiguration.java:238) ~[spring-security-config-6.4.2.jar:6.4.2]
	at org.springframework.web.filter.DelegatingFilterProxy.invokeDelegate(DelegatingFilterProxy.java:362) ~[spring-web-6.2.1.jar:6.2.1]
	at org.springframework.web.filter.DelegatingFilterProxy.doFilter(DelegatingFilterProxy.java:278) ~[spring-web-6.2.1.jar:6.2.1]
	at org.apache.catalina.core.ApplicationFilterChain.internalDoFilter(ApplicationFilterChain.java:164) ~[tomcat-embed-core-10.1.34.jar:10.1.34]
	at org.apache.catalina.core.ApplicationFilterChain.doFilter(ApplicationFilterChain.java:140) ~[tomcat-embed-core-10.1.34.jar:10.1.34]
	at org.springframework.web.filter.RequestContextFilter.doFilterInternal(RequestContextFilter.java:100) ~[spring-web-6.2.1.jar:6.2.1]
	at org.springframework.web.filter.OncePerRequestFilter.doFilter(OncePerRequestFilter.java:116) ~[spring-web-6.2.1.jar:6.2.1]
	at org.apache.catalina.core.ApplicationFilterChain.internalDoFilter(ApplicationFilterChain.java:164) ~[tomcat-embed-core-10.1.34.jar:10.1.34]
	at org.apache.catalina.core.ApplicationFilterChain.doFilter(ApplicationFilterChain.java:140) ~[tomcat-embed-core-10.1.34.jar:10.1.34]
	at org.springframework.web.filter.OncePerRequestFilter.doFilter(OncePerRequestFilter.java:101) ~[spring-web-6.2.1.jar:6.2.1]
	at org.apache.catalina.core.ApplicationFilterChain.internalDoFilter(ApplicationFilterChain.java:164) ~[tomcat-embed-core-10.1.34.jar:10.1.34]
	at org.apache.catalina.core.ApplicationFilterChain.doFilter(ApplicationFilterChain.java:140) ~[tomcat-embed-core-10.1.34.jar:10.1.34]
	at org.springframework.web.filter.OncePerRequestFilter.doFilter(OncePerRequestFilter.java:101) ~[spring-web-6.2.1.jar:6.2.1]
	at org.apache.catalina.core.ApplicationFilterChain.internalDoFilter(ApplicationFilterChain.java:164) ~[tomcat-embed-core-10.1.34.jar:10.1.34]
	at org.apache.catalina.core.ApplicationFilterChain.doFilter(ApplicationFilterChain.java:140) ~[tomcat-embed-core-10.1.34.jar:10.1.34]
	at org.apache.catalina.core.ApplicationDispatcher.invoke(ApplicationDispatcher.java:633) ~[tomcat-embed-core-10.1.34.jar:10.1.34]
	at org.apache.catalina.core.ApplicationDispatcher.processRequest(ApplicationDispatcher.java:411) ~[tomcat-embed-core-10.1.34.jar:10.1.34]
	at org.apache.catalina.core.ApplicationDispatcher.doForward(ApplicationDispatcher.java:331) ~[tomcat-embed-core-10.1.34.jar:10.1.34]
	at org.apache.catalina.core.ApplicationDispatcher.forward(ApplicationDispatcher.java:268) ~[tomcat-embed-core-10.1.34.jar:10.1.34]
	at org.apache.catalina.core.StandardHostValve.custom(StandardHostValve.java:380) ~[tomcat-embed-core-10.1.34.jar:10.1.34]
	at org.apache.catalina.core.StandardHostValve.status(StandardHostValve.java:208) ~[tomcat-embed-core-10.1.34.jar:10.1.34]
	at org.apache.catalina.core.StandardHostValve.invoke(StandardHostValve.java:151) ~[tomcat-embed-core-10.1.34.jar:10.1.34]
	at org.apache.catalina.valves.ErrorReportValve.invoke(ErrorReportValve.java:93) ~[tomcat-embed-core-10.1.34.jar:10.1.34]
	at org.apache.catalina.core.StandardEngineValve.invoke(StandardEngineValve.java:74) ~[tomcat-embed-core-10.1.34.jar:10.1.34]
	at org.apache.catalina.connector.CoyoteAdapter.service(CoyoteAdapter.java:344) ~[tomcat-embed-core-10.1.34.jar:10.1.34]
	at org.apache.coyote.http11.Http11Processor.service(Http11Processor.java:397) ~[tomcat-embed-core-10.1.34.jar:10.1.34]
	at org.apache.coyote.AbstractProcessorLight.process(AbstractProcessorLight.java:63) ~[tomcat-embed-core-10.1.34.jar:10.1.34]
	at org.apache.coyote.AbstractProtocol$ConnectionHandler.process(AbstractProtocol.java:905) ~[tomcat-embed-core-10.1.34.jar:10.1.34]
	at org.apache.tomcat.util.net.NioEndpoint$SocketProcessor.doRun(NioEndpoint.java:1741) ~[tomcat-embed-core-10.1.34.jar:10.1.34]
	at org.apache.tomcat.util.net.SocketProcessorBase.run(SocketProcessorBase.java:52) ~[tomcat-embed-core-10.1.34.jar:10.1.34]
	at org.apache.tomcat.util.threads.ThreadPoolExecutor.runWorker(ThreadPoolExecutor.java:1190) ~[tomcat-embed-core-10.1.34.jar:10.1.34]
	at org.apache.tomcat.util.threads.ThreadPoolExecutor$Worker.run(ThreadPoolExecutor.java:659) ~[tomcat-embed-core-10.1.34.jar:10.1.34]
	at org.apache.tomcat.util.threads.TaskThread$WrappingRunnable.run(TaskThread.java:63) ~[tomcat-embed-core-10.1.34.jar:10.1.34]
	at java.base/java.lang.Thread.run(Thread.java:1575) ~[na:na]

2025-01-07T20:30:50.707+07:00 TRACE 27900 --- [csrf] [o-auto-1-exec-1] o.s.b.w.s.f.OrderedRequestContextFilter  : Cleared thread-bound request context: org.apache.catalina.core.ApplicationHttpRequest@cb63af9
2025-01-07T20:30:50.707+07:00 DEBUG 27900 --- [csrf] [o-auto-1-exec-1] o.a.c.c.C.[.[.[/].[dispatcherServlet]    :  Disabling the response for further output
2025-01-07T20:30:50.708+07:00 DEBUG 27900 --- [csrf] [o-auto-1-exec-1] o.a.coyote.http11.Http11InputBuffer      : Before fill(): parsingHeader: [true], parsingRequestLine: [true], parsingRequestLinePhase: [0], parsingRequestLineStart: [0], byteBuffer.position(): [0], byteBuffer.limit(): [0], end: [331]
2025-01-07T20:30:50.708+07:00 DEBUG 27900 --- [csrf] [o-auto-1-exec-1] o.a.tomcat.util.net.SocketWrapperBase    : Socket: [org.apache.tomcat.util.net.NioEndpoint$NioSocketWrapper@2806a861:org.apache.tomcat.util.net.NioChannel@529bc30:java.nio.channels.SocketChannel[connected local=/127.0.0.1:51961 remote=/127.0.0.1:51962]], Read from buffer: [0]
2025-01-07T20:30:50.708+07:00 DEBUG 27900 --- [csrf] [o-auto-1-exec-1] org.apache.tomcat.util.net.NioEndpoint   : Socket: [org.apache.tomcat.util.net.NioEndpoint$NioSocketWrapper@2806a861:org.apache.tomcat.util.net.NioChannel@529bc30:java.nio.channels.SocketChannel[connected local=/127.0.0.1:51961 remote=/127.0.0.1:51962]], Read direct from socket: [0]
2025-01-07T20:30:50.708+07:00 DEBUG 27900 --- [csrf] [o-auto-1-exec-1] o.a.coyote.http11.Http11InputBuffer      : Received []
2025-01-07T20:30:50.708+07:00 DEBUG 27900 --- [csrf] [o-auto-1-exec-1] o.apache.coyote.http11.Http11Processor   : Socket: [org.apache.tomcat.util.net.NioEndpoint$NioSocketWrapper@2806a861:org.apache.tomcat.util.net.NioChannel@529bc30:java.nio.channels.SocketChannel[connected local=/127.0.0.1:51961 remote=/127.0.0.1:51962]], Status in: [OPEN_READ], State out: [OPEN]
2025-01-07T20:30:50.708+07:00 DEBUG 27900 --- [csrf] [o-auto-1-exec-1] org.apache.tomcat.util.net.NioEndpoint   : Registered read interest for [org.apache.tomcat.util.net.NioEndpoint$NioSocketWrapper@2806a861:org.apache.tomcat.util.net.NioChannel@529bc30:java.nio.channels.SocketChannel[connected local=/127.0.0.1:51961 remote=/127.0.0.1:51962]]
2025-01-07T20:30:50.714+07:00 DEBUG 27900 --- [csrf] [    Test worker] o.s.web.client.RestTemplate              : Response 401 UNAUTHORIZED
2025-01-07T20:30:50.714+07:00 TRACE 27900 --- [csrf] [    Test worker] i.m.o.SimpleObservation$SimpleScope      : NoOp observation used with SimpleScope
2025-01-07T20:30:50.734+07:00 TRACE 27900 --- [csrf] [    Test worker] o.s.test.context.TestContextManager      : afterTestExecution(): instance [com.example.csrf.CsrfApplicationTests@68d8eb4f], method [void com.example.csrf.CsrfApplicationTests.test_Custom_Endpoint()], exception [org.opentest4j.AssertionFailedError: 
expected: 200 OK
 but was: 401 UNAUTHORIZED]
2025-01-07T20:30:50.734+07:00 TRACE 27900 --- [csrf] [    Test worker] c.DefaultCacheAwareContextLoaderDelegate : Retrieved ApplicationContext [1114525788] from cache with key [WebMergedContextConfiguration@17d76ebb testClass = com.example.csrf.CsrfApplicationTests, locations = [], classes = [com.example.csrf.CsrfApplication], contextInitializerClasses = [], activeProfiles = [], propertySourceDescriptors = [], propertySourceProperties = ["org.springframework.boot.test.context.SpringBootTestContextBootstrapper=true", "server.port=0"], contextCustomizers = [org.springframework.boot.test.autoconfigure.OnFailureConditionReportContextCustomizerFactory$OnFailureConditionReportContextCustomizer@3016fd5e, org.springframework.boot.test.autoconfigure.actuate.observability.ObservabilityContextCustomizerFactory$DisableObservabilityContextCustomizer@1f, org.springframework.boot.test.autoconfigure.properties.PropertyMappingContextCustomizer@0, org.springframework.boot.test.autoconfigure.web.servlet.WebDriverContextCustomizer@2072acb2, org.springframework.boot.test.context.filter.ExcludeFilterContextCustomizer@732f29af, org.springframework.boot.test.json.DuplicateJsonObjectContextCustomizerFactory$DuplicateJsonObjectContextCustomizer@64ba3208, org.springframework.boot.test.mock.mockito.MockitoContextCustomizer@0, org.springframework.boot.test.web.client.TestRestTemplateContextCustomizer@8692d67, org.springframework.boot.test.web.reactor.netty.DisableReactorResourceFactoryGlobalResourcesContextCustomizerFactory$DisableReactorResourceFactoryGlobalResourcesContextCustomizerCustomizer@37052337, org.springframework.test.context.support.DynamicPropertiesContextCustomizer@0, org.springframework.boot.test.context.SpringBootTestAnnotation@3d5c2d0e], resourceBasePath = "src/main/webapp", contextLoader = org.springframework.boot.test.context.SpringBootContextLoader, parent = null]
2025-01-07T20:30:50.734+07:00 DEBUG 27900 --- [csrf] [    Test worker] org.springframework.test.context.cache   : Spring test ApplicationContext cache statistics: [DefaultContextCache@40b31a16 size = 1, maxSize = 32, parentContextCount = 0, hitCount = 6, missCount = 1, failureCount = 0]
2025-01-07T20:30:50.734+07:00 TRACE 27900 --- [csrf] [    Test worker] o.s.b.f.s.DefaultListableBeanFactory     : Returning cached instance of singleton bean 'delegatingApplicationListener'
2025-01-07T20:30:50.734+07:00 TRACE 27900 --- [csrf] [    Test worker] o.s.test.context.TestContextManager      : afterTestMethod(): instance [com.example.csrf.CsrfApplicationTests@68d8eb4f], method [void com.example.csrf.CsrfApplicationTests.test_Custom_Endpoint()], exception [org.opentest4j.AssertionFailedError: 
expected: 200 OK
 but was: 401 UNAUTHORIZED]
2025-01-07T20:30:50.734+07:00 TRACE 27900 --- [csrf] [    Test worker] c.DefaultCacheAwareContextLoaderDelegate : Retrieved ApplicationContext [1114525788] from cache with key [WebMergedContextConfiguration@17d76ebb testClass = com.example.csrf.CsrfApplicationTests, locations = [], classes = [com.example.csrf.CsrfApplication], contextInitializerClasses = [], activeProfiles = [], propertySourceDescriptors = [], propertySourceProperties = ["org.springframework.boot.test.context.SpringBootTestContextBootstrapper=true", "server.port=0"], contextCustomizers = [org.springframework.boot.test.autoconfigure.OnFailureConditionReportContextCustomizerFactory$OnFailureConditionReportContextCustomizer@3016fd5e, org.springframework.boot.test.autoconfigure.actuate.observability.ObservabilityContextCustomizerFactory$DisableObservabilityContextCustomizer@1f, org.springframework.boot.test.autoconfigure.properties.PropertyMappingContextCustomizer@0, org.springframework.boot.test.autoconfigure.web.servlet.WebDriverContextCustomizer@2072acb2, org.springframework.boot.test.context.filter.ExcludeFilterContextCustomizer@732f29af, org.springframework.boot.test.json.DuplicateJsonObjectContextCustomizerFactory$DuplicateJsonObjectContextCustomizer@64ba3208, org.springframework.boot.test.mock.mockito.MockitoContextCustomizer@0, org.springframework.boot.test.web.client.TestRestTemplateContextCustomizer@8692d67, org.springframework.boot.test.web.reactor.netty.DisableReactorResourceFactoryGlobalResourcesContextCustomizerFactory$DisableReactorResourceFactoryGlobalResourcesContextCustomizerCustomizer@37052337, org.springframework.test.context.support.DynamicPropertiesContextCustomizer@0, org.springframework.boot.test.context.SpringBootTestAnnotation@3d5c2d0e], resourceBasePath = "src/main/webapp", contextLoader = org.springframework.boot.test.context.SpringBootContextLoader, parent = null]
2025-01-07T20:30:50.734+07:00 DEBUG 27900 --- [csrf] [    Test worker] org.springframework.test.context.cache   : Spring test ApplicationContext cache statistics: [DefaultContextCache@40b31a16 size = 1, maxSize = 32, parentContextCount = 0, hitCount = 7, missCount = 1, failureCount = 0]
2025-01-07T20:30:50.734+07:00 TRACE 27900 --- [csrf] [    Test worker] o.s.b.f.s.DefaultListableBeanFactory     : Returning cached instance of singleton bean 'org.springframework.context.annotation.internalConfigurationAnnotationProcessor'
2025-01-07T20:30:50.734+07:00 TRACE 27900 --- [csrf] [    Test worker] o.s.b.f.s.DefaultListableBeanFactory     : Returning cached instance of singleton bean 'org.springframework.context.annotation.internalAutowiredAnnotationProcessor'
2025-01-07T20:30:50.734+07:00 TRACE 27900 --- [csrf] [    Test worker] o.s.b.f.s.DefaultListableBeanFactory     : Returning cached instance of singleton bean 'org.springframework.context.annotation.internalCommonAnnotationProcessor'
2025-01-07T20:30:50.734+07:00 TRACE 27900 --- [csrf] [    Test worker] o.s.b.f.s.DefaultListableBeanFactory     : Returning cached instance of singleton bean 'org.springframework.context.event.internalEventListenerProcessor'
2025-01-07T20:30:50.734+07:00 TRACE 27900 --- [csrf] [    Test worker] o.s.b.f.s.DefaultListableBeanFactory     : Returning cached instance of singleton bean 'org.springframework.context.event.internalEventListenerFactory'
2025-01-07T20:30:50.734+07:00 TRACE 27900 --- [csrf] [    Test worker] o.s.b.f.s.DefaultListableBeanFactory     : Returning cached instance of singleton bean 'org.springframework.boot.test.mock.mockito.MockitoPostProcessor$SpyPostProcessor'
2025-01-07T20:30:50.734+07:00 TRACE 27900 --- [csrf] [    Test worker] o.s.b.f.s.DefaultListableBeanFactory     : Returning cached instance of singleton bean 'org.springframework.boot.test.mock.mockito.MockitoPostProcessor'
2025-01-07T20:30:50.734+07:00 TRACE 27900 --- [csrf] [    Test worker] o.s.b.f.s.DefaultListableBeanFactory     : Returning cached instance of singleton bean 'org.springframework.boot.test.web.client.TestRestTemplateContextCustomizer$TestRestTemplateRegistrar'
2025-01-07T20:30:50.734+07:00 TRACE 27900 --- [csrf] [    Test worker] o.s.b.f.s.DefaultListableBeanFactory     : Returning cached instance of singleton bean 'org.springframework.test.context.support.internalDynamicPropertyRegistrarBeanInitializer'
2025-01-07T20:30:50.735+07:00 TRACE 27900 --- [csrf] [    Test worker] o.s.b.f.s.DefaultListableBeanFactory     : Returning cached instance of singleton bean 'csrfApplication'
2025-01-07T20:30:50.735+07:00 TRACE 27900 --- [csrf] [    Test worker] o.s.b.f.s.DefaultListableBeanFactory     : Returning cached instance of singleton bean 'org.springframework.boot.autoconfigure.internalCachingMetadataReaderFactory'
2025-01-07T20:30:50.735+07:00 TRACE 27900 --- [csrf] [    Test worker] o.s.b.f.s.DefaultListableBeanFactory     : Returning cached instance of singleton bean 'org.springframework.boot.autoconfigure.internalCachingMetadataReaderFactory'
2025-01-07T20:30:50.735+07:00 TRACE 27900 --- [csrf] [    Test worker] o.s.b.f.s.DefaultListableBeanFactory     : Returning cached instance of singleton bean 'authorizationServerConfig'
2025-01-07T20:30:50.735+07:00 TRACE 27900 --- [csrf] [    Test worker] o.s.b.f.s.DefaultListableBeanFactory     : Returning cached instance of singleton bean 'endpoint'
2025-01-07T20:30:50.735+07:00 TRACE 27900 --- [csrf] [    Test worker] o.s.b.f.s.DefaultListableBeanFactory     : Returning cached instance of singleton bean 'securityFilterChain'
2025-01-07T20:30:50.735+07:00 TRACE 27900 --- [csrf] [    Test worker] o.s.b.f.s.DefaultListableBeanFactory     : Returning cached instance of singleton bean 'org.springframework.boot.autoconfigure.AutoConfigurationPackages'
2025-01-07T20:30:50.735+07:00 TRACE 27900 --- [csrf] [    Test worker] o.s.b.f.s.DefaultListableBeanFactory     : Returning cached instance of singleton bean 'org.springframework.boot.autoconfigure.context.PropertyPlaceholderAutoConfiguration'
2025-01-07T20:30:50.735+07:00 TRACE 27900 --- [csrf] [    Test worker] o.s.b.f.s.DefaultListableBeanFactory     : Returning cached instance of singleton bean 'propertySourcesPlaceholderConfigurer'
2025-01-07T20:30:50.735+07:00 TRACE 27900 --- [csrf] [    Test worker] o.s.b.f.s.DefaultListableBeanFactory     : Returning cached instance of singleton bean 'org.springframework.boot.autoconfigure.ssl.SslAutoConfiguration'
2025-01-07T20:30:50.735+07:00 TRACE 27900 --- [csrf] [    Test worker] o.s.b.f.s.DefaultListableBeanFactory     : Returning cached instance of singleton bean 'fileWatcher'
2025-01-07T20:30:50.735+07:00 TRACE 27900 --- [csrf] [    Test worker] o.s.b.f.s.DefaultListableBeanFactory     : Returning cached instance of singleton bean 'sslPropertiesSslBundleRegistrar'
2025-01-07T20:30:50.735+07:00 TRACE 27900 --- [csrf] [    Test worker] o.s.b.f.s.DefaultListableBeanFactory     : Returning cached instance of singleton bean 'sslBundleRegistry'
2025-01-07T20:30:50.735+07:00 TRACE 27900 --- [csrf] [    Test worker] o.s.b.f.s.DefaultListableBeanFactory     : Returning cached instance of singleton bean 'org.springframework.boot.context.properties.ConfigurationPropertiesBindingPostProcessor'
2025-01-07T20:30:50.735+07:00 TRACE 27900 --- [csrf] [    Test worker] o.s.b.f.s.DefaultListableBeanFactory     : Returning cached instance of singleton bean 'org.springframework.boot.context.internalConfigurationPropertiesBinder'
2025-01-07T20:30:50.735+07:00 TRACE 27900 --- [csrf] [    Test worker] o.s.b.f.s.DefaultListableBeanFactory     : Returning cached instance of singleton bean 'org.springframework.boot.context.internalConfigurationPropertiesBinder'
2025-01-07T20:30:50.735+07:00 TRACE 27900 --- [csrf] [    Test worker] o.s.b.f.s.DefaultListableBeanFactory     : Returning cached instance of singleton bean 'org.springframework.boot.context.properties.BoundConfigurationProperties'
2025-01-07T20:30:50.735+07:00 TRACE 27900 --- [csrf] [    Test worker] o.s.b.f.s.DefaultListableBeanFactory     : Returning cached instance of singleton bean 'org.springframework.boot.context.properties.EnableConfigurationPropertiesRegistrar.methodValidationExcludeFilter'
2025-01-07T20:30:50.735+07:00 TRACE 27900 --- [csrf] [    Test worker] o.s.b.f.s.DefaultListableBeanFactory     : Returning cached instance of singleton bean 'spring.ssl-org.springframework.boot.autoconfigure.ssl.SslProperties'
2025-01-07T20:30:50.735+07:00 TRACE 27900 --- [csrf] [    Test worker] o.s.b.f.s.DefaultListableBeanFactory     : Returning cached instance of singleton bean 'org.springframework.boot.autoconfigure.websocket.servlet.WebSocketServletAutoConfiguration$TomcatWebSocketConfiguration'
2025-01-07T20:30:50.735+07:00 TRACE 27900 --- [csrf] [    Test worker] o.s.b.f.s.DefaultListableBeanFactory     : Returning cached instance of singleton bean 'websocketServletWebServerCustomizer'
2025-01-07T20:30:50.735+07:00 TRACE 27900 --- [csrf] [    Test worker] o.s.b.f.s.DefaultListableBeanFactory     : Returning cached instance of singleton bean 'org.springframework.boot.autoconfigure.websocket.servlet.WebSocketServletAutoConfiguration'
2025-01-07T20:30:50.735+07:00 TRACE 27900 --- [csrf] [    Test worker] o.s.b.f.s.DefaultListableBeanFactory     : Returning cached instance of singleton bean 'org.springframework.boot.autoconfigure.web.servlet.ServletWebServerFactoryConfiguration$EmbeddedTomcat'
2025-01-07T20:30:50.735+07:00 TRACE 27900 --- [csrf] [    Test worker] o.s.b.f.s.DefaultListableBeanFactory     : Returning cached instance of singleton bean 'tomcatServletWebServerFactory'
2025-01-07T20:30:50.735+07:00 TRACE 27900 --- [csrf] [    Test worker] o.s.b.f.s.DefaultListableBeanFactory     : Returning cached instance of singleton bean 'org.springframework.boot.autoconfigure.web.servlet.ServletWebServerFactoryAutoConfiguration'
2025-01-07T20:30:50.735+07:00 TRACE 27900 --- [csrf] [    Test worker] o.s.b.f.s.DefaultListableBeanFactory     : Returning cached instance of singleton bean 'servletWebServerFactoryCustomizer'
2025-01-07T20:30:50.735+07:00 TRACE 27900 --- [csrf] [    Test worker] o.s.b.f.s.DefaultListableBeanFactory     : Returning cached instance of singleton bean 'tomcatServletWebServerFactoryCustomizer'
2025-01-07T20:30:50.735+07:00 TRACE 27900 --- [csrf] [    Test worker] o.s.b.f.s.DefaultListableBeanFactory     : Returning cached instance of singleton bean 'server-org.springframework.boot.autoconfigure.web.ServerProperties'
2025-01-07T20:30:50.735+07:00 TRACE 27900 --- [csrf] [    Test worker] o.s.b.f.s.DefaultListableBeanFactory     : Returning cached instance of singleton bean 'webServerFactoryCustomizerBeanPostProcessor'
2025-01-07T20:30:50.735+07:00 TRACE 27900 --- [csrf] [    Test worker] o.s.b.f.s.DefaultListableBeanFactory     : Returning cached instance of singleton bean 'errorPageRegistrarBeanPostProcessor'
2025-01-07T20:30:50.735+07:00 TRACE 27900 --- [csrf] [    Test worker] o.s.b.f.s.DefaultListableBeanFactory     : Returning cached instance of singleton bean 'org.springframework.boot.autoconfigure.web.servlet.DispatcherServletAutoConfiguration$DispatcherServletConfiguration'
2025-01-07T20:30:50.735+07:00 TRACE 27900 --- [csrf] [    Test worker] o.s.b.f.s.DefaultListableBeanFactory     : Returning cached instance of singleton bean 'dispatcherServlet'
2025-01-07T20:30:50.735+07:00 TRACE 27900 --- [csrf] [    Test worker] o.s.b.f.s.DefaultListableBeanFactory     : Returning cached instance of singleton bean 'spring.mvc-org.springframework.boot.autoconfigure.web.servlet.WebMvcProperties'
2025-01-07T20:30:50.735+07:00 TRACE 27900 --- [csrf] [    Test worker] o.s.b.f.s.DefaultListableBeanFactory     : Returning cached instance of singleton bean 'org.springframework.boot.autoconfigure.web.servlet.DispatcherServletAutoConfiguration$DispatcherServletRegistrationConfiguration'
2025-01-07T20:30:50.735+07:00 TRACE 27900 --- [csrf] [    Test worker] o.s.b.f.s.DefaultListableBeanFactory     : Returning cached instance of singleton bean 'dispatcherServletRegistration'
2025-01-07T20:30:50.735+07:00 TRACE 27900 --- [csrf] [    Test worker] o.s.b.f.s.DefaultListableBeanFactory     : Returning cached instance of singleton bean 'org.springframework.boot.autoconfigure.web.servlet.DispatcherServletAutoConfiguration'
2025-01-07T20:30:50.735+07:00 TRACE 27900 --- [csrf] [    Test worker] o.s.b.f.s.DefaultListableBeanFactory     : Returning cached instance of singleton bean 'org.springframework.boot.autoconfigure.task.TaskExecutorConfigurations$ThreadPoolTaskExecutorBuilderConfiguration'
2025-01-07T20:30:50.735+07:00 TRACE 27900 --- [csrf] [    Test worker] o.s.b.f.s.DefaultListableBeanFactory     : Returning cached instance of singleton bean 'threadPoolTaskExecutorBuilder'
2025-01-07T20:30:50.735+07:00 TRACE 27900 --- [csrf] [    Test worker] o.s.b.f.s.DefaultListableBeanFactory     : Returning cached instance of singleton bean 'org.springframework.boot.autoconfigure.task.TaskExecutorConfigurations$SimpleAsyncTaskExecutorBuilderConfiguration'
2025-01-07T20:30:50.735+07:00 TRACE 27900 --- [csrf] [    Test worker] o.s.b.f.s.DefaultListableBeanFactory     : Returning cached instance of singleton bean 'simpleAsyncTaskExecutorBuilder'
2025-01-07T20:30:50.735+07:00 TRACE 27900 --- [csrf] [    Test worker] o.s.b.f.s.DefaultListableBeanFactory     : Returning cached instance of singleton bean 'org.springframework.boot.autoconfigure.task.TaskExecutorConfigurations$TaskExecutorConfiguration'
2025-01-07T20:30:50.735+07:00 TRACE 27900 --- [csrf] [    Test worker] o.s.b.f.s.DefaultListableBeanFactory     : Returning cached instance of singleton bean 'applicationTaskExecutor'
2025-01-07T20:30:50.735+07:00 TRACE 27900 --- [csrf] [    Test worker] o.s.b.f.s.DefaultListableBeanFactory     : Returning cached instance of singleton bean 'org.springframework.boot.autoconfigure.task.TaskExecutionAutoConfiguration'
2025-01-07T20:30:50.735+07:00 TRACE 27900 --- [csrf] [    Test worker] o.s.b.f.s.DefaultListableBeanFactory     : Returning cached instance of singleton bean 'spring.task.execution-org.springframework.boot.autoconfigure.task.TaskExecutionProperties'
2025-01-07T20:30:50.735+07:00 TRACE 27900 --- [csrf] [    Test worker] o.s.b.f.s.DefaultListableBeanFactory     : Returning cached instance of singleton bean 'org.springframework.boot.autoconfigure.web.servlet.error.ErrorMvcAutoConfiguration$WhitelabelErrorViewConfiguration'
2025-01-07T20:30:50.735+07:00 TRACE 27900 --- [csrf] [    Test worker] o.s.b.f.s.DefaultListableBeanFactory     : Returning cached instance of singleton bean 'error'
2025-01-07T20:30:50.735+07:00 TRACE 27900 --- [csrf] [    Test worker] o.s.b.f.s.DefaultListableBeanFactory     : Returning cached instance of singleton bean 'beanNameViewResolver'
2025-01-07T20:30:50.735+07:00 TRACE 27900 --- [csrf] [    Test worker] o.s.b.f.s.DefaultListableBeanFactory     : Returning cached instance of singleton bean 'org.springframework.boot.autoconfigure.web.servlet.error.ErrorMvcAutoConfiguration$DefaultErrorViewResolverConfiguration'
2025-01-07T20:30:50.735+07:00 TRACE 27900 --- [csrf] [    Test worker] o.s.b.f.s.DefaultListableBeanFactory     : Returning cached instance of singleton bean 'conventionErrorViewResolver'
2025-01-07T20:30:50.735+07:00 TRACE 27900 --- [csrf] [    Test worker] o.s.b.f.s.DefaultListableBeanFactory     : Returning cached instance of singleton bean 'spring.web-org.springframework.boot.autoconfigure.web.WebProperties'
2025-01-07T20:30:50.735+07:00 TRACE 27900 --- [csrf] [    Test worker] o.s.b.f.s.DefaultListableBeanFactory     : Returning cached instance of singleton bean 'org.springframework.boot.autoconfigure.web.servlet.error.ErrorMvcAutoConfiguration'
2025-01-07T20:30:50.735+07:00 TRACE 27900 --- [csrf] [    Test worker] o.s.b.f.s.DefaultListableBeanFactory     : Returning cached instance of singleton bean 'errorAttributes'
2025-01-07T20:30:50.735+07:00 TRACE 27900 --- [csrf] [    Test worker] o.s.b.f.s.DefaultListableBeanFactory     : Returning cached instance of singleton bean 'basicErrorController'
2025-01-07T20:30:50.735+07:00 TRACE 27900 --- [csrf] [    Test worker] o.s.b.f.s.DefaultListableBeanFactory     : Returning cached instance of singleton bean 'errorPageCustomizer'
2025-01-07T20:30:50.735+07:00 TRACE 27900 --- [csrf] [    Test worker] o.s.b.f.s.DefaultListableBeanFactory     : Returning cached instance of singleton bean 'preserveErrorControllerTargetClassPostProcessor'
2025-01-07T20:30:50.735+07:00 TRACE 27900 --- [csrf] [    Test worker] o.s.b.f.s.DefaultListableBeanFactory     : Returning cached instance of singleton bean 'org.springframework.boot.autoconfigure.web.servlet.WebMvcAutoConfiguration$EnableWebMvcConfiguration'
2025-01-07T20:30:50.735+07:00 TRACE 27900 --- [csrf] [    Test worker] o.s.b.f.s.DefaultListableBeanFactory     : Returning cached instance of singleton bean 'welcomePageHandlerMapping'
2025-01-07T20:30:50.735+07:00 TRACE 27900 --- [csrf] [    Test worker] o.s.b.f.s.DefaultListableBeanFactory     : Returning cached instance of singleton bean 'welcomePageNotAcceptableHandlerMapping'
2025-01-07T20:30:50.735+07:00 TRACE 27900 --- [csrf] [    Test worker] o.s.b.f.s.DefaultListableBeanFactory     : Returning cached instance of singleton bean 'localeResolver'
2025-01-07T20:30:50.735+07:00 TRACE 27900 --- [csrf] [    Test worker] o.s.b.f.s.DefaultListableBeanFactory     : Returning cached instance of singleton bean 'themeResolver'
2025-01-07T20:30:50.735+07:00 TRACE 27900 --- [csrf] [    Test worker] o.s.b.f.s.DefaultListableBeanFactory     : Returning cached instance of singleton bean 'flashMapManager'
2025-01-07T20:30:50.735+07:00 TRACE 27900 --- [csrf] [    Test worker] o.s.b.f.s.DefaultListableBeanFactory     : Returning cached instance of singleton bean 'viewNameTranslator'
2025-01-07T20:30:50.735+07:00 TRACE 27900 --- [csrf] [    Test worker] o.s.b.f.s.DefaultListableBeanFactory     : Returning cached instance of singleton bean 'mvcConversionService'
2025-01-07T20:30:50.735+07:00 TRACE 27900 --- [csrf] [    Test worker] o.s.b.f.s.DefaultListableBeanFactory     : Returning cached instance of singleton bean 'mvcValidator'
2025-01-07T20:30:50.735+07:00 TRACE 27900 --- [csrf] [    Test worker] o.s.b.f.s.DefaultListableBeanFactory     : Returning cached instance of singleton bean 'mvcContentNegotiationManager'
2025-01-07T20:30:50.735+07:00 TRACE 27900 --- [csrf] [    Test worker] o.s.b.f.s.DefaultListableBeanFactory     : Returning cached instance of singleton bean 'requestMappingHandlerMapping'
2025-01-07T20:30:50.735+07:00 TRACE 27900 --- [csrf] [    Test worker] o.s.b.f.s.DefaultListableBeanFactory     : Returning cached instance of singleton bean 'mvcPatternParser'
2025-01-07T20:30:50.735+07:00 TRACE 27900 --- [csrf] [    Test worker] o.s.b.f.s.DefaultListableBeanFactory     : Returning cached instance of singleton bean 'mvcUrlPathHelper'
2025-01-07T20:30:50.735+07:00 TRACE 27900 --- [csrf] [    Test worker] o.s.b.f.s.DefaultListableBeanFactory     : Returning cached instance of singleton bean 'mvcPathMatcher'
2025-01-07T20:30:50.735+07:00 TRACE 27900 --- [csrf] [    Test worker] o.s.b.f.s.DefaultListableBeanFactory     : Returning cached instance of singleton bean 'viewControllerHandlerMapping'
2025-01-07T20:30:50.735+07:00 TRACE 27900 --- [csrf] [    Test worker] o.s.b.f.s.DefaultListableBeanFactory     : Returning cached instance of singleton bean 'beanNameHandlerMapping'
2025-01-07T20:30:50.735+07:00 TRACE 27900 --- [csrf] [    Test worker] o.s.b.f.s.DefaultListableBeanFactory     : Returning cached instance of singleton bean 'routerFunctionMapping'
2025-01-07T20:30:50.735+07:00 TRACE 27900 --- [csrf] [    Test worker] o.s.b.f.s.DefaultListableBeanFactory     : Returning cached instance of singleton bean 'resourceHandlerMapping'
2025-01-07T20:30:50.735+07:00 TRACE 27900 --- [csrf] [    Test worker] o.s.b.f.s.DefaultListableBeanFactory     : Returning cached instance of singleton bean 'mvcResourceUrlProvider'
2025-01-07T20:30:50.735+07:00 TRACE 27900 --- [csrf] [    Test worker] o.s.b.f.s.DefaultListableBeanFactory     : Returning cached instance of singleton bean 'defaultServletHandlerMapping'
2025-01-07T20:30:50.735+07:00 TRACE 27900 --- [csrf] [    Test worker] o.s.b.f.s.DefaultListableBeanFactory     : Returning cached instance of singleton bean 'requestMappingHandlerAdapter'
2025-01-07T20:30:50.735+07:00 TRACE 27900 --- [csrf] [    Test worker] o.s.b.f.s.DefaultListableBeanFactory     : Returning cached instance of singleton bean 'handlerFunctionAdapter'
2025-01-07T20:30:50.735+07:00 TRACE 27900 --- [csrf] [    Test worker] o.s.b.f.s.DefaultListableBeanFactory     : Returning cached instance of singleton bean 'mvcUriComponentsContributor'
2025-01-07T20:30:50.735+07:00 TRACE 27900 --- [csrf] [    Test worker] o.s.b.f.s.DefaultListableBeanFactory     : Returning cached instance of singleton bean 'httpRequestHandlerAdapter'
2025-01-07T20:30:50.735+07:00 TRACE 27900 --- [csrf] [    Test worker] o.s.b.f.s.DefaultListableBeanFactory     : Returning cached instance of singleton bean 'simpleControllerHandlerAdapter'
2025-01-07T20:30:50.735+07:00 TRACE 27900 --- [csrf] [    Test worker] o.s.b.f.s.DefaultListableBeanFactory     : Returning cached instance of singleton bean 'handlerExceptionResolver'
2025-01-07T20:30:50.735+07:00 TRACE 27900 --- [csrf] [    Test worker] o.s.b.f.s.DefaultListableBeanFactory     : Returning cached instance of singleton bean 'mvcViewResolver'
2025-01-07T20:30:50.735+07:00 TRACE 27900 --- [csrf] [    Test worker] o.s.b.f.s.DefaultListableBeanFactory     : Returning cached instance of singleton bean 'mvcHandlerMappingIntrospector'
2025-01-07T20:30:50.735+07:00 TRACE 27900 --- [csrf] [    Test worker] o.s.b.f.s.DefaultListableBeanFactory     : Returning cached instance of singleton bean 'org.springframework.boot.autoconfigure.web.servlet.WebMvcAutoConfiguration$WebMvcAutoConfigurationAdapter'
2025-01-07T20:30:50.735+07:00 TRACE 27900 --- [csrf] [    Test worker] o.s.b.f.s.DefaultListableBeanFactory     : Returning cached instance of singleton bean 'defaultViewResolver'
2025-01-07T20:30:50.735+07:00 TRACE 27900 --- [csrf] [    Test worker] o.s.b.f.s.DefaultListableBeanFactory     : Returning cached instance of singleton bean 'viewResolver'
2025-01-07T20:30:50.735+07:00 TRACE 27900 --- [csrf] [    Test worker] o.s.b.f.s.DefaultListableBeanFactory     : Returning cached instance of singleton bean 'requestContextFilter'
2025-01-07T20:30:50.735+07:00 TRACE 27900 --- [csrf] [    Test worker] o.s.b.f.s.DefaultListableBeanFactory     : Returning cached instance of singleton bean 'org.springframework.boot.autoconfigure.web.servlet.WebMvcAutoConfiguration'
2025-01-07T20:30:50.735+07:00 TRACE 27900 --- [csrf] [    Test worker] o.s.b.f.s.DefaultListableBeanFactory     : Returning cached instance of singleton bean 'formContentFilter'
2025-01-07T20:30:50.735+07:00 TRACE 27900 --- [csrf] [    Test worker] o.s.b.f.s.DefaultListableBeanFactory     : Returning cached instance of singleton bean 'org.springframework.boot.autoconfigure.aop.AopAutoConfiguration$ClassProxyingConfiguration'
2025-01-07T20:30:50.735+07:00 TRACE 27900 --- [csrf] [    Test worker] o.s.b.f.s.DefaultListableBeanFactory     : Returning cached instance of singleton bean 'forceAutoProxyCreatorToUseClassProxying'
2025-01-07T20:30:50.735+07:00 TRACE 27900 --- [csrf] [    Test worker] o.s.b.f.s.DefaultListableBeanFactory     : Returning cached instance of singleton bean 'org.springframework.boot.autoconfigure.aop.AopAutoConfiguration'
2025-01-07T20:30:50.735+07:00 TRACE 27900 --- [csrf] [    Test worker] o.s.b.f.s.DefaultListableBeanFactory     : Returning cached instance of singleton bean 'org.springframework.boot.autoconfigure.availability.ApplicationAvailabilityAutoConfiguration'
2025-01-07T20:30:50.735+07:00 TRACE 27900 --- [csrf] [    Test worker] o.s.b.f.s.DefaultListableBeanFactory     : Returning cached instance of singleton bean 'applicationAvailability'
2025-01-07T20:30:50.735+07:00 TRACE 27900 --- [csrf] [    Test worker] o.s.b.f.s.DefaultListableBeanFactory     : Returning cached instance of singleton bean 'org.springframework.boot.autoconfigure.jackson.JacksonAutoConfiguration$Jackson2ObjectMapperBuilderCustomizerConfiguration'
2025-01-07T20:30:50.735+07:00 TRACE 27900 --- [csrf] [    Test worker] o.s.b.f.s.DefaultListableBeanFactory     : Returning cached instance of singleton bean 'standardJacksonObjectMapperBuilderCustomizer'
2025-01-07T20:30:50.735+07:00 TRACE 27900 --- [csrf] [    Test worker] o.s.b.f.s.DefaultListableBeanFactory     : Returning cached instance of singleton bean 'spring.jackson-org.springframework.boot.autoconfigure.jackson.JacksonProperties'
2025-01-07T20:30:50.735+07:00 TRACE 27900 --- [csrf] [    Test worker] o.s.b.f.s.DefaultListableBeanFactory     : Returning cached instance of singleton bean 'org.springframework.boot.autoconfigure.jackson.JacksonAutoConfiguration$JacksonObjectMapperBuilderConfiguration'
2025-01-07T20:30:50.735+07:00 TRACE 27900 --- [csrf] [    Test worker] o.s.b.f.s.DefaultListableBeanFactory     : Returning cached instance of singleton bean 'org.springframework.boot.autoconfigure.jackson.JacksonAutoConfiguration$ParameterNamesModuleConfiguration'
2025-01-07T20:30:50.735+07:00 TRACE 27900 --- [csrf] [    Test worker] o.s.b.f.s.DefaultListableBeanFactory     : Returning cached instance of singleton bean 'parameterNamesModule'
2025-01-07T20:30:50.735+07:00 TRACE 27900 --- [csrf] [    Test worker] o.s.b.f.s.DefaultListableBeanFactory     : Returning cached instance of singleton bean 'org.springframework.boot.autoconfigure.jackson.JacksonAutoConfiguration$JacksonObjectMapperConfiguration'
2025-01-07T20:30:50.735+07:00 TRACE 27900 --- [csrf] [    Test worker] o.s.b.f.s.DefaultListableBeanFactory     : Returning cached instance of singleton bean 'jacksonObjectMapper'
2025-01-07T20:30:50.735+07:00 TRACE 27900 --- [csrf] [    Test worker] o.s.b.f.s.DefaultListableBeanFactory     : Returning cached instance of singleton bean 'org.springframework.boot.autoconfigure.jackson.JacksonAutoConfiguration$JacksonMixinConfiguration'
2025-01-07T20:30:50.735+07:00 TRACE 27900 --- [csrf] [    Test worker] o.s.b.f.s.DefaultListableBeanFactory     : Returning cached instance of singleton bean 'jsonMixinModuleEntries'
2025-01-07T20:30:50.735+07:00 TRACE 27900 --- [csrf] [    Test worker] o.s.b.f.s.DefaultListableBeanFactory     : Returning cached instance of singleton bean 'jsonMixinModule'
2025-01-07T20:30:50.735+07:00 TRACE 27900 --- [csrf] [    Test worker] o.s.b.f.s.DefaultListableBeanFactory     : Returning cached instance of singleton bean 'org.springframework.boot.autoconfigure.jackson.JacksonAutoConfiguration'
2025-01-07T20:30:50.735+07:00 TRACE 27900 --- [csrf] [    Test worker] o.s.b.f.s.DefaultListableBeanFactory     : Returning cached instance of singleton bean 'jsonComponentModule'
2025-01-07T20:30:50.735+07:00 TRACE 27900 --- [csrf] [    Test worker] o.s.b.f.s.DefaultListableBeanFactory     : Returning cached instance of singleton bean 'org.springframework.boot.autoconfigure.context.ConfigurationPropertiesAutoConfiguration'
2025-01-07T20:30:50.735+07:00 TRACE 27900 --- [csrf] [    Test worker] o.s.b.f.s.DefaultListableBeanFactory     : Returning cached instance of singleton bean 'org.springframework.boot.autoconfigure.context.LifecycleAutoConfiguration'
2025-01-07T20:30:50.735+07:00 TRACE 27900 --- [csrf] [    Test worker] o.s.b.f.s.DefaultListableBeanFactory     : Returning cached instance of singleton bean 'lifecycleProcessor'
2025-01-07T20:30:50.735+07:00 TRACE 27900 --- [csrf] [    Test worker] o.s.b.f.s.DefaultListableBeanFactory     : Returning cached instance of singleton bean 'spring.lifecycle-org.springframework.boot.autoconfigure.context.LifecycleProperties'
2025-01-07T20:30:50.735+07:00 TRACE 27900 --- [csrf] [    Test worker] o.s.b.f.s.DefaultListableBeanFactory     : Returning cached instance of singleton bean 'org.springframework.boot.autoconfigure.http.HttpMessageConvertersAutoConfiguration$StringHttpMessageConverterConfiguration'
2025-01-07T20:30:50.735+07:00 TRACE 27900 --- [csrf] [    Test worker] o.s.b.f.s.DefaultListableBeanFactory     : Returning cached instance of singleton bean 'stringHttpMessageConverter'
2025-01-07T20:30:50.735+07:00 TRACE 27900 --- [csrf] [    Test worker] o.s.b.f.s.DefaultListableBeanFactory     : Returning cached instance of singleton bean 'org.springframework.boot.autoconfigure.http.JacksonHttpMessageConvertersConfiguration$MappingJackson2HttpMessageConverterConfiguration'
2025-01-07T20:30:50.735+07:00 TRACE 27900 --- [csrf] [    Test worker] o.s.b.f.s.DefaultListableBeanFactory     : Returning cached instance of singleton bean 'mappingJackson2HttpMessageConverter'
2025-01-07T20:30:50.735+07:00 TRACE 27900 --- [csrf] [    Test worker] o.s.b.f.s.DefaultListableBeanFactory     : Returning cached instance of singleton bean 'org.springframework.boot.autoconfigure.http.JacksonHttpMessageConvertersConfiguration'
2025-01-07T20:30:50.735+07:00 TRACE 27900 --- [csrf] [    Test worker] o.s.b.f.s.DefaultListableBeanFactory     : Returning cached instance of singleton bean 'org.springframework.boot.autoconfigure.http.HttpMessageConvertersAutoConfiguration'
2025-01-07T20:30:50.735+07:00 TRACE 27900 --- [csrf] [    Test worker] o.s.b.f.s.DefaultListableBeanFactory     : Returning cached instance of singleton bean 'messageConverters'
2025-01-07T20:30:50.736+07:00 TRACE 27900 --- [csrf] [    Test worker] o.s.b.f.s.DefaultListableBeanFactory     : Returning cached instance of singleton bean 'org.springframework.boot.autoconfigure.http.client.HttpClientAutoConfiguration'
2025-01-07T20:30:50.736+07:00 TRACE 27900 --- [csrf] [    Test worker] o.s.b.f.s.DefaultListableBeanFactory     : Returning cached instance of singleton bean 'clientHttpRequestFactoryBuilder'
2025-01-07T20:30:50.736+07:00 TRACE 27900 --- [csrf] [    Test worker] o.s.b.f.s.DefaultListableBeanFactory     : Returning cached instance of singleton bean 'clientHttpRequestFactorySettings'
2025-01-07T20:30:50.736+07:00 TRACE 27900 --- [csrf] [    Test worker] o.s.b.f.s.DefaultListableBeanFactory     : Returning cached instance of singleton bean 'spring.http.client-org.springframework.boot.autoconfigure.http.client.HttpClientProperties'
2025-01-07T20:30:50.736+07:00 TRACE 27900 --- [csrf] [    Test worker] o.s.b.f.s.DefaultListableBeanFactory     : Returning cached instance of singleton bean 'org.springframework.boot.autoconfigure.info.ProjectInfoAutoConfiguration'
2025-01-07T20:30:50.736+07:00 TRACE 27900 --- [csrf] [    Test worker] o.s.b.f.s.DefaultListableBeanFactory     : Returning cached instance of singleton bean 'spring.info-org.springframework.boot.autoconfigure.info.ProjectInfoProperties'
2025-01-07T20:30:50.736+07:00 TRACE 27900 --- [csrf] [    Test worker] o.s.b.f.s.DefaultListableBeanFactory     : Returning cached instance of singleton bean 'org.springframework.boot.autoconfigure.security.oauth2.server.servlet.OAuth2AuthorizationServerConfiguration'
2025-01-07T20:30:50.736+07:00 TRACE 27900 --- [csrf] [    Test worker] o.s.b.f.s.DefaultListableBeanFactory     : Returning cached instance of singleton bean 'authorizationServerSettings'
2025-01-07T20:30:50.736+07:00 TRACE 27900 --- [csrf] [    Test worker] o.s.b.f.s.DefaultListableBeanFactory     : Returning cached instance of singleton bean 'spring.security.oauth2.authorizationserver-org.springframework.boot.autoconfigure.security.oauth2.server.servlet.OAuth2AuthorizationServerProperties'
2025-01-07T20:30:50.736+07:00 TRACE 27900 --- [csrf] [    Test worker] o.s.b.f.s.DefaultListableBeanFactory     : Returning cached instance of singleton bean 'org.springframework.boot.autoconfigure.security.oauth2.server.servlet.OAuth2AuthorizationServerAutoConfiguration'
2025-01-07T20:30:50.736+07:00 TRACE 27900 --- [csrf] [    Test worker] o.s.b.f.s.DefaultListableBeanFactory     : Returning cached instance of singleton bean 'org.springframework.boot.autoconfigure.security.oauth2.resource.servlet.OAuth2ResourceServerJwtConfiguration$JwtDecoderConfiguration'
2025-01-07T20:30:50.736+07:00 TRACE 27900 --- [csrf] [    Test worker] o.s.b.f.s.DefaultListableBeanFactory     : Returning cached instance of singleton bean 'org.springframework.boot.autoconfigure.security.oauth2.resource.servlet.Oauth2ResourceServerConfiguration$JwtConfiguration'
2025-01-07T20:30:50.736+07:00 TRACE 27900 --- [csrf] [    Test worker] o.s.b.f.s.DefaultListableBeanFactory     : Returning cached instance of singleton bean 'org.springframework.boot.autoconfigure.security.oauth2.resource.servlet.OAuth2ResourceServerOpaqueTokenConfiguration$OpaqueTokenIntrospectionClientConfiguration'
2025-01-07T20:30:50.736+07:00 TRACE 27900 --- [csrf] [    Test worker] o.s.b.f.s.DefaultListableBeanFactory     : Returning cached instance of singleton bean 'org.springframework.boot.autoconfigure.security.oauth2.resource.servlet.Oauth2ResourceServerConfiguration$OpaqueTokenConfiguration'
2025-01-07T20:30:50.736+07:00 TRACE 27900 --- [csrf] [    Test worker] o.s.b.f.s.DefaultListableBeanFactory     : Returning cached instance of singleton bean 'org.springframework.boot.autoconfigure.security.oauth2.resource.servlet.OAuth2ResourceServerAutoConfiguration'
2025-01-07T20:30:50.736+07:00 TRACE 27900 --- [csrf] [    Test worker] o.s.b.f.s.DefaultListableBeanFactory     : Returning cached instance of singleton bean 'spring.security.oauth2.resourceserver-org.springframework.boot.autoconfigure.security.oauth2.resource.OAuth2ResourceServerProperties'
2025-01-07T20:30:50.736+07:00 TRACE 27900 --- [csrf] [    Test worker] o.s.b.f.s.DefaultListableBeanFactory     : Returning cached instance of singleton bean 'org.springframework.security.config.annotation.configuration.ObjectPostProcessorConfiguration'
2025-01-07T20:30:50.736+07:00 TRACE 27900 --- [csrf] [    Test worker] o.s.b.f.s.DefaultListableBeanFactory     : Returning cached instance of singleton bean 'objectPostProcessor'
2025-01-07T20:30:50.736+07:00 TRACE 27900 --- [csrf] [    Test worker] o.s.b.f.s.DefaultListableBeanFactory     : Returning cached instance of singleton bean 'org.springframework.security.config.annotation.authentication.configuration.AuthenticationConfiguration'
2025-01-07T20:30:50.736+07:00 TRACE 27900 --- [csrf] [    Test worker] o.s.b.f.s.DefaultListableBeanFactory     : Returning cached instance of singleton bean 'authenticationManagerBuilder'
2025-01-07T20:30:50.736+07:00 TRACE 27900 --- [csrf] [    Test worker] o.s.b.f.s.DefaultListableBeanFactory     : Returning cached instance of singleton bean 'enableGlobalAuthenticationAutowiredConfigurer'
2025-01-07T20:30:50.736+07:00 TRACE 27900 --- [csrf] [    Test worker] o.s.b.f.s.DefaultListableBeanFactory     : Returning cached instance of singleton bean 'initializeUserDetailsBeanManagerConfigurer'
2025-01-07T20:30:50.736+07:00 TRACE 27900 --- [csrf] [    Test worker] o.s.b.f.s.DefaultListableBeanFactory     : Returning cached instance of singleton bean 'initializeAuthenticationProviderBeanManagerConfigurer'
2025-01-07T20:30:50.736+07:00 TRACE 27900 --- [csrf] [    Test worker] o.s.b.f.s.DefaultListableBeanFactory     : Returning cached instance of singleton bean 'org.springframework.security.config.annotation.web.configuration.WebSecurityConfiguration'
2025-01-07T20:30:50.736+07:00 TRACE 27900 --- [csrf] [    Test worker] o.s.b.f.s.DefaultListableBeanFactory     : Returning cached instance of singleton bean 'delegatingApplicationListener'
2025-01-07T20:30:50.736+07:00 TRACE 27900 --- [csrf] [    Test worker] o.s.b.f.s.DefaultListableBeanFactory     : Returning cached instance of singleton bean 'webSecurityExpressionHandler'
2025-01-07T20:30:50.736+07:00 TRACE 27900 --- [csrf] [    Test worker] o.s.b.f.s.DefaultListableBeanFactory     : Returning cached instance of singleton bean 'privilegeEvaluator'
2025-01-07T20:30:50.736+07:00 TRACE 27900 --- [csrf] [    Test worker] o.s.b.f.s.DefaultListableBeanFactory     : Returning cached instance of singleton bean 'conversionServicePostProcessor'
2025-01-07T20:30:50.736+07:00 TRACE 27900 --- [csrf] [    Test worker] o.s.b.f.s.DefaultListableBeanFactory     : Returning cached instance of singleton bean 'org.springframework.security.config.annotation.web.configuration.WebMvcSecurityConfiguration'
2025-01-07T20:30:50.736+07:00 TRACE 27900 --- [csrf] [    Test worker] o.s.b.f.s.DefaultListableBeanFactory     : Returning cached instance of singleton bean 'requestDataValueProcessor'
2025-01-07T20:30:50.736+07:00 TRACE 27900 --- [csrf] [    Test worker] o.s.b.f.s.DefaultListableBeanFactory     : Returning cached instance of singleton bean 'springSecurityHandlerMappingIntrospectorBeanDefinitionRegistryPostProcessor'
2025-01-07T20:30:50.736+07:00 TRACE 27900 --- [csrf] [    Test worker] o.s.b.f.s.DefaultListableBeanFactory     : Returning cached instance of singleton bean 'org.springframework.security.config.annotation.web.configuration.HttpSecurityConfiguration'
2025-01-07T20:30:50.736+07:00 TRACE 27900 --- [csrf] [    Test worker] o.s.b.f.s.DefaultListableBeanFactory     : Returning cached instance of singleton bean 'org.springframework.security.config.annotation.web.configuration.ObservationConfiguration'
2025-01-07T20:30:50.736+07:00 TRACE 27900 --- [csrf] [    Test worker] o.s.b.f.s.DefaultListableBeanFactory     : Returning cached instance of singleton bean 'webAuthorizationManagerPostProcessor'
2025-01-07T20:30:50.736+07:00 TRACE 27900 --- [csrf] [    Test worker] o.s.b.f.s.DefaultListableBeanFactory     : Returning cached instance of singleton bean 'authenticationManagerPostProcessor'
2025-01-07T20:30:50.736+07:00 TRACE 27900 --- [csrf] [    Test worker] o.s.b.f.s.DefaultListableBeanFactory     : Returning cached instance of singleton bean 'filterChainDecoratorPostProcessor'
2025-01-07T20:30:50.736+07:00 TRACE 27900 --- [csrf] [    Test worker] o.s.b.f.s.DefaultListableBeanFactory     : Returning cached instance of singleton bean 'org.springframework.boot.autoconfigure.security.servlet.SpringBootWebSecurityConfiguration$WebSecurityEnablerConfiguration'
2025-01-07T20:30:50.736+07:00 TRACE 27900 --- [csrf] [    Test worker] o.s.b.f.s.DefaultListableBeanFactory     : Returning cached instance of singleton bean 'org.springframework.boot.autoconfigure.security.servlet.SpringBootWebSecurityConfiguration'
2025-01-07T20:30:50.736+07:00 TRACE 27900 --- [csrf] [    Test worker] o.s.b.f.s.DefaultListableBeanFactory     : Returning cached instance of singleton bean 'org.springframework.boot.autoconfigure.security.servlet.SecurityAutoConfiguration'
2025-01-07T20:30:50.736+07:00 TRACE 27900 --- [csrf] [    Test worker] o.s.b.f.s.DefaultListableBeanFactory     : Returning cached instance of singleton bean 'authenticationEventPublisher'
2025-01-07T20:30:50.736+07:00 TRACE 27900 --- [csrf] [    Test worker] o.s.b.f.s.DefaultListableBeanFactory     : Returning cached instance of singleton bean 'spring.security-org.springframework.boot.autoconfigure.security.SecurityProperties'
2025-01-07T20:30:50.736+07:00 TRACE 27900 --- [csrf] [    Test worker] o.s.b.f.s.DefaultListableBeanFactory     : Returning cached instance of singleton bean 'org.springframework.boot.autoconfigure.security.oauth2.server.servlet.OAuth2AuthorizationServerJwtAutoConfiguration'
2025-01-07T20:30:50.736+07:00 TRACE 27900 --- [csrf] [    Test worker] o.s.b.f.s.DefaultListableBeanFactory     : Returning cached instance of singleton bean 'jwtDecoder'
2025-01-07T20:30:50.736+07:00 TRACE 27900 --- [csrf] [    Test worker] o.s.b.f.s.DefaultListableBeanFactory     : Returning cached instance of singleton bean 'jwkSource'
2025-01-07T20:30:50.736+07:00 TRACE 27900 --- [csrf] [    Test worker] o.s.b.f.s.DefaultListableBeanFactory     : Returning cached instance of singleton bean 'org.springframework.boot.autoconfigure.security.servlet.SecurityFilterAutoConfiguration'
2025-01-07T20:30:50.736+07:00 TRACE 27900 --- [csrf] [    Test worker] o.s.b.f.s.DefaultListableBeanFactory     : Returning cached instance of singleton bean 'securityFilterChainRegistration'
2025-01-07T20:30:50.736+07:00 TRACE 27900 --- [csrf] [    Test worker] o.s.b.f.s.DefaultListableBeanFactory     : Returning cached instance of singleton bean 'org.springframework.boot.autoconfigure.sql.init.SqlInitializationAutoConfiguration'
2025-01-07T20:30:50.736+07:00 TRACE 27900 --- [csrf] [    Test worker] o.s.b.f.s.DefaultListableBeanFactory     : Returning cached instance of singleton bean 'spring.sql.init-org.springframework.boot.autoconfigure.sql.init.SqlInitializationProperties'
2025-01-07T20:30:50.736+07:00 TRACE 27900 --- [csrf] [    Test worker] o.s.b.f.s.DefaultListableBeanFactory     : Returning cached instance of singleton bean 'org.springframework.boot.sql.init.dependency.DatabaseInitializationDependencyConfigurer$DependsOnDatabaseInitializationPostProcessor'
2025-01-07T20:30:50.736+07:00 TRACE 27900 --- [csrf] [    Test worker] o.s.b.f.s.DefaultListableBeanFactory     : Returning cached instance of singleton bean 'org.springframework.boot.autoconfigure.task.TaskSchedulingConfigurations$ThreadPoolTaskSchedulerBuilderConfiguration'
2025-01-07T20:30:50.736+07:00 TRACE 27900 --- [csrf] [    Test worker] o.s.b.f.s.DefaultListableBeanFactory     : Returning cached instance of singleton bean 'threadPoolTaskSchedulerBuilder'
2025-01-07T20:30:50.736+07:00 TRACE 27900 --- [csrf] [    Test worker] o.s.b.f.s.DefaultListableBeanFactory     : Returning cached instance of singleton bean 'org.springframework.boot.autoconfigure.task.TaskSchedulingConfigurations$SimpleAsyncTaskSchedulerBuilderConfiguration'
2025-01-07T20:30:50.736+07:00 TRACE 27900 --- [csrf] [    Test worker] o.s.b.f.s.DefaultListableBeanFactory     : Returning cached instance of singleton bean 'simpleAsyncTaskSchedulerBuilder'
2025-01-07T20:30:50.736+07:00 TRACE 27900 --- [csrf] [    Test worker] o.s.b.f.s.DefaultListableBeanFactory     : Returning cached instance of singleton bean 'org.springframework.boot.autoconfigure.task.TaskSchedulingAutoConfiguration'
2025-01-07T20:30:50.736+07:00 TRACE 27900 --- [csrf] [    Test worker] o.s.b.f.s.DefaultListableBeanFactory     : Returning cached instance of singleton bean 'spring.task.scheduling-org.springframework.boot.autoconfigure.task.TaskSchedulingProperties'
2025-01-07T20:30:50.736+07:00 TRACE 27900 --- [csrf] [    Test worker] o.s.b.f.s.DefaultListableBeanFactory     : Returning cached instance of singleton bean 'org.springframework.boot.autoconfigure.web.client.RestClientAutoConfiguration'
2025-01-07T20:30:50.736+07:00 TRACE 27900 --- [csrf] [    Test worker] o.s.b.f.s.DefaultListableBeanFactory     : Returning cached instance of singleton bean 'httpMessageConvertersRestClientCustomizer'
2025-01-07T20:30:50.736+07:00 TRACE 27900 --- [csrf] [    Test worker] o.s.b.f.s.DefaultListableBeanFactory     : Returning cached instance of singleton bean 'restClientSsl'
2025-01-07T20:30:50.736+07:00 TRACE 27900 --- [csrf] [    Test worker] o.s.b.f.s.DefaultListableBeanFactory     : Returning cached instance of singleton bean 'restClientBuilderConfigurer'
2025-01-07T20:30:50.736+07:00 TRACE 27900 --- [csrf] [    Test worker] o.s.b.f.s.DefaultListableBeanFactory     : Returning cached instance of singleton bean 'org.springframework.boot.autoconfigure.web.client.RestTemplateAutoConfiguration'
2025-01-07T20:30:50.736+07:00 TRACE 27900 --- [csrf] [    Test worker] o.s.b.f.s.DefaultListableBeanFactory     : Returning cached instance of singleton bean 'restTemplateBuilderConfigurer'
2025-01-07T20:30:50.736+07:00 TRACE 27900 --- [csrf] [    Test worker] o.s.b.f.s.DefaultListableBeanFactory     : Returning cached instance of singleton bean 'restTemplateBuilder'
2025-01-07T20:30:50.736+07:00 TRACE 27900 --- [csrf] [    Test worker] o.s.b.f.s.DefaultListableBeanFactory     : Returning cached instance of singleton bean 'org.springframework.boot.autoconfigure.web.embedded.EmbeddedWebServerFactoryCustomizerAutoConfiguration$TomcatWebServerFactoryCustomizerConfiguration'
2025-01-07T20:30:50.736+07:00 TRACE 27900 --- [csrf] [    Test worker] o.s.b.f.s.DefaultListableBeanFactory     : Returning cached instance of singleton bean 'tomcatWebServerFactoryCustomizer'
2025-01-07T20:30:50.736+07:00 TRACE 27900 --- [csrf] [    Test worker] o.s.b.f.s.DefaultListableBeanFactory     : Returning cached instance of singleton bean 'org.springframework.boot.autoconfigure.web.embedded.EmbeddedWebServerFactoryCustomizerAutoConfiguration'
2025-01-07T20:30:50.736+07:00 TRACE 27900 --- [csrf] [    Test worker] o.s.b.f.s.DefaultListableBeanFactory     : Returning cached instance of singleton bean 'org.springframework.boot.autoconfigure.web.servlet.HttpEncodingAutoConfiguration'
2025-01-07T20:30:50.736+07:00 TRACE 27900 --- [csrf] [    Test worker] o.s.b.f.s.DefaultListableBeanFactory     : Returning cached instance of singleton bean 'characterEncodingFilter'
2025-01-07T20:30:50.736+07:00 TRACE 27900 --- [csrf] [    Test worker] o.s.b.f.s.DefaultListableBeanFactory     : Returning cached instance of singleton bean 'localeCharsetMappingsCustomizer'
2025-01-07T20:30:50.736+07:00 TRACE 27900 --- [csrf] [    Test worker] o.s.b.f.s.DefaultListableBeanFactory     : Returning cached instance of singleton bean 'org.springframework.boot.autoconfigure.web.servlet.MultipartAutoConfiguration'
2025-01-07T20:30:50.736+07:00 TRACE 27900 --- [csrf] [    Test worker] o.s.b.f.s.DefaultListableBeanFactory     : Returning cached instance of singleton bean 'multipartConfigElement'
2025-01-07T20:30:50.736+07:00 TRACE 27900 --- [csrf] [    Test worker] o.s.b.f.s.DefaultListableBeanFactory     : Returning cached instance of singleton bean 'multipartResolver'
2025-01-07T20:30:50.736+07:00 TRACE 27900 --- [csrf] [    Test worker] o.s.b.f.s.DefaultListableBeanFactory     : Returning cached instance of singleton bean 'spring.servlet.multipart-org.springframework.boot.autoconfigure.web.servlet.MultipartProperties'
2025-01-07T20:30:50.736+07:00 TRACE 27900 --- [csrf] [    Test worker] o.s.b.f.s.DefaultListableBeanFactory     : Returning cached instance of singleton bean 'org.springframework.boot.test.web.client.TestRestTemplate'
2025-01-07T20:30:50.736+07:00 TRACE 27900 --- [csrf] [    Test worker] o.s.b.f.s.DefaultListableBeanFactory     : Returning cached instance of singleton bean 'org.springframework.boot.test.web.client.TestRestTemplate'
2025-01-07T20:30:50.736+07:00 TRACE 27900 --- [csrf] [    Test worker] o.s.b.f.s.DefaultListableBeanFactory     : Returning cached instance of singleton bean 'mvcHandlerMappingIntrospectorRequestTransformer'
2025-01-07T20:30:50.736+07:00 TRACE 27900 --- [csrf] [    Test worker] o.s.b.f.s.DefaultListableBeanFactory     : Returning cached instance of singleton bean 'springSecurityFilterChain'
2025-01-07T20:30:50.736+07:00 TRACE 27900 --- [csrf] [    Test worker] o.s.b.f.s.DefaultListableBeanFactory     : Returning cached instance of singleton bean 'org.springframework.aop.config.internalAutoProxyCreator'
2025-01-07T20:30:50.736+07:00 TRACE 27900 --- [csrf] [    Test worker] c.DefaultCacheAwareContextLoaderDelegate : Retrieved ApplicationContext [1114525788] from cache with key [WebMergedContextConfiguration@17d76ebb testClass = com.example.csrf.CsrfApplicationTests, locations = [], classes = [com.example.csrf.CsrfApplication], contextInitializerClasses = [], activeProfiles = [], propertySourceDescriptors = [], propertySourceProperties = ["org.springframework.boot.test.context.SpringBootTestContextBootstrapper=true", "server.port=0"], contextCustomizers = [org.springframework.boot.test.autoconfigure.OnFailureConditionReportContextCustomizerFactory$OnFailureConditionReportContextCustomizer@3016fd5e, org.springframework.boot.test.autoconfigure.actuate.observability.ObservabilityContextCustomizerFactory$DisableObservabilityContextCustomizer@1f, org.springframework.boot.test.autoconfigure.properties.PropertyMappingContextCustomizer@0, org.springframework.boot.test.autoconfigure.web.servlet.WebDriverContextCustomizer@2072acb2, org.springframework.boot.test.context.filter.ExcludeFilterContextCustomizer@732f29af, org.springframework.boot.test.json.DuplicateJsonObjectContextCustomizerFactory$DuplicateJsonObjectContextCustomizer@64ba3208, org.springframework.boot.test.mock.mockito.MockitoContextCustomizer@0, org.springframework.boot.test.web.client.TestRestTemplateContextCustomizer@8692d67, org.springframework.boot.test.web.reactor.netty.DisableReactorResourceFactoryGlobalResourcesContextCustomizerFactory$DisableReactorResourceFactoryGlobalResourcesContextCustomizerCustomizer@37052337, org.springframework.test.context.support.DynamicPropertiesContextCustomizer@0, org.springframework.boot.test.context.SpringBootTestAnnotation@3d5c2d0e], resourceBasePath = "src/main/webapp", contextLoader = org.springframework.boot.test.context.SpringBootContextLoader, parent = null]
2025-01-07T20:30:50.736+07:00 DEBUG 27900 --- [csrf] [    Test worker] org.springframework.test.context.cache   : Spring test ApplicationContext cache statistics: [DefaultContextCache@40b31a16 size = 1, maxSize = 32, parentContextCount = 0, hitCount = 8, missCount = 1, failureCount = 0]
2025-01-07T20:30:50.736+07:00 TRACE 27900 --- [csrf] [    Test worker] o.s.b.f.s.DefaultListableBeanFactory     : Returning cached instance of singleton bean 'org.springframework.context.annotation.internalConfigurationAnnotationProcessor'
2025-01-07T20:30:50.736+07:00 TRACE 27900 --- [csrf] [    Test worker] o.s.b.f.s.DefaultListableBeanFactory     : Returning cached instance of singleton bean 'org.springframework.context.annotation.internalAutowiredAnnotationProcessor'
2025-01-07T20:30:50.736+07:00 TRACE 27900 --- [csrf] [    Test worker] o.s.b.f.s.DefaultListableBeanFactory     : Returning cached instance of singleton bean 'org.springframework.context.annotation.internalCommonAnnotationProcessor'
2025-01-07T20:30:50.736+07:00 TRACE 27900 --- [csrf] [    Test worker] o.s.b.f.s.DefaultListableBeanFactory     : Returning cached instance of singleton bean 'org.springframework.context.event.internalEventListenerProcessor'
2025-01-07T20:30:50.736+07:00 TRACE 27900 --- [csrf] [    Test worker] o.s.b.f.s.DefaultListableBeanFactory     : Returning cached instance of singleton bean 'org.springframework.context.event.internalEventListenerFactory'
2025-01-07T20:30:50.736+07:00 TRACE 27900 --- [csrf] [    Test worker] o.s.b.f.s.DefaultListableBeanFactory     : Returning cached instance of singleton bean 'org.springframework.boot.test.mock.mockito.MockitoPostProcessor$SpyPostProcessor'
2025-01-07T20:30:50.736+07:00 TRACE 27900 --- [csrf] [    Test worker] o.s.b.f.s.DefaultListableBeanFactory     : Returning cached instance of singleton bean 'org.springframework.boot.test.mock.mockito.MockitoPostProcessor'
2025-01-07T20:30:50.736+07:00 TRACE 27900 --- [csrf] [    Test worker] o.s.b.f.s.DefaultListableBeanFactory     : Returning cached instance of singleton bean 'org.springframework.boot.test.web.client.TestRestTemplateContextCustomizer$TestRestTemplateRegistrar'
2025-01-07T20:30:50.736+07:00 TRACE 27900 --- [csrf] [    Test worker] o.s.b.f.s.DefaultListableBeanFactory     : Returning cached instance of singleton bean 'org.springframework.test.context.support.internalDynamicPropertyRegistrarBeanInitializer'
2025-01-07T20:30:50.736+07:00 TRACE 27900 --- [csrf] [    Test worker] o.s.b.f.s.DefaultListableBeanFactory     : Returning cached instance of singleton bean 'csrfApplication'
2025-01-07T20:30:50.736+07:00 TRACE 27900 --- [csrf] [    Test worker] o.s.b.f.s.DefaultListableBeanFactory     : Returning cached instance of singleton bean 'org.springframework.boot.autoconfigure.internalCachingMetadataReaderFactory'
2025-01-07T20:30:50.736+07:00 TRACE 27900 --- [csrf] [    Test worker] o.s.b.f.s.DefaultListableBeanFactory     : Returning cached instance of singleton bean 'org.springframework.boot.autoconfigure.internalCachingMetadataReaderFactory'
2025-01-07T20:30:50.736+07:00 TRACE 27900 --- [csrf] [    Test worker] o.s.b.f.s.DefaultListableBeanFactory     : Returning cached instance of singleton bean 'authorizationServerConfig'
2025-01-07T20:30:50.736+07:00 TRACE 27900 --- [csrf] [    Test worker] o.s.b.f.s.DefaultListableBeanFactory     : Returning cached instance of singleton bean 'endpoint'
2025-01-07T20:30:50.736+07:00 TRACE 27900 --- [csrf] [    Test worker] o.s.b.f.s.DefaultListableBeanFactory     : Returning cached instance of singleton bean 'securityFilterChain'
2025-01-07T20:30:50.736+07:00 TRACE 27900 --- [csrf] [    Test worker] o.s.b.f.s.DefaultListableBeanFactory     : Returning cached instance of singleton bean 'org.springframework.boot.autoconfigure.AutoConfigurationPackages'
2025-01-07T20:30:50.736+07:00 TRACE 27900 --- [csrf] [    Test worker] o.s.b.f.s.DefaultListableBeanFactory     : Returning cached instance of singleton bean 'org.springframework.boot.autoconfigure.context.PropertyPlaceholderAutoConfiguration'
2025-01-07T20:30:50.736+07:00 TRACE 27900 --- [csrf] [    Test worker] o.s.b.f.s.DefaultListableBeanFactory     : Returning cached instance of singleton bean 'propertySourcesPlaceholderConfigurer'
2025-01-07T20:30:50.736+07:00 TRACE 27900 --- [csrf] [    Test worker] o.s.b.f.s.DefaultListableBeanFactory     : Returning cached instance of singleton bean 'org.springframework.boot.autoconfigure.ssl.SslAutoConfiguration'
2025-01-07T20:30:50.736+07:00 TRACE 27900 --- [csrf] [    Test worker] o.s.b.f.s.DefaultListableBeanFactory     : Returning cached instance of singleton bean 'fileWatcher'
2025-01-07T20:30:50.736+07:00 TRACE 27900 --- [csrf] [    Test worker] o.s.b.f.s.DefaultListableBeanFactory     : Returning cached instance of singleton bean 'sslPropertiesSslBundleRegistrar'
2025-01-07T20:30:50.736+07:00 TRACE 27900 --- [csrf] [    Test worker] o.s.b.f.s.DefaultListableBeanFactory     : Returning cached instance of singleton bean 'sslBundleRegistry'
2025-01-07T20:30:50.736+07:00 TRACE 27900 --- [csrf] [    Test worker] o.s.b.f.s.DefaultListableBeanFactory     : Returning cached instance of singleton bean 'org.springframework.boot.context.properties.ConfigurationPropertiesBindingPostProcessor'
2025-01-07T20:30:50.736+07:00 TRACE 27900 --- [csrf] [    Test worker] o.s.b.f.s.DefaultListableBeanFactory     : Returning cached instance of singleton bean 'org.springframework.boot.context.internalConfigurationPropertiesBinder'
2025-01-07T20:30:50.736+07:00 TRACE 27900 --- [csrf] [    Test worker] o.s.b.f.s.DefaultListableBeanFactory     : Returning cached instance of singleton bean 'org.springframework.boot.context.internalConfigurationPropertiesBinder'
2025-01-07T20:30:50.736+07:00 TRACE 27900 --- [csrf] [    Test worker] o.s.b.f.s.DefaultListableBeanFactory     : Returning cached instance of singleton bean 'org.springframework.boot.context.properties.BoundConfigurationProperties'
2025-01-07T20:30:50.736+07:00 TRACE 27900 --- [csrf] [    Test worker] o.s.b.f.s.DefaultListableBeanFactory     : Returning cached instance of singleton bean 'org.springframework.boot.context.properties.EnableConfigurationPropertiesRegistrar.methodValidationExcludeFilter'
2025-01-07T20:30:50.736+07:00 TRACE 27900 --- [csrf] [    Test worker] o.s.b.f.s.DefaultListableBeanFactory     : Returning cached instance of singleton bean 'spring.ssl-org.springframework.boot.autoconfigure.ssl.SslProperties'
2025-01-07T20:30:50.736+07:00 TRACE 27900 --- [csrf] [    Test worker] o.s.b.f.s.DefaultListableBeanFactory     : Returning cached instance of singleton bean 'org.springframework.boot.autoconfigure.websocket.servlet.WebSocketServletAutoConfiguration$TomcatWebSocketConfiguration'
2025-01-07T20:30:50.736+07:00 TRACE 27900 --- [csrf] [    Test worker] o.s.b.f.s.DefaultListableBeanFactory     : Returning cached instance of singleton bean 'websocketServletWebServerCustomizer'
2025-01-07T20:30:50.736+07:00 TRACE 27900 --- [csrf] [    Test worker] o.s.b.f.s.DefaultListableBeanFactory     : Returning cached instance of singleton bean 'org.springframework.boot.autoconfigure.websocket.servlet.WebSocketServletAutoConfiguration'
2025-01-07T20:30:50.736+07:00 TRACE 27900 --- [csrf] [    Test worker] o.s.b.f.s.DefaultListableBeanFactory     : Returning cached instance of singleton bean 'org.springframework.boot.autoconfigure.web.servlet.ServletWebServerFactoryConfiguration$EmbeddedTomcat'
2025-01-07T20:30:50.736+07:00 TRACE 27900 --- [csrf] [    Test worker] o.s.b.f.s.DefaultListableBeanFactory     : Returning cached instance of singleton bean 'tomcatServletWebServerFactory'
2025-01-07T20:30:50.736+07:00 TRACE 27900 --- [csrf] [    Test worker] o.s.b.f.s.DefaultListableBeanFactory     : Returning cached instance of singleton bean 'org.springframework.boot.autoconfigure.web.servlet.ServletWebServerFactoryAutoConfiguration'
2025-01-07T20:30:50.736+07:00 TRACE 27900 --- [csrf] [    Test worker] o.s.b.f.s.DefaultListableBeanFactory     : Returning cached instance of singleton bean 'servletWebServerFactoryCustomizer'
2025-01-07T20:30:50.736+07:00 TRACE 27900 --- [csrf] [    Test worker] o.s.b.f.s.DefaultListableBeanFactory     : Returning cached instance of singleton bean 'tomcatServletWebServerFactoryCustomizer'
2025-01-07T20:30:50.736+07:00 TRACE 27900 --- [csrf] [    Test worker] o.s.b.f.s.DefaultListableBeanFactory     : Returning cached instance of singleton bean 'server-org.springframework.boot.autoconfigure.web.ServerProperties'
2025-01-07T20:30:50.736+07:00 TRACE 27900 --- [csrf] [    Test worker] o.s.b.f.s.DefaultListableBeanFactory     : Returning cached instance of singleton bean 'webServerFactoryCustomizerBeanPostProcessor'
2025-01-07T20:30:50.736+07:00 TRACE 27900 --- [csrf] [    Test worker] o.s.b.f.s.DefaultListableBeanFactory     : Returning cached instance of singleton bean 'errorPageRegistrarBeanPostProcessor'
2025-01-07T20:30:50.736+07:00 TRACE 27900 --- [csrf] [    Test worker] o.s.b.f.s.DefaultListableBeanFactory     : Returning cached instance of singleton bean 'org.springframework.boot.autoconfigure.web.servlet.DispatcherServletAutoConfiguration$DispatcherServletConfiguration'
2025-01-07T20:30:50.736+07:00 TRACE 27900 --- [csrf] [    Test worker] o.s.b.f.s.DefaultListableBeanFactory     : Returning cached instance of singleton bean 'dispatcherServlet'
2025-01-07T20:30:50.736+07:00 TRACE 27900 --- [csrf] [    Test worker] o.s.b.f.s.DefaultListableBeanFactory     : Returning cached instance of singleton bean 'spring.mvc-org.springframework.boot.autoconfigure.web.servlet.WebMvcProperties'
2025-01-07T20:30:50.736+07:00 TRACE 27900 --- [csrf] [    Test worker] o.s.b.f.s.DefaultListableBeanFactory     : Returning cached instance of singleton bean 'org.springframework.boot.autoconfigure.web.servlet.DispatcherServletAutoConfiguration$DispatcherServletRegistrationConfiguration'
2025-01-07T20:30:50.736+07:00 TRACE 27900 --- [csrf] [    Test worker] o.s.b.f.s.DefaultListableBeanFactory     : Returning cached instance of singleton bean 'dispatcherServletRegistration'
2025-01-07T20:30:50.736+07:00 TRACE 27900 --- [csrf] [    Test worker] o.s.b.f.s.DefaultListableBeanFactory     : Returning cached instance of singleton bean 'org.springframework.boot.autoconfigure.web.servlet.DispatcherServletAutoConfiguration'
2025-01-07T20:30:50.736+07:00 TRACE 27900 --- [csrf] [    Test worker] o.s.b.f.s.DefaultListableBeanFactory     : Returning cached instance of singleton bean 'org.springframework.boot.autoconfigure.task.TaskExecutorConfigurations$ThreadPoolTaskExecutorBuilderConfiguration'
2025-01-07T20:30:50.736+07:00 TRACE 27900 --- [csrf] [    Test worker] o.s.b.f.s.DefaultListableBeanFactory     : Returning cached instance of singleton bean 'threadPoolTaskExecutorBuilder'
2025-01-07T20:30:50.736+07:00 TRACE 27900 --- [csrf] [    Test worker] o.s.b.f.s.DefaultListableBeanFactory     : Returning cached instance of singleton bean 'org.springframework.boot.autoconfigure.task.TaskExecutorConfigurations$SimpleAsyncTaskExecutorBuilderConfiguration'
2025-01-07T20:30:50.736+07:00 TRACE 27900 --- [csrf] [    Test worker] o.s.b.f.s.DefaultListableBeanFactory     : Returning cached instance of singleton bean 'simpleAsyncTaskExecutorBuilder'
2025-01-07T20:30:50.736+07:00 TRACE 27900 --- [csrf] [    Test worker] o.s.b.f.s.DefaultListableBeanFactory     : Returning cached instance of singleton bean 'org.springframework.boot.autoconfigure.task.TaskExecutorConfigurations$TaskExecutorConfiguration'
2025-01-07T20:30:50.736+07:00 TRACE 27900 --- [csrf] [    Test worker] o.s.b.f.s.DefaultListableBeanFactory     : Returning cached instance of singleton bean 'applicationTaskExecutor'
2025-01-07T20:30:50.736+07:00 TRACE 27900 --- [csrf] [    Test worker] o.s.b.f.s.DefaultListableBeanFactory     : Returning cached instance of singleton bean 'org.springframework.boot.autoconfigure.task.TaskExecutionAutoConfiguration'
2025-01-07T20:30:50.736+07:00 TRACE 27900 --- [csrf] [    Test worker] o.s.b.f.s.DefaultListableBeanFactory     : Returning cached instance of singleton bean 'spring.task.execution-org.springframework.boot.autoconfigure.task.TaskExecutionProperties'
2025-01-07T20:30:50.736+07:00 TRACE 27900 --- [csrf] [    Test worker] o.s.b.f.s.DefaultListableBeanFactory     : Returning cached instance of singleton bean 'org.springframework.boot.autoconfigure.web.servlet.error.ErrorMvcAutoConfiguration$WhitelabelErrorViewConfiguration'
2025-01-07T20:30:50.736+07:00 TRACE 27900 --- [csrf] [    Test worker] o.s.b.f.s.DefaultListableBeanFactory     : Returning cached instance of singleton bean 'error'
2025-01-07T20:30:50.736+07:00 TRACE 27900 --- [csrf] [    Test worker] o.s.b.f.s.DefaultListableBeanFactory     : Returning cached instance of singleton bean 'beanNameViewResolver'
2025-01-07T20:30:50.736+07:00 TRACE 27900 --- [csrf] [    Test worker] o.s.b.f.s.DefaultListableBeanFactory     : Returning cached instance of singleton bean 'org.springframework.boot.autoconfigure.web.servlet.error.ErrorMvcAutoConfiguration$DefaultErrorViewResolverConfiguration'
2025-01-07T20:30:50.736+07:00 TRACE 27900 --- [csrf] [    Test worker] o.s.b.f.s.DefaultListableBeanFactory     : Returning cached instance of singleton bean 'conventionErrorViewResolver'
2025-01-07T20:30:50.736+07:00 TRACE 27900 --- [csrf] [    Test worker] o.s.b.f.s.DefaultListableBeanFactory     : Returning cached instance of singleton bean 'spring.web-org.springframework.boot.autoconfigure.web.WebProperties'
2025-01-07T20:30:50.736+07:00 TRACE 27900 --- [csrf] [    Test worker] o.s.b.f.s.DefaultListableBeanFactory     : Returning cached instance of singleton bean 'org.springframework.boot.autoconfigure.web.servlet.error.ErrorMvcAutoConfiguration'
2025-01-07T20:30:50.736+07:00 TRACE 27900 --- [csrf] [    Test worker] o.s.b.f.s.DefaultListableBeanFactory     : Returning cached instance of singleton bean 'errorAttributes'
2025-01-07T20:30:50.736+07:00 TRACE 27900 --- [csrf] [    Test worker] o.s.b.f.s.DefaultListableBeanFactory     : Returning cached instance of singleton bean 'basicErrorController'
2025-01-07T20:30:50.736+07:00 TRACE 27900 --- [csrf] [    Test worker] o.s.b.f.s.DefaultListableBeanFactory     : Returning cached instance of singleton bean 'errorPageCustomizer'
2025-01-07T20:30:50.736+07:00 TRACE 27900 --- [csrf] [    Test worker] o.s.b.f.s.DefaultListableBeanFactory     : Returning cached instance of singleton bean 'preserveErrorControllerTargetClassPostProcessor'
2025-01-07T20:30:50.736+07:00 TRACE 27900 --- [csrf] [    Test worker] o.s.b.f.s.DefaultListableBeanFactory     : Returning cached instance of singleton bean 'org.springframework.boot.autoconfigure.web.servlet.WebMvcAutoConfiguration$EnableWebMvcConfiguration'
2025-01-07T20:30:50.736+07:00 TRACE 27900 --- [csrf] [    Test worker] o.s.b.f.s.DefaultListableBeanFactory     : Returning cached instance of singleton bean 'welcomePageHandlerMapping'
2025-01-07T20:30:50.736+07:00 TRACE 27900 --- [csrf] [    Test worker] o.s.b.f.s.DefaultListableBeanFactory     : Returning cached instance of singleton bean 'welcomePageNotAcceptableHandlerMapping'
2025-01-07T20:30:50.736+07:00 TRACE 27900 --- [csrf] [    Test worker] o.s.b.f.s.DefaultListableBeanFactory     : Returning cached instance of singleton bean 'localeResolver'
2025-01-07T20:30:50.736+07:00 TRACE 27900 --- [csrf] [    Test worker] o.s.b.f.s.DefaultListableBeanFactory     : Returning cached instance of singleton bean 'themeResolver'
2025-01-07T20:30:50.736+07:00 TRACE 27900 --- [csrf] [    Test worker] o.s.b.f.s.DefaultListableBeanFactory     : Returning cached instance of singleton bean 'flashMapManager'
2025-01-07T20:30:50.736+07:00 TRACE 27900 --- [csrf] [    Test worker] o.s.b.f.s.DefaultListableBeanFactory     : Returning cached instance of singleton bean 'viewNameTranslator'
2025-01-07T20:30:50.736+07:00 TRACE 27900 --- [csrf] [    Test worker] o.s.b.f.s.DefaultListableBeanFactory     : Returning cached instance of singleton bean 'mvcConversionService'
2025-01-07T20:30:50.737+07:00 TRACE 27900 --- [csrf] [    Test worker] o.s.b.f.s.DefaultListableBeanFactory     : Returning cached instance of singleton bean 'mvcValidator'
2025-01-07T20:30:50.737+07:00 TRACE 27900 --- [csrf] [    Test worker] o.s.b.f.s.DefaultListableBeanFactory     : Returning cached instance of singleton bean 'mvcContentNegotiationManager'
2025-01-07T20:30:50.737+07:00 TRACE 27900 --- [csrf] [    Test worker] o.s.b.f.s.DefaultListableBeanFactory     : Returning cached instance of singleton bean 'requestMappingHandlerMapping'
2025-01-07T20:30:50.737+07:00 TRACE 27900 --- [csrf] [    Test worker] o.s.b.f.s.DefaultListableBeanFactory     : Returning cached instance of singleton bean 'mvcPatternParser'
2025-01-07T20:30:50.737+07:00 TRACE 27900 --- [csrf] [    Test worker] o.s.b.f.s.DefaultListableBeanFactory     : Returning cached instance of singleton bean 'mvcUrlPathHelper'
2025-01-07T20:30:50.737+07:00 TRACE 27900 --- [csrf] [    Test worker] o.s.b.f.s.DefaultListableBeanFactory     : Returning cached instance of singleton bean 'mvcPathMatcher'
2025-01-07T20:30:50.737+07:00 TRACE 27900 --- [csrf] [    Test worker] o.s.b.f.s.DefaultListableBeanFactory     : Returning cached instance of singleton bean 'viewControllerHandlerMapping'
2025-01-07T20:30:50.737+07:00 TRACE 27900 --- [csrf] [    Test worker] o.s.b.f.s.DefaultListableBeanFactory     : Returning cached instance of singleton bean 'beanNameHandlerMapping'
2025-01-07T20:30:50.737+07:00 TRACE 27900 --- [csrf] [    Test worker] o.s.b.f.s.DefaultListableBeanFactory     : Returning cached instance of singleton bean 'routerFunctionMapping'
2025-01-07T20:30:50.737+07:00 TRACE 27900 --- [csrf] [    Test worker] o.s.b.f.s.DefaultListableBeanFactory     : Returning cached instance of singleton bean 'resourceHandlerMapping'
2025-01-07T20:30:50.737+07:00 TRACE 27900 --- [csrf] [    Test worker] o.s.b.f.s.DefaultListableBeanFactory     : Returning cached instance of singleton bean 'mvcResourceUrlProvider'
2025-01-07T20:30:50.737+07:00 TRACE 27900 --- [csrf] [    Test worker] o.s.b.f.s.DefaultListableBeanFactory     : Returning cached instance of singleton bean 'defaultServletHandlerMapping'
2025-01-07T20:30:50.737+07:00 TRACE 27900 --- [csrf] [    Test worker] o.s.b.f.s.DefaultListableBeanFactory     : Returning cached instance of singleton bean 'requestMappingHandlerAdapter'
2025-01-07T20:30:50.737+07:00 TRACE 27900 --- [csrf] [    Test worker] o.s.b.f.s.DefaultListableBeanFactory     : Returning cached instance of singleton bean 'handlerFunctionAdapter'
2025-01-07T20:30:50.737+07:00 TRACE 27900 --- [csrf] [    Test worker] o.s.b.f.s.DefaultListableBeanFactory     : Returning cached instance of singleton bean 'mvcUriComponentsContributor'
2025-01-07T20:30:50.737+07:00 TRACE 27900 --- [csrf] [    Test worker] o.s.b.f.s.DefaultListableBeanFactory     : Returning cached instance of singleton bean 'httpRequestHandlerAdapter'
2025-01-07T20:30:50.737+07:00 TRACE 27900 --- [csrf] [    Test worker] o.s.b.f.s.DefaultListableBeanFactory     : Returning cached instance of singleton bean 'simpleControllerHandlerAdapter'
2025-01-07T20:30:50.737+07:00 TRACE 27900 --- [csrf] [    Test worker] o.s.b.f.s.DefaultListableBeanFactory     : Returning cached instance of singleton bean 'handlerExceptionResolver'
2025-01-07T20:30:50.737+07:00 TRACE 27900 --- [csrf] [    Test worker] o.s.b.f.s.DefaultListableBeanFactory     : Returning cached instance of singleton bean 'mvcViewResolver'
2025-01-07T20:30:50.737+07:00 TRACE 27900 --- [csrf] [    Test worker] o.s.b.f.s.DefaultListableBeanFactory     : Returning cached instance of singleton bean 'mvcHandlerMappingIntrospector'
2025-01-07T20:30:50.737+07:00 TRACE 27900 --- [csrf] [    Test worker] o.s.b.f.s.DefaultListableBeanFactory     : Returning cached instance of singleton bean 'org.springframework.boot.autoconfigure.web.servlet.WebMvcAutoConfiguration$WebMvcAutoConfigurationAdapter'
2025-01-07T20:30:50.737+07:00 TRACE 27900 --- [csrf] [    Test worker] o.s.b.f.s.DefaultListableBeanFactory     : Returning cached instance of singleton bean 'defaultViewResolver'
2025-01-07T20:30:50.737+07:00 TRACE 27900 --- [csrf] [    Test worker] o.s.b.f.s.DefaultListableBeanFactory     : Returning cached instance of singleton bean 'viewResolver'
2025-01-07T20:30:50.737+07:00 TRACE 27900 --- [csrf] [    Test worker] o.s.b.f.s.DefaultListableBeanFactory     : Returning cached instance of singleton bean 'requestContextFilter'
2025-01-07T20:30:50.737+07:00 TRACE 27900 --- [csrf] [    Test worker] o.s.b.f.s.DefaultListableBeanFactory     : Returning cached instance of singleton bean 'org.springframework.boot.autoconfigure.web.servlet.WebMvcAutoConfiguration'
2025-01-07T20:30:50.737+07:00 TRACE 27900 --- [csrf] [    Test worker] o.s.b.f.s.DefaultListableBeanFactory     : Returning cached instance of singleton bean 'formContentFilter'
2025-01-07T20:30:50.737+07:00 TRACE 27900 --- [csrf] [    Test worker] o.s.b.f.s.DefaultListableBeanFactory     : Returning cached instance of singleton bean 'org.springframework.boot.autoconfigure.aop.AopAutoConfiguration$ClassProxyingConfiguration'
2025-01-07T20:30:50.737+07:00 TRACE 27900 --- [csrf] [    Test worker] o.s.b.f.s.DefaultListableBeanFactory     : Returning cached instance of singleton bean 'forceAutoProxyCreatorToUseClassProxying'
2025-01-07T20:30:50.737+07:00 TRACE 27900 --- [csrf] [    Test worker] o.s.b.f.s.DefaultListableBeanFactory     : Returning cached instance of singleton bean 'org.springframework.boot.autoconfigure.aop.AopAutoConfiguration'
2025-01-07T20:30:50.737+07:00 TRACE 27900 --- [csrf] [    Test worker] o.s.b.f.s.DefaultListableBeanFactory     : Returning cached instance of singleton bean 'org.springframework.boot.autoconfigure.availability.ApplicationAvailabilityAutoConfiguration'
2025-01-07T20:30:50.737+07:00 TRACE 27900 --- [csrf] [    Test worker] o.s.b.f.s.DefaultListableBeanFactory     : Returning cached instance of singleton bean 'applicationAvailability'
2025-01-07T20:30:50.737+07:00 TRACE 27900 --- [csrf] [    Test worker] o.s.b.f.s.DefaultListableBeanFactory     : Returning cached instance of singleton bean 'org.springframework.boot.autoconfigure.jackson.JacksonAutoConfiguration$Jackson2ObjectMapperBuilderCustomizerConfiguration'
2025-01-07T20:30:50.737+07:00 TRACE 27900 --- [csrf] [    Test worker] o.s.b.f.s.DefaultListableBeanFactory     : Returning cached instance of singleton bean 'standardJacksonObjectMapperBuilderCustomizer'
2025-01-07T20:30:50.737+07:00 TRACE 27900 --- [csrf] [    Test worker] o.s.b.f.s.DefaultListableBeanFactory     : Returning cached instance of singleton bean 'spring.jackson-org.springframework.boot.autoconfigure.jackson.JacksonProperties'
2025-01-07T20:30:50.737+07:00 TRACE 27900 --- [csrf] [    Test worker] o.s.b.f.s.DefaultListableBeanFactory     : Returning cached instance of singleton bean 'org.springframework.boot.autoconfigure.jackson.JacksonAutoConfiguration$JacksonObjectMapperBuilderConfiguration'
2025-01-07T20:30:50.737+07:00 TRACE 27900 --- [csrf] [    Test worker] o.s.b.f.s.DefaultListableBeanFactory     : Returning cached instance of singleton bean 'org.springframework.boot.autoconfigure.jackson.JacksonAutoConfiguration$ParameterNamesModuleConfiguration'
2025-01-07T20:30:50.737+07:00 TRACE 27900 --- [csrf] [    Test worker] o.s.b.f.s.DefaultListableBeanFactory     : Returning cached instance of singleton bean 'parameterNamesModule'
2025-01-07T20:30:50.737+07:00 TRACE 27900 --- [csrf] [    Test worker] o.s.b.f.s.DefaultListableBeanFactory     : Returning cached instance of singleton bean 'org.springframework.boot.autoconfigure.jackson.JacksonAutoConfiguration$JacksonObjectMapperConfiguration'
2025-01-07T20:30:50.737+07:00 TRACE 27900 --- [csrf] [    Test worker] o.s.b.f.s.DefaultListableBeanFactory     : Returning cached instance of singleton bean 'jacksonObjectMapper'
2025-01-07T20:30:50.737+07:00 TRACE 27900 --- [csrf] [    Test worker] o.s.b.f.s.DefaultListableBeanFactory     : Returning cached instance of singleton bean 'org.springframework.boot.autoconfigure.jackson.JacksonAutoConfiguration$JacksonMixinConfiguration'
2025-01-07T20:30:50.737+07:00 TRACE 27900 --- [csrf] [    Test worker] o.s.b.f.s.DefaultListableBeanFactory     : Returning cached instance of singleton bean 'jsonMixinModuleEntries'
2025-01-07T20:30:50.737+07:00 TRACE 27900 --- [csrf] [    Test worker] o.s.b.f.s.DefaultListableBeanFactory     : Returning cached instance of singleton bean 'jsonMixinModule'
2025-01-07T20:30:50.737+07:00 TRACE 27900 --- [csrf] [    Test worker] o.s.b.f.s.DefaultListableBeanFactory     : Returning cached instance of singleton bean 'org.springframework.boot.autoconfigure.jackson.JacksonAutoConfiguration'
2025-01-07T20:30:50.737+07:00 TRACE 27900 --- [csrf] [    Test worker] o.s.b.f.s.DefaultListableBeanFactory     : Returning cached instance of singleton bean 'jsonComponentModule'
2025-01-07T20:30:50.737+07:00 TRACE 27900 --- [csrf] [    Test worker] o.s.b.f.s.DefaultListableBeanFactory     : Returning cached instance of singleton bean 'org.springframework.boot.autoconfigure.context.ConfigurationPropertiesAutoConfiguration'
2025-01-07T20:30:50.737+07:00 TRACE 27900 --- [csrf] [    Test worker] o.s.b.f.s.DefaultListableBeanFactory     : Returning cached instance of singleton bean 'org.springframework.boot.autoconfigure.context.LifecycleAutoConfiguration'
2025-01-07T20:30:50.737+07:00 TRACE 27900 --- [csrf] [    Test worker] o.s.b.f.s.DefaultListableBeanFactory     : Returning cached instance of singleton bean 'lifecycleProcessor'
2025-01-07T20:30:50.737+07:00 TRACE 27900 --- [csrf] [    Test worker] o.s.b.f.s.DefaultListableBeanFactory     : Returning cached instance of singleton bean 'spring.lifecycle-org.springframework.boot.autoconfigure.context.LifecycleProperties'
2025-01-07T20:30:50.737+07:00 TRACE 27900 --- [csrf] [    Test worker] o.s.b.f.s.DefaultListableBeanFactory     : Returning cached instance of singleton bean 'org.springframework.boot.autoconfigure.http.HttpMessageConvertersAutoConfiguration$StringHttpMessageConverterConfiguration'
2025-01-07T20:30:50.737+07:00 TRACE 27900 --- [csrf] [    Test worker] o.s.b.f.s.DefaultListableBeanFactory     : Returning cached instance of singleton bean 'stringHttpMessageConverter'
2025-01-07T20:30:50.737+07:00 TRACE 27900 --- [csrf] [    Test worker] o.s.b.f.s.DefaultListableBeanFactory     : Returning cached instance of singleton bean 'org.springframework.boot.autoconfigure.http.JacksonHttpMessageConvertersConfiguration$MappingJackson2HttpMessageConverterConfiguration'
2025-01-07T20:30:50.737+07:00 TRACE 27900 --- [csrf] [    Test worker] o.s.b.f.s.DefaultListableBeanFactory     : Returning cached instance of singleton bean 'mappingJackson2HttpMessageConverter'
2025-01-07T20:30:50.737+07:00 TRACE 27900 --- [csrf] [    Test worker] o.s.b.f.s.DefaultListableBeanFactory     : Returning cached instance of singleton bean 'org.springframework.boot.autoconfigure.http.JacksonHttpMessageConvertersConfiguration'
2025-01-07T20:30:50.737+07:00 TRACE 27900 --- [csrf] [    Test worker] o.s.b.f.s.DefaultListableBeanFactory     : Returning cached instance of singleton bean 'org.springframework.boot.autoconfigure.http.HttpMessageConvertersAutoConfiguration'
2025-01-07T20:30:50.737+07:00 TRACE 27900 --- [csrf] [    Test worker] o.s.b.f.s.DefaultListableBeanFactory     : Returning cached instance of singleton bean 'messageConverters'
2025-01-07T20:30:50.737+07:00 TRACE 27900 --- [csrf] [    Test worker] o.s.b.f.s.DefaultListableBeanFactory     : Returning cached instance of singleton bean 'org.springframework.boot.autoconfigure.http.client.HttpClientAutoConfiguration'
2025-01-07T20:30:50.737+07:00 TRACE 27900 --- [csrf] [    Test worker] o.s.b.f.s.DefaultListableBeanFactory     : Returning cached instance of singleton bean 'clientHttpRequestFactoryBuilder'
2025-01-07T20:30:50.737+07:00 TRACE 27900 --- [csrf] [    Test worker] o.s.b.f.s.DefaultListableBeanFactory     : Returning cached instance of singleton bean 'clientHttpRequestFactorySettings'
2025-01-07T20:30:50.737+07:00 TRACE 27900 --- [csrf] [    Test worker] o.s.b.f.s.DefaultListableBeanFactory     : Returning cached instance of singleton bean 'spring.http.client-org.springframework.boot.autoconfigure.http.client.HttpClientProperties'
2025-01-07T20:30:50.737+07:00 TRACE 27900 --- [csrf] [    Test worker] o.s.b.f.s.DefaultListableBeanFactory     : Returning cached instance of singleton bean 'org.springframework.boot.autoconfigure.info.ProjectInfoAutoConfiguration'
2025-01-07T20:30:50.737+07:00 TRACE 27900 --- [csrf] [    Test worker] o.s.b.f.s.DefaultListableBeanFactory     : Returning cached instance of singleton bean 'spring.info-org.springframework.boot.autoconfigure.info.ProjectInfoProperties'
2025-01-07T20:30:50.737+07:00 TRACE 27900 --- [csrf] [    Test worker] o.s.b.f.s.DefaultListableBeanFactory     : Returning cached instance of singleton bean 'org.springframework.boot.autoconfigure.security.oauth2.server.servlet.OAuth2AuthorizationServerConfiguration'
2025-01-07T20:30:50.737+07:00 TRACE 27900 --- [csrf] [    Test worker] o.s.b.f.s.DefaultListableBeanFactory     : Returning cached instance of singleton bean 'authorizationServerSettings'
2025-01-07T20:30:50.737+07:00 TRACE 27900 --- [csrf] [    Test worker] o.s.b.f.s.DefaultListableBeanFactory     : Returning cached instance of singleton bean 'spring.security.oauth2.authorizationserver-org.springframework.boot.autoconfigure.security.oauth2.server.servlet.OAuth2AuthorizationServerProperties'
2025-01-07T20:30:50.737+07:00 TRACE 27900 --- [csrf] [    Test worker] o.s.b.f.s.DefaultListableBeanFactory     : Returning cached instance of singleton bean 'org.springframework.boot.autoconfigure.security.oauth2.server.servlet.OAuth2AuthorizationServerAutoConfiguration'
2025-01-07T20:30:50.737+07:00 TRACE 27900 --- [csrf] [    Test worker] o.s.b.f.s.DefaultListableBeanFactory     : Returning cached instance of singleton bean 'org.springframework.boot.autoconfigure.security.oauth2.resource.servlet.OAuth2ResourceServerJwtConfiguration$JwtDecoderConfiguration'
2025-01-07T20:30:50.737+07:00 TRACE 27900 --- [csrf] [    Test worker] o.s.b.f.s.DefaultListableBeanFactory     : Returning cached instance of singleton bean 'org.springframework.boot.autoconfigure.security.oauth2.resource.servlet.Oauth2ResourceServerConfiguration$JwtConfiguration'
2025-01-07T20:30:50.737+07:00 TRACE 27900 --- [csrf] [    Test worker] o.s.b.f.s.DefaultListableBeanFactory     : Returning cached instance of singleton bean 'org.springframework.boot.autoconfigure.security.oauth2.resource.servlet.OAuth2ResourceServerOpaqueTokenConfiguration$OpaqueTokenIntrospectionClientConfiguration'
2025-01-07T20:30:50.737+07:00 TRACE 27900 --- [csrf] [    Test worker] o.s.b.f.s.DefaultListableBeanFactory     : Returning cached instance of singleton bean 'org.springframework.boot.autoconfigure.security.oauth2.resource.servlet.Oauth2ResourceServerConfiguration$OpaqueTokenConfiguration'
2025-01-07T20:30:50.737+07:00 TRACE 27900 --- [csrf] [    Test worker] o.s.b.f.s.DefaultListableBeanFactory     : Returning cached instance of singleton bean 'org.springframework.boot.autoconfigure.security.oauth2.resource.servlet.OAuth2ResourceServerAutoConfiguration'
2025-01-07T20:30:50.737+07:00 TRACE 27900 --- [csrf] [    Test worker] o.s.b.f.s.DefaultListableBeanFactory     : Returning cached instance of singleton bean 'spring.security.oauth2.resourceserver-org.springframework.boot.autoconfigure.security.oauth2.resource.OAuth2ResourceServerProperties'
2025-01-07T20:30:50.737+07:00 TRACE 27900 --- [csrf] [    Test worker] o.s.b.f.s.DefaultListableBeanFactory     : Returning cached instance of singleton bean 'org.springframework.security.config.annotation.configuration.ObjectPostProcessorConfiguration'
2025-01-07T20:30:50.737+07:00 TRACE 27900 --- [csrf] [    Test worker] o.s.b.f.s.DefaultListableBeanFactory     : Returning cached instance of singleton bean 'objectPostProcessor'
2025-01-07T20:30:50.737+07:00 TRACE 27900 --- [csrf] [    Test worker] o.s.b.f.s.DefaultListableBeanFactory     : Returning cached instance of singleton bean 'org.springframework.security.config.annotation.authentication.configuration.AuthenticationConfiguration'
2025-01-07T20:30:50.737+07:00 TRACE 27900 --- [csrf] [    Test worker] o.s.b.f.s.DefaultListableBeanFactory     : Returning cached instance of singleton bean 'authenticationManagerBuilder'
2025-01-07T20:30:50.737+07:00 TRACE 27900 --- [csrf] [    Test worker] o.s.b.f.s.DefaultListableBeanFactory     : Returning cached instance of singleton bean 'enableGlobalAuthenticationAutowiredConfigurer'
2025-01-07T20:30:50.737+07:00 TRACE 27900 --- [csrf] [    Test worker] o.s.b.f.s.DefaultListableBeanFactory     : Returning cached instance of singleton bean 'initializeUserDetailsBeanManagerConfigurer'
2025-01-07T20:30:50.737+07:00 TRACE 27900 --- [csrf] [    Test worker] o.s.b.f.s.DefaultListableBeanFactory     : Returning cached instance of singleton bean 'initializeAuthenticationProviderBeanManagerConfigurer'
2025-01-07T20:30:50.737+07:00 TRACE 27900 --- [csrf] [    Test worker] o.s.b.f.s.DefaultListableBeanFactory     : Returning cached instance of singleton bean 'org.springframework.security.config.annotation.web.configuration.WebSecurityConfiguration'
2025-01-07T20:30:50.737+07:00 TRACE 27900 --- [csrf] [    Test worker] o.s.b.f.s.DefaultListableBeanFactory     : Returning cached instance of singleton bean 'delegatingApplicationListener'
2025-01-07T20:30:50.737+07:00 TRACE 27900 --- [csrf] [    Test worker] o.s.b.f.s.DefaultListableBeanFactory     : Returning cached instance of singleton bean 'webSecurityExpressionHandler'
2025-01-07T20:30:50.737+07:00 TRACE 27900 --- [csrf] [    Test worker] o.s.b.f.s.DefaultListableBeanFactory     : Returning cached instance of singleton bean 'privilegeEvaluator'
2025-01-07T20:30:50.737+07:00 TRACE 27900 --- [csrf] [    Test worker] o.s.b.f.s.DefaultListableBeanFactory     : Returning cached instance of singleton bean 'conversionServicePostProcessor'
2025-01-07T20:30:50.737+07:00 TRACE 27900 --- [csrf] [    Test worker] o.s.b.f.s.DefaultListableBeanFactory     : Returning cached instance of singleton bean 'org.springframework.security.config.annotation.web.configuration.WebMvcSecurityConfiguration'
2025-01-07T20:30:50.737+07:00 TRACE 27900 --- [csrf] [    Test worker] o.s.b.f.s.DefaultListableBeanFactory     : Returning cached instance of singleton bean 'requestDataValueProcessor'
2025-01-07T20:30:50.737+07:00 TRACE 27900 --- [csrf] [    Test worker] o.s.b.f.s.DefaultListableBeanFactory     : Returning cached instance of singleton bean 'springSecurityHandlerMappingIntrospectorBeanDefinitionRegistryPostProcessor'
2025-01-07T20:30:50.737+07:00 TRACE 27900 --- [csrf] [    Test worker] o.s.b.f.s.DefaultListableBeanFactory     : Returning cached instance of singleton bean 'org.springframework.security.config.annotation.web.configuration.HttpSecurityConfiguration'
2025-01-07T20:30:50.737+07:00 TRACE 27900 --- [csrf] [    Test worker] o.s.b.f.s.DefaultListableBeanFactory     : Returning cached instance of singleton bean 'org.springframework.security.config.annotation.web.configuration.ObservationConfiguration'
2025-01-07T20:30:50.737+07:00 TRACE 27900 --- [csrf] [    Test worker] o.s.b.f.s.DefaultListableBeanFactory     : Returning cached instance of singleton bean 'webAuthorizationManagerPostProcessor'
2025-01-07T20:30:50.737+07:00 TRACE 27900 --- [csrf] [    Test worker] o.s.b.f.s.DefaultListableBeanFactory     : Returning cached instance of singleton bean 'authenticationManagerPostProcessor'
2025-01-07T20:30:50.737+07:00 TRACE 27900 --- [csrf] [    Test worker] o.s.b.f.s.DefaultListableBeanFactory     : Returning cached instance of singleton bean 'filterChainDecoratorPostProcessor'
2025-01-07T20:30:50.737+07:00 TRACE 27900 --- [csrf] [    Test worker] o.s.b.f.s.DefaultListableBeanFactory     : Returning cached instance of singleton bean 'org.springframework.boot.autoconfigure.security.servlet.SpringBootWebSecurityConfiguration$WebSecurityEnablerConfiguration'
2025-01-07T20:30:50.737+07:00 TRACE 27900 --- [csrf] [    Test worker] o.s.b.f.s.DefaultListableBeanFactory     : Returning cached instance of singleton bean 'org.springframework.boot.autoconfigure.security.servlet.SpringBootWebSecurityConfiguration'
2025-01-07T20:30:50.737+07:00 TRACE 27900 --- [csrf] [    Test worker] o.s.b.f.s.DefaultListableBeanFactory     : Returning cached instance of singleton bean 'org.springframework.boot.autoconfigure.security.servlet.SecurityAutoConfiguration'
2025-01-07T20:30:50.737+07:00 TRACE 27900 --- [csrf] [    Test worker] o.s.b.f.s.DefaultListableBeanFactory     : Returning cached instance of singleton bean 'authenticationEventPublisher'
2025-01-07T20:30:50.737+07:00 TRACE 27900 --- [csrf] [    Test worker] o.s.b.f.s.DefaultListableBeanFactory     : Returning cached instance of singleton bean 'spring.security-org.springframework.boot.autoconfigure.security.SecurityProperties'
2025-01-07T20:30:50.737+07:00 TRACE 27900 --- [csrf] [    Test worker] o.s.b.f.s.DefaultListableBeanFactory     : Returning cached instance of singleton bean 'org.springframework.boot.autoconfigure.security.oauth2.server.servlet.OAuth2AuthorizationServerJwtAutoConfiguration'
2025-01-07T20:30:50.737+07:00 TRACE 27900 --- [csrf] [    Test worker] o.s.b.f.s.DefaultListableBeanFactory     : Returning cached instance of singleton bean 'jwtDecoder'
2025-01-07T20:30:50.737+07:00 TRACE 27900 --- [csrf] [    Test worker] o.s.b.f.s.DefaultListableBeanFactory     : Returning cached instance of singleton bean 'jwkSource'
2025-01-07T20:30:50.737+07:00 TRACE 27900 --- [csrf] [    Test worker] o.s.b.f.s.DefaultListableBeanFactory     : Returning cached instance of singleton bean 'org.springframework.boot.autoconfigure.security.servlet.SecurityFilterAutoConfiguration'
2025-01-07T20:30:50.737+07:00 TRACE 27900 --- [csrf] [    Test worker] o.s.b.f.s.DefaultListableBeanFactory     : Returning cached instance of singleton bean 'securityFilterChainRegistration'
2025-01-07T20:30:50.737+07:00 TRACE 27900 --- [csrf] [    Test worker] o.s.b.f.s.DefaultListableBeanFactory     : Returning cached instance of singleton bean 'org.springframework.boot.autoconfigure.sql.init.SqlInitializationAutoConfiguration'
2025-01-07T20:30:50.737+07:00 TRACE 27900 --- [csrf] [    Test worker] o.s.b.f.s.DefaultListableBeanFactory     : Returning cached instance of singleton bean 'spring.sql.init-org.springframework.boot.autoconfigure.sql.init.SqlInitializationProperties'
2025-01-07T20:30:50.737+07:00 TRACE 27900 --- [csrf] [    Test worker] o.s.b.f.s.DefaultListableBeanFactory     : Returning cached instance of singleton bean 'org.springframework.boot.sql.init.dependency.DatabaseInitializationDependencyConfigurer$DependsOnDatabaseInitializationPostProcessor'
2025-01-07T20:30:50.737+07:00 TRACE 27900 --- [csrf] [    Test worker] o.s.b.f.s.DefaultListableBeanFactory     : Returning cached instance of singleton bean 'org.springframework.boot.autoconfigure.task.TaskSchedulingConfigurations$ThreadPoolTaskSchedulerBuilderConfiguration'
2025-01-07T20:30:50.737+07:00 TRACE 27900 --- [csrf] [    Test worker] o.s.b.f.s.DefaultListableBeanFactory     : Returning cached instance of singleton bean 'threadPoolTaskSchedulerBuilder'
2025-01-07T20:30:50.737+07:00 TRACE 27900 --- [csrf] [    Test worker] o.s.b.f.s.DefaultListableBeanFactory     : Returning cached instance of singleton bean 'org.springframework.boot.autoconfigure.task.TaskSchedulingConfigurations$SimpleAsyncTaskSchedulerBuilderConfiguration'
2025-01-07T20:30:50.737+07:00 TRACE 27900 --- [csrf] [    Test worker] o.s.b.f.s.DefaultListableBeanFactory     : Returning cached instance of singleton bean 'simpleAsyncTaskSchedulerBuilder'
2025-01-07T20:30:50.737+07:00 TRACE 27900 --- [csrf] [    Test worker] o.s.b.f.s.DefaultListableBeanFactory     : Returning cached instance of singleton bean 'org.springframework.boot.autoconfigure.task.TaskSchedulingAutoConfiguration'
2025-01-07T20:30:50.737+07:00 TRACE 27900 --- [csrf] [    Test worker] o.s.b.f.s.DefaultListableBeanFactory     : Returning cached instance of singleton bean 'spring.task.scheduling-org.springframework.boot.autoconfigure.task.TaskSchedulingProperties'
2025-01-07T20:30:50.737+07:00 TRACE 27900 --- [csrf] [    Test worker] o.s.b.f.s.DefaultListableBeanFactory     : Returning cached instance of singleton bean 'org.springframework.boot.autoconfigure.web.client.RestClientAutoConfiguration'
2025-01-07T20:30:50.737+07:00 TRACE 27900 --- [csrf] [    Test worker] o.s.b.f.s.DefaultListableBeanFactory     : Returning cached instance of singleton bean 'httpMessageConvertersRestClientCustomizer'
2025-01-07T20:30:50.737+07:00 TRACE 27900 --- [csrf] [    Test worker] o.s.b.f.s.DefaultListableBeanFactory     : Returning cached instance of singleton bean 'restClientSsl'
2025-01-07T20:30:50.737+07:00 TRACE 27900 --- [csrf] [    Test worker] o.s.b.f.s.DefaultListableBeanFactory     : Returning cached instance of singleton bean 'restClientBuilderConfigurer'
2025-01-07T20:30:50.737+07:00 TRACE 27900 --- [csrf] [    Test worker] o.s.b.f.s.DefaultListableBeanFactory     : Returning cached instance of singleton bean 'org.springframework.boot.autoconfigure.web.client.RestTemplateAutoConfiguration'
2025-01-07T20:30:50.737+07:00 TRACE 27900 --- [csrf] [    Test worker] o.s.b.f.s.DefaultListableBeanFactory     : Returning cached instance of singleton bean 'restTemplateBuilderConfigurer'
2025-01-07T20:30:50.737+07:00 TRACE 27900 --- [csrf] [    Test worker] o.s.b.f.s.DefaultListableBeanFactory     : Returning cached instance of singleton bean 'restTemplateBuilder'
2025-01-07T20:30:50.737+07:00 TRACE 27900 --- [csrf] [    Test worker] o.s.b.f.s.DefaultListableBeanFactory     : Returning cached instance of singleton bean 'org.springframework.boot.autoconfigure.web.embedded.EmbeddedWebServerFactoryCustomizerAutoConfiguration$TomcatWebServerFactoryCustomizerConfiguration'
2025-01-07T20:30:50.737+07:00 TRACE 27900 --- [csrf] [    Test worker] o.s.b.f.s.DefaultListableBeanFactory     : Returning cached instance of singleton bean 'tomcatWebServerFactoryCustomizer'
2025-01-07T20:30:50.737+07:00 TRACE 27900 --- [csrf] [    Test worker] o.s.b.f.s.DefaultListableBeanFactory     : Returning cached instance of singleton bean 'org.springframework.boot.autoconfigure.web.embedded.EmbeddedWebServerFactoryCustomizerAutoConfiguration'
2025-01-07T20:30:50.737+07:00 TRACE 27900 --- [csrf] [    Test worker] o.s.b.f.s.DefaultListableBeanFactory     : Returning cached instance of singleton bean 'org.springframework.boot.autoconfigure.web.servlet.HttpEncodingAutoConfiguration'
2025-01-07T20:30:50.737+07:00 TRACE 27900 --- [csrf] [    Test worker] o.s.b.f.s.DefaultListableBeanFactory     : Returning cached instance of singleton bean 'characterEncodingFilter'
2025-01-07T20:30:50.737+07:00 TRACE 27900 --- [csrf] [    Test worker] o.s.b.f.s.DefaultListableBeanFactory     : Returning cached instance of singleton bean 'localeCharsetMappingsCustomizer'
2025-01-07T20:30:50.737+07:00 TRACE 27900 --- [csrf] [    Test worker] o.s.b.f.s.DefaultListableBeanFactory     : Returning cached instance of singleton bean 'org.springframework.boot.autoconfigure.web.servlet.MultipartAutoConfiguration'
2025-01-07T20:30:50.737+07:00 TRACE 27900 --- [csrf] [    Test worker] o.s.b.f.s.DefaultListableBeanFactory     : Returning cached instance of singleton bean 'multipartConfigElement'
2025-01-07T20:30:50.737+07:00 TRACE 27900 --- [csrf] [    Test worker] o.s.b.f.s.DefaultListableBeanFactory     : Returning cached instance of singleton bean 'multipartResolver'
2025-01-07T20:30:50.737+07:00 TRACE 27900 --- [csrf] [    Test worker] o.s.b.f.s.DefaultListableBeanFactory     : Returning cached instance of singleton bean 'spring.servlet.multipart-org.springframework.boot.autoconfigure.web.servlet.MultipartProperties'
2025-01-07T20:30:50.737+07:00 TRACE 27900 --- [csrf] [    Test worker] o.s.b.f.s.DefaultListableBeanFactory     : Returning cached instance of singleton bean 'org.springframework.boot.test.web.client.TestRestTemplate'
2025-01-07T20:30:50.737+07:00 TRACE 27900 --- [csrf] [    Test worker] o.s.b.f.s.DefaultListableBeanFactory     : Returning cached instance of singleton bean 'org.springframework.boot.test.web.client.TestRestTemplate'
2025-01-07T20:30:50.737+07:00 TRACE 27900 --- [csrf] [    Test worker] o.s.b.f.s.DefaultListableBeanFactory     : Returning cached instance of singleton bean 'mvcHandlerMappingIntrospectorRequestTransformer'
2025-01-07T20:30:50.737+07:00 TRACE 27900 --- [csrf] [    Test worker] o.s.b.f.s.DefaultListableBeanFactory     : Returning cached instance of singleton bean 'springSecurityFilterChain'
2025-01-07T20:30:50.737+07:00 TRACE 27900 --- [csrf] [    Test worker] o.s.b.f.s.DefaultListableBeanFactory     : Returning cached instance of singleton bean 'org.springframework.aop.config.internalAutoProxyCreator'
2025-01-07T20:30:50.737+07:00 TRACE 27900 --- [csrf] [    Test worker] o.s.b.f.s.DefaultListableBeanFactory     : Returning cached instance of singleton bean 'org.springframework.boot.test.mock.mockito.MockitoBeans'
2025-01-07T20:30:50.737+07:00 TRACE 27900 --- [csrf] [    Test worker] c.DefaultCacheAwareContextLoaderDelegate : Retrieved ApplicationContext [1114525788] from cache with key [WebMergedContextConfiguration@17d76ebb testClass = com.example.csrf.CsrfApplicationTests, locations = [], classes = [com.example.csrf.CsrfApplication], contextInitializerClasses = [], activeProfiles = [], propertySourceDescriptors = [], propertySourceProperties = ["org.springframework.boot.test.context.SpringBootTestContextBootstrapper=true", "server.port=0"], contextCustomizers = [org.springframework.boot.test.autoconfigure.OnFailureConditionReportContextCustomizerFactory$OnFailureConditionReportContextCustomizer@3016fd5e, org.springframework.boot.test.autoconfigure.actuate.observability.ObservabilityContextCustomizerFactory$DisableObservabilityContextCustomizer@1f, org.springframework.boot.test.autoconfigure.properties.PropertyMappingContextCustomizer@0, org.springframework.boot.test.autoconfigure.web.servlet.WebDriverContextCustomizer@2072acb2, org.springframework.boot.test.context.filter.ExcludeFilterContextCustomizer@732f29af, org.springframework.boot.test.json.DuplicateJsonObjectContextCustomizerFactory$DuplicateJsonObjectContextCustomizer@64ba3208, org.springframework.boot.test.mock.mockito.MockitoContextCustomizer@0, org.springframework.boot.test.web.client.TestRestTemplateContextCustomizer@8692d67, org.springframework.boot.test.web.reactor.netty.DisableReactorResourceFactoryGlobalResourcesContextCustomizerFactory$DisableReactorResourceFactoryGlobalResourcesContextCustomizerCustomizer@37052337, org.springframework.test.context.support.DynamicPropertiesContextCustomizer@0, org.springframework.boot.test.context.SpringBootTestAnnotation@3d5c2d0e], resourceBasePath = "src/main/webapp", contextLoader = org.springframework.boot.test.context.SpringBootContextLoader, parent = null]
2025-01-07T20:30:50.737+07:00 DEBUG 27900 --- [csrf] [    Test worker] org.springframework.test.context.cache   : Spring test ApplicationContext cache statistics: [DefaultContextCache@40b31a16 size = 1, maxSize = 32, parentContextCount = 0, hitCount = 9, missCount = 1, failureCount = 0]
2025-01-07T20:30:50.737+07:00 TRACE 27900 --- [csrf] [    Test worker] c.DefaultCacheAwareContextLoaderDelegate : Retrieved ApplicationContext [1114525788] from cache with key [WebMergedContextConfiguration@17d76ebb testClass = com.example.csrf.CsrfApplicationTests, locations = [], classes = [com.example.csrf.CsrfApplication], contextInitializerClasses = [], activeProfiles = [], propertySourceDescriptors = [], propertySourceProperties = ["org.springframework.boot.test.context.SpringBootTestContextBootstrapper=true", "server.port=0"], contextCustomizers = [org.springframework.boot.test.autoconfigure.OnFailureConditionReportContextCustomizerFactory$OnFailureConditionReportContextCustomizer@3016fd5e, org.springframework.boot.test.autoconfigure.actuate.observability.ObservabilityContextCustomizerFactory$DisableObservabilityContextCustomizer@1f, org.springframework.boot.test.autoconfigure.properties.PropertyMappingContextCustomizer@0, org.springframework.boot.test.autoconfigure.web.servlet.WebDriverContextCustomizer@2072acb2, org.springframework.boot.test.context.filter.ExcludeFilterContextCustomizer@732f29af, org.springframework.boot.test.json.DuplicateJsonObjectContextCustomizerFactory$DuplicateJsonObjectContextCustomizer@64ba3208, org.springframework.boot.test.mock.mockito.MockitoContextCustomizer@0, org.springframework.boot.test.web.client.TestRestTemplateContextCustomizer@8692d67, org.springframework.boot.test.web.reactor.netty.DisableReactorResourceFactoryGlobalResourcesContextCustomizerFactory$DisableReactorResourceFactoryGlobalResourcesContextCustomizerCustomizer@37052337, org.springframework.test.context.support.DynamicPropertiesContextCustomizer@0, org.springframework.boot.test.context.SpringBootTestAnnotation@3d5c2d0e], resourceBasePath = "src/main/webapp", contextLoader = org.springframework.boot.test.context.SpringBootContextLoader, parent = null]
2025-01-07T20:30:50.737+07:00 DEBUG 27900 --- [csrf] [    Test worker] org.springframework.test.context.cache   : Spring test ApplicationContext cache statistics: [DefaultContextCache@40b31a16 size = 1, maxSize = 32, parentContextCount = 0, hitCount = 10, missCount = 1, failureCount = 0]
2025-01-07T20:30:50.738+07:00 TRACE 27900 --- [csrf] [    Test worker] o.s.b.f.s.DefaultListableBeanFactory     : No bean named 'org.springframework.boot.test.autoconfigure.web.servlet.SpringBootMockMvcBuilderCustomizer$DeferredLinesWriter' found in org.springframework.beans.factory.support.DefaultListableBeanFactory@345cf395: defining beans [org.springframework.context.annotation.internalConfigurationAnnotationProcessor,org.springframework.context.annotation.internalAutowiredAnnotationProcessor,org.springframework.context.annotation.internalCommonAnnotationProcessor,org.springframework.context.event.internalEventListenerProcessor,org.springframework.context.event.internalEventListenerFactory,org.springframework.boot.test.mock.mockito.MockitoPostProcessor$SpyPostProcessor,org.springframework.boot.test.mock.mockito.MockitoPostProcessor,org.springframework.boot.test.web.client.TestRestTemplateContextCustomizer$TestRestTemplateRegistrar,org.springframework.test.context.support.internalDynamicPropertyRegistrarBeanInitializer,csrfApplication,org.springframework.boot.autoconfigure.internalCachingMetadataReaderFactory,authorizationServerConfig,endpoint,securityFilterChain,org.springframework.boot.autoconfigure.AutoConfigurationPackages,org.springframework.boot.autoconfigure.context.PropertyPlaceholderAutoConfiguration,propertySourcesPlaceholderConfigurer,org.springframework.boot.autoconfigure.ssl.SslAutoConfiguration,fileWatcher,sslPropertiesSslBundleRegistrar,sslBundleRegistry,org.springframework.boot.context.properties.ConfigurationPropertiesBindingPostProcessor,org.springframework.boot.context.internalConfigurationPropertiesBinder,org.springframework.boot.context.properties.BoundConfigurationProperties,org.springframework.boot.context.properties.EnableConfigurationPropertiesRegistrar.methodValidationExcludeFilter,spring.ssl-org.springframework.boot.autoconfigure.ssl.SslProperties,org.springframework.boot.autoconfigure.websocket.servlet.WebSocketServletAutoConfiguration$TomcatWebSocketConfiguration,websocketServletWebServerCustomizer,org.springframework.boot.autoconfigure.websocket.servlet.WebSocketServletAutoConfiguration,org.springframework.boot.autoconfigure.web.servlet.ServletWebServerFactoryConfiguration$EmbeddedTomcat,tomcatServletWebServerFactory,org.springframework.boot.autoconfigure.web.servlet.ServletWebServerFactoryAutoConfiguration,servletWebServerFactoryCustomizer,tomcatServletWebServerFactoryCustomizer,server-org.springframework.boot.autoconfigure.web.ServerProperties,webServerFactoryCustomizerBeanPostProcessor,errorPageRegistrarBeanPostProcessor,org.springframework.boot.autoconfigure.web.servlet.DispatcherServletAutoConfiguration$DispatcherServletConfiguration,dispatcherServlet,spring.mvc-org.springframework.boot.autoconfigure.web.servlet.WebMvcProperties,org.springframework.boot.autoconfigure.web.servlet.DispatcherServletAutoConfiguration$DispatcherServletRegistrationConfiguration,dispatcherServletRegistration,org.springframework.boot.autoconfigure.web.servlet.DispatcherServletAutoConfiguration,org.springframework.boot.autoconfigure.task.TaskExecutorConfigurations$ThreadPoolTaskExecutorBuilderConfiguration,threadPoolTaskExecutorBuilder,org.springframework.boot.autoconfigure.task.TaskExecutorConfigurations$SimpleAsyncTaskExecutorBuilderConfiguration,simpleAsyncTaskExecutorBuilder,org.springframework.boot.autoconfigure.task.TaskExecutorConfigurations$TaskExecutorConfiguration,applicationTaskExecutor,org.springframework.boot.autoconfigure.task.TaskExecutionAutoConfiguration,spring.task.execution-org.springframework.boot.autoconfigure.task.TaskExecutionProperties,org.springframework.boot.autoconfigure.web.servlet.error.ErrorMvcAutoConfiguration$WhitelabelErrorViewConfiguration,error,beanNameViewResolver,org.springframework.boot.autoconfigure.web.servlet.error.ErrorMvcAutoConfiguration$DefaultErrorViewResolverConfiguration,conventionErrorViewResolver,spring.web-org.springframework.boot.autoconfigure.web.WebProperties,org.springframework.boot.autoconfigure.web.servlet.error.ErrorMvcAutoConfiguration,errorAttributes,basicErrorController,errorPageCustomizer,preserveErrorControllerTargetClassPostProcessor,org.springframework.boot.autoconfigure.web.servlet.WebMvcAutoConfiguration$EnableWebMvcConfiguration,welcomePageHandlerMapping,welcomePageNotAcceptableHandlerMapping,localeResolver,themeResolver,flashMapManager,viewNameTranslator,mvcConversionService,mvcValidator,mvcContentNegotiationManager,requestMappingHandlerMapping,mvcPatternParser,mvcUrlPathHelper,mvcPathMatcher,viewControllerHandlerMapping,beanNameHandlerMapping,routerFunctionMapping,resourceHandlerMapping,mvcResourceUrlProvider,defaultServletHandlerMapping,requestMappingHandlerAdapter,handlerFunctionAdapter,mvcUriComponentsContributor,httpRequestHandlerAdapter,simpleControllerHandlerAdapter,handlerExceptionResolver,mvcViewResolver,mvcHandlerMappingIntrospector,org.springframework.boot.autoconfigure.web.servlet.WebMvcAutoConfiguration$WebMvcAutoConfigurationAdapter,defaultViewResolver,viewResolver,requestContextFilter,org.springframework.boot.autoconfigure.web.servlet.WebMvcAutoConfiguration,formContentFilter,org.springframework.boot.autoconfigure.aop.AopAutoConfiguration$ClassProxyingConfiguration,forceAutoProxyCreatorToUseClassProxying,org.springframework.boot.autoconfigure.aop.AopAutoConfiguration,org.springframework.boot.autoconfigure.availability.ApplicationAvailabilityAutoConfiguration,applicationAvailability,org.springframework.boot.autoconfigure.jackson.JacksonAutoConfiguration$Jackson2ObjectMapperBuilderCustomizerConfiguration,standardJacksonObjectMapperBuilderCustomizer,spring.jackson-org.springframework.boot.autoconfigure.jackson.JacksonProperties,org.springframework.boot.autoconfigure.jackson.JacksonAutoConfiguration$JacksonObjectMapperBuilderConfiguration,jacksonObjectMapperBuilder,org.springframework.boot.autoconfigure.jackson.JacksonAutoConfiguration$ParameterNamesModuleConfiguration,parameterNamesModule,org.springframework.boot.autoconfigure.jackson.JacksonAutoConfiguration$JacksonObjectMapperConfiguration,jacksonObjectMapper,org.springframework.boot.autoconfigure.jackson.JacksonAutoConfiguration$JacksonMixinConfiguration,jsonMixinModuleEntries,jsonMixinModule,org.springframework.boot.autoconfigure.jackson.JacksonAutoConfiguration,jsonComponentModule,org.springframework.boot.autoconfigure.context.ConfigurationPropertiesAutoConfiguration,org.springframework.boot.autoconfigure.context.LifecycleAutoConfiguration,lifecycleProcessor,spring.lifecycle-org.springframework.boot.autoconfigure.context.LifecycleProperties,org.springframework.boot.autoconfigure.http.HttpMessageConvertersAutoConfiguration$StringHttpMessageConverterConfiguration,stringHttpMessageConverter,org.springframework.boot.autoconfigure.http.JacksonHttpMessageConvertersConfiguration$MappingJackson2HttpMessageConverterConfiguration,mappingJackson2HttpMessageConverter,org.springframework.boot.autoconfigure.http.JacksonHttpMessageConvertersConfiguration,org.springframework.boot.autoconfigure.http.HttpMessageConvertersAutoConfiguration,messageConverters,org.springframework.boot.autoconfigure.http.client.HttpClientAutoConfiguration,clientHttpRequestFactoryBuilder,clientHttpRequestFactorySettings,spring.http.client-org.springframework.boot.autoconfigure.http.client.HttpClientProperties,org.springframework.boot.autoconfigure.info.ProjectInfoAutoConfiguration,spring.info-org.springframework.boot.autoconfigure.info.ProjectInfoProperties,org.springframework.boot.autoconfigure.security.oauth2.server.servlet.OAuth2AuthorizationServerConfiguration,authorizationServerSettings,spring.security.oauth2.authorizationserver-org.springframework.boot.autoconfigure.security.oauth2.server.servlet.OAuth2AuthorizationServerProperties,org.springframework.boot.autoconfigure.security.oauth2.server.servlet.OAuth2AuthorizationServerAutoConfiguration,org.springframework.boot.autoconfigure.security.oauth2.resource.servlet.OAuth2ResourceServerJwtConfiguration$JwtDecoderConfiguration,org.springframework.boot.autoconfigure.security.oauth2.resource.servlet.Oauth2ResourceServerConfiguration$JwtConfiguration,org.springframework.boot.autoconfigure.security.oauth2.resource.servlet.OAuth2ResourceServerOpaqueTokenConfiguration$OpaqueTokenIntrospectionClientConfiguration,org.springframework.boot.autoconfigure.security.oauth2.resource.servlet.Oauth2ResourceServerConfiguration$OpaqueTokenConfiguration,org.springframework.boot.autoconfigure.security.oauth2.resource.servlet.OAuth2ResourceServerAutoConfiguration,spring.security.oauth2.resourceserver-org.springframework.boot.autoconfigure.security.oauth2.resource.OAuth2ResourceServerProperties,org.springframework.security.config.annotation.configuration.ObjectPostProcessorConfiguration,objectPostProcessor,org.springframework.security.config.annotation.authentication.configuration.AuthenticationConfiguration,authenticationManagerBuilder,enableGlobalAuthenticationAutowiredConfigurer,initializeUserDetailsBeanManagerConfigurer,initializeAuthenticationProviderBeanManagerConfigurer,org.springframework.security.config.annotation.web.configuration.WebSecurityConfiguration,delegatingApplicationListener,webSecurityExpressionHandler,privilegeEvaluator,conversionServicePostProcessor,org.springframework.security.config.annotation.web.configuration.WebMvcSecurityConfiguration,requestDataValueProcessor,springSecurityHandlerMappingIntrospectorBeanDefinitionRegistryPostProcessor,org.springframework.security.config.annotation.web.configuration.HttpSecurityConfiguration,org.springframework.security.config.annotation.web.configuration.HttpSecurityConfiguration.httpSecurity,org.springframework.security.config.annotation.web.configuration.ObservationConfiguration,webAuthorizationManagerPostProcessor,authenticationManagerPostProcessor,filterChainDecoratorPostProcessor,org.springframework.boot.autoconfigure.security.servlet.SpringBootWebSecurityConfiguration$WebSecurityEnablerConfiguration,org.springframework.boot.autoconfigure.security.servlet.SpringBootWebSecurityConfiguration,org.springframework.boot.autoconfigure.security.servlet.SecurityAutoConfiguration,authenticationEventPublisher,spring.security-org.springframework.boot.autoconfigure.security.SecurityProperties,org.springframework.boot.autoconfigure.security.oauth2.server.servlet.OAuth2AuthorizationServerJwtAutoConfiguration,jwtDecoder,jwkSource,org.springframework.boot.autoconfigure.security.servlet.SecurityFilterAutoConfiguration,securityFilterChainRegistration,org.springframework.boot.autoconfigure.sql.init.SqlInitializationAutoConfiguration,spring.sql.init-org.springframework.boot.autoconfigure.sql.init.SqlInitializationProperties,org.springframework.boot.sql.init.dependency.DatabaseInitializationDependencyConfigurer$DependsOnDatabaseInitializationPostProcessor,org.springframework.boot.autoconfigure.task.TaskSchedulingConfigurations$ThreadPoolTaskSchedulerBuilderConfiguration,threadPoolTaskSchedulerBuilder,org.springframework.boot.autoconfigure.task.TaskSchedulingConfigurations$SimpleAsyncTaskSchedulerBuilderConfiguration,simpleAsyncTaskSchedulerBuilder,org.springframework.boot.autoconfigure.task.TaskSchedulingAutoConfiguration,spring.task.scheduling-org.springframework.boot.autoconfigure.task.TaskSchedulingProperties,org.springframework.boot.autoconfigure.web.client.RestClientAutoConfiguration,httpMessageConvertersRestClientCustomizer,restClientSsl,restClientBuilderConfigurer,restClientBuilder,org.springframework.boot.autoconfigure.web.client.RestTemplateAutoConfiguration,restTemplateBuilderConfigurer,restTemplateBuilder,org.springframework.boot.autoconfigure.web.embedded.EmbeddedWebServerFactoryCustomizerAutoConfiguration$TomcatWebServerFactoryCustomizerConfiguration,tomcatWebServerFactoryCustomizer,org.springframework.boot.autoconfigure.web.embedded.EmbeddedWebServerFactoryCustomizerAutoConfiguration,org.springframework.boot.autoconfigure.web.servlet.HttpEncodingAutoConfiguration,characterEncodingFilter,localeCharsetMappingsCustomizer,org.springframework.boot.autoconfigure.web.servlet.MultipartAutoConfiguration,multipartConfigElement,multipartResolver,spring.servlet.multipart-org.springframework.boot.autoconfigure.web.servlet.MultipartProperties,org.springframework.boot.test.web.client.TestRestTemplate,mvcHandlerMappingIntrospectorRequestTransformer,springSecurityFilterChain,org.springframework.aop.config.internalAutoProxyCreator]; root of factory hierarchy
2025-01-07T20:30:50.738+07:00 TRACE 27900 --- [csrf] [    Test worker] c.DefaultCacheAwareContextLoaderDelegate : Retrieved ApplicationContext [1114525788] from cache with key [WebMergedContextConfiguration@17d76ebb testClass = com.example.csrf.CsrfApplicationTests, locations = [], classes = [com.example.csrf.CsrfApplication], contextInitializerClasses = [], activeProfiles = [], propertySourceDescriptors = [], propertySourceProperties = ["org.springframework.boot.test.context.SpringBootTestContextBootstrapper=true", "server.port=0"], contextCustomizers = [org.springframework.boot.test.autoconfigure.OnFailureConditionReportContextCustomizerFactory$OnFailureConditionReportContextCustomizer@3016fd5e, org.springframework.boot.test.autoconfigure.actuate.observability.ObservabilityContextCustomizerFactory$DisableObservabilityContextCustomizer@1f, org.springframework.boot.test.autoconfigure.properties.PropertyMappingContextCustomizer@0, org.springframework.boot.test.autoconfigure.web.servlet.WebDriverContextCustomizer@2072acb2, org.springframework.boot.test.context.filter.ExcludeFilterContextCustomizer@732f29af, org.springframework.boot.test.json.DuplicateJsonObjectContextCustomizerFactory$DuplicateJsonObjectContextCustomizer@64ba3208, org.springframework.boot.test.mock.mockito.MockitoContextCustomizer@0, org.springframework.boot.test.web.client.TestRestTemplateContextCustomizer@8692d67, org.springframework.boot.test.web.reactor.netty.DisableReactorResourceFactoryGlobalResourcesContextCustomizerFactory$DisableReactorResourceFactoryGlobalResourcesContextCustomizerCustomizer@37052337, org.springframework.test.context.support.DynamicPropertiesContextCustomizer@0, org.springframework.boot.test.context.SpringBootTestAnnotation@3d5c2d0e], resourceBasePath = "src/main/webapp", contextLoader = org.springframework.boot.test.context.SpringBootContextLoader, parent = null]
2025-01-07T20:30:50.738+07:00 DEBUG 27900 --- [csrf] [    Test worker] org.springframework.test.context.cache   : Spring test ApplicationContext cache statistics: [DefaultContextCache@40b31a16 size = 1, maxSize = 32, parentContextCount = 0, hitCount = 11, missCount = 1, failureCount = 0]
2025-01-07T20:30:50.738+07:00 TRACE 27900 --- [csrf] [    Test worker] c.DefaultCacheAwareContextLoaderDelegate : Retrieved ApplicationContext [1114525788] from cache with key [WebMergedContextConfiguration@17d76ebb testClass = com.example.csrf.CsrfApplicationTests, locations = [], classes = [com.example.csrf.CsrfApplication], contextInitializerClasses = [], activeProfiles = [], propertySourceDescriptors = [], propertySourceProperties = ["org.springframework.boot.test.context.SpringBootTestContextBootstrapper=true", "server.port=0"], contextCustomizers = [org.springframework.boot.test.autoconfigure.OnFailureConditionReportContextCustomizerFactory$OnFailureConditionReportContextCustomizer@3016fd5e, org.springframework.boot.test.autoconfigure.actuate.observability.ObservabilityContextCustomizerFactory$DisableObservabilityContextCustomizer@1f, org.springframework.boot.test.autoconfigure.properties.PropertyMappingContextCustomizer@0, org.springframework.boot.test.autoconfigure.web.servlet.WebDriverContextCustomizer@2072acb2, org.springframework.boot.test.context.filter.ExcludeFilterContextCustomizer@732f29af, org.springframework.boot.test.json.DuplicateJsonObjectContextCustomizerFactory$DuplicateJsonObjectContextCustomizer@64ba3208, org.springframework.boot.test.mock.mockito.MockitoContextCustomizer@0, org.springframework.boot.test.web.client.TestRestTemplateContextCustomizer@8692d67, org.springframework.boot.test.web.reactor.netty.DisableReactorResourceFactoryGlobalResourcesContextCustomizerFactory$DisableReactorResourceFactoryGlobalResourcesContextCustomizerCustomizer@37052337, org.springframework.test.context.support.DynamicPropertiesContextCustomizer@0, org.springframework.boot.test.context.SpringBootTestAnnotation@3d5c2d0e], resourceBasePath = "src/main/webapp", contextLoader = org.springframework.boot.test.context.SpringBootContextLoader, parent = null]
2025-01-07T20:30:50.738+07:00 DEBUG 27900 --- [csrf] [    Test worker] org.springframework.test.context.cache   : Spring test ApplicationContext cache statistics: [DefaultContextCache@40b31a16 size = 1, maxSize = 32, parentContextCount = 0, hitCount = 12, missCount = 1, failureCount = 0]
2025-01-07T20:30:50.738+07:00 TRACE 27900 --- [csrf] [    Test worker] o.s.b.f.s.DefaultListableBeanFactory     : Returning cached instance of singleton bean 'delegatingApplicationListener'
2025-01-07T20:30:50.739+07:00 TRACE 27900 --- [csrf] [    Test worker] .c.s.DirtiesContextTestExecutionListener : After test method: context [DefaultTestContext@5f0d8937 testClass = com.example.csrf.CsrfApplicationTests, testInstance = com.example.csrf.CsrfApplicationTests@68d8eb4f, testMethod = test_Custom_Endpoint(), testException = org.opentest4j.AssertionFailedError: 
expected: 200 OK
 but was: 401 UNAUTHORIZED, mergedContextConfiguration = [WebMergedContextConfiguration@17d76ebb testClass = com.example.csrf.CsrfApplicationTests, locations = [], classes = [com.example.csrf.CsrfApplication], contextInitializerClasses = [], activeProfiles = [], propertySourceDescriptors = [], propertySourceProperties = ["org.springframework.boot.test.context.SpringBootTestContextBootstrapper=true", "server.port=0"], contextCustomizers = [org.springframework.boot.test.autoconfigure.OnFailureConditionReportContextCustomizerFactory$OnFailureConditionReportContextCustomizer@3016fd5e, org.springframework.boot.test.autoconfigure.actuate.observability.ObservabilityContextCustomizerFactory$DisableObservabilityContextCustomizer@1f, org.springframework.boot.test.autoconfigure.properties.PropertyMappingContextCustomizer@0, org.springframework.boot.test.autoconfigure.web.servlet.WebDriverContextCustomizer@2072acb2, org.springframework.boot.test.context.filter.ExcludeFilterContextCustomizer@732f29af, org.springframework.boot.test.json.DuplicateJsonObjectContextCustomizerFactory$DuplicateJsonObjectContextCustomizer@64ba3208, org.springframework.boot.test.mock.mockito.MockitoContextCustomizer@0, org.springframework.boot.test.web.client.TestRestTemplateContextCustomizer@8692d67, org.springframework.boot.test.web.reactor.netty.DisableReactorResourceFactoryGlobalResourcesContextCustomizerFactory$DisableReactorResourceFactoryGlobalResourcesContextCustomizerCustomizer@37052337, org.springframework.test.context.support.DynamicPropertiesContextCustomizer@0, org.springframework.boot.test.context.SpringBootTestAnnotation@3d5c2d0e], resourceBasePath = "src/main/webapp", contextLoader = org.springframework.boot.test.context.SpringBootContextLoader, parent = null], attributes = {"org.springframework.test.context.web.ServletTestExecutionListener.activateListener" -> false, "org.springframework.test.context.event.ApplicationEventsTestExecutionListener.recordApplicationEvents" -> false}], class annotated with @DirtiesContext [false] with mode [null], method annotated with @DirtiesContext [false] with mode [null]
2025-01-07T20:30:50.745+07:00 TRACE 27900 --- [csrf] [    Test worker] o.s.test.context.TestContextManager      : afterTestClass(): class [com.example.csrf.CsrfApplicationTests]
2025-01-07T20:30:50.745+07:00 TRACE 27900 --- [csrf] [    Test worker] c.DefaultCacheAwareContextLoaderDelegate : Retrieved ApplicationContext [1114525788] from cache with key [WebMergedContextConfiguration@17d76ebb testClass = com.example.csrf.CsrfApplicationTests, locations = [], classes = [com.example.csrf.CsrfApplication], contextInitializerClasses = [], activeProfiles = [], propertySourceDescriptors = [], propertySourceProperties = ["org.springframework.boot.test.context.SpringBootTestContextBootstrapper=true", "server.port=0"], contextCustomizers = [org.springframework.boot.test.autoconfigure.OnFailureConditionReportContextCustomizerFactory$OnFailureConditionReportContextCustomizer@3016fd5e, org.springframework.boot.test.autoconfigure.actuate.observability.ObservabilityContextCustomizerFactory$DisableObservabilityContextCustomizer@1f, org.springframework.boot.test.autoconfigure.properties.PropertyMappingContextCustomizer@0, org.springframework.boot.test.autoconfigure.web.servlet.WebDriverContextCustomizer@2072acb2, org.springframework.boot.test.context.filter.ExcludeFilterContextCustomizer@732f29af, org.springframework.boot.test.json.DuplicateJsonObjectContextCustomizerFactory$DuplicateJsonObjectContextCustomizer@64ba3208, org.springframework.boot.test.mock.mockito.MockitoContextCustomizer@0, org.springframework.boot.test.web.client.TestRestTemplateContextCustomizer@8692d67, org.springframework.boot.test.web.reactor.netty.DisableReactorResourceFactoryGlobalResourcesContextCustomizerFactory$DisableReactorResourceFactoryGlobalResourcesContextCustomizerCustomizer@37052337, org.springframework.test.context.support.DynamicPropertiesContextCustomizer@0, org.springframework.boot.test.context.SpringBootTestAnnotation@3d5c2d0e], resourceBasePath = "src/main/webapp", contextLoader = org.springframework.boot.test.context.SpringBootContextLoader, parent = null]
2025-01-07T20:30:50.745+07:00 DEBUG 27900 --- [csrf] [    Test worker] org.springframework.test.context.cache   : Spring test ApplicationContext cache statistics: [DefaultContextCache@40b31a16 size = 1, maxSize = 32, parentContextCount = 0, hitCount = 13, missCount = 1, failureCount = 0]
2025-01-07T20:30:50.745+07:00 TRACE 27900 --- [csrf] [    Test worker] o.s.b.f.s.DefaultListableBeanFactory     : Returning cached instance of singleton bean 'delegatingApplicationListener'
2025-01-07T20:30:50.745+07:00 TRACE 27900 --- [csrf] [    Test worker] c.DefaultCacheAwareContextLoaderDelegate : Retrieved ApplicationContext [1114525788] from cache with key [WebMergedContextConfiguration@17d76ebb testClass = com.example.csrf.CsrfApplicationTests, locations = [], classes = [com.example.csrf.CsrfApplication], contextInitializerClasses = [], activeProfiles = [], propertySourceDescriptors = [], propertySourceProperties = ["org.springframework.boot.test.context.SpringBootTestContextBootstrapper=true", "server.port=0"], contextCustomizers = [org.springframework.boot.test.autoconfigure.OnFailureConditionReportContextCustomizerFactory$OnFailureConditionReportContextCustomizer@3016fd5e, org.springframework.boot.test.autoconfigure.actuate.observability.ObservabilityContextCustomizerFactory$DisableObservabilityContextCustomizer@1f, org.springframework.boot.test.autoconfigure.properties.PropertyMappingContextCustomizer@0, org.springframework.boot.test.autoconfigure.web.servlet.WebDriverContextCustomizer@2072acb2, org.springframework.boot.test.context.filter.ExcludeFilterContextCustomizer@732f29af, org.springframework.boot.test.json.DuplicateJsonObjectContextCustomizerFactory$DuplicateJsonObjectContextCustomizer@64ba3208, org.springframework.boot.test.mock.mockito.MockitoContextCustomizer@0, org.springframework.boot.test.web.client.TestRestTemplateContextCustomizer@8692d67, org.springframework.boot.test.web.reactor.netty.DisableReactorResourceFactoryGlobalResourcesContextCustomizerFactory$DisableReactorResourceFactoryGlobalResourcesContextCustomizerCustomizer@37052337, org.springframework.test.context.support.DynamicPropertiesContextCustomizer@0, org.springframework.boot.test.context.SpringBootTestAnnotation@3d5c2d0e], resourceBasePath = "src/main/webapp", contextLoader = org.springframework.boot.test.context.SpringBootContextLoader, parent = null]
2025-01-07T20:30:50.745+07:00 DEBUG 27900 --- [csrf] [    Test worker] org.springframework.test.context.cache   : Spring test ApplicationContext cache statistics: [DefaultContextCache@40b31a16 size = 1, maxSize = 32, parentContextCount = 0, hitCount = 14, missCount = 1, failureCount = 0]
2025-01-07T20:30:50.745+07:00 TRACE 27900 --- [csrf] [    Test worker] .c.s.DirtiesContextTestExecutionListener : After test class: context [DefaultTestContext@5f0d8937 testClass = com.example.csrf.CsrfApplicationTests, testInstance = null, testMethod = null, testException = null, mergedContextConfiguration = [WebMergedContextConfiguration@17d76ebb testClass = com.example.csrf.CsrfApplicationTests, locations = [], classes = [com.example.csrf.CsrfApplication], contextInitializerClasses = [], activeProfiles = [], propertySourceDescriptors = [], propertySourceProperties = ["org.springframework.boot.test.context.SpringBootTestContextBootstrapper=true", "server.port=0"], contextCustomizers = [org.springframework.boot.test.autoconfigure.OnFailureConditionReportContextCustomizerFactory$OnFailureConditionReportContextCustomizer@3016fd5e, org.springframework.boot.test.autoconfigure.actuate.observability.ObservabilityContextCustomizerFactory$DisableObservabilityContextCustomizer@1f, org.springframework.boot.test.autoconfigure.properties.PropertyMappingContextCustomizer@0, org.springframework.boot.test.autoconfigure.web.servlet.WebDriverContextCustomizer@2072acb2, org.springframework.boot.test.context.filter.ExcludeFilterContextCustomizer@732f29af, org.springframework.boot.test.json.DuplicateJsonObjectContextCustomizerFactory$DuplicateJsonObjectContextCustomizer@64ba3208, org.springframework.boot.test.mock.mockito.MockitoContextCustomizer@0, org.springframework.boot.test.web.client.TestRestTemplateContextCustomizer@8692d67, org.springframework.boot.test.web.reactor.netty.DisableReactorResourceFactoryGlobalResourcesContextCustomizerFactory$DisableReactorResourceFactoryGlobalResourcesContextCustomizerCustomizer@37052337, org.springframework.test.context.support.DynamicPropertiesContextCustomizer@0, org.springframework.boot.test.context.SpringBootTestAnnotation@3d5c2d0e], resourceBasePath = "src/main/webapp", contextLoader = org.springframework.boot.test.context.SpringBootContextLoader, parent = null], attributes = {"org.springframework.test.context.web.ServletTestExecutionListener.activateListener" -> false, "org.springframework.test.context.event.ApplicationEventsTestExecutionListener.recordApplicationEvents" -> false}], class annotated with @DirtiesContext [false] with mode [null]
]]></system-out>
  <system-err><![CDATA[Mockito is currently self-attaching to enable the inline-mock-maker. This will no longer work in future releases of the JDK. Please add Mockito as an agent to your build what is described in Mockito's documentation: https://javadoc.io/doc/org.mockito/mockito-core/latest/org/mockito/Mockito.html#0.3
WARNING: A Java agent has been loaded dynamically (/Users/mario/.gradle/caches/modules-2/files-2.1/net.bytebuddy/byte-buddy-agent/1.15.11/a38b16385e867f59a641330f0362ebe742788ed8/byte-buddy-agent-1.15.11.jar)
WARNING: If a serviceability tool is in use, please run with -XX:+EnableDynamicAgentLoading to hide this warning
WARNING: If a serviceability tool is not in use, please run with -Djdk.instrument.traceUsage for more information
WARNING: Dynamic loading of agents will be disallowed by default in a future release
]]></system-err>
</testsuite>
